Yeni paket eklendi: Gün:120 Miktar: 25.00  Günlük Kar: 0.25(1.00)
------------------------------
Gün: 1       Bakiye:0.00       Günlük Kar:0.25
Paket:  Gün:1/120 Miktar:25.00 Günlük Kar: 0.25(%1.0) Toplam kar:0.25
------------------------------
------------------------------
Gün: 2       Bakiye:0.25       Günlük Kar:0.25
Paket:  Gün:2/120 Miktar:25.00 Günlük Kar: 0.25(%1.0) Toplam kar:0.50
------------------------------
------------------------------
Gün: 3       Bakiye:0.50       Günlük Kar:0.25
Paket:  Gün:3/120 Miktar:25.00 Günlük Kar: 0.25(%1.0) Toplam kar:0.75
------------------------------
------------------------------
Gün: 4       Bakiye:0.75       Günlük Kar:0.25
Paket:  Gün:4/120 Miktar:25.00 Günlük Kar: 0.25(%1.0) Toplam kar:1.00
------------------------------
------------------------------
Gün: 5       Bakiye:1.00       Günlük Kar:0.25
Paket:  Gün:5/120 Miktar:25.00 Günlük Kar: 0.25(%1.0) Toplam kar:1.25
------------------------------
------------------------------
Gün: 6       Bakiye:1.25       Günlük Kar:0.25
Paket:  Gün:6/120 Miktar:25.00 Günlük Kar: 0.25(%1.0) Toplam kar:1.50
------------------------------
------------------------------
Gün: 7       Bakiye:1.50       Günlük Kar:0.25
Paket:  Gün:7/120 Miktar:25.00 Günlük Kar: 0.25(%1.0) Toplam kar:1.75
------------------------------
------------------------------
Gün: 8       Bakiye:1.75       Günlük Kar:0.25
Paket:  Gün:8/120 Miktar:25.00 Günlük Kar: 0.25(%1.0) Toplam kar:2.00
------------------------------
------------------------------
Gün: 9       Bakiye:2.00       Günlük Kar:0.25
Paket:  Gün:9/120 Miktar:25.00 Günlük Kar: 0.25(%1.0) Toplam kar:2.25
------------------------------
------------------------------
Gün: 10       Bakiye:2.25       Günlük Kar:0.25
Paket:  Gün:10/120 Miktar:25.00 Günlük Kar: 0.25(%1.0) Toplam kar:2.50
------------------------------
------------------------------
Gün: 11       Bakiye:2.50       Günlük Kar:0.25
Paket:  Gün:11/120 Miktar:25.00 Günlük Kar: 0.25(%1.0) Toplam kar:2.75
------------------------------
------------------------------
Gün: 12       Bakiye:2.75       Günlük Kar:0.25
Paket:  Gün:12/120 Miktar:25.00 Günlük Kar: 0.25(%1.0) Toplam kar:3.00
------------------------------
------------------------------
Gün: 13       Bakiye:3.00       Günlük Kar:0.25
Paket:  Gün:13/120 Miktar:25.00 Günlük Kar: 0.25(%1.0) Toplam kar:3.25
------------------------------
------------------------------
Gün: 14       Bakiye:3.25       Günlük Kar:0.25
Paket:  Gün:14/120 Miktar:25.00 Günlük Kar: 0.25(%1.0) Toplam kar:3.50
------------------------------
------------------------------
Gün: 15       Bakiye:3.50       Günlük Kar:0.25
Paket:  Gün:15/120 Miktar:25.00 Günlük Kar: 0.25(%1.0) Toplam kar:3.75
------------------------------
------------------------------
Gün: 16       Bakiye:3.75       Günlük Kar:0.25
Paket:  Gün:16/120 Miktar:25.00 Günlük Kar: 0.25(%1.0) Toplam kar:4.00
------------------------------
------------------------------
Gün: 17       Bakiye:4.00       Günlük Kar:0.25
Paket:  Gün:17/120 Miktar:25.00 Günlük Kar: 0.25(%1.0) Toplam kar:4.25
------------------------------
------------------------------
Gün: 18       Bakiye:4.25       Günlük Kar:0.25
Paket:  Gün:18/120 Miktar:25.00 Günlük Kar: 0.25(%1.0) Toplam kar:4.50
------------------------------
------------------------------
Gün: 19       Bakiye:4.50       Günlük Kar:0.25
Paket:  Gün:19/120 Miktar:25.00 Günlük Kar: 0.25(%1.0) Toplam kar:4.75
------------------------------
------------------------------
Gün: 20       Bakiye:4.75       Günlük Kar:0.25
Paket:  Gün:20/120 Miktar:25.00 Günlük Kar: 0.25(%1.0) Toplam kar:5.00
------------------------------
------------------------------
Gün: 21       Bakiye:5.00       Günlük Kar:0.25
Paket:  Gün:21/120 Miktar:25.00 Günlük Kar: 0.25(%1.0) Toplam kar:5.25
------------------------------
------------------------------
Gün: 22       Bakiye:5.25       Günlük Kar:0.25
Paket:  Gün:22/120 Miktar:25.00 Günlük Kar: 0.25(%1.0) Toplam kar:5.50
------------------------------
------------------------------
Gün: 23       Bakiye:5.50       Günlük Kar:0.25
Paket:  Gün:23/120 Miktar:25.00 Günlük Kar: 0.25(%1.0) Toplam kar:5.75
------------------------------
------------------------------
Gün: 24       Bakiye:5.75       Günlük Kar:0.25
Paket:  Gün:24/120 Miktar:25.00 Günlük Kar: 0.25(%1.0) Toplam kar:6.00
------------------------------
------------------------------
Gün: 25       Bakiye:6.00       Günlük Kar:0.25
Paket:  Gün:25/120 Miktar:25.00 Günlük Kar: 0.25(%1.0) Toplam kar:6.25
------------------------------
------------------------------
Gün: 26       Bakiye:6.25       Günlük Kar:0.25
Paket:  Gün:26/120 Miktar:25.00 Günlük Kar: 0.25(%1.0) Toplam kar:6.50
------------------------------
------------------------------
Gün: 27       Bakiye:6.50       Günlük Kar:0.25
Paket:  Gün:27/120 Miktar:25.00 Günlük Kar: 0.25(%1.0) Toplam kar:6.75
------------------------------
------------------------------
Gün: 28       Bakiye:6.75       Günlük Kar:0.25
Paket:  Gün:28/120 Miktar:25.00 Günlük Kar: 0.25(%1.0) Toplam kar:7.00
------------------------------
------------------------------
Gün: 29       Bakiye:7.00       Günlük Kar:0.25
Paket:  Gün:29/120 Miktar:25.00 Günlük Kar: 0.25(%1.0) Toplam kar:7.25
------------------------------
------------------------------
Gün: 30       Bakiye:7.25       Günlük Kar:0.25
Paket:  Gün:30/120 Miktar:25.00 Günlük Kar: 0.25(%1.0) Toplam kar:7.50
------------------------------
------------------------------
Gün: 31       Bakiye:7.50       Günlük Kar:0.25
Paket:  Gün:31/120 Miktar:25.00 Günlük Kar: 0.25(%1.0) Toplam kar:7.75
------------------------------
------------------------------
Gün: 32       Bakiye:7.75       Günlük Kar:0.25
Paket:  Gün:32/120 Miktar:25.00 Günlük Kar: 0.25(%1.0) Toplam kar:8.00
------------------------------
------------------------------
Gün: 33       Bakiye:8.00       Günlük Kar:0.25
Paket:  Gün:33/120 Miktar:25.00 Günlük Kar: 0.25(%1.0) Toplam kar:8.25
------------------------------
------------------------------
Gün: 34       Bakiye:8.25       Günlük Kar:0.25
Paket:  Gün:34/120 Miktar:25.00 Günlük Kar: 0.25(%1.0) Toplam kar:8.50
------------------------------
------------------------------
Gün: 35       Bakiye:8.50       Günlük Kar:0.25
Paket:  Gün:35/120 Miktar:25.00 Günlük Kar: 0.25(%1.0) Toplam kar:8.75
------------------------------
------------------------------
Gün: 36       Bakiye:8.75       Günlük Kar:0.25
Paket:  Gün:36/120 Miktar:25.00 Günlük Kar: 0.25(%1.0) Toplam kar:9.00
------------------------------
------------------------------
Gün: 37       Bakiye:9.00       Günlük Kar:0.25
Paket:  Gün:37/120 Miktar:25.00 Günlük Kar: 0.25(%1.0) Toplam kar:9.25
------------------------------
------------------------------
Gün: 38       Bakiye:9.25       Günlük Kar:0.25
Paket:  Gün:38/120 Miktar:25.00 Günlük Kar: 0.25(%1.0) Toplam kar:9.50
------------------------------
------------------------------
Gün: 39       Bakiye:9.50       Günlük Kar:0.25
Paket:  Gün:39/120 Miktar:25.00 Günlük Kar: 0.25(%1.0) Toplam kar:9.75
------------------------------
------------------------------
Gün: 40       Bakiye:9.75       Günlük Kar:0.25
Paket:  Gün:40/120 Miktar:25.00 Günlük Kar: 0.25(%1.0) Toplam kar:10.00
------------------------------
Yeni paket eklendi: Gün:60 Miktar: 10.00  Günlük Kar: 0.07(0.65)
------------------------------
Gün: 41       Bakiye:0.00       Günlük Kar:0.315
Paket:  Gün:41/120 Miktar:25.00 Günlük Kar: 0.25(%1.0) Toplam kar:10.25
Paket:  Gün:1/60 Miktar:10.00 Günlük Kar: 0.07(%0.65) Toplam kar:0.07
------------------------------
------------------------------
Gün: 42       Bakiye:0.32       Günlük Kar:0.315
Paket:  Gün:42/120 Miktar:25.00 Günlük Kar: 0.25(%1.0) Toplam kar:10.50
Paket:  Gün:2/60 Miktar:10.00 Günlük Kar: 0.07(%0.65) Toplam kar:0.13
------------------------------
------------------------------
Gün: 43       Bakiye:0.63       Günlük Kar:0.315
Paket:  Gün:43/120 Miktar:25.00 Günlük Kar: 0.25(%1.0) Toplam kar:10.75
Paket:  Gün:3/60 Miktar:10.00 Günlük Kar: 0.07(%0.65) Toplam kar:0.20
------------------------------
------------------------------
Gün: 44       Bakiye:0.94       Günlük Kar:0.315
Paket:  Gün:44/120 Miktar:25.00 Günlük Kar: 0.25(%1.0) Toplam kar:11.00
Paket:  Gün:4/60 Miktar:10.00 Günlük Kar: 0.07(%0.65) Toplam kar:0.26
------------------------------
------------------------------
Gün: 45       Bakiye:1.26       Günlük Kar:0.315
Paket:  Gün:45/120 Miktar:25.00 Günlük Kar: 0.25(%1.0) Toplam kar:11.25
Paket:  Gün:5/60 Miktar:10.00 Günlük Kar: 0.07(%0.65) Toplam kar:0.33
------------------------------
------------------------------
Gün: 46       Bakiye:1.57       Günlük Kar:0.315
Paket:  Gün:46/120 Miktar:25.00 Günlük Kar: 0.25(%1.0) Toplam kar:11.50
Paket:  Gün:6/60 Miktar:10.00 Günlük Kar: 0.07(%0.65) Toplam kar:0.39
------------------------------
------------------------------
Gün: 47       Bakiye:1.89       Günlük Kar:0.315
Paket:  Gün:47/120 Miktar:25.00 Günlük Kar: 0.25(%1.0) Toplam kar:11.75
Paket:  Gün:7/60 Miktar:10.00 Günlük Kar: 0.07(%0.65) Toplam kar:0.46
------------------------------
------------------------------
Gün: 48       Bakiye:2.20       Günlük Kar:0.315
Paket:  Gün:48/120 Miktar:25.00 Günlük Kar: 0.25(%1.0) Toplam kar:12.00
Paket:  Gün:8/60 Miktar:10.00 Günlük Kar: 0.07(%0.65) Toplam kar:0.52
------------------------------
------------------------------
Gün: 49       Bakiye:2.52       Günlük Kar:0.315
Paket:  Gün:49/120 Miktar:25.00 Günlük Kar: 0.25(%1.0) Toplam kar:12.25
Paket:  Gün:9/60 Miktar:10.00 Günlük Kar: 0.07(%0.65) Toplam kar:0.58
------------------------------
------------------------------
Gün: 50       Bakiye:2.83       Günlük Kar:0.315
Paket:  Gün:50/120 Miktar:25.00 Günlük Kar: 0.25(%1.0) Toplam kar:12.50
Paket:  Gün:10/60 Miktar:10.00 Günlük Kar: 0.07(%0.65) Toplam kar:0.65
------------------------------
------------------------------
Gün: 51       Bakiye:3.15       Günlük Kar:0.315
Paket:  Gün:51/120 Miktar:25.00 Günlük Kar: 0.25(%1.0) Toplam kar:12.75
Paket:  Gün:11/60 Miktar:10.00 Günlük Kar: 0.07(%0.65) Toplam kar:0.71
------------------------------
------------------------------
Gün: 52       Bakiye:3.46       Günlük Kar:0.315
Paket:  Gün:52/120 Miktar:25.00 Günlük Kar: 0.25(%1.0) Toplam kar:13.00
Paket:  Gün:12/60 Miktar:10.00 Günlük Kar: 0.07(%0.65) Toplam kar:0.78
------------------------------
------------------------------
Gün: 53       Bakiye:3.78       Günlük Kar:0.315
Paket:  Gün:53/120 Miktar:25.00 Günlük Kar: 0.25(%1.0) Toplam kar:13.25
Paket:  Gün:13/60 Miktar:10.00 Günlük Kar: 0.07(%0.65) Toplam kar:0.84
------------------------------
------------------------------
Gün: 54       Bakiye:4.09       Günlük Kar:0.315
Paket:  Gün:54/120 Miktar:25.00 Günlük Kar: 0.25(%1.0) Toplam kar:13.50
Paket:  Gün:14/60 Miktar:10.00 Günlük Kar: 0.07(%0.65) Toplam kar:0.91
------------------------------
------------------------------
Gün: 55       Bakiye:4.41       Günlük Kar:0.315
Paket:  Gün:55/120 Miktar:25.00 Günlük Kar: 0.25(%1.0) Toplam kar:13.75
Paket:  Gün:15/60 Miktar:10.00 Günlük Kar: 0.07(%0.65) Toplam kar:0.97
------------------------------
------------------------------
Gün: 56       Bakiye:4.73       Günlük Kar:0.315
Paket:  Gün:56/120 Miktar:25.00 Günlük Kar: 0.25(%1.0) Toplam kar:14.00
Paket:  Gün:16/60 Miktar:10.00 Günlük Kar: 0.07(%0.65) Toplam kar:1.04
------------------------------
------------------------------
Gün: 57       Bakiye:5.04       Günlük Kar:0.315
Paket:  Gün:57/120 Miktar:25.00 Günlük Kar: 0.25(%1.0) Toplam kar:14.25
Paket:  Gün:17/60 Miktar:10.00 Günlük Kar: 0.07(%0.65) Toplam kar:1.10
------------------------------
------------------------------
Gün: 58       Bakiye:5.36       Günlük Kar:0.315
Paket:  Gün:58/120 Miktar:25.00 Günlük Kar: 0.25(%1.0) Toplam kar:14.50
Paket:  Gün:18/60 Miktar:10.00 Günlük Kar: 0.07(%0.65) Toplam kar:1.17
------------------------------
------------------------------
Gün: 59       Bakiye:5.67       Günlük Kar:0.315
Paket:  Gün:59/120 Miktar:25.00 Günlük Kar: 0.25(%1.0) Toplam kar:14.75
Paket:  Gün:19/60 Miktar:10.00 Günlük Kar: 0.07(%0.65) Toplam kar:1.23
------------------------------
------------------------------
Gün: 60       Bakiye:5.99       Günlük Kar:0.315
Paket:  Gün:60/120 Miktar:25.00 Günlük Kar: 0.25(%1.0) Toplam kar:15.00
Paket:  Gün:20/60 Miktar:10.00 Günlük Kar: 0.07(%0.65) Toplam kar:1.30
------------------------------
------------------------------
Gün: 61       Bakiye:6.30       Günlük Kar:0.315
Paket:  Gün:61/120 Miktar:25.00 Günlük Kar: 0.25(%1.0) Toplam kar:15.25
Paket:  Gün:21/60 Miktar:10.00 Günlük Kar: 0.07(%0.65) Toplam kar:1.36
------------------------------
------------------------------
Gün: 62       Bakiye:6.62       Günlük Kar:0.315
Paket:  Gün:62/120 Miktar:25.00 Günlük Kar: 0.25(%1.0) Toplam kar:15.50
Paket:  Gün:22/60 Miktar:10.00 Günlük Kar: 0.07(%0.65) Toplam kar:1.43
------------------------------
------------------------------
Gün: 63       Bakiye:6.93       Günlük Kar:0.315
Paket:  Gün:63/120 Miktar:25.00 Günlük Kar: 0.25(%1.0) Toplam kar:15.75
Paket:  Gün:23/60 Miktar:10.00 Günlük Kar: 0.07(%0.65) Toplam kar:1.49
------------------------------
------------------------------
Gün: 64       Bakiye:7.25       Günlük Kar:0.315
Paket:  Gün:64/120 Miktar:25.00 Günlük Kar: 0.25(%1.0) Toplam kar:16.00
Paket:  Gün:24/60 Miktar:10.00 Günlük Kar: 0.07(%0.65) Toplam kar:1.56
------------------------------
------------------------------
Gün: 65       Bakiye:7.56       Günlük Kar:0.315
Paket:  Gün:65/120 Miktar:25.00 Günlük Kar: 0.25(%1.0) Toplam kar:16.25
Paket:  Gün:25/60 Miktar:10.00 Günlük Kar: 0.07(%0.65) Toplam kar:1.62
------------------------------
------------------------------
Gün: 66       Bakiye:7.88       Günlük Kar:0.315
Paket:  Gün:66/120 Miktar:25.00 Günlük Kar: 0.25(%1.0) Toplam kar:16.50
Paket:  Gün:26/60 Miktar:10.00 Günlük Kar: 0.07(%0.65) Toplam kar:1.69
------------------------------
------------------------------
Gün: 67       Bakiye:8.19       Günlük Kar:0.315
Paket:  Gün:67/120 Miktar:25.00 Günlük Kar: 0.25(%1.0) Toplam kar:16.75
Paket:  Gün:27/60 Miktar:10.00 Günlük Kar: 0.07(%0.65) Toplam kar:1.75
------------------------------
------------------------------
Gün: 68       Bakiye:8.51       Günlük Kar:0.315
Paket:  Gün:68/120 Miktar:25.00 Günlük Kar: 0.25(%1.0) Toplam kar:17.00
Paket:  Gün:28/60 Miktar:10.00 Günlük Kar: 0.07(%0.65) Toplam kar:1.82
------------------------------
------------------------------
Gün: 69       Bakiye:8.82       Günlük Kar:0.315
Paket:  Gün:69/120 Miktar:25.00 Günlük Kar: 0.25(%1.0) Toplam kar:17.25
Paket:  Gün:29/60 Miktar:10.00 Günlük Kar: 0.07(%0.65) Toplam kar:1.88
------------------------------
------------------------------
Gün: 70       Bakiye:9.14       Günlük Kar:0.315
Paket:  Gün:70/120 Miktar:25.00 Günlük Kar: 0.25(%1.0) Toplam kar:17.50
Paket:  Gün:30/60 Miktar:10.00 Günlük Kar: 0.07(%0.65) Toplam kar:1.95
------------------------------
------------------------------
Gün: 71       Bakiye:9.45       Günlük Kar:0.315
Paket:  Gün:71/120 Miktar:25.00 Günlük Kar: 0.25(%1.0) Toplam kar:17.75
Paket:  Gün:31/60 Miktar:10.00 Günlük Kar: 0.07(%0.65) Toplam kar:2.01
------------------------------
------------------------------
Gün: 72       Bakiye:9.77       Günlük Kar:0.315
Paket:  Gün:72/120 Miktar:25.00 Günlük Kar: 0.25(%1.0) Toplam kar:18.00
Paket:  Gün:32/60 Miktar:10.00 Günlük Kar: 0.07(%0.65) Toplam kar:2.08
------------------------------
Yeni paket eklendi: Gün:30 Miktar: 10.08  Günlük Kar: 0.06(0.55)
------------------------------
Gün: 73       Bakiye:0.00       Günlük Kar:0.37044
Paket:  Gün:73/120 Miktar:25.00 Günlük Kar: 0.25(%1.0) Toplam kar:18.25
Paket:  Gün:33/60 Miktar:10.00 Günlük Kar: 0.07(%0.65) Toplam kar:2.14
Paket:  Gün:1/30 Miktar:10.08 Günlük Kar: 0.06(%0.55) Toplam kar:0.06
------------------------------
------------------------------
Gün: 74       Bakiye:0.37       Günlük Kar:0.37044
Paket:  Gün:74/120 Miktar:25.00 Günlük Kar: 0.25(%1.0) Toplam kar:18.50
Paket:  Gün:34/60 Miktar:10.00 Günlük Kar: 0.07(%0.65) Toplam kar:2.21
Paket:  Gün:2/30 Miktar:10.08 Günlük Kar: 0.06(%0.55) Toplam kar:0.11
------------------------------
------------------------------
Gün: 75       Bakiye:0.74       Günlük Kar:0.37044
Paket:  Gün:75/120 Miktar:25.00 Günlük Kar: 0.25(%1.0) Toplam kar:18.75
Paket:  Gün:35/60 Miktar:10.00 Günlük Kar: 0.07(%0.65) Toplam kar:2.27
Paket:  Gün:3/30 Miktar:10.08 Günlük Kar: 0.06(%0.55) Toplam kar:0.17
------------------------------
------------------------------
Gün: 76       Bakiye:1.11       Günlük Kar:0.37044
Paket:  Gün:76/120 Miktar:25.00 Günlük Kar: 0.25(%1.0) Toplam kar:19.00
Paket:  Gün:36/60 Miktar:10.00 Günlük Kar: 0.07(%0.65) Toplam kar:2.34
Paket:  Gün:4/30 Miktar:10.08 Günlük Kar: 0.06(%0.55) Toplam kar:0.22
------------------------------
------------------------------
Gün: 77       Bakiye:1.48       Günlük Kar:0.37044
Paket:  Gün:77/120 Miktar:25.00 Günlük Kar: 0.25(%1.0) Toplam kar:19.25
Paket:  Gün:37/60 Miktar:10.00 Günlük Kar: 0.07(%0.65) Toplam kar:2.40
Paket:  Gün:5/30 Miktar:10.08 Günlük Kar: 0.06(%0.55) Toplam kar:0.28
------------------------------
------------------------------
Gün: 78       Bakiye:1.85       Günlük Kar:0.37044
Paket:  Gün:78/120 Miktar:25.00 Günlük Kar: 0.25(%1.0) Toplam kar:19.50
Paket:  Gün:38/60 Miktar:10.00 Günlük Kar: 0.07(%0.65) Toplam kar:2.47
Paket:  Gün:6/30 Miktar:10.08 Günlük Kar: 0.06(%0.55) Toplam kar:0.33
------------------------------
------------------------------
Gün: 79       Bakiye:2.22       Günlük Kar:0.37044
Paket:  Gün:79/120 Miktar:25.00 Günlük Kar: 0.25(%1.0) Toplam kar:19.75
Paket:  Gün:39/60 Miktar:10.00 Günlük Kar: 0.07(%0.65) Toplam kar:2.53
Paket:  Gün:7/30 Miktar:10.08 Günlük Kar: 0.06(%0.55) Toplam kar:0.39
------------------------------
------------------------------
Gün: 80       Bakiye:2.59       Günlük Kar:0.37044
Paket:  Gün:80/120 Miktar:25.00 Günlük Kar: 0.25(%1.0) Toplam kar:20.00
Paket:  Gün:40/60 Miktar:10.00 Günlük Kar: 0.07(%0.65) Toplam kar:2.60
Paket:  Gün:8/30 Miktar:10.08 Günlük Kar: 0.06(%0.55) Toplam kar:0.44
------------------------------
------------------------------
Gün: 81       Bakiye:2.96       Günlük Kar:0.37044
Paket:  Gün:81/120 Miktar:25.00 Günlük Kar: 0.25(%1.0) Toplam kar:20.25
Paket:  Gün:41/60 Miktar:10.00 Günlük Kar: 0.07(%0.65) Toplam kar:2.66
Paket:  Gün:9/30 Miktar:10.08 Günlük Kar: 0.06(%0.55) Toplam kar:0.50
------------------------------
------------------------------
Gün: 82       Bakiye:3.33       Günlük Kar:0.37044
Paket:  Gün:82/120 Miktar:25.00 Günlük Kar: 0.25(%1.0) Toplam kar:20.50
Paket:  Gün:42/60 Miktar:10.00 Günlük Kar: 0.07(%0.65) Toplam kar:2.73
Paket:  Gün:10/30 Miktar:10.08 Günlük Kar: 0.06(%0.55) Toplam kar:0.55
------------------------------
------------------------------
Gün: 83       Bakiye:3.70       Günlük Kar:0.37044
Paket:  Gün:83/120 Miktar:25.00 Günlük Kar: 0.25(%1.0) Toplam kar:20.75
Paket:  Gün:43/60 Miktar:10.00 Günlük Kar: 0.07(%0.65) Toplam kar:2.79
Paket:  Gün:11/30 Miktar:10.08 Günlük Kar: 0.06(%0.55) Toplam kar:0.61
------------------------------
------------------------------
Gün: 84       Bakiye:4.07       Günlük Kar:0.37044
Paket:  Gün:84/120 Miktar:25.00 Günlük Kar: 0.25(%1.0) Toplam kar:21.00
Paket:  Gün:44/60 Miktar:10.00 Günlük Kar: 0.07(%0.65) Toplam kar:2.86
Paket:  Gün:12/30 Miktar:10.08 Günlük Kar: 0.06(%0.55) Toplam kar:0.67
------------------------------
------------------------------
Gün: 85       Bakiye:4.45       Günlük Kar:0.37044
Paket:  Gün:85/120 Miktar:25.00 Günlük Kar: 0.25(%1.0) Toplam kar:21.25
Paket:  Gün:45/60 Miktar:10.00 Günlük Kar: 0.07(%0.65) Toplam kar:2.92
Paket:  Gün:13/30 Miktar:10.08 Günlük Kar: 0.06(%0.55) Toplam kar:0.72
------------------------------
------------------------------
Gün: 86       Bakiye:4.82       Günlük Kar:0.37044
Paket:  Gün:86/120 Miktar:25.00 Günlük Kar: 0.25(%1.0) Toplam kar:21.50
Paket:  Gün:46/60 Miktar:10.00 Günlük Kar: 0.07(%0.65) Toplam kar:2.99
Paket:  Gün:14/30 Miktar:10.08 Günlük Kar: 0.06(%0.55) Toplam kar:0.78
------------------------------
------------------------------
Gün: 87       Bakiye:5.19       Günlük Kar:0.37044
Paket:  Gün:87/120 Miktar:25.00 Günlük Kar: 0.25(%1.0) Toplam kar:21.75
Paket:  Gün:47/60 Miktar:10.00 Günlük Kar: 0.07(%0.65) Toplam kar:3.05
Paket:  Gün:15/30 Miktar:10.08 Günlük Kar: 0.06(%0.55) Toplam kar:0.83
------------------------------
------------------------------
Gün: 88       Bakiye:5.56       Günlük Kar:0.37044
Paket:  Gün:88/120 Miktar:25.00 Günlük Kar: 0.25(%1.0) Toplam kar:22.00
Paket:  Gün:48/60 Miktar:10.00 Günlük Kar: 0.07(%0.65) Toplam kar:3.12
Paket:  Gün:16/30 Miktar:10.08 Günlük Kar: 0.06(%0.55) Toplam kar:0.89
------------------------------
------------------------------
Gün: 89       Bakiye:5.93       Günlük Kar:0.37044
Paket:  Gün:89/120 Miktar:25.00 Günlük Kar: 0.25(%1.0) Toplam kar:22.25
Paket:  Gün:49/60 Miktar:10.00 Günlük Kar: 0.07(%0.65) Toplam kar:3.18
Paket:  Gün:17/30 Miktar:10.08 Günlük Kar: 0.06(%0.55) Toplam kar:0.94
------------------------------
------------------------------
Gün: 90       Bakiye:6.30       Günlük Kar:0.37044
Paket:  Gün:90/120 Miktar:25.00 Günlük Kar: 0.25(%1.0) Toplam kar:22.50
Paket:  Gün:50/60 Miktar:10.00 Günlük Kar: 0.07(%0.65) Toplam kar:3.25
Paket:  Gün:18/30 Miktar:10.08 Günlük Kar: 0.06(%0.55) Toplam kar:1.00
------------------------------
------------------------------
Gün: 91       Bakiye:6.67       Günlük Kar:0.37044
Paket:  Gün:91/120 Miktar:25.00 Günlük Kar: 0.25(%1.0) Toplam kar:22.75
Paket:  Gün:51/60 Miktar:10.00 Günlük Kar: 0.07(%0.65) Toplam kar:3.31
Paket:  Gün:19/30 Miktar:10.08 Günlük Kar: 0.06(%0.55) Toplam kar:1.05
------------------------------
------------------------------
Gün: 92       Bakiye:7.04       Günlük Kar:0.37044
Paket:  Gün:92/120 Miktar:25.00 Günlük Kar: 0.25(%1.0) Toplam kar:23.00
Paket:  Gün:52/60 Miktar:10.00 Günlük Kar: 0.07(%0.65) Toplam kar:3.38
Paket:  Gün:20/30 Miktar:10.08 Günlük Kar: 0.06(%0.55) Toplam kar:1.11
------------------------------
------------------------------
Gün: 93       Bakiye:7.41       Günlük Kar:0.37044
Paket:  Gün:93/120 Miktar:25.00 Günlük Kar: 0.25(%1.0) Toplam kar:23.25
Paket:  Gün:53/60 Miktar:10.00 Günlük Kar: 0.07(%0.65) Toplam kar:3.44
Paket:  Gün:21/30 Miktar:10.08 Günlük Kar: 0.06(%0.55) Toplam kar:1.16
------------------------------
------------------------------
Gün: 94       Bakiye:7.78       Günlük Kar:0.37044
Paket:  Gün:94/120 Miktar:25.00 Günlük Kar: 0.25(%1.0) Toplam kar:23.50
Paket:  Gün:54/60 Miktar:10.00 Günlük Kar: 0.07(%0.65) Toplam kar:3.51
Paket:  Gün:22/30 Miktar:10.08 Günlük Kar: 0.06(%0.55) Toplam kar:1.22
------------------------------
------------------------------
Gün: 95       Bakiye:8.15       Günlük Kar:0.37044
Paket:  Gün:95/120 Miktar:25.00 Günlük Kar: 0.25(%1.0) Toplam kar:23.75
Paket:  Gün:55/60 Miktar:10.00 Günlük Kar: 0.07(%0.65) Toplam kar:3.57
Paket:  Gün:23/30 Miktar:10.08 Günlük Kar: 0.06(%0.55) Toplam kar:1.28
------------------------------
------------------------------
Gün: 96       Bakiye:8.52       Günlük Kar:0.37044
Paket:  Gün:96/120 Miktar:25.00 Günlük Kar: 0.25(%1.0) Toplam kar:24.00
Paket:  Gün:56/60 Miktar:10.00 Günlük Kar: 0.07(%0.65) Toplam kar:3.64
Paket:  Gün:24/30 Miktar:10.08 Günlük Kar: 0.06(%0.55) Toplam kar:1.33
------------------------------
------------------------------
Gün: 97       Bakiye:8.89       Günlük Kar:0.37044
Paket:  Gün:97/120 Miktar:25.00 Günlük Kar: 0.25(%1.0) Toplam kar:24.25
Paket:  Gün:57/60 Miktar:10.00 Günlük Kar: 0.07(%0.65) Toplam kar:3.70
Paket:  Gün:25/30 Miktar:10.08 Günlük Kar: 0.06(%0.55) Toplam kar:1.39
------------------------------
------------------------------
Gün: 98       Bakiye:9.26       Günlük Kar:0.37044
Paket:  Gün:98/120 Miktar:25.00 Günlük Kar: 0.25(%1.0) Toplam kar:24.50
Paket:  Gün:58/60 Miktar:10.00 Günlük Kar: 0.07(%0.65) Toplam kar:3.77
Paket:  Gün:26/30 Miktar:10.08 Günlük Kar: 0.06(%0.55) Toplam kar:1.44
------------------------------
------------------------------
Gün: 99       Bakiye:9.63       Günlük Kar:0.37044
Paket:  Gün:99/120 Miktar:25.00 Günlük Kar: 0.25(%1.0) Toplam kar:24.75
Paket:  Gün:59/60 Miktar:10.00 Günlük Kar: 0.07(%0.65) Toplam kar:3.83
Paket:  Gün:27/30 Miktar:10.08 Günlük Kar: 0.06(%0.55) Toplam kar:1.50
------------------------------
------------------------------
Gün: 100       Bakiye:10.00       Günlük Kar:0.37044
Paket:  Gün:100/120 Miktar:25.00 Günlük Kar: 0.25(%1.0) Toplam kar:25.00
Paket:  Gün:60/60 Miktar:10.00 Günlük Kar: 0.07(%0.65) Toplam kar:3.90
Paket:  Gün:28/30 Miktar:10.08 Günlük Kar: 0.06(%0.55) Toplam kar:1.55
Paket bitti:  Gün: 60 Yatırılan: 10.00 Kar:3.90 Kazanç: 13.90
------------------------------
------------------------------
Gün: 101       Bakiye:20.37       Günlük Kar:0.30544
Paket:  Gün:101/120 Miktar:25.00 Günlük Kar: 0.25(%1.0) Toplam kar:25.25
Paket:  Gün:29/30 Miktar:10.08 Günlük Kar: 0.06(%0.55) Toplam kar:1.61
------------------------------
------------------------------
Gün: 102       Bakiye:20.68       Günlük Kar:0.30544
Paket:  Gün:102/120 Miktar:25.00 Günlük Kar: 0.25(%1.0) Toplam kar:25.50
Paket:  Gün:30/30 Miktar:10.08 Günlük Kar: 0.06(%0.55) Toplam kar:1.66
Paket bitti:  Gün: 30 Yatırılan: 10.08 Kar:1.66 Kazanç: 11.74
------------------------------
------------------------------
Gün: 103       Bakiye:31.06       Günlük Kar:0.25
Paket:  Gün:103/120 Miktar:25.00 Günlük Kar: 0.25(%1.0) Toplam kar:25.75
------------------------------
------------------------------
Gün: 104       Bakiye:31.31       Günlük Kar:0.25
Paket:  Gün:104/120 Miktar:25.00 Günlük Kar: 0.25(%1.0) Toplam kar:26.00
------------------------------
------------------------------
Gün: 105       Bakiye:31.56       Günlük Kar:0.25
Paket:  Gün:105/120 Miktar:25.00 Günlük Kar: 0.25(%1.0) Toplam kar:26.25
------------------------------
------------------------------
Gün: 106       Bakiye:31.81       Günlük Kar:0.25
Paket:  Gün:106/120 Miktar:25.00 Günlük Kar: 0.25(%1.0) Toplam kar:26.50
------------------------------
------------------------------
Gün: 107       Bakiye:32.06       Günlük Kar:0.25
Paket:  Gün:107/120 Miktar:25.00 Günlük Kar: 0.25(%1.0) Toplam kar:26.75
------------------------------
------------------------------
Gün: 108       Bakiye:32.31       Günlük Kar:0.25
Paket:  Gün:108/120 Miktar:25.00 Günlük Kar: 0.25(%1.0) Toplam kar:27.00
------------------------------
------------------------------
Gün: 109       Bakiye:32.56       Günlük Kar:0.25
Paket:  Gün:109/120 Miktar:25.00 Günlük Kar: 0.25(%1.0) Toplam kar:27.25
------------------------------
------------------------------
Gün: 110       Bakiye:32.81       Günlük Kar:0.25
Paket:  Gün:110/120 Miktar:25.00 Günlük Kar: 0.25(%1.0) Toplam kar:27.50
------------------------------
------------------------------
Gün: 111       Bakiye:33.06       Günlük Kar:0.25
Paket:  Gün:111/120 Miktar:25.00 Günlük Kar: 0.25(%1.0) Toplam kar:27.75
------------------------------
------------------------------
Gün: 112       Bakiye:33.31       Günlük Kar:0.25
Paket:  Gün:112/120 Miktar:25.00 Günlük Kar: 0.25(%1.0) Toplam kar:28.00
------------------------------
------------------------------
Gün: 113       Bakiye:33.56       Günlük Kar:0.25
Paket:  Gün:113/120 Miktar:25.00 Günlük Kar: 0.25(%1.0) Toplam kar:28.25
------------------------------
------------------------------
Gün: 114       Bakiye:33.81       Günlük Kar:0.25
Paket:  Gün:114/120 Miktar:25.00 Günlük Kar: 0.25(%1.0) Toplam kar:28.50
------------------------------
------------------------------
Gün: 115       Bakiye:34.06       Günlük Kar:0.25
Paket:  Gün:115/120 Miktar:25.00 Günlük Kar: 0.25(%1.0) Toplam kar:28.75
------------------------------
------------------------------
Gün: 116       Bakiye:34.31       Günlük Kar:0.25
Paket:  Gün:116/120 Miktar:25.00 Günlük Kar: 0.25(%1.0) Toplam kar:29.00
------------------------------
------------------------------
Gün: 117       Bakiye:34.56       Günlük Kar:0.25
Paket:  Gün:117/120 Miktar:25.00 Günlük Kar: 0.25(%1.0) Toplam kar:29.25
------------------------------
------------------------------
Gün: 118       Bakiye:34.81       Günlük Kar:0.25
Paket:  Gün:118/120 Miktar:25.00 Günlük Kar: 0.25(%1.0) Toplam kar:29.50
------------------------------
------------------------------
Gün: 119       Bakiye:35.06       Günlük Kar:0.25
Paket:  Gün:119/120 Miktar:25.00 Günlük Kar: 0.25(%1.0) Toplam kar:29.75
------------------------------
------------------------------
Gün: 120       Bakiye:35.31       Günlük Kar:0.25
Paket:  Gün:120/120 Miktar:25.00 Günlük Kar: 0.25(%1.0) Toplam kar:30.00
Paket bitti:  Gün: 120 Yatırılan: 25.00 Kar:30.00 Kazanç: 55.00
------------------------------
Bakiye: 60.56
