Yeni paket eklendi: Gün:120 Miktar: 25.00  Günlük Kar: 0.25(1.00)
------------------------------
Gün: 1       Bakiye:0.00       Günlük Kar:0.25
Paket:  Gün:1/120 Miktar:25.00 Günlük Kar: 0.25(%1.0) Toplam kar:0.25
------------------------------
------------------------------
Gün: 2       Bakiye:0.25       Günlük Kar:0.25
Paket:  Gün:2/120 Miktar:25.00 Günlük Kar: 0.25(%1.0) Toplam kar:0.50
------------------------------
------------------------------
Gün: 3       Bakiye:0.50       Günlük Kar:0.25
Paket:  Gün:3/120 Miktar:25.00 Günlük Kar: 0.25(%1.0) Toplam kar:0.75
------------------------------
------------------------------
Gün: 4       Bakiye:0.75       Günlük Kar:0.25
Paket:  Gün:4/120 Miktar:25.00 Günlük Kar: 0.25(%1.0) Toplam kar:1.00
------------------------------
------------------------------
Gün: 5       Bakiye:1.00       Günlük Kar:0.25
Paket:  Gün:5/120 Miktar:25.00 Günlük Kar: 0.25(%1.0) Toplam kar:1.25
------------------------------
------------------------------
Gün: 6       Bakiye:1.25       Günlük Kar:0.25
Paket:  Gün:6/120 Miktar:25.00 Günlük Kar: 0.25(%1.0) Toplam kar:1.50
------------------------------
------------------------------
Gün: 7       Bakiye:1.50       Günlük Kar:0.25
Paket:  Gün:7/120 Miktar:25.00 Günlük Kar: 0.25(%1.0) Toplam kar:1.75
------------------------------
------------------------------
Gün: 8       Bakiye:1.75       Günlük Kar:0.25
Paket:  Gün:8/120 Miktar:25.00 Günlük Kar: 0.25(%1.0) Toplam kar:2.00
------------------------------
------------------------------
Gün: 9       Bakiye:2.00       Günlük Kar:0.25
Paket:  Gün:9/120 Miktar:25.00 Günlük Kar: 0.25(%1.0) Toplam kar:2.25
------------------------------
------------------------------
Gün: 10       Bakiye:2.25       Günlük Kar:0.25
Paket:  Gün:10/120 Miktar:25.00 Günlük Kar: 0.25(%1.0) Toplam kar:2.50
------------------------------
------------------------------
Gün: 11       Bakiye:2.50       Günlük Kar:0.25
Paket:  Gün:11/120 Miktar:25.00 Günlük Kar: 0.25(%1.0) Toplam kar:2.75
------------------------------
------------------------------
Gün: 12       Bakiye:2.75       Günlük Kar:0.25
Paket:  Gün:12/120 Miktar:25.00 Günlük Kar: 0.25(%1.0) Toplam kar:3.00
------------------------------
------------------------------
Gün: 13       Bakiye:3.00       Günlük Kar:0.25
Paket:  Gün:13/120 Miktar:25.00 Günlük Kar: 0.25(%1.0) Toplam kar:3.25
------------------------------
------------------------------
Gün: 14       Bakiye:3.25       Günlük Kar:0.25
Paket:  Gün:14/120 Miktar:25.00 Günlük Kar: 0.25(%1.0) Toplam kar:3.50
------------------------------
------------------------------
Gün: 15       Bakiye:3.50       Günlük Kar:0.25
Paket:  Gün:15/120 Miktar:25.00 Günlük Kar: 0.25(%1.0) Toplam kar:3.75
------------------------------
------------------------------
Gün: 16       Bakiye:3.75       Günlük Kar:0.25
Paket:  Gün:16/120 Miktar:25.00 Günlük Kar: 0.25(%1.0) Toplam kar:4.00
------------------------------
------------------------------
Gün: 17       Bakiye:4.00       Günlük Kar:0.25
Paket:  Gün:17/120 Miktar:25.00 Günlük Kar: 0.25(%1.0) Toplam kar:4.25
------------------------------
------------------------------
Gün: 18       Bakiye:4.25       Günlük Kar:0.25
Paket:  Gün:18/120 Miktar:25.00 Günlük Kar: 0.25(%1.0) Toplam kar:4.50
------------------------------
------------------------------
Gün: 19       Bakiye:4.50       Günlük Kar:0.25
Paket:  Gün:19/120 Miktar:25.00 Günlük Kar: 0.25(%1.0) Toplam kar:4.75
------------------------------
------------------------------
Gün: 20       Bakiye:4.75       Günlük Kar:0.25
Paket:  Gün:20/120 Miktar:25.00 Günlük Kar: 0.25(%1.0) Toplam kar:5.00
------------------------------
------------------------------
Gün: 21       Bakiye:5.00       Günlük Kar:0.25
Paket:  Gün:21/120 Miktar:25.00 Günlük Kar: 0.25(%1.0) Toplam kar:5.25
------------------------------
------------------------------
Gün: 22       Bakiye:5.25       Günlük Kar:0.25
Paket:  Gün:22/120 Miktar:25.00 Günlük Kar: 0.25(%1.0) Toplam kar:5.50
------------------------------
------------------------------
Gün: 23       Bakiye:5.50       Günlük Kar:0.25
Paket:  Gün:23/120 Miktar:25.00 Günlük Kar: 0.25(%1.0) Toplam kar:5.75
------------------------------
------------------------------
Gün: 24       Bakiye:5.75       Günlük Kar:0.25
Paket:  Gün:24/120 Miktar:25.00 Günlük Kar: 0.25(%1.0) Toplam kar:6.00
------------------------------
------------------------------
Gün: 25       Bakiye:6.00       Günlük Kar:0.25
Paket:  Gün:25/120 Miktar:25.00 Günlük Kar: 0.25(%1.0) Toplam kar:6.25
------------------------------
------------------------------
Gün: 26       Bakiye:6.25       Günlük Kar:0.25
Paket:  Gün:26/120 Miktar:25.00 Günlük Kar: 0.25(%1.0) Toplam kar:6.50
------------------------------
------------------------------
Gün: 27       Bakiye:6.50       Günlük Kar:0.25
Paket:  Gün:27/120 Miktar:25.00 Günlük Kar: 0.25(%1.0) Toplam kar:6.75
------------------------------
------------------------------
Gün: 28       Bakiye:6.75       Günlük Kar:0.25
Paket:  Gün:28/120 Miktar:25.00 Günlük Kar: 0.25(%1.0) Toplam kar:7.00
------------------------------
------------------------------
Gün: 29       Bakiye:7.00       Günlük Kar:0.25
Paket:  Gün:29/120 Miktar:25.00 Günlük Kar: 0.25(%1.0) Toplam kar:7.25
------------------------------
------------------------------
Gün: 30       Bakiye:7.25       Günlük Kar:0.25
Paket:  Gün:30/120 Miktar:25.00 Günlük Kar: 0.25(%1.0) Toplam kar:7.50
------------------------------
------------------------------
Gün: 31       Bakiye:7.50       Günlük Kar:0.25
Paket:  Gün:31/120 Miktar:25.00 Günlük Kar: 0.25(%1.0) Toplam kar:7.75
------------------------------
------------------------------
Gün: 32       Bakiye:7.75       Günlük Kar:0.25
Paket:  Gün:32/120 Miktar:25.00 Günlük Kar: 0.25(%1.0) Toplam kar:8.00
------------------------------
------------------------------
Gün: 33       Bakiye:8.00       Günlük Kar:0.25
Paket:  Gün:33/120 Miktar:25.00 Günlük Kar: 0.25(%1.0) Toplam kar:8.25
------------------------------
------------------------------
Gün: 34       Bakiye:8.25       Günlük Kar:0.25
Paket:  Gün:34/120 Miktar:25.00 Günlük Kar: 0.25(%1.0) Toplam kar:8.50
------------------------------
------------------------------
Gün: 35       Bakiye:8.50       Günlük Kar:0.25
Paket:  Gün:35/120 Miktar:25.00 Günlük Kar: 0.25(%1.0) Toplam kar:8.75
------------------------------
------------------------------
Gün: 36       Bakiye:8.75       Günlük Kar:0.25
Paket:  Gün:36/120 Miktar:25.00 Günlük Kar: 0.25(%1.0) Toplam kar:9.00
------------------------------
------------------------------
Gün: 37       Bakiye:9.00       Günlük Kar:0.25
Paket:  Gün:37/120 Miktar:25.00 Günlük Kar: 0.25(%1.0) Toplam kar:9.25
------------------------------
------------------------------
Gün: 38       Bakiye:9.25       Günlük Kar:0.25
Paket:  Gün:38/120 Miktar:25.00 Günlük Kar: 0.25(%1.0) Toplam kar:9.50
------------------------------
------------------------------
Gün: 39       Bakiye:9.50       Günlük Kar:0.25
Paket:  Gün:39/120 Miktar:25.00 Günlük Kar: 0.25(%1.0) Toplam kar:9.75
------------------------------
------------------------------
Gün: 40       Bakiye:9.75       Günlük Kar:0.25
Paket:  Gün:40/120 Miktar:25.00 Günlük Kar: 0.25(%1.0) Toplam kar:10.00
------------------------------
Yeni paket eklendi: Gün:90 Miktar: 10.00  Günlük Kar: 0.07(0.75)
------------------------------
Gün: 41       Bakiye:0.00       Günlük Kar:0.33
Paket:  Gün:41/120 Miktar:25.00 Günlük Kar: 0.25(%1.0) Toplam kar:10.25
Paket:  Gün:1/90 Miktar:10.00 Günlük Kar: 0.07(%0.75) Toplam kar:0.07
------------------------------
------------------------------
Gün: 42       Bakiye:0.33       Günlük Kar:0.33
Paket:  Gün:42/120 Miktar:25.00 Günlük Kar: 0.25(%1.0) Toplam kar:10.50
Paket:  Gün:2/90 Miktar:10.00 Günlük Kar: 0.07(%0.75) Toplam kar:0.15
------------------------------
------------------------------
Gün: 43       Bakiye:0.65       Günlük Kar:0.33
Paket:  Gün:43/120 Miktar:25.00 Günlük Kar: 0.25(%1.0) Toplam kar:10.75
Paket:  Gün:3/90 Miktar:10.00 Günlük Kar: 0.07(%0.75) Toplam kar:0.22
------------------------------
------------------------------
Gün: 44       Bakiye:0.97       Günlük Kar:0.33
Paket:  Gün:44/120 Miktar:25.00 Günlük Kar: 0.25(%1.0) Toplam kar:11.00
Paket:  Gün:4/90 Miktar:10.00 Günlük Kar: 0.07(%0.75) Toplam kar:0.30
------------------------------
------------------------------
Gün: 45       Bakiye:1.30       Günlük Kar:0.33
Paket:  Gün:45/120 Miktar:25.00 Günlük Kar: 0.25(%1.0) Toplam kar:11.25
Paket:  Gün:5/90 Miktar:10.00 Günlük Kar: 0.07(%0.75) Toplam kar:0.38
------------------------------
------------------------------
Gün: 46       Bakiye:1.62       Günlük Kar:0.33
Paket:  Gün:46/120 Miktar:25.00 Günlük Kar: 0.25(%1.0) Toplam kar:11.50
Paket:  Gün:6/90 Miktar:10.00 Günlük Kar: 0.07(%0.75) Toplam kar:0.45
------------------------------
------------------------------
Gün: 47       Bakiye:1.95       Günlük Kar:0.33
Paket:  Gün:47/120 Miktar:25.00 Günlük Kar: 0.25(%1.0) Toplam kar:11.75
Paket:  Gün:7/90 Miktar:10.00 Günlük Kar: 0.07(%0.75) Toplam kar:0.53
------------------------------
------------------------------
Gün: 48       Bakiye:2.27       Günlük Kar:0.33
Paket:  Gün:48/120 Miktar:25.00 Günlük Kar: 0.25(%1.0) Toplam kar:12.00
Paket:  Gün:8/90 Miktar:10.00 Günlük Kar: 0.07(%0.75) Toplam kar:0.60
------------------------------
------------------------------
Gün: 49       Bakiye:2.60       Günlük Kar:0.33
Paket:  Gün:49/120 Miktar:25.00 Günlük Kar: 0.25(%1.0) Toplam kar:12.25
Paket:  Gün:9/90 Miktar:10.00 Günlük Kar: 0.07(%0.75) Toplam kar:0.67
------------------------------
------------------------------
Gün: 50       Bakiye:2.93       Günlük Kar:0.33
Paket:  Gün:50/120 Miktar:25.00 Günlük Kar: 0.25(%1.0) Toplam kar:12.50
Paket:  Gün:10/90 Miktar:10.00 Günlük Kar: 0.07(%0.75) Toplam kar:0.75
------------------------------
------------------------------
Gün: 51       Bakiye:3.25       Günlük Kar:0.33
Paket:  Gün:51/120 Miktar:25.00 Günlük Kar: 0.25(%1.0) Toplam kar:12.75
Paket:  Gün:11/90 Miktar:10.00 Günlük Kar: 0.07(%0.75) Toplam kar:0.82
------------------------------
------------------------------
Gün: 52       Bakiye:3.58       Günlük Kar:0.33
Paket:  Gün:52/120 Miktar:25.00 Günlük Kar: 0.25(%1.0) Toplam kar:13.00
Paket:  Gün:12/90 Miktar:10.00 Günlük Kar: 0.07(%0.75) Toplam kar:0.90
------------------------------
------------------------------
Gün: 53       Bakiye:3.90       Günlük Kar:0.33
Paket:  Gün:53/120 Miktar:25.00 Günlük Kar: 0.25(%1.0) Toplam kar:13.25
Paket:  Gün:13/90 Miktar:10.00 Günlük Kar: 0.07(%0.75) Toplam kar:0.97
------------------------------
------------------------------
Gün: 54       Bakiye:4.23       Günlük Kar:0.33
Paket:  Gün:54/120 Miktar:25.00 Günlük Kar: 0.25(%1.0) Toplam kar:13.50
Paket:  Gün:14/90 Miktar:10.00 Günlük Kar: 0.07(%0.75) Toplam kar:1.05
------------------------------
------------------------------
Gün: 55       Bakiye:4.55       Günlük Kar:0.33
Paket:  Gün:55/120 Miktar:25.00 Günlük Kar: 0.25(%1.0) Toplam kar:13.75
Paket:  Gün:15/90 Miktar:10.00 Günlük Kar: 0.07(%0.75) Toplam kar:1.12
------------------------------
------------------------------
Gün: 56       Bakiye:4.88       Günlük Kar:0.33
Paket:  Gün:56/120 Miktar:25.00 Günlük Kar: 0.25(%1.0) Toplam kar:14.00
Paket:  Gün:16/90 Miktar:10.00 Günlük Kar: 0.07(%0.75) Toplam kar:1.20
------------------------------
------------------------------
Gün: 57       Bakiye:5.20       Günlük Kar:0.33
Paket:  Gün:57/120 Miktar:25.00 Günlük Kar: 0.25(%1.0) Toplam kar:14.25
Paket:  Gün:17/90 Miktar:10.00 Günlük Kar: 0.07(%0.75) Toplam kar:1.27
------------------------------
------------------------------
Gün: 58       Bakiye:5.53       Günlük Kar:0.33
Paket:  Gün:58/120 Miktar:25.00 Günlük Kar: 0.25(%1.0) Toplam kar:14.50
Paket:  Gün:18/90 Miktar:10.00 Günlük Kar: 0.07(%0.75) Toplam kar:1.35
------------------------------
------------------------------
Gün: 59       Bakiye:5.85       Günlük Kar:0.33
Paket:  Gün:59/120 Miktar:25.00 Günlük Kar: 0.25(%1.0) Toplam kar:14.75
Paket:  Gün:19/90 Miktar:10.00 Günlük Kar: 0.07(%0.75) Toplam kar:1.42
------------------------------
------------------------------
Gün: 60       Bakiye:6.18       Günlük Kar:0.33
Paket:  Gün:60/120 Miktar:25.00 Günlük Kar: 0.25(%1.0) Toplam kar:15.00
Paket:  Gün:20/90 Miktar:10.00 Günlük Kar: 0.07(%0.75) Toplam kar:1.50
------------------------------
------------------------------
Gün: 61       Bakiye:6.50       Günlük Kar:0.33
Paket:  Gün:61/120 Miktar:25.00 Günlük Kar: 0.25(%1.0) Toplam kar:15.25
Paket:  Gün:21/90 Miktar:10.00 Günlük Kar: 0.07(%0.75) Toplam kar:1.57
------------------------------
------------------------------
Gün: 62       Bakiye:6.83       Günlük Kar:0.33
Paket:  Gün:62/120 Miktar:25.00 Günlük Kar: 0.25(%1.0) Toplam kar:15.50
Paket:  Gün:22/90 Miktar:10.00 Günlük Kar: 0.07(%0.75) Toplam kar:1.65
------------------------------
------------------------------
Gün: 63       Bakiye:7.15       Günlük Kar:0.33
Paket:  Gün:63/120 Miktar:25.00 Günlük Kar: 0.25(%1.0) Toplam kar:15.75
Paket:  Gün:23/90 Miktar:10.00 Günlük Kar: 0.07(%0.75) Toplam kar:1.72
------------------------------
------------------------------
Gün: 64       Bakiye:7.48       Günlük Kar:0.33
Paket:  Gün:64/120 Miktar:25.00 Günlük Kar: 0.25(%1.0) Toplam kar:16.00
Paket:  Gün:24/90 Miktar:10.00 Günlük Kar: 0.07(%0.75) Toplam kar:1.80
------------------------------
------------------------------
Gün: 65       Bakiye:7.80       Günlük Kar:0.33
Paket:  Gün:65/120 Miktar:25.00 Günlük Kar: 0.25(%1.0) Toplam kar:16.25
Paket:  Gün:25/90 Miktar:10.00 Günlük Kar: 0.07(%0.75) Toplam kar:1.87
------------------------------
------------------------------
Gün: 66       Bakiye:8.13       Günlük Kar:0.33
Paket:  Gün:66/120 Miktar:25.00 Günlük Kar: 0.25(%1.0) Toplam kar:16.50
Paket:  Gün:26/90 Miktar:10.00 Günlük Kar: 0.07(%0.75) Toplam kar:1.95
------------------------------
------------------------------
Gün: 67       Bakiye:8.45       Günlük Kar:0.33
Paket:  Gün:67/120 Miktar:25.00 Günlük Kar: 0.25(%1.0) Toplam kar:16.75
Paket:  Gün:27/90 Miktar:10.00 Günlük Kar: 0.07(%0.75) Toplam kar:2.02
------------------------------
------------------------------
Gün: 68       Bakiye:8.78       Günlük Kar:0.33
Paket:  Gün:68/120 Miktar:25.00 Günlük Kar: 0.25(%1.0) Toplam kar:17.00
Paket:  Gün:28/90 Miktar:10.00 Günlük Kar: 0.07(%0.75) Toplam kar:2.10
------------------------------
------------------------------
Gün: 69       Bakiye:9.10       Günlük Kar:0.33
Paket:  Gün:69/120 Miktar:25.00 Günlük Kar: 0.25(%1.0) Toplam kar:17.25
Paket:  Gün:29/90 Miktar:10.00 Günlük Kar: 0.07(%0.75) Toplam kar:2.17
------------------------------
------------------------------
Gün: 70       Bakiye:9.42       Günlük Kar:0.33
Paket:  Gün:70/120 Miktar:25.00 Günlük Kar: 0.25(%1.0) Toplam kar:17.50
Paket:  Gün:30/90 Miktar:10.00 Günlük Kar: 0.07(%0.75) Toplam kar:2.25
------------------------------
------------------------------
Gün: 71       Bakiye:9.75       Günlük Kar:0.33
Paket:  Gün:71/120 Miktar:25.00 Günlük Kar: 0.25(%1.0) Toplam kar:17.75
Paket:  Gün:31/90 Miktar:10.00 Günlük Kar: 0.07(%0.75) Toplam kar:2.33
------------------------------
Yeni paket eklendi: Gün:60 Miktar: 10.07  Günlük Kar: 0.07(0.65)
------------------------------
Gün: 72       Bakiye:0.00       Günlük Kar:0.39
Paket:  Gün:72/120 Miktar:25.00 Günlük Kar: 0.25(%1.0) Toplam kar:18.00
Paket:  Gün:32/90 Miktar:10.00 Günlük Kar: 0.07(%0.75) Toplam kar:2.40
Paket:  Gün:1/60 Miktar:10.07 Günlük Kar: 0.07(%0.65) Toplam kar:0.07
------------------------------
------------------------------
Gün: 73       Bakiye:0.39       Günlük Kar:0.39
Paket:  Gün:73/120 Miktar:25.00 Günlük Kar: 0.25(%1.0) Toplam kar:18.25
Paket:  Gün:33/90 Miktar:10.00 Günlük Kar: 0.07(%0.75) Toplam kar:2.48
Paket:  Gün:2/60 Miktar:10.07 Günlük Kar: 0.07(%0.65) Toplam kar:0.13
------------------------------
------------------------------
Gün: 74       Bakiye:0.78       Günlük Kar:0.39
Paket:  Gün:74/120 Miktar:25.00 Günlük Kar: 0.25(%1.0) Toplam kar:18.50
Paket:  Gün:34/90 Miktar:10.00 Günlük Kar: 0.07(%0.75) Toplam kar:2.55
Paket:  Gün:3/60 Miktar:10.07 Günlük Kar: 0.07(%0.65) Toplam kar:0.20
------------------------------
------------------------------
Gün: 75       Bakiye:1.17       Günlük Kar:0.39
Paket:  Gün:75/120 Miktar:25.00 Günlük Kar: 0.25(%1.0) Toplam kar:18.75
Paket:  Gün:35/90 Miktar:10.00 Günlük Kar: 0.07(%0.75) Toplam kar:2.63
Paket:  Gün:4/60 Miktar:10.07 Günlük Kar: 0.07(%0.65) Toplam kar:0.26
------------------------------
------------------------------
Gün: 76       Bakiye:1.56       Günlük Kar:0.39
Paket:  Gün:76/120 Miktar:25.00 Günlük Kar: 0.25(%1.0) Toplam kar:19.00
Paket:  Gün:36/90 Miktar:10.00 Günlük Kar: 0.07(%0.75) Toplam kar:2.70
Paket:  Gün:5/60 Miktar:10.07 Günlük Kar: 0.07(%0.65) Toplam kar:0.33
------------------------------
------------------------------
Gün: 77       Bakiye:1.95       Günlük Kar:0.39
Paket:  Gün:77/120 Miktar:25.00 Günlük Kar: 0.25(%1.0) Toplam kar:19.25
Paket:  Gün:37/90 Miktar:10.00 Günlük Kar: 0.07(%0.75) Toplam kar:2.78
Paket:  Gün:6/60 Miktar:10.07 Günlük Kar: 0.07(%0.65) Toplam kar:0.39
------------------------------
------------------------------
Gün: 78       Bakiye:2.34       Günlük Kar:0.39
Paket:  Gün:78/120 Miktar:25.00 Günlük Kar: 0.25(%1.0) Toplam kar:19.50
Paket:  Gün:38/90 Miktar:10.00 Günlük Kar: 0.07(%0.75) Toplam kar:2.85
Paket:  Gün:7/60 Miktar:10.07 Günlük Kar: 0.07(%0.65) Toplam kar:0.46
------------------------------
------------------------------
Gün: 79       Bakiye:2.73       Günlük Kar:0.39
Paket:  Gün:79/120 Miktar:25.00 Günlük Kar: 0.25(%1.0) Toplam kar:19.75
Paket:  Gün:39/90 Miktar:10.00 Günlük Kar: 0.07(%0.75) Toplam kar:2.93
Paket:  Gün:8/60 Miktar:10.07 Günlük Kar: 0.07(%0.65) Toplam kar:0.52
------------------------------
------------------------------
Gün: 80       Bakiye:3.12       Günlük Kar:0.39
Paket:  Gün:80/120 Miktar:25.00 Günlük Kar: 0.25(%1.0) Toplam kar:20.00
Paket:  Gün:40/90 Miktar:10.00 Günlük Kar: 0.07(%0.75) Toplam kar:3.00
Paket:  Gün:9/60 Miktar:10.07 Günlük Kar: 0.07(%0.65) Toplam kar:0.59
------------------------------
------------------------------
Gün: 81       Bakiye:3.51       Günlük Kar:0.39
Paket:  Gün:81/120 Miktar:25.00 Günlük Kar: 0.25(%1.0) Toplam kar:20.25
Paket:  Gün:41/90 Miktar:10.00 Günlük Kar: 0.07(%0.75) Toplam kar:3.08
Paket:  Gün:10/60 Miktar:10.07 Günlük Kar: 0.07(%0.65) Toplam kar:0.65
------------------------------
------------------------------
Gün: 82       Bakiye:3.90       Günlük Kar:0.39
Paket:  Gün:82/120 Miktar:25.00 Günlük Kar: 0.25(%1.0) Toplam kar:20.50
Paket:  Gün:42/90 Miktar:10.00 Günlük Kar: 0.07(%0.75) Toplam kar:3.15
Paket:  Gün:11/60 Miktar:10.07 Günlük Kar: 0.07(%0.65) Toplam kar:0.72
------------------------------
------------------------------
Gün: 83       Bakiye:4.30       Günlük Kar:0.39
Paket:  Gün:83/120 Miktar:25.00 Günlük Kar: 0.25(%1.0) Toplam kar:20.75
Paket:  Gün:43/90 Miktar:10.00 Günlük Kar: 0.07(%0.75) Toplam kar:3.23
Paket:  Gün:12/60 Miktar:10.07 Günlük Kar: 0.07(%0.65) Toplam kar:0.79
------------------------------
------------------------------
Gün: 84       Bakiye:4.69       Günlük Kar:0.39
Paket:  Gün:84/120 Miktar:25.00 Günlük Kar: 0.25(%1.0) Toplam kar:21.00
Paket:  Gün:44/90 Miktar:10.00 Günlük Kar: 0.07(%0.75) Toplam kar:3.30
Paket:  Gün:13/60 Miktar:10.07 Günlük Kar: 0.07(%0.65) Toplam kar:0.85
------------------------------
------------------------------
Gün: 85       Bakiye:5.08       Günlük Kar:0.39
Paket:  Gün:85/120 Miktar:25.00 Günlük Kar: 0.25(%1.0) Toplam kar:21.25
Paket:  Gün:45/90 Miktar:10.00 Günlük Kar: 0.07(%0.75) Toplam kar:3.38
Paket:  Gün:14/60 Miktar:10.07 Günlük Kar: 0.07(%0.65) Toplam kar:0.92
------------------------------
------------------------------
Gün: 86       Bakiye:5.47       Günlük Kar:0.39
Paket:  Gün:86/120 Miktar:25.00 Günlük Kar: 0.25(%1.0) Toplam kar:21.50
Paket:  Gün:46/90 Miktar:10.00 Günlük Kar: 0.07(%0.75) Toplam kar:3.45
Paket:  Gün:15/60 Miktar:10.07 Günlük Kar: 0.07(%0.65) Toplam kar:0.98
------------------------------
------------------------------
Gün: 87       Bakiye:5.86       Günlük Kar:0.39
Paket:  Gün:87/120 Miktar:25.00 Günlük Kar: 0.25(%1.0) Toplam kar:21.75
Paket:  Gün:47/90 Miktar:10.00 Günlük Kar: 0.07(%0.75) Toplam kar:3.53
Paket:  Gün:16/60 Miktar:10.07 Günlük Kar: 0.07(%0.65) Toplam kar:1.05
------------------------------
------------------------------
Gün: 88       Bakiye:6.25       Günlük Kar:0.39
Paket:  Gün:88/120 Miktar:25.00 Günlük Kar: 0.25(%1.0) Toplam kar:22.00
Paket:  Gün:48/90 Miktar:10.00 Günlük Kar: 0.07(%0.75) Toplam kar:3.60
Paket:  Gün:17/60 Miktar:10.07 Günlük Kar: 0.07(%0.65) Toplam kar:1.11
------------------------------
------------------------------
Gün: 89       Bakiye:6.64       Günlük Kar:0.39
Paket:  Gün:89/120 Miktar:25.00 Günlük Kar: 0.25(%1.0) Toplam kar:22.25
Paket:  Gün:49/90 Miktar:10.00 Günlük Kar: 0.07(%0.75) Toplam kar:3.68
Paket:  Gün:18/60 Miktar:10.07 Günlük Kar: 0.07(%0.65) Toplam kar:1.18
------------------------------
------------------------------
Gün: 90       Bakiye:7.03       Günlük Kar:0.39
Paket:  Gün:90/120 Miktar:25.00 Günlük Kar: 0.25(%1.0) Toplam kar:22.50
Paket:  Gün:50/90 Miktar:10.00 Günlük Kar: 0.07(%0.75) Toplam kar:3.75
Paket:  Gün:19/60 Miktar:10.07 Günlük Kar: 0.07(%0.65) Toplam kar:1.24
------------------------------
------------------------------
Gün: 91       Bakiye:7.42       Günlük Kar:0.39
Paket:  Gün:91/120 Miktar:25.00 Günlük Kar: 0.25(%1.0) Toplam kar:22.75
Paket:  Gün:51/90 Miktar:10.00 Günlük Kar: 0.07(%0.75) Toplam kar:3.83
Paket:  Gün:20/60 Miktar:10.07 Günlük Kar: 0.07(%0.65) Toplam kar:1.31
------------------------------
------------------------------
Gün: 92       Bakiye:7.81       Günlük Kar:0.39
Paket:  Gün:92/120 Miktar:25.00 Günlük Kar: 0.25(%1.0) Toplam kar:23.00
Paket:  Gün:52/90 Miktar:10.00 Günlük Kar: 0.07(%0.75) Toplam kar:3.90
Paket:  Gün:21/60 Miktar:10.07 Günlük Kar: 0.07(%0.65) Toplam kar:1.38
------------------------------
------------------------------
Gün: 93       Bakiye:8.20       Günlük Kar:0.39
Paket:  Gün:93/120 Miktar:25.00 Günlük Kar: 0.25(%1.0) Toplam kar:23.25
Paket:  Gün:53/90 Miktar:10.00 Günlük Kar: 0.07(%0.75) Toplam kar:3.98
Paket:  Gün:22/60 Miktar:10.07 Günlük Kar: 0.07(%0.65) Toplam kar:1.44
------------------------------
------------------------------
Gün: 94       Bakiye:8.59       Günlük Kar:0.39
Paket:  Gün:94/120 Miktar:25.00 Günlük Kar: 0.25(%1.0) Toplam kar:23.50
Paket:  Gün:54/90 Miktar:10.00 Günlük Kar: 0.07(%0.75) Toplam kar:4.05
Paket:  Gün:23/60 Miktar:10.07 Günlük Kar: 0.07(%0.65) Toplam kar:1.51
------------------------------
------------------------------
Gün: 95       Bakiye:8.98       Günlük Kar:0.39
Paket:  Gün:95/120 Miktar:25.00 Günlük Kar: 0.25(%1.0) Toplam kar:23.75
Paket:  Gün:55/90 Miktar:10.00 Günlük Kar: 0.07(%0.75) Toplam kar:4.13
Paket:  Gün:24/60 Miktar:10.07 Günlük Kar: 0.07(%0.65) Toplam kar:1.57
------------------------------
------------------------------
Gün: 96       Bakiye:9.37       Günlük Kar:0.39
Paket:  Gün:96/120 Miktar:25.00 Günlük Kar: 0.25(%1.0) Toplam kar:24.00
Paket:  Gün:56/90 Miktar:10.00 Günlük Kar: 0.07(%0.75) Toplam kar:4.20
Paket:  Gün:25/60 Miktar:10.07 Günlük Kar: 0.07(%0.65) Toplam kar:1.64
------------------------------
------------------------------
Gün: 97       Bakiye:9.76       Günlük Kar:0.39
Paket:  Gün:97/120 Miktar:25.00 Günlük Kar: 0.25(%1.0) Toplam kar:24.25
Paket:  Gün:57/90 Miktar:10.00 Günlük Kar: 0.07(%0.75) Toplam kar:4.28
Paket:  Gün:26/60 Miktar:10.07 Günlük Kar: 0.07(%0.65) Toplam kar:1.70
------------------------------
Yeni paket eklendi: Gün:30 Miktar: 10.15  Günlük Kar: 0.06(0.55)
------------------------------
Gün: 98       Bakiye:0.00       Günlük Kar:0.45
Paket:  Gün:98/120 Miktar:25.00 Günlük Kar: 0.25(%1.0) Toplam kar:24.50
Paket:  Gün:58/90 Miktar:10.00 Günlük Kar: 0.07(%0.75) Toplam kar:4.35
Paket:  Gün:27/60 Miktar:10.07 Günlük Kar: 0.07(%0.65) Toplam kar:1.77
Paket:  Gün:1/30 Miktar:10.15 Günlük Kar: 0.06(%0.55) Toplam kar:0.06
------------------------------
------------------------------
Gün: 99       Bakiye:0.45       Günlük Kar:0.45
Paket:  Gün:99/120 Miktar:25.00 Günlük Kar: 0.25(%1.0) Toplam kar:24.75
Paket:  Gün:59/90 Miktar:10.00 Günlük Kar: 0.07(%0.75) Toplam kar:4.43
Paket:  Gün:28/60 Miktar:10.07 Günlük Kar: 0.07(%0.65) Toplam kar:1.83
Paket:  Gün:2/30 Miktar:10.15 Günlük Kar: 0.06(%0.55) Toplam kar:0.11
------------------------------
------------------------------
Gün: 100       Bakiye:0.89       Günlük Kar:0.45
Paket:  Gün:100/120 Miktar:25.00 Günlük Kar: 0.25(%1.0) Toplam kar:25.00
Paket:  Gün:60/90 Miktar:10.00 Günlük Kar: 0.07(%0.75) Toplam kar:4.50
Paket:  Gün:29/60 Miktar:10.07 Günlük Kar: 0.07(%0.65) Toplam kar:1.90
Paket:  Gün:3/30 Miktar:10.15 Günlük Kar: 0.06(%0.55) Toplam kar:0.17
------------------------------
------------------------------
Gün: 101       Bakiye:1.34       Günlük Kar:0.45
Paket:  Gün:101/120 Miktar:25.00 Günlük Kar: 0.25(%1.0) Toplam kar:25.25
Paket:  Gün:61/90 Miktar:10.00 Günlük Kar: 0.07(%0.75) Toplam kar:4.58
Paket:  Gün:30/60 Miktar:10.07 Günlük Kar: 0.07(%0.65) Toplam kar:1.96
Paket:  Gün:4/30 Miktar:10.15 Günlük Kar: 0.06(%0.55) Toplam kar:0.22
------------------------------
------------------------------
Gün: 102       Bakiye:1.79       Günlük Kar:0.45
Paket:  Gün:102/120 Miktar:25.00 Günlük Kar: 0.25(%1.0) Toplam kar:25.50
Paket:  Gün:62/90 Miktar:10.00 Günlük Kar: 0.07(%0.75) Toplam kar:4.65
Paket:  Gün:31/60 Miktar:10.07 Günlük Kar: 0.07(%0.65) Toplam kar:2.03
Paket:  Gün:5/30 Miktar:10.15 Günlük Kar: 0.06(%0.55) Toplam kar:0.28
------------------------------
------------------------------
Gün: 103       Bakiye:2.23       Günlük Kar:0.45
Paket:  Gün:103/120 Miktar:25.00 Günlük Kar: 0.25(%1.0) Toplam kar:25.75
Paket:  Gün:63/90 Miktar:10.00 Günlük Kar: 0.07(%0.75) Toplam kar:4.73
Paket:  Gün:32/60 Miktar:10.07 Günlük Kar: 0.07(%0.65) Toplam kar:2.10
Paket:  Gün:6/30 Miktar:10.15 Günlük Kar: 0.06(%0.55) Toplam kar:0.34
------------------------------
------------------------------
Gün: 104       Bakiye:2.68       Günlük Kar:0.45
Paket:  Gün:104/120 Miktar:25.00 Günlük Kar: 0.25(%1.0) Toplam kar:26.00
Paket:  Gün:64/90 Miktar:10.00 Günlük Kar: 0.07(%0.75) Toplam kar:4.80
Paket:  Gün:33/60 Miktar:10.07 Günlük Kar: 0.07(%0.65) Toplam kar:2.16
Paket:  Gün:7/30 Miktar:10.15 Günlük Kar: 0.06(%0.55) Toplam kar:0.39
------------------------------
------------------------------
Gün: 105       Bakiye:3.12       Günlük Kar:0.45
Paket:  Gün:105/120 Miktar:25.00 Günlük Kar: 0.25(%1.0) Toplam kar:26.25
Paket:  Gün:65/90 Miktar:10.00 Günlük Kar: 0.07(%0.75) Toplam kar:4.88
Paket:  Gün:34/60 Miktar:10.07 Günlük Kar: 0.07(%0.65) Toplam kar:2.23
Paket:  Gün:8/30 Miktar:10.15 Günlük Kar: 0.06(%0.55) Toplam kar:0.45
------------------------------
------------------------------
Gün: 106       Bakiye:3.57       Günlük Kar:0.45
Paket:  Gün:106/120 Miktar:25.00 Günlük Kar: 0.25(%1.0) Toplam kar:26.50
Paket:  Gün:66/90 Miktar:10.00 Günlük Kar: 0.07(%0.75) Toplam kar:4.95
Paket:  Gün:35/60 Miktar:10.07 Günlük Kar: 0.07(%0.65) Toplam kar:2.29
Paket:  Gün:9/30 Miktar:10.15 Günlük Kar: 0.06(%0.55) Toplam kar:0.50
------------------------------
------------------------------
Gün: 107       Bakiye:4.02       Günlük Kar:0.45
Paket:  Gün:107/120 Miktar:25.00 Günlük Kar: 0.25(%1.0) Toplam kar:26.75
Paket:  Gün:67/90 Miktar:10.00 Günlük Kar: 0.07(%0.75) Toplam kar:5.03
Paket:  Gün:36/60 Miktar:10.07 Günlük Kar: 0.07(%0.65) Toplam kar:2.36
Paket:  Gün:10/30 Miktar:10.15 Günlük Kar: 0.06(%0.55) Toplam kar:0.56
------------------------------
------------------------------
Gün: 108       Bakiye:4.46       Günlük Kar:0.45
Paket:  Gün:108/120 Miktar:25.00 Günlük Kar: 0.25(%1.0) Toplam kar:27.00
Paket:  Gün:68/90 Miktar:10.00 Günlük Kar: 0.07(%0.75) Toplam kar:5.10
Paket:  Gün:37/60 Miktar:10.07 Günlük Kar: 0.07(%0.65) Toplam kar:2.42
Paket:  Gün:11/30 Miktar:10.15 Günlük Kar: 0.06(%0.55) Toplam kar:0.61
------------------------------
------------------------------
Gün: 109       Bakiye:4.91       Günlük Kar:0.45
Paket:  Gün:109/120 Miktar:25.00 Günlük Kar: 0.25(%1.0) Toplam kar:27.25
Paket:  Gün:69/90 Miktar:10.00 Günlük Kar: 0.07(%0.75) Toplam kar:5.18
Paket:  Gün:38/60 Miktar:10.07 Günlük Kar: 0.07(%0.65) Toplam kar:2.49
Paket:  Gün:12/30 Miktar:10.15 Günlük Kar: 0.06(%0.55) Toplam kar:0.67
------------------------------
------------------------------
Gün: 110       Bakiye:5.36       Günlük Kar:0.45
Paket:  Gün:110/120 Miktar:25.00 Günlük Kar: 0.25(%1.0) Toplam kar:27.50
Paket:  Gün:70/90 Miktar:10.00 Günlük Kar: 0.07(%0.75) Toplam kar:5.25
Paket:  Gün:39/60 Miktar:10.07 Günlük Kar: 0.07(%0.65) Toplam kar:2.55
Paket:  Gün:13/30 Miktar:10.15 Günlük Kar: 0.06(%0.55) Toplam kar:0.73
------------------------------
------------------------------
Gün: 111       Bakiye:5.80       Günlük Kar:0.45
Paket:  Gün:111/120 Miktar:25.00 Günlük Kar: 0.25(%1.0) Toplam kar:27.75
Paket:  Gün:71/90 Miktar:10.00 Günlük Kar: 0.07(%0.75) Toplam kar:5.33
Paket:  Gün:40/60 Miktar:10.07 Günlük Kar: 0.07(%0.65) Toplam kar:2.62
Paket:  Gün:14/30 Miktar:10.15 Günlük Kar: 0.06(%0.55) Toplam kar:0.78
------------------------------
------------------------------
Gün: 112       Bakiye:6.25       Günlük Kar:0.45
Paket:  Gün:112/120 Miktar:25.00 Günlük Kar: 0.25(%1.0) Toplam kar:28.00
Paket:  Gün:72/90 Miktar:10.00 Günlük Kar: 0.07(%0.75) Toplam kar:5.40
Paket:  Gün:41/60 Miktar:10.07 Günlük Kar: 0.07(%0.65) Toplam kar:2.68
Paket:  Gün:15/30 Miktar:10.15 Günlük Kar: 0.06(%0.55) Toplam kar:0.84
------------------------------
------------------------------
Gün: 113       Bakiye:6.69       Günlük Kar:0.45
Paket:  Gün:113/120 Miktar:25.00 Günlük Kar: 0.25(%1.0) Toplam kar:28.25
Paket:  Gün:73/90 Miktar:10.00 Günlük Kar: 0.07(%0.75) Toplam kar:5.48
Paket:  Gün:42/60 Miktar:10.07 Günlük Kar: 0.07(%0.65) Toplam kar:2.75
Paket:  Gün:16/30 Miktar:10.15 Günlük Kar: 0.06(%0.55) Toplam kar:0.89
------------------------------
------------------------------
Gün: 114       Bakiye:7.14       Günlük Kar:0.45
Paket:  Gün:114/120 Miktar:25.00 Günlük Kar: 0.25(%1.0) Toplam kar:28.50
Paket:  Gün:74/90 Miktar:10.00 Günlük Kar: 0.07(%0.75) Toplam kar:5.55
Paket:  Gün:43/60 Miktar:10.07 Günlük Kar: 0.07(%0.65) Toplam kar:2.82
Paket:  Gün:17/30 Miktar:10.15 Günlük Kar: 0.06(%0.55) Toplam kar:0.95
------------------------------
------------------------------
Gün: 115       Bakiye:7.59       Günlük Kar:0.45
Paket:  Gün:115/120 Miktar:25.00 Günlük Kar: 0.25(%1.0) Toplam kar:28.75
Paket:  Gün:75/90 Miktar:10.00 Günlük Kar: 0.07(%0.75) Toplam kar:5.63
Paket:  Gün:44/60 Miktar:10.07 Günlük Kar: 0.07(%0.65) Toplam kar:2.88
Paket:  Gün:18/30 Miktar:10.15 Günlük Kar: 0.06(%0.55) Toplam kar:1.01
------------------------------
------------------------------
Gün: 116       Bakiye:8.03       Günlük Kar:0.45
Paket:  Gün:116/120 Miktar:25.00 Günlük Kar: 0.25(%1.0) Toplam kar:29.00
Paket:  Gün:76/90 Miktar:10.00 Günlük Kar: 0.07(%0.75) Toplam kar:5.70
Paket:  Gün:45/60 Miktar:10.07 Günlük Kar: 0.07(%0.65) Toplam kar:2.95
Paket:  Gün:19/30 Miktar:10.15 Günlük Kar: 0.06(%0.55) Toplam kar:1.06
------------------------------
------------------------------
Gün: 117       Bakiye:8.48       Günlük Kar:0.45
Paket:  Gün:117/120 Miktar:25.00 Günlük Kar: 0.25(%1.0) Toplam kar:29.25
Paket:  Gün:77/90 Miktar:10.00 Günlük Kar: 0.07(%0.75) Toplam kar:5.78
Paket:  Gün:46/60 Miktar:10.07 Günlük Kar: 0.07(%0.65) Toplam kar:3.01
Paket:  Gün:20/30 Miktar:10.15 Günlük Kar: 0.06(%0.55) Toplam kar:1.12
------------------------------
------------------------------
Gün: 118       Bakiye:8.93       Günlük Kar:0.45
Paket:  Gün:118/120 Miktar:25.00 Günlük Kar: 0.25(%1.0) Toplam kar:29.50
Paket:  Gün:78/90 Miktar:10.00 Günlük Kar: 0.07(%0.75) Toplam kar:5.85
Paket:  Gün:47/60 Miktar:10.07 Günlük Kar: 0.07(%0.65) Toplam kar:3.08
Paket:  Gün:21/30 Miktar:10.15 Günlük Kar: 0.06(%0.55) Toplam kar:1.17
------------------------------
------------------------------
Gün: 119       Bakiye:9.37       Günlük Kar:0.45
Paket:  Gün:119/120 Miktar:25.00 Günlük Kar: 0.25(%1.0) Toplam kar:29.75
Paket:  Gün:79/90 Miktar:10.00 Günlük Kar: 0.07(%0.75) Toplam kar:5.93
Paket:  Gün:48/60 Miktar:10.07 Günlük Kar: 0.07(%0.65) Toplam kar:3.14
Paket:  Gün:22/30 Miktar:10.15 Günlük Kar: 0.06(%0.55) Toplam kar:1.23
------------------------------
------------------------------
Gün: 120       Bakiye:9.82       Günlük Kar:0.45
Paket:  Gün:120/120 Miktar:25.00 Günlük Kar: 0.25(%1.0) Toplam kar:30.00
Paket:  Gün:80/90 Miktar:10.00 Günlük Kar: 0.07(%0.75) Toplam kar:6.00
Paket:  Gün:49/60 Miktar:10.07 Günlük Kar: 0.07(%0.65) Toplam kar:3.21
Paket:  Gün:23/30 Miktar:10.15 Günlük Kar: 0.06(%0.55) Toplam kar:1.28
Paket bitti:  Gün: 120 Yatırılan: 25.00 Kar:30.00 Kazanç: 55.00
------------------------------
Yeni paket eklendi: Gün:30 Miktar: 35.27  Günlük Kar: 0.19(0.55)
------------------------------
Gün: 121       Bakiye:0.00       Günlük Kar:0.39
Paket:  Gün:81/90 Miktar:10.00 Günlük Kar: 0.07(%0.75) Toplam kar:6.08
Paket:  Gün:50/60 Miktar:10.07 Günlük Kar: 0.07(%0.65) Toplam kar:3.27
Paket:  Gün:24/30 Miktar:10.15 Günlük Kar: 0.06(%0.55) Toplam kar:1.34
Paket:  Gün:1/30 Miktar:35.27 Günlük Kar: 0.19(%0.55) Toplam kar:0.19
------------------------------
------------------------------
Gün: 122       Bakiye:0.39       Günlük Kar:0.39
Paket:  Gün:82/90 Miktar:10.00 Günlük Kar: 0.07(%0.75) Toplam kar:6.15
Paket:  Gün:51/60 Miktar:10.07 Günlük Kar: 0.07(%0.65) Toplam kar:3.34
Paket:  Gün:25/30 Miktar:10.15 Günlük Kar: 0.06(%0.55) Toplam kar:1.40
Paket:  Gün:2/30 Miktar:35.27 Günlük Kar: 0.19(%0.55) Toplam kar:0.39
------------------------------
------------------------------
Gün: 123       Bakiye:0.78       Günlük Kar:0.39
Paket:  Gün:83/90 Miktar:10.00 Günlük Kar: 0.07(%0.75) Toplam kar:6.23
Paket:  Gün:52/60 Miktar:10.07 Günlük Kar: 0.07(%0.65) Toplam kar:3.41
Paket:  Gün:26/30 Miktar:10.15 Günlük Kar: 0.06(%0.55) Toplam kar:1.45
Paket:  Gün:3/30 Miktar:35.27 Günlük Kar: 0.19(%0.55) Toplam kar:0.58
------------------------------
------------------------------
Gün: 124       Bakiye:1.17       Günlük Kar:0.39
Paket:  Gün:84/90 Miktar:10.00 Günlük Kar: 0.07(%0.75) Toplam kar:6.30
Paket:  Gün:53/60 Miktar:10.07 Günlük Kar: 0.07(%0.65) Toplam kar:3.47
Paket:  Gün:27/30 Miktar:10.15 Günlük Kar: 0.06(%0.55) Toplam kar:1.51
Paket:  Gün:4/30 Miktar:35.27 Günlük Kar: 0.19(%0.55) Toplam kar:0.78
------------------------------
------------------------------
Gün: 125       Bakiye:1.56       Günlük Kar:0.39
Paket:  Gün:85/90 Miktar:10.00 Günlük Kar: 0.07(%0.75) Toplam kar:6.38
Paket:  Gün:54/60 Miktar:10.07 Günlük Kar: 0.07(%0.65) Toplam kar:3.54
Paket:  Gün:28/30 Miktar:10.15 Günlük Kar: 0.06(%0.55) Toplam kar:1.56
Paket:  Gün:5/30 Miktar:35.27 Günlük Kar: 0.19(%0.55) Toplam kar:0.97
------------------------------
------------------------------
Gün: 126       Bakiye:1.95       Günlük Kar:0.39
Paket:  Gün:86/90 Miktar:10.00 Günlük Kar: 0.07(%0.75) Toplam kar:6.45
Paket:  Gün:55/60 Miktar:10.07 Günlük Kar: 0.07(%0.65) Toplam kar:3.60
Paket:  Gün:29/30 Miktar:10.15 Günlük Kar: 0.06(%0.55) Toplam kar:1.62
Paket:  Gün:6/30 Miktar:35.27 Günlük Kar: 0.19(%0.55) Toplam kar:1.16
------------------------------
------------------------------
Gün: 127       Bakiye:2.34       Günlük Kar:0.39
Paket:  Gün:87/90 Miktar:10.00 Günlük Kar: 0.07(%0.75) Toplam kar:6.53
Paket:  Gün:56/60 Miktar:10.07 Günlük Kar: 0.07(%0.65) Toplam kar:3.67
Paket:  Gün:30/30 Miktar:10.15 Günlük Kar: 0.06(%0.55) Toplam kar:1.68
Paket:  Gün:7/30 Miktar:35.27 Günlük Kar: 0.19(%0.55) Toplam kar:1.36
Paket bitti:  Gün: 30 Yatırılan: 10.15 Kar:1.68 Kazanç: 11.83
------------------------------
------------------------------
Gün: 128       Bakiye:12.88       Günlük Kar:0.33
Paket:  Gün:88/90 Miktar:10.00 Günlük Kar: 0.07(%0.75) Toplam kar:6.60
Paket:  Gün:57/60 Miktar:10.07 Günlük Kar: 0.07(%0.65) Toplam kar:3.73
Paket:  Gün:8/30 Miktar:35.27 Günlük Kar: 0.19(%0.55) Toplam kar:1.55
------------------------------
------------------------------
Gün: 129       Bakiye:13.22       Günlük Kar:0.33
Paket:  Gün:89/90 Miktar:10.00 Günlük Kar: 0.07(%0.75) Toplam kar:6.68
Paket:  Gün:58/60 Miktar:10.07 Günlük Kar: 0.07(%0.65) Toplam kar:3.80
Paket:  Gün:9/30 Miktar:35.27 Günlük Kar: 0.19(%0.55) Toplam kar:1.75
------------------------------
------------------------------
Gün: 130       Bakiye:13.55       Günlük Kar:0.33
Paket:  Gün:90/90 Miktar:10.00 Günlük Kar: 0.07(%0.75) Toplam kar:6.75
Paket:  Gün:59/60 Miktar:10.07 Günlük Kar: 0.07(%0.65) Toplam kar:3.86
Paket:  Gün:10/30 Miktar:35.27 Günlük Kar: 0.19(%0.55) Toplam kar:1.94
Paket bitti:  Gün: 90 Yatırılan: 10.00 Kar:6.75 Kazanç: 16.75
------------------------------
------------------------------
Gün: 131       Bakiye:23.89       Günlük Kar:0.26
Paket:  Gün:60/60 Miktar:10.07 Günlük Kar: 0.07(%0.65) Toplam kar:3.93
Paket:  Gün:11/30 Miktar:35.27 Günlük Kar: 0.19(%0.55) Toplam kar:2.13
Paket bitti:  Gün: 60 Yatırılan: 10.07 Kar:3.93 Kazanç: 14.00
------------------------------
------------------------------
Gün: 132       Bakiye:34.22       Günlük Kar:0.19
Paket:  Gün:12/30 Miktar:35.27 Günlük Kar: 0.19(%0.55) Toplam kar:2.33
------------------------------
------------------------------
Gün: 133       Bakiye:34.42       Günlük Kar:0.19
Paket:  Gün:13/30 Miktar:35.27 Günlük Kar: 0.19(%0.55) Toplam kar:2.52
------------------------------
------------------------------
Gün: 134       Bakiye:34.61       Günlük Kar:0.19
Paket:  Gün:14/30 Miktar:35.27 Günlük Kar: 0.19(%0.55) Toplam kar:2.72
------------------------------
------------------------------
Gün: 135       Bakiye:34.80       Günlük Kar:0.19
Paket:  Gün:15/30 Miktar:35.27 Günlük Kar: 0.19(%0.55) Toplam kar:2.91
------------------------------
------------------------------
Gün: 136       Bakiye:35.00       Günlük Kar:0.19
Paket:  Gün:16/30 Miktar:35.27 Günlük Kar: 0.19(%0.55) Toplam kar:3.10
------------------------------
------------------------------
Gün: 137       Bakiye:35.19       Günlük Kar:0.19
Paket:  Gün:17/30 Miktar:35.27 Günlük Kar: 0.19(%0.55) Toplam kar:3.30
------------------------------
------------------------------
Gün: 138       Bakiye:35.39       Günlük Kar:0.19
Paket:  Gün:18/30 Miktar:35.27 Günlük Kar: 0.19(%0.55) Toplam kar:3.49
------------------------------
------------------------------
Gün: 139       Bakiye:35.58       Günlük Kar:0.19
Paket:  Gün:19/30 Miktar:35.27 Günlük Kar: 0.19(%0.55) Toplam kar:3.69
------------------------------
------------------------------
Gün: 140       Bakiye:35.77       Günlük Kar:0.19
Paket:  Gün:20/30 Miktar:35.27 Günlük Kar: 0.19(%0.55) Toplam kar:3.88
------------------------------
------------------------------
Gün: 141       Bakiye:35.97       Günlük Kar:0.19
Paket:  Gün:21/30 Miktar:35.27 Günlük Kar: 0.19(%0.55) Toplam kar:4.07
------------------------------
------------------------------
Gün: 142       Bakiye:36.16       Günlük Kar:0.19
Paket:  Gün:22/30 Miktar:35.27 Günlük Kar: 0.19(%0.55) Toplam kar:4.27
------------------------------
------------------------------
Gün: 143       Bakiye:36.36       Günlük Kar:0.19
Paket:  Gün:23/30 Miktar:35.27 Günlük Kar: 0.19(%0.55) Toplam kar:4.46
------------------------------
------------------------------
Gün: 144       Bakiye:36.55       Günlük Kar:0.19
Paket:  Gün:24/30 Miktar:35.27 Günlük Kar: 0.19(%0.55) Toplam kar:4.66
------------------------------
------------------------------
Gün: 145       Bakiye:36.74       Günlük Kar:0.19
Paket:  Gün:25/30 Miktar:35.27 Günlük Kar: 0.19(%0.55) Toplam kar:4.85
------------------------------
------------------------------
Gün: 146       Bakiye:36.94       Günlük Kar:0.19
Paket:  Gün:26/30 Miktar:35.27 Günlük Kar: 0.19(%0.55) Toplam kar:5.04
------------------------------
------------------------------
Gün: 147       Bakiye:37.13       Günlük Kar:0.19
Paket:  Gün:27/30 Miktar:35.27 Günlük Kar: 0.19(%0.55) Toplam kar:5.24
------------------------------
------------------------------
Gün: 148       Bakiye:37.33       Günlük Kar:0.19
Paket:  Gün:28/30 Miktar:35.27 Günlük Kar: 0.19(%0.55) Toplam kar:5.43
------------------------------
------------------------------
Gün: 149       Bakiye:37.52       Günlük Kar:0.19
Paket:  Gün:29/30 Miktar:35.27 Günlük Kar: 0.19(%0.55) Toplam kar:5.62
------------------------------
------------------------------
Gün: 150       Bakiye:37.71       Günlük Kar:0.19
Paket:  Gün:30/30 Miktar:35.27 Günlük Kar: 0.19(%0.55) Toplam kar:5.82
Paket bitti:  Gün: 30 Yatırılan: 35.27 Kar:5.82 Kazanç: 41.08
------------------------------
Bakiye: 73.17
