Yeni paket eklendi: Gün:120 Miktar: 90.00  Günlük Kar: 0.90(1.00)
------------------------------
Gün: 1       Bakiye:0.00       Günlük Kar:0.90
Paket:  Gün:1/120 Miktar:90.00 Günlük Kar: 0.90(%1.0) Toplam kar:0.90
------------------------------
------------------------------
Gün: 2       Bakiye:0.90       Günlük Kar:0.90
Paket:  Gün:2/120 Miktar:90.00 Günlük Kar: 0.90(%1.0) Toplam kar:1.80
------------------------------
------------------------------
Gün: 3       Bakiye:1.80       Günlük Kar:0.90
Paket:  Gün:3/120 Miktar:90.00 Günlük Kar: 0.90(%1.0) Toplam kar:2.70
------------------------------
------------------------------
Gün: 4       Bakiye:2.70       Günlük Kar:0.90
Paket:  Gün:4/120 Miktar:90.00 Günlük Kar: 0.90(%1.0) Toplam kar:3.60
------------------------------
------------------------------
Gün: 5       Bakiye:3.60       Günlük Kar:0.90
Paket:  Gün:5/120 Miktar:90.00 Günlük Kar: 0.90(%1.0) Toplam kar:4.50
------------------------------
------------------------------
Gün: 6       Bakiye:4.50       Günlük Kar:0.90
Paket:  Gün:6/120 Miktar:90.00 Günlük Kar: 0.90(%1.0) Toplam kar:5.40
------------------------------
------------------------------
Gün: 7       Bakiye:5.40       Günlük Kar:0.90
Paket:  Gün:7/120 Miktar:90.00 Günlük Kar: 0.90(%1.0) Toplam kar:6.30
------------------------------
------------------------------
Gün: 8       Bakiye:6.30       Günlük Kar:0.90
Paket:  Gün:8/120 Miktar:90.00 Günlük Kar: 0.90(%1.0) Toplam kar:7.20
------------------------------
------------------------------
Gün: 9       Bakiye:7.20       Günlük Kar:0.90
Paket:  Gün:9/120 Miktar:90.00 Günlük Kar: 0.90(%1.0) Toplam kar:8.10
------------------------------
------------------------------
Gün: 10       Bakiye:8.10       Günlük Kar:0.90
Paket:  Gün:10/120 Miktar:90.00 Günlük Kar: 0.90(%1.0) Toplam kar:9.00
------------------------------
------------------------------
Gün: 11       Bakiye:9.00       Günlük Kar:0.90
Paket:  Gün:11/120 Miktar:90.00 Günlük Kar: 0.90(%1.0) Toplam kar:9.90
------------------------------
------------------------------
Gün: 12       Bakiye:9.90       Günlük Kar:0.90
Paket:  Gün:12/120 Miktar:90.00 Günlük Kar: 0.90(%1.0) Toplam kar:10.80
------------------------------
Yeni paket eklendi: Gün:120 Miktar: 10.80  Günlük Kar: 0.11(1.00)
------------------------------
Gün: 13       Bakiye:0.00       Günlük Kar:1.01
Paket:  Gün:13/120 Miktar:90.00 Günlük Kar: 0.90(%1.0) Toplam kar:11.70
Paket:  Gün:1/120 Miktar:10.80 Günlük Kar: 0.11(%1.0) Toplam kar:0.11
------------------------------
------------------------------
Gün: 14       Bakiye:1.01       Günlük Kar:1.01
Paket:  Gün:14/120 Miktar:90.00 Günlük Kar: 0.90(%1.0) Toplam kar:12.60
Paket:  Gün:2/120 Miktar:10.80 Günlük Kar: 0.11(%1.0) Toplam kar:0.22
------------------------------
------------------------------
Gün: 15       Bakiye:2.02       Günlük Kar:1.01
Paket:  Gün:15/120 Miktar:90.00 Günlük Kar: 0.90(%1.0) Toplam kar:13.50
Paket:  Gün:3/120 Miktar:10.80 Günlük Kar: 0.11(%1.0) Toplam kar:0.32
------------------------------
------------------------------
Gün: 16       Bakiye:3.02       Günlük Kar:1.01
Paket:  Gün:16/120 Miktar:90.00 Günlük Kar: 0.90(%1.0) Toplam kar:14.40
Paket:  Gün:4/120 Miktar:10.80 Günlük Kar: 0.11(%1.0) Toplam kar:0.43
------------------------------
------------------------------
Gün: 17       Bakiye:4.03       Günlük Kar:1.01
Paket:  Gün:17/120 Miktar:90.00 Günlük Kar: 0.90(%1.0) Toplam kar:15.30
Paket:  Gün:5/120 Miktar:10.80 Günlük Kar: 0.11(%1.0) Toplam kar:0.54
------------------------------
------------------------------
Gün: 18       Bakiye:5.04       Günlük Kar:1.01
Paket:  Gün:18/120 Miktar:90.00 Günlük Kar: 0.90(%1.0) Toplam kar:16.20
Paket:  Gün:6/120 Miktar:10.80 Günlük Kar: 0.11(%1.0) Toplam kar:0.65
------------------------------
------------------------------
Gün: 19       Bakiye:6.05       Günlük Kar:1.01
Paket:  Gün:19/120 Miktar:90.00 Günlük Kar: 0.90(%1.0) Toplam kar:17.10
Paket:  Gün:7/120 Miktar:10.80 Günlük Kar: 0.11(%1.0) Toplam kar:0.76
------------------------------
------------------------------
Gün: 20       Bakiye:7.06       Günlük Kar:1.01
Paket:  Gün:20/120 Miktar:90.00 Günlük Kar: 0.90(%1.0) Toplam kar:18.00
Paket:  Gün:8/120 Miktar:10.80 Günlük Kar: 0.11(%1.0) Toplam kar:0.86
------------------------------
------------------------------
Gün: 21       Bakiye:8.06       Günlük Kar:1.01
Paket:  Gün:21/120 Miktar:90.00 Günlük Kar: 0.90(%1.0) Toplam kar:18.90
Paket:  Gün:9/120 Miktar:10.80 Günlük Kar: 0.11(%1.0) Toplam kar:0.97
------------------------------
------------------------------
Gün: 22       Bakiye:9.07       Günlük Kar:1.01
Paket:  Gün:22/120 Miktar:90.00 Günlük Kar: 0.90(%1.0) Toplam kar:19.80
Paket:  Gün:10/120 Miktar:10.80 Günlük Kar: 0.11(%1.0) Toplam kar:1.08
------------------------------
Yeni paket eklendi: Gün:120 Miktar: 10.08  Günlük Kar: 0.10(1.00)
------------------------------
Gün: 23       Bakiye:0.00       Günlük Kar:1.11
Paket:  Gün:23/120 Miktar:90.00 Günlük Kar: 0.90(%1.0) Toplam kar:20.70
Paket:  Gün:11/120 Miktar:10.80 Günlük Kar: 0.11(%1.0) Toplam kar:1.19
Paket:  Gün:1/120 Miktar:10.08 Günlük Kar: 0.10(%1.0) Toplam kar:0.10
------------------------------
------------------------------
Gün: 24       Bakiye:1.11       Günlük Kar:1.11
Paket:  Gün:24/120 Miktar:90.00 Günlük Kar: 0.90(%1.0) Toplam kar:21.60
Paket:  Gün:12/120 Miktar:10.80 Günlük Kar: 0.11(%1.0) Toplam kar:1.30
Paket:  Gün:2/120 Miktar:10.08 Günlük Kar: 0.10(%1.0) Toplam kar:0.20
------------------------------
------------------------------
Gün: 25       Bakiye:2.22       Günlük Kar:1.11
Paket:  Gün:25/120 Miktar:90.00 Günlük Kar: 0.90(%1.0) Toplam kar:22.50
Paket:  Gün:13/120 Miktar:10.80 Günlük Kar: 0.11(%1.0) Toplam kar:1.40
Paket:  Gün:3/120 Miktar:10.08 Günlük Kar: 0.10(%1.0) Toplam kar:0.30
------------------------------
------------------------------
Gün: 26       Bakiye:3.33       Günlük Kar:1.11
Paket:  Gün:26/120 Miktar:90.00 Günlük Kar: 0.90(%1.0) Toplam kar:23.40
Paket:  Gün:14/120 Miktar:10.80 Günlük Kar: 0.11(%1.0) Toplam kar:1.51
Paket:  Gün:4/120 Miktar:10.08 Günlük Kar: 0.10(%1.0) Toplam kar:0.40
------------------------------
------------------------------
Gün: 27       Bakiye:4.44       Günlük Kar:1.11
Paket:  Gün:27/120 Miktar:90.00 Günlük Kar: 0.90(%1.0) Toplam kar:24.30
Paket:  Gün:15/120 Miktar:10.80 Günlük Kar: 0.11(%1.0) Toplam kar:1.62
Paket:  Gün:5/120 Miktar:10.08 Günlük Kar: 0.10(%1.0) Toplam kar:0.50
------------------------------
------------------------------
Gün: 28       Bakiye:5.54       Günlük Kar:1.11
Paket:  Gün:28/120 Miktar:90.00 Günlük Kar: 0.90(%1.0) Toplam kar:25.20
Paket:  Gün:16/120 Miktar:10.80 Günlük Kar: 0.11(%1.0) Toplam kar:1.73
Paket:  Gün:6/120 Miktar:10.08 Günlük Kar: 0.10(%1.0) Toplam kar:0.60
------------------------------
------------------------------
Gün: 29       Bakiye:6.65       Günlük Kar:1.11
Paket:  Gün:29/120 Miktar:90.00 Günlük Kar: 0.90(%1.0) Toplam kar:26.10
Paket:  Gün:17/120 Miktar:10.80 Günlük Kar: 0.11(%1.0) Toplam kar:1.84
Paket:  Gün:7/120 Miktar:10.08 Günlük Kar: 0.10(%1.0) Toplam kar:0.71
------------------------------
------------------------------
Gün: 30       Bakiye:7.76       Günlük Kar:1.11
Paket:  Gün:30/120 Miktar:90.00 Günlük Kar: 0.90(%1.0) Toplam kar:27.00
Paket:  Gün:18/120 Miktar:10.80 Günlük Kar: 0.11(%1.0) Toplam kar:1.94
Paket:  Gün:8/120 Miktar:10.08 Günlük Kar: 0.10(%1.0) Toplam kar:0.81
------------------------------
------------------------------
Gün: 31       Bakiye:8.87       Günlük Kar:1.11
Paket:  Gün:31/120 Miktar:90.00 Günlük Kar: 0.90(%1.0) Toplam kar:27.90
Paket:  Gün:19/120 Miktar:10.80 Günlük Kar: 0.11(%1.0) Toplam kar:2.05
Paket:  Gün:9/120 Miktar:10.08 Günlük Kar: 0.10(%1.0) Toplam kar:0.91
------------------------------
------------------------------
Gün: 32       Bakiye:9.98       Günlük Kar:1.11
Paket:  Gün:32/120 Miktar:90.00 Günlük Kar: 0.90(%1.0) Toplam kar:28.80
Paket:  Gün:20/120 Miktar:10.80 Günlük Kar: 0.11(%1.0) Toplam kar:2.16
Paket:  Gün:10/120 Miktar:10.08 Günlük Kar: 0.10(%1.0) Toplam kar:1.01
------------------------------
Yeni paket eklendi: Gün:90 Miktar: 11.09  Günlük Kar: 0.08(0.75)
------------------------------
Gün: 33       Bakiye:0.00       Günlük Kar:1.19
Paket:  Gün:33/120 Miktar:90.00 Günlük Kar: 0.90(%1.0) Toplam kar:29.70
Paket:  Gün:21/120 Miktar:10.80 Günlük Kar: 0.11(%1.0) Toplam kar:2.27
Paket:  Gün:11/120 Miktar:10.08 Günlük Kar: 0.10(%1.0) Toplam kar:1.11
Paket:  Gün:1/90 Miktar:11.09 Günlük Kar: 0.08(%0.75) Toplam kar:0.08
------------------------------
------------------------------
Gün: 34       Bakiye:1.19       Günlük Kar:1.19
Paket:  Gün:34/120 Miktar:90.00 Günlük Kar: 0.90(%1.0) Toplam kar:30.60
Paket:  Gün:22/120 Miktar:10.80 Günlük Kar: 0.11(%1.0) Toplam kar:2.38
Paket:  Gün:12/120 Miktar:10.08 Günlük Kar: 0.10(%1.0) Toplam kar:1.21
Paket:  Gün:2/90 Miktar:11.09 Günlük Kar: 0.08(%0.75) Toplam kar:0.17
------------------------------
------------------------------
Gün: 35       Bakiye:2.38       Günlük Kar:1.19
Paket:  Gün:35/120 Miktar:90.00 Günlük Kar: 0.90(%1.0) Toplam kar:31.50
Paket:  Gün:23/120 Miktar:10.80 Günlük Kar: 0.11(%1.0) Toplam kar:2.48
Paket:  Gün:13/120 Miktar:10.08 Günlük Kar: 0.10(%1.0) Toplam kar:1.31
Paket:  Gün:3/90 Miktar:11.09 Günlük Kar: 0.08(%0.75) Toplam kar:0.25
------------------------------
------------------------------
Gün: 36       Bakiye:3.58       Günlük Kar:1.19
Paket:  Gün:36/120 Miktar:90.00 Günlük Kar: 0.90(%1.0) Toplam kar:32.40
Paket:  Gün:24/120 Miktar:10.80 Günlük Kar: 0.11(%1.0) Toplam kar:2.59
Paket:  Gün:14/120 Miktar:10.08 Günlük Kar: 0.10(%1.0) Toplam kar:1.41
Paket:  Gün:4/90 Miktar:11.09 Günlük Kar: 0.08(%0.75) Toplam kar:0.33
------------------------------
------------------------------
Gün: 37       Bakiye:4.77       Günlük Kar:1.19
Paket:  Gün:37/120 Miktar:90.00 Günlük Kar: 0.90(%1.0) Toplam kar:33.30
Paket:  Gün:25/120 Miktar:10.80 Günlük Kar: 0.11(%1.0) Toplam kar:2.70
Paket:  Gün:15/120 Miktar:10.08 Günlük Kar: 0.10(%1.0) Toplam kar:1.51
Paket:  Gün:5/90 Miktar:11.09 Günlük Kar: 0.08(%0.75) Toplam kar:0.42
------------------------------
------------------------------
Gün: 38       Bakiye:5.96       Günlük Kar:1.19
Paket:  Gün:38/120 Miktar:90.00 Günlük Kar: 0.90(%1.0) Toplam kar:34.20
Paket:  Gün:26/120 Miktar:10.80 Günlük Kar: 0.11(%1.0) Toplam kar:2.81
Paket:  Gün:16/120 Miktar:10.08 Günlük Kar: 0.10(%1.0) Toplam kar:1.61
Paket:  Gün:6/90 Miktar:11.09 Günlük Kar: 0.08(%0.75) Toplam kar:0.50
------------------------------
------------------------------
Gün: 39       Bakiye:7.15       Günlük Kar:1.19
Paket:  Gün:39/120 Miktar:90.00 Günlük Kar: 0.90(%1.0) Toplam kar:35.10
Paket:  Gün:27/120 Miktar:10.80 Günlük Kar: 0.11(%1.0) Toplam kar:2.92
Paket:  Gün:17/120 Miktar:10.08 Günlük Kar: 0.10(%1.0) Toplam kar:1.71
Paket:  Gün:7/90 Miktar:11.09 Günlük Kar: 0.08(%0.75) Toplam kar:0.58
------------------------------
------------------------------
Gün: 40       Bakiye:8.34       Günlük Kar:1.19
Paket:  Gün:40/120 Miktar:90.00 Günlük Kar: 0.90(%1.0) Toplam kar:36.00
Paket:  Gün:28/120 Miktar:10.80 Günlük Kar: 0.11(%1.0) Toplam kar:3.02
Paket:  Gün:18/120 Miktar:10.08 Günlük Kar: 0.10(%1.0) Toplam kar:1.81
Paket:  Gün:8/90 Miktar:11.09 Günlük Kar: 0.08(%0.75) Toplam kar:0.67
------------------------------
------------------------------
Gün: 41       Bakiye:9.54       Günlük Kar:1.19
Paket:  Gün:41/120 Miktar:90.00 Günlük Kar: 0.90(%1.0) Toplam kar:36.90
Paket:  Gün:29/120 Miktar:10.80 Günlük Kar: 0.11(%1.0) Toplam kar:3.13
Paket:  Gün:19/120 Miktar:10.08 Günlük Kar: 0.10(%1.0) Toplam kar:1.92
Paket:  Gün:9/90 Miktar:11.09 Günlük Kar: 0.08(%0.75) Toplam kar:0.75
------------------------------
Yeni paket eklendi: Gün:90 Miktar: 10.73  Günlük Kar: 0.08(0.75)
------------------------------
Gün: 42       Bakiye:0.00       Günlük Kar:1.27
Paket:  Gün:42/120 Miktar:90.00 Günlük Kar: 0.90(%1.0) Toplam kar:37.80
Paket:  Gün:30/120 Miktar:10.80 Günlük Kar: 0.11(%1.0) Toplam kar:3.24
Paket:  Gün:20/120 Miktar:10.08 Günlük Kar: 0.10(%1.0) Toplam kar:2.02
Paket:  Gün:10/90 Miktar:11.09 Günlük Kar: 0.08(%0.75) Toplam kar:0.83
Paket:  Gün:1/90 Miktar:10.73 Günlük Kar: 0.08(%0.75) Toplam kar:0.08
------------------------------
------------------------------
Gün: 43       Bakiye:1.27       Günlük Kar:1.27
Paket:  Gün:43/120 Miktar:90.00 Günlük Kar: 0.90(%1.0) Toplam kar:38.70
Paket:  Gün:31/120 Miktar:10.80 Günlük Kar: 0.11(%1.0) Toplam kar:3.35
Paket:  Gün:21/120 Miktar:10.08 Günlük Kar: 0.10(%1.0) Toplam kar:2.12
Paket:  Gün:11/90 Miktar:11.09 Günlük Kar: 0.08(%0.75) Toplam kar:0.91
Paket:  Gün:2/90 Miktar:10.73 Günlük Kar: 0.08(%0.75) Toplam kar:0.16
------------------------------
------------------------------
Gün: 44       Bakiye:2.54       Günlük Kar:1.27
Paket:  Gün:44/120 Miktar:90.00 Günlük Kar: 0.90(%1.0) Toplam kar:39.60
Paket:  Gün:32/120 Miktar:10.80 Günlük Kar: 0.11(%1.0) Toplam kar:3.46
Paket:  Gün:22/120 Miktar:10.08 Günlük Kar: 0.10(%1.0) Toplam kar:2.22
Paket:  Gün:12/90 Miktar:11.09 Günlük Kar: 0.08(%0.75) Toplam kar:1.00
Paket:  Gün:3/90 Miktar:10.73 Günlük Kar: 0.08(%0.75) Toplam kar:0.24
------------------------------
------------------------------
Gün: 45       Bakiye:3.82       Günlük Kar:1.27
Paket:  Gün:45/120 Miktar:90.00 Günlük Kar: 0.90(%1.0) Toplam kar:40.50
Paket:  Gün:33/120 Miktar:10.80 Günlük Kar: 0.11(%1.0) Toplam kar:3.56
Paket:  Gün:23/120 Miktar:10.08 Günlük Kar: 0.10(%1.0) Toplam kar:2.32
Paket:  Gün:13/90 Miktar:11.09 Günlük Kar: 0.08(%0.75) Toplam kar:1.08
Paket:  Gün:4/90 Miktar:10.73 Günlük Kar: 0.08(%0.75) Toplam kar:0.32
------------------------------
------------------------------
Gün: 46       Bakiye:5.09       Günlük Kar:1.27
Paket:  Gün:46/120 Miktar:90.00 Günlük Kar: 0.90(%1.0) Toplam kar:41.40
Paket:  Gün:34/120 Miktar:10.80 Günlük Kar: 0.11(%1.0) Toplam kar:3.67
Paket:  Gün:24/120 Miktar:10.08 Günlük Kar: 0.10(%1.0) Toplam kar:2.42
Paket:  Gün:14/90 Miktar:11.09 Günlük Kar: 0.08(%0.75) Toplam kar:1.16
Paket:  Gün:5/90 Miktar:10.73 Günlük Kar: 0.08(%0.75) Toplam kar:0.40
------------------------------
------------------------------
Gün: 47       Bakiye:6.36       Günlük Kar:1.27
Paket:  Gün:47/120 Miktar:90.00 Günlük Kar: 0.90(%1.0) Toplam kar:42.30
Paket:  Gün:35/120 Miktar:10.80 Günlük Kar: 0.11(%1.0) Toplam kar:3.78
Paket:  Gün:25/120 Miktar:10.08 Günlük Kar: 0.10(%1.0) Toplam kar:2.52
Paket:  Gün:15/90 Miktar:11.09 Günlük Kar: 0.08(%0.75) Toplam kar:1.25
Paket:  Gün:6/90 Miktar:10.73 Günlük Kar: 0.08(%0.75) Toplam kar:0.48
------------------------------
------------------------------
Gün: 48       Bakiye:7.63       Günlük Kar:1.27
Paket:  Gün:48/120 Miktar:90.00 Günlük Kar: 0.90(%1.0) Toplam kar:43.20
Paket:  Gün:36/120 Miktar:10.80 Günlük Kar: 0.11(%1.0) Toplam kar:3.89
Paket:  Gün:26/120 Miktar:10.08 Günlük Kar: 0.10(%1.0) Toplam kar:2.62
Paket:  Gün:16/90 Miktar:11.09 Günlük Kar: 0.08(%0.75) Toplam kar:1.33
Paket:  Gün:7/90 Miktar:10.73 Günlük Kar: 0.08(%0.75) Toplam kar:0.56
------------------------------
------------------------------
Gün: 49       Bakiye:8.91       Günlük Kar:1.27
Paket:  Gün:49/120 Miktar:90.00 Günlük Kar: 0.90(%1.0) Toplam kar:44.10
Paket:  Gün:37/120 Miktar:10.80 Günlük Kar: 0.11(%1.0) Toplam kar:4.00
Paket:  Gün:27/120 Miktar:10.08 Günlük Kar: 0.10(%1.0) Toplam kar:2.72
Paket:  Gün:17/90 Miktar:11.09 Günlük Kar: 0.08(%0.75) Toplam kar:1.41
Paket:  Gün:8/90 Miktar:10.73 Günlük Kar: 0.08(%0.75) Toplam kar:0.64
------------------------------
Yeni paket eklendi: Gün:90 Miktar: 10.18  Günlük Kar: 0.08(0.75)
------------------------------
Gün: 50       Bakiye:0.00       Günlük Kar:1.35
Paket:  Gün:50/120 Miktar:90.00 Günlük Kar: 0.90(%1.0) Toplam kar:45.00
Paket:  Gün:38/120 Miktar:10.80 Günlük Kar: 0.11(%1.0) Toplam kar:4.10
Paket:  Gün:28/120 Miktar:10.08 Günlük Kar: 0.10(%1.0) Toplam kar:2.82
Paket:  Gün:18/90 Miktar:11.09 Günlük Kar: 0.08(%0.75) Toplam kar:1.50
Paket:  Gün:9/90 Miktar:10.73 Günlük Kar: 0.08(%0.75) Toplam kar:0.72
Paket:  Gün:1/90 Miktar:10.18 Günlük Kar: 0.08(%0.75) Toplam kar:0.08
------------------------------
------------------------------
Gün: 51       Bakiye:1.35       Günlük Kar:1.35
Paket:  Gün:51/120 Miktar:90.00 Günlük Kar: 0.90(%1.0) Toplam kar:45.90
Paket:  Gün:39/120 Miktar:10.80 Günlük Kar: 0.11(%1.0) Toplam kar:4.21
Paket:  Gün:29/120 Miktar:10.08 Günlük Kar: 0.10(%1.0) Toplam kar:2.92
Paket:  Gün:19/90 Miktar:11.09 Günlük Kar: 0.08(%0.75) Toplam kar:1.58
Paket:  Gün:10/90 Miktar:10.73 Günlük Kar: 0.08(%0.75) Toplam kar:0.80
Paket:  Gün:2/90 Miktar:10.18 Günlük Kar: 0.08(%0.75) Toplam kar:0.15
------------------------------
------------------------------
Gün: 52       Bakiye:2.70       Günlük Kar:1.35
Paket:  Gün:52/120 Miktar:90.00 Günlük Kar: 0.90(%1.0) Toplam kar:46.80
Paket:  Gün:40/120 Miktar:10.80 Günlük Kar: 0.11(%1.0) Toplam kar:4.32
Paket:  Gün:30/120 Miktar:10.08 Günlük Kar: 0.10(%1.0) Toplam kar:3.02
Paket:  Gün:20/90 Miktar:11.09 Günlük Kar: 0.08(%0.75) Toplam kar:1.66
Paket:  Gün:11/90 Miktar:10.73 Günlük Kar: 0.08(%0.75) Toplam kar:0.89
Paket:  Gün:3/90 Miktar:10.18 Günlük Kar: 0.08(%0.75) Toplam kar:0.23
------------------------------
------------------------------
Gün: 53       Bakiye:4.05       Günlük Kar:1.35
Paket:  Gün:53/120 Miktar:90.00 Günlük Kar: 0.90(%1.0) Toplam kar:47.70
Paket:  Gün:41/120 Miktar:10.80 Günlük Kar: 0.11(%1.0) Toplam kar:4.43
Paket:  Gün:31/120 Miktar:10.08 Günlük Kar: 0.10(%1.0) Toplam kar:3.12
Paket:  Gün:21/90 Miktar:11.09 Günlük Kar: 0.08(%0.75) Toplam kar:1.75
Paket:  Gün:12/90 Miktar:10.73 Günlük Kar: 0.08(%0.75) Toplam kar:0.97
Paket:  Gün:4/90 Miktar:10.18 Günlük Kar: 0.08(%0.75) Toplam kar:0.31
------------------------------
------------------------------
Gün: 54       Bakiye:5.40       Günlük Kar:1.35
Paket:  Gün:54/120 Miktar:90.00 Günlük Kar: 0.90(%1.0) Toplam kar:48.60
Paket:  Gün:42/120 Miktar:10.80 Günlük Kar: 0.11(%1.0) Toplam kar:4.54
Paket:  Gün:32/120 Miktar:10.08 Günlük Kar: 0.10(%1.0) Toplam kar:3.23
Paket:  Gün:22/90 Miktar:11.09 Günlük Kar: 0.08(%0.75) Toplam kar:1.83
Paket:  Gün:13/90 Miktar:10.73 Günlük Kar: 0.08(%0.75) Toplam kar:1.05
Paket:  Gün:5/90 Miktar:10.18 Günlük Kar: 0.08(%0.75) Toplam kar:0.38
------------------------------
------------------------------
Gün: 55       Bakiye:6.74       Günlük Kar:1.35
Paket:  Gün:55/120 Miktar:90.00 Günlük Kar: 0.90(%1.0) Toplam kar:49.50
Paket:  Gün:43/120 Miktar:10.80 Günlük Kar: 0.11(%1.0) Toplam kar:4.64
Paket:  Gün:33/120 Miktar:10.08 Günlük Kar: 0.10(%1.0) Toplam kar:3.33
Paket:  Gün:23/90 Miktar:11.09 Günlük Kar: 0.08(%0.75) Toplam kar:1.91
Paket:  Gün:14/90 Miktar:10.73 Günlük Kar: 0.08(%0.75) Toplam kar:1.13
Paket:  Gün:6/90 Miktar:10.18 Günlük Kar: 0.08(%0.75) Toplam kar:0.46
------------------------------
------------------------------
Gün: 56       Bakiye:8.09       Günlük Kar:1.35
Paket:  Gün:56/120 Miktar:90.00 Günlük Kar: 0.90(%1.0) Toplam kar:50.40
Paket:  Gün:44/120 Miktar:10.80 Günlük Kar: 0.11(%1.0) Toplam kar:4.75
Paket:  Gün:34/120 Miktar:10.08 Günlük Kar: 0.10(%1.0) Toplam kar:3.43
Paket:  Gün:24/90 Miktar:11.09 Günlük Kar: 0.08(%0.75) Toplam kar:2.00
Paket:  Gün:15/90 Miktar:10.73 Günlük Kar: 0.08(%0.75) Toplam kar:1.21
Paket:  Gün:7/90 Miktar:10.18 Günlük Kar: 0.08(%0.75) Toplam kar:0.53
------------------------------
------------------------------
Gün: 57       Bakiye:9.44       Günlük Kar:1.35
Paket:  Gün:57/120 Miktar:90.00 Günlük Kar: 0.90(%1.0) Toplam kar:51.30
Paket:  Gün:45/120 Miktar:10.80 Günlük Kar: 0.11(%1.0) Toplam kar:4.86
Paket:  Gün:35/120 Miktar:10.08 Günlük Kar: 0.10(%1.0) Toplam kar:3.53
Paket:  Gün:25/90 Miktar:11.09 Günlük Kar: 0.08(%0.75) Toplam kar:2.08
Paket:  Gün:16/90 Miktar:10.73 Günlük Kar: 0.08(%0.75) Toplam kar:1.29
Paket:  Gün:8/90 Miktar:10.18 Günlük Kar: 0.08(%0.75) Toplam kar:0.61
------------------------------
Yeni paket eklendi: Gün:90 Miktar: 10.79  Günlük Kar: 0.08(0.75)
------------------------------
Gün: 58       Bakiye:0.00       Günlük Kar:1.43
Paket:  Gün:58/120 Miktar:90.00 Günlük Kar: 0.90(%1.0) Toplam kar:52.20
Paket:  Gün:46/120 Miktar:10.80 Günlük Kar: 0.11(%1.0) Toplam kar:4.97
Paket:  Gün:36/120 Miktar:10.08 Günlük Kar: 0.10(%1.0) Toplam kar:3.63
Paket:  Gün:26/90 Miktar:11.09 Günlük Kar: 0.08(%0.75) Toplam kar:2.16
Paket:  Gün:17/90 Miktar:10.73 Günlük Kar: 0.08(%0.75) Toplam kar:1.37
Paket:  Gün:9/90 Miktar:10.18 Günlük Kar: 0.08(%0.75) Toplam kar:0.69
Paket:  Gün:1/90 Miktar:10.79 Günlük Kar: 0.08(%0.75) Toplam kar:0.08
------------------------------
------------------------------
Gün: 59       Bakiye:1.43       Günlük Kar:1.43
Paket:  Gün:59/120 Miktar:90.00 Günlük Kar: 0.90(%1.0) Toplam kar:53.10
Paket:  Gün:47/120 Miktar:10.80 Günlük Kar: 0.11(%1.0) Toplam kar:5.08
Paket:  Gün:37/120 Miktar:10.08 Günlük Kar: 0.10(%1.0) Toplam kar:3.73
Paket:  Gün:27/90 Miktar:11.09 Günlük Kar: 0.08(%0.75) Toplam kar:2.25
Paket:  Gün:18/90 Miktar:10.73 Günlük Kar: 0.08(%0.75) Toplam kar:1.45
Paket:  Gün:10/90 Miktar:10.18 Günlük Kar: 0.08(%0.75) Toplam kar:0.76
Paket:  Gün:2/90 Miktar:10.79 Günlük Kar: 0.08(%0.75) Toplam kar:0.16
------------------------------
------------------------------
Gün: 60       Bakiye:2.86       Günlük Kar:1.43
Paket:  Gün:60/120 Miktar:90.00 Günlük Kar: 0.90(%1.0) Toplam kar:54.00
Paket:  Gün:48/120 Miktar:10.80 Günlük Kar: 0.11(%1.0) Toplam kar:5.18
Paket:  Gün:38/120 Miktar:10.08 Günlük Kar: 0.10(%1.0) Toplam kar:3.83
Paket:  Gün:28/90 Miktar:11.09 Günlük Kar: 0.08(%0.75) Toplam kar:2.33
Paket:  Gün:19/90 Miktar:10.73 Günlük Kar: 0.08(%0.75) Toplam kar:1.53
Paket:  Gün:11/90 Miktar:10.18 Günlük Kar: 0.08(%0.75) Toplam kar:0.84
Paket:  Gün:3/90 Miktar:10.79 Günlük Kar: 0.08(%0.75) Toplam kar:0.24
------------------------------
------------------------------
Gün: 61       Bakiye:4.29       Günlük Kar:1.43
Paket:  Gün:61/120 Miktar:90.00 Günlük Kar: 0.90(%1.0) Toplam kar:54.90
Paket:  Gün:49/120 Miktar:10.80 Günlük Kar: 0.11(%1.0) Toplam kar:5.29
Paket:  Gün:39/120 Miktar:10.08 Günlük Kar: 0.10(%1.0) Toplam kar:3.93
Paket:  Gün:29/90 Miktar:11.09 Günlük Kar: 0.08(%0.75) Toplam kar:2.41
Paket:  Gün:20/90 Miktar:10.73 Günlük Kar: 0.08(%0.75) Toplam kar:1.61
Paket:  Gün:12/90 Miktar:10.18 Günlük Kar: 0.08(%0.75) Toplam kar:0.92
Paket:  Gün:4/90 Miktar:10.79 Günlük Kar: 0.08(%0.75) Toplam kar:0.32
------------------------------
------------------------------
Gün: 62       Bakiye:5.72       Günlük Kar:1.43
Paket:  Gün:62/120 Miktar:90.00 Günlük Kar: 0.90(%1.0) Toplam kar:55.80
Paket:  Gün:50/120 Miktar:10.80 Günlük Kar: 0.11(%1.0) Toplam kar:5.40
Paket:  Gün:40/120 Miktar:10.08 Günlük Kar: 0.10(%1.0) Toplam kar:4.03
Paket:  Gün:30/90 Miktar:11.09 Günlük Kar: 0.08(%0.75) Toplam kar:2.49
Paket:  Gün:21/90 Miktar:10.73 Günlük Kar: 0.08(%0.75) Toplam kar:1.69
Paket:  Gün:13/90 Miktar:10.18 Günlük Kar: 0.08(%0.75) Toplam kar:0.99
Paket:  Gün:5/90 Miktar:10.79 Günlük Kar: 0.08(%0.75) Toplam kar:0.40
------------------------------
------------------------------
Gün: 63       Bakiye:7.15       Günlük Kar:1.43
Paket:  Gün:63/120 Miktar:90.00 Günlük Kar: 0.90(%1.0) Toplam kar:56.70
Paket:  Gün:51/120 Miktar:10.80 Günlük Kar: 0.11(%1.0) Toplam kar:5.51
Paket:  Gün:41/120 Miktar:10.08 Günlük Kar: 0.10(%1.0) Toplam kar:4.13
Paket:  Gün:31/90 Miktar:11.09 Günlük Kar: 0.08(%0.75) Toplam kar:2.58
Paket:  Gün:22/90 Miktar:10.73 Günlük Kar: 0.08(%0.75) Toplam kar:1.77
Paket:  Gün:14/90 Miktar:10.18 Günlük Kar: 0.08(%0.75) Toplam kar:1.07
Paket:  Gün:6/90 Miktar:10.79 Günlük Kar: 0.08(%0.75) Toplam kar:0.49
------------------------------
------------------------------
Gün: 64       Bakiye:8.58       Günlük Kar:1.43
Paket:  Gün:64/120 Miktar:90.00 Günlük Kar: 0.90(%1.0) Toplam kar:57.60
Paket:  Gün:52/120 Miktar:10.80 Günlük Kar: 0.11(%1.0) Toplam kar:5.62
Paket:  Gün:42/120 Miktar:10.08 Günlük Kar: 0.10(%1.0) Toplam kar:4.23
Paket:  Gün:32/90 Miktar:11.09 Günlük Kar: 0.08(%0.75) Toplam kar:2.66
Paket:  Gün:23/90 Miktar:10.73 Günlük Kar: 0.08(%0.75) Toplam kar:1.85
Paket:  Gün:15/90 Miktar:10.18 Günlük Kar: 0.08(%0.75) Toplam kar:1.15
Paket:  Gün:7/90 Miktar:10.79 Günlük Kar: 0.08(%0.75) Toplam kar:0.57
------------------------------
Yeni paket eklendi: Gün:60 Miktar: 10.01  Günlük Kar: 0.07(0.65)
------------------------------
Gün: 65       Bakiye:0.00       Günlük Kar:1.49
Paket:  Gün:65/120 Miktar:90.00 Günlük Kar: 0.90(%1.0) Toplam kar:58.50
Paket:  Gün:53/120 Miktar:10.80 Günlük Kar: 0.11(%1.0) Toplam kar:5.72
Paket:  Gün:43/120 Miktar:10.08 Günlük Kar: 0.10(%1.0) Toplam kar:4.33
Paket:  Gün:33/90 Miktar:11.09 Günlük Kar: 0.08(%0.75) Toplam kar:2.74
Paket:  Gün:24/90 Miktar:10.73 Günlük Kar: 0.08(%0.75) Toplam kar:1.93
Paket:  Gün:16/90 Miktar:10.18 Günlük Kar: 0.08(%0.75) Toplam kar:1.22
Paket:  Gün:8/90 Miktar:10.79 Günlük Kar: 0.08(%0.75) Toplam kar:0.65
Paket:  Gün:1/60 Miktar:10.01 Günlük Kar: 0.07(%0.65) Toplam kar:0.07
------------------------------
------------------------------
Gün: 66       Bakiye:1.49       Günlük Kar:1.49
Paket:  Gün:66/120 Miktar:90.00 Günlük Kar: 0.90(%1.0) Toplam kar:59.40
Paket:  Gün:54/120 Miktar:10.80 Günlük Kar: 0.11(%1.0) Toplam kar:5.83
Paket:  Gün:44/120 Miktar:10.08 Günlük Kar: 0.10(%1.0) Toplam kar:4.44
Paket:  Gün:34/90 Miktar:11.09 Günlük Kar: 0.08(%0.75) Toplam kar:2.83
Paket:  Gün:25/90 Miktar:10.73 Günlük Kar: 0.08(%0.75) Toplam kar:2.01
Paket:  Gün:17/90 Miktar:10.18 Günlük Kar: 0.08(%0.75) Toplam kar:1.30
Paket:  Gün:9/90 Miktar:10.79 Günlük Kar: 0.08(%0.75) Toplam kar:0.73
Paket:  Gün:2/60 Miktar:10.01 Günlük Kar: 0.07(%0.65) Toplam kar:0.13
------------------------------
------------------------------
Gün: 67       Bakiye:2.99       Günlük Kar:1.49
Paket:  Gün:67/120 Miktar:90.00 Günlük Kar: 0.90(%1.0) Toplam kar:60.30
Paket:  Gün:55/120 Miktar:10.80 Günlük Kar: 0.11(%1.0) Toplam kar:5.94
Paket:  Gün:45/120 Miktar:10.08 Günlük Kar: 0.10(%1.0) Toplam kar:4.54
Paket:  Gün:35/90 Miktar:11.09 Günlük Kar: 0.08(%0.75) Toplam kar:2.91
Paket:  Gün:26/90 Miktar:10.73 Günlük Kar: 0.08(%0.75) Toplam kar:2.09
Paket:  Gün:18/90 Miktar:10.18 Günlük Kar: 0.08(%0.75) Toplam kar:1.37
Paket:  Gün:10/90 Miktar:10.79 Günlük Kar: 0.08(%0.75) Toplam kar:0.81
Paket:  Gün:3/60 Miktar:10.01 Günlük Kar: 0.07(%0.65) Toplam kar:0.20
------------------------------
------------------------------
Gün: 68       Bakiye:4.48       Günlük Kar:1.49
Paket:  Gün:68/120 Miktar:90.00 Günlük Kar: 0.90(%1.0) Toplam kar:61.20
Paket:  Gün:56/120 Miktar:10.80 Günlük Kar: 0.11(%1.0) Toplam kar:6.05
Paket:  Gün:46/120 Miktar:10.08 Günlük Kar: 0.10(%1.0) Toplam kar:4.64
Paket:  Gün:36/90 Miktar:11.09 Günlük Kar: 0.08(%0.75) Toplam kar:2.99
Paket:  Gün:27/90 Miktar:10.73 Günlük Kar: 0.08(%0.75) Toplam kar:2.17
Paket:  Gün:19/90 Miktar:10.18 Günlük Kar: 0.08(%0.75) Toplam kar:1.45
Paket:  Gün:11/90 Miktar:10.79 Günlük Kar: 0.08(%0.75) Toplam kar:0.89
Paket:  Gün:4/60 Miktar:10.01 Günlük Kar: 0.07(%0.65) Toplam kar:0.26
------------------------------
------------------------------
Gün: 69       Bakiye:5.98       Günlük Kar:1.49
Paket:  Gün:69/120 Miktar:90.00 Günlük Kar: 0.90(%1.0) Toplam kar:62.10
Paket:  Gün:57/120 Miktar:10.80 Günlük Kar: 0.11(%1.0) Toplam kar:6.16
Paket:  Gün:47/120 Miktar:10.08 Günlük Kar: 0.10(%1.0) Toplam kar:4.74
Paket:  Gün:37/90 Miktar:11.09 Günlük Kar: 0.08(%0.75) Toplam kar:3.08
Paket:  Gün:28/90 Miktar:10.73 Günlük Kar: 0.08(%0.75) Toplam kar:2.25
Paket:  Gün:20/90 Miktar:10.18 Günlük Kar: 0.08(%0.75) Toplam kar:1.53
Paket:  Gün:12/90 Miktar:10.79 Günlük Kar: 0.08(%0.75) Toplam kar:0.97
Paket:  Gün:5/60 Miktar:10.01 Günlük Kar: 0.07(%0.65) Toplam kar:0.33
------------------------------
------------------------------
Gün: 70       Bakiye:7.47       Günlük Kar:1.49
Paket:  Gün:70/120 Miktar:90.00 Günlük Kar: 0.90(%1.0) Toplam kar:63.00
Paket:  Gün:58/120 Miktar:10.80 Günlük Kar: 0.11(%1.0) Toplam kar:6.26
Paket:  Gün:48/120 Miktar:10.08 Günlük Kar: 0.10(%1.0) Toplam kar:4.84
Paket:  Gün:38/90 Miktar:11.09 Günlük Kar: 0.08(%0.75) Toplam kar:3.16
Paket:  Gün:29/90 Miktar:10.73 Günlük Kar: 0.08(%0.75) Toplam kar:2.33
Paket:  Gün:21/90 Miktar:10.18 Günlük Kar: 0.08(%0.75) Toplam kar:1.60
Paket:  Gün:13/90 Miktar:10.79 Günlük Kar: 0.08(%0.75) Toplam kar:1.05
Paket:  Gün:6/60 Miktar:10.01 Günlük Kar: 0.07(%0.65) Toplam kar:0.39
------------------------------
------------------------------
Gün: 71       Bakiye:8.97       Günlük Kar:1.49
Paket:  Gün:71/120 Miktar:90.00 Günlük Kar: 0.90(%1.0) Toplam kar:63.90
Paket:  Gün:59/120 Miktar:10.80 Günlük Kar: 0.11(%1.0) Toplam kar:6.37
Paket:  Gün:49/120 Miktar:10.08 Günlük Kar: 0.10(%1.0) Toplam kar:4.94
Paket:  Gün:39/90 Miktar:11.09 Günlük Kar: 0.08(%0.75) Toplam kar:3.24
Paket:  Gün:30/90 Miktar:10.73 Günlük Kar: 0.08(%0.75) Toplam kar:2.41
Paket:  Gün:22/90 Miktar:10.18 Günlük Kar: 0.08(%0.75) Toplam kar:1.68
Paket:  Gün:14/90 Miktar:10.79 Günlük Kar: 0.08(%0.75) Toplam kar:1.13
Paket:  Gün:7/60 Miktar:10.01 Günlük Kar: 0.07(%0.65) Toplam kar:0.46
------------------------------
Yeni paket eklendi: Gün:60 Miktar: 10.46  Günlük Kar: 0.07(0.65)
------------------------------
Gün: 72       Bakiye:0.00       Günlük Kar:1.56
Paket:  Gün:72/120 Miktar:90.00 Günlük Kar: 0.90(%1.0) Toplam kar:64.80
Paket:  Gün:60/120 Miktar:10.80 Günlük Kar: 0.11(%1.0) Toplam kar:6.48
Paket:  Gün:50/120 Miktar:10.08 Günlük Kar: 0.10(%1.0) Toplam kar:5.04
Paket:  Gün:40/90 Miktar:11.09 Günlük Kar: 0.08(%0.75) Toplam kar:3.33
Paket:  Gün:31/90 Miktar:10.73 Günlük Kar: 0.08(%0.75) Toplam kar:2.49
Paket:  Gün:23/90 Miktar:10.18 Günlük Kar: 0.08(%0.75) Toplam kar:1.76
Paket:  Gün:15/90 Miktar:10.79 Günlük Kar: 0.08(%0.75) Toplam kar:1.21
Paket:  Gün:8/60 Miktar:10.01 Günlük Kar: 0.07(%0.65) Toplam kar:0.52
Paket:  Gün:1/60 Miktar:10.46 Günlük Kar: 0.07(%0.65) Toplam kar:0.07
------------------------------
------------------------------
Gün: 73       Bakiye:1.56       Günlük Kar:1.56
Paket:  Gün:73/120 Miktar:90.00 Günlük Kar: 0.90(%1.0) Toplam kar:65.70
Paket:  Gün:61/120 Miktar:10.80 Günlük Kar: 0.11(%1.0) Toplam kar:6.59
Paket:  Gün:51/120 Miktar:10.08 Günlük Kar: 0.10(%1.0) Toplam kar:5.14
Paket:  Gün:41/90 Miktar:11.09 Günlük Kar: 0.08(%0.75) Toplam kar:3.41
Paket:  Gün:32/90 Miktar:10.73 Günlük Kar: 0.08(%0.75) Toplam kar:2.57
Paket:  Gün:24/90 Miktar:10.18 Günlük Kar: 0.08(%0.75) Toplam kar:1.83
Paket:  Gün:16/90 Miktar:10.79 Günlük Kar: 0.08(%0.75) Toplam kar:1.29
Paket:  Gün:9/60 Miktar:10.01 Günlük Kar: 0.07(%0.65) Toplam kar:0.59
Paket:  Gün:2/60 Miktar:10.46 Günlük Kar: 0.07(%0.65) Toplam kar:0.14
------------------------------
------------------------------
Gün: 74       Bakiye:3.13       Günlük Kar:1.56
Paket:  Gün:74/120 Miktar:90.00 Günlük Kar: 0.90(%1.0) Toplam kar:66.60
Paket:  Gün:62/120 Miktar:10.80 Günlük Kar: 0.11(%1.0) Toplam kar:6.70
Paket:  Gün:52/120 Miktar:10.08 Günlük Kar: 0.10(%1.0) Toplam kar:5.24
Paket:  Gün:42/90 Miktar:11.09 Günlük Kar: 0.08(%0.75) Toplam kar:3.49
Paket:  Gün:33/90 Miktar:10.73 Günlük Kar: 0.08(%0.75) Toplam kar:2.66
Paket:  Gün:25/90 Miktar:10.18 Günlük Kar: 0.08(%0.75) Toplam kar:1.91
Paket:  Gün:17/90 Miktar:10.79 Günlük Kar: 0.08(%0.75) Toplam kar:1.38
Paket:  Gün:10/60 Miktar:10.01 Günlük Kar: 0.07(%0.65) Toplam kar:0.65
Paket:  Gün:3/60 Miktar:10.46 Günlük Kar: 0.07(%0.65) Toplam kar:0.20
------------------------------
------------------------------
Gün: 75       Bakiye:4.69       Günlük Kar:1.56
Paket:  Gün:75/120 Miktar:90.00 Günlük Kar: 0.90(%1.0) Toplam kar:67.50
Paket:  Gün:63/120 Miktar:10.80 Günlük Kar: 0.11(%1.0) Toplam kar:6.80
Paket:  Gün:53/120 Miktar:10.08 Günlük Kar: 0.10(%1.0) Toplam kar:5.34
Paket:  Gün:43/90 Miktar:11.09 Günlük Kar: 0.08(%0.75) Toplam kar:3.58
Paket:  Gün:34/90 Miktar:10.73 Günlük Kar: 0.08(%0.75) Toplam kar:2.74
Paket:  Gün:26/90 Miktar:10.18 Günlük Kar: 0.08(%0.75) Toplam kar:1.98
Paket:  Gün:18/90 Miktar:10.79 Günlük Kar: 0.08(%0.75) Toplam kar:1.46
Paket:  Gün:11/60 Miktar:10.01 Günlük Kar: 0.07(%0.65) Toplam kar:0.72
Paket:  Gün:4/60 Miktar:10.46 Günlük Kar: 0.07(%0.65) Toplam kar:0.27
------------------------------
------------------------------
Gün: 76       Bakiye:6.25       Günlük Kar:1.56
Paket:  Gün:76/120 Miktar:90.00 Günlük Kar: 0.90(%1.0) Toplam kar:68.40
Paket:  Gün:64/120 Miktar:10.80 Günlük Kar: 0.11(%1.0) Toplam kar:6.91
Paket:  Gün:54/120 Miktar:10.08 Günlük Kar: 0.10(%1.0) Toplam kar:5.44
Paket:  Gün:44/90 Miktar:11.09 Günlük Kar: 0.08(%0.75) Toplam kar:3.66
Paket:  Gün:35/90 Miktar:10.73 Günlük Kar: 0.08(%0.75) Toplam kar:2.82
Paket:  Gün:27/90 Miktar:10.18 Günlük Kar: 0.08(%0.75) Toplam kar:2.06
Paket:  Gün:19/90 Miktar:10.79 Günlük Kar: 0.08(%0.75) Toplam kar:1.54
Paket:  Gün:12/60 Miktar:10.01 Günlük Kar: 0.07(%0.65) Toplam kar:0.78
Paket:  Gün:5/60 Miktar:10.46 Günlük Kar: 0.07(%0.65) Toplam kar:0.34
------------------------------
------------------------------
Gün: 77       Bakiye:7.81       Günlük Kar:1.56
Paket:  Gün:77/120 Miktar:90.00 Günlük Kar: 0.90(%1.0) Toplam kar:69.30
Paket:  Gün:65/120 Miktar:10.80 Günlük Kar: 0.11(%1.0) Toplam kar:7.02
Paket:  Gün:55/120 Miktar:10.08 Günlük Kar: 0.10(%1.0) Toplam kar:5.54
Paket:  Gün:45/90 Miktar:11.09 Günlük Kar: 0.08(%0.75) Toplam kar:3.74
Paket:  Gün:36/90 Miktar:10.73 Günlük Kar: 0.08(%0.75) Toplam kar:2.90
Paket:  Gün:28/90 Miktar:10.18 Günlük Kar: 0.08(%0.75) Toplam kar:2.14
Paket:  Gün:20/90 Miktar:10.79 Günlük Kar: 0.08(%0.75) Toplam kar:1.62
Paket:  Gün:13/60 Miktar:10.01 Günlük Kar: 0.07(%0.65) Toplam kar:0.85
Paket:  Gün:6/60 Miktar:10.46 Günlük Kar: 0.07(%0.65) Toplam kar:0.41
------------------------------
------------------------------
Gün: 78       Bakiye:9.38       Günlük Kar:1.56
Paket:  Gün:78/120 Miktar:90.00 Günlük Kar: 0.90(%1.0) Toplam kar:70.20
Paket:  Gün:66/120 Miktar:10.80 Günlük Kar: 0.11(%1.0) Toplam kar:7.13
Paket:  Gün:56/120 Miktar:10.08 Günlük Kar: 0.10(%1.0) Toplam kar:5.64
Paket:  Gün:46/90 Miktar:11.09 Günlük Kar: 0.08(%0.75) Toplam kar:3.83
Paket:  Gün:37/90 Miktar:10.73 Günlük Kar: 0.08(%0.75) Toplam kar:2.98
Paket:  Gün:29/90 Miktar:10.18 Günlük Kar: 0.08(%0.75) Toplam kar:2.21
Paket:  Gün:21/90 Miktar:10.79 Günlük Kar: 0.08(%0.75) Toplam kar:1.70
Paket:  Gün:14/60 Miktar:10.01 Günlük Kar: 0.07(%0.65) Toplam kar:0.91
Paket:  Gün:7/60 Miktar:10.46 Günlük Kar: 0.07(%0.65) Toplam kar:0.48
------------------------------
Yeni paket eklendi: Gün:60 Miktar: 10.94  Günlük Kar: 0.07(0.65)
------------------------------
Gün: 79       Bakiye:0.00       Günlük Kar:1.63
Paket:  Gün:79/120 Miktar:90.00 Günlük Kar: 0.90(%1.0) Toplam kar:71.10
Paket:  Gün:67/120 Miktar:10.80 Günlük Kar: 0.11(%1.0) Toplam kar:7.24
Paket:  Gün:57/120 Miktar:10.08 Günlük Kar: 0.10(%1.0) Toplam kar:5.75
Paket:  Gün:47/90 Miktar:11.09 Günlük Kar: 0.08(%0.75) Toplam kar:3.91
Paket:  Gün:38/90 Miktar:10.73 Günlük Kar: 0.08(%0.75) Toplam kar:3.06
Paket:  Gün:30/90 Miktar:10.18 Günlük Kar: 0.08(%0.75) Toplam kar:2.29
Paket:  Gün:22/90 Miktar:10.79 Günlük Kar: 0.08(%0.75) Toplam kar:1.78
Paket:  Gün:15/60 Miktar:10.01 Günlük Kar: 0.07(%0.65) Toplam kar:0.98
Paket:  Gün:8/60 Miktar:10.46 Günlük Kar: 0.07(%0.65) Toplam kar:0.54
Paket:  Gün:1/60 Miktar:10.94 Günlük Kar: 0.07(%0.65) Toplam kar:0.07
------------------------------
------------------------------
Gün: 80       Bakiye:1.63       Günlük Kar:1.63
Paket:  Gün:80/120 Miktar:90.00 Günlük Kar: 0.90(%1.0) Toplam kar:72.00
Paket:  Gün:68/120 Miktar:10.80 Günlük Kar: 0.11(%1.0) Toplam kar:7.34
Paket:  Gün:58/120 Miktar:10.08 Günlük Kar: 0.10(%1.0) Toplam kar:5.85
Paket:  Gün:48/90 Miktar:11.09 Günlük Kar: 0.08(%0.75) Toplam kar:3.99
Paket:  Gün:39/90 Miktar:10.73 Günlük Kar: 0.08(%0.75) Toplam kar:3.14
Paket:  Gün:31/90 Miktar:10.18 Günlük Kar: 0.08(%0.75) Toplam kar:2.37
Paket:  Gün:23/90 Miktar:10.79 Günlük Kar: 0.08(%0.75) Toplam kar:1.86
Paket:  Gün:16/60 Miktar:10.01 Günlük Kar: 0.07(%0.65) Toplam kar:1.04
Paket:  Gün:9/60 Miktar:10.46 Günlük Kar: 0.07(%0.65) Toplam kar:0.61
Paket:  Gün:2/60 Miktar:10.94 Günlük Kar: 0.07(%0.65) Toplam kar:0.14
------------------------------
------------------------------
Gün: 81       Bakiye:3.27       Günlük Kar:1.63
Paket:  Gün:81/120 Miktar:90.00 Günlük Kar: 0.90(%1.0) Toplam kar:72.90
Paket:  Gün:69/120 Miktar:10.80 Günlük Kar: 0.11(%1.0) Toplam kar:7.45
Paket:  Gün:59/120 Miktar:10.08 Günlük Kar: 0.10(%1.0) Toplam kar:5.95
Paket:  Gün:49/90 Miktar:11.09 Günlük Kar: 0.08(%0.75) Toplam kar:4.07
Paket:  Gün:40/90 Miktar:10.73 Günlük Kar: 0.08(%0.75) Toplam kar:3.22
Paket:  Gün:32/90 Miktar:10.18 Günlük Kar: 0.08(%0.75) Toplam kar:2.44
Paket:  Gün:24/90 Miktar:10.79 Günlük Kar: 0.08(%0.75) Toplam kar:1.94
Paket:  Gün:17/60 Miktar:10.01 Günlük Kar: 0.07(%0.65) Toplam kar:1.11
Paket:  Gün:10/60 Miktar:10.46 Günlük Kar: 0.07(%0.65) Toplam kar:0.68
Paket:  Gün:3/60 Miktar:10.94 Günlük Kar: 0.07(%0.65) Toplam kar:0.21
------------------------------
------------------------------
Gün: 82       Bakiye:4.90       Günlük Kar:1.63
Paket:  Gün:82/120 Miktar:90.00 Günlük Kar: 0.90(%1.0) Toplam kar:73.80
Paket:  Gün:70/120 Miktar:10.80 Günlük Kar: 0.11(%1.0) Toplam kar:7.56
Paket:  Gün:60/120 Miktar:10.08 Günlük Kar: 0.10(%1.0) Toplam kar:6.05
Paket:  Gün:50/90 Miktar:11.09 Günlük Kar: 0.08(%0.75) Toplam kar:4.16
Paket:  Gün:41/90 Miktar:10.73 Günlük Kar: 0.08(%0.75) Toplam kar:3.30
Paket:  Gün:33/90 Miktar:10.18 Günlük Kar: 0.08(%0.75) Toplam kar:2.52
Paket:  Gün:25/90 Miktar:10.79 Günlük Kar: 0.08(%0.75) Toplam kar:2.02
Paket:  Gün:18/60 Miktar:10.01 Günlük Kar: 0.07(%0.65) Toplam kar:1.17
Paket:  Gün:11/60 Miktar:10.46 Günlük Kar: 0.07(%0.65) Toplam kar:0.75
Paket:  Gün:4/60 Miktar:10.94 Günlük Kar: 0.07(%0.65) Toplam kar:0.28
------------------------------
------------------------------
Gün: 83       Bakiye:6.54       Günlük Kar:1.63
Paket:  Gün:83/120 Miktar:90.00 Günlük Kar: 0.90(%1.0) Toplam kar:74.70
Paket:  Gün:71/120 Miktar:10.80 Günlük Kar: 0.11(%1.0) Toplam kar:7.67
Paket:  Gün:61/120 Miktar:10.08 Günlük Kar: 0.10(%1.0) Toplam kar:6.15
Paket:  Gün:51/90 Miktar:11.09 Günlük Kar: 0.08(%0.75) Toplam kar:4.24
Paket:  Gün:42/90 Miktar:10.73 Günlük Kar: 0.08(%0.75) Toplam kar:3.38
Paket:  Gün:34/90 Miktar:10.18 Günlük Kar: 0.08(%0.75) Toplam kar:2.60
Paket:  Gün:26/90 Miktar:10.79 Günlük Kar: 0.08(%0.75) Toplam kar:2.10
Paket:  Gün:19/60 Miktar:10.01 Günlük Kar: 0.07(%0.65) Toplam kar:1.24
Paket:  Gün:12/60 Miktar:10.46 Günlük Kar: 0.07(%0.65) Toplam kar:0.82
Paket:  Gün:5/60 Miktar:10.94 Günlük Kar: 0.07(%0.65) Toplam kar:0.36
------------------------------
------------------------------
Gün: 84       Bakiye:8.17       Günlük Kar:1.63
Paket:  Gün:84/120 Miktar:90.00 Günlük Kar: 0.90(%1.0) Toplam kar:75.60
Paket:  Gün:72/120 Miktar:10.80 Günlük Kar: 0.11(%1.0) Toplam kar:7.78
Paket:  Gün:62/120 Miktar:10.08 Günlük Kar: 0.10(%1.0) Toplam kar:6.25
Paket:  Gün:52/90 Miktar:11.09 Günlük Kar: 0.08(%0.75) Toplam kar:4.32
Paket:  Gün:43/90 Miktar:10.73 Günlük Kar: 0.08(%0.75) Toplam kar:3.46
Paket:  Gün:35/90 Miktar:10.18 Günlük Kar: 0.08(%0.75) Toplam kar:2.67
Paket:  Gün:27/90 Miktar:10.79 Günlük Kar: 0.08(%0.75) Toplam kar:2.18
Paket:  Gün:20/60 Miktar:10.01 Günlük Kar: 0.07(%0.65) Toplam kar:1.30
Paket:  Gün:13/60 Miktar:10.46 Günlük Kar: 0.07(%0.65) Toplam kar:0.88
Paket:  Gün:6/60 Miktar:10.94 Günlük Kar: 0.07(%0.65) Toplam kar:0.43
------------------------------
------------------------------
Gün: 85       Bakiye:9.80       Günlük Kar:1.63
Paket:  Gün:85/120 Miktar:90.00 Günlük Kar: 0.90(%1.0) Toplam kar:76.50
Paket:  Gün:73/120 Miktar:10.80 Günlük Kar: 0.11(%1.0) Toplam kar:7.88
Paket:  Gün:63/120 Miktar:10.08 Günlük Kar: 0.10(%1.0) Toplam kar:6.35
Paket:  Gün:53/90 Miktar:11.09 Günlük Kar: 0.08(%0.75) Toplam kar:4.41
Paket:  Gün:44/90 Miktar:10.73 Günlük Kar: 0.08(%0.75) Toplam kar:3.54
Paket:  Gün:36/90 Miktar:10.18 Günlük Kar: 0.08(%0.75) Toplam kar:2.75
Paket:  Gün:28/90 Miktar:10.79 Günlük Kar: 0.08(%0.75) Toplam kar:2.27
Paket:  Gün:21/60 Miktar:10.01 Günlük Kar: 0.07(%0.65) Toplam kar:1.37
Paket:  Gün:14/60 Miktar:10.46 Günlük Kar: 0.07(%0.65) Toplam kar:0.95
Paket:  Gün:7/60 Miktar:10.94 Günlük Kar: 0.07(%0.65) Toplam kar:0.50
------------------------------
Yeni paket eklendi: Gün:60 Miktar: 11.44  Günlük Kar: 0.07(0.65)
------------------------------
Gün: 86       Bakiye:0.00       Günlük Kar:1.71
Paket:  Gün:86/120 Miktar:90.00 Günlük Kar: 0.90(%1.0) Toplam kar:77.40
Paket:  Gün:74/120 Miktar:10.80 Günlük Kar: 0.11(%1.0) Toplam kar:7.99
Paket:  Gün:64/120 Miktar:10.08 Günlük Kar: 0.10(%1.0) Toplam kar:6.45
Paket:  Gün:54/90 Miktar:11.09 Günlük Kar: 0.08(%0.75) Toplam kar:4.49
Paket:  Gün:45/90 Miktar:10.73 Günlük Kar: 0.08(%0.75) Toplam kar:3.62
Paket:  Gün:37/90 Miktar:10.18 Günlük Kar: 0.08(%0.75) Toplam kar:2.82
Paket:  Gün:29/90 Miktar:10.79 Günlük Kar: 0.08(%0.75) Toplam kar:2.35
Paket:  Gün:22/60 Miktar:10.01 Günlük Kar: 0.07(%0.65) Toplam kar:1.43
Paket:  Gün:15/60 Miktar:10.46 Günlük Kar: 0.07(%0.65) Toplam kar:1.02
Paket:  Gün:8/60 Miktar:10.94 Günlük Kar: 0.07(%0.65) Toplam kar:0.57
Paket:  Gün:1/60 Miktar:11.44 Günlük Kar: 0.07(%0.65) Toplam kar:0.07
------------------------------
------------------------------
Gün: 87       Bakiye:1.71       Günlük Kar:1.71
Paket:  Gün:87/120 Miktar:90.00 Günlük Kar: 0.90(%1.0) Toplam kar:78.30
Paket:  Gün:75/120 Miktar:10.80 Günlük Kar: 0.11(%1.0) Toplam kar:8.10
Paket:  Gün:65/120 Miktar:10.08 Günlük Kar: 0.10(%1.0) Toplam kar:6.55
Paket:  Gün:55/90 Miktar:11.09 Günlük Kar: 0.08(%0.75) Toplam kar:4.57
Paket:  Gün:46/90 Miktar:10.73 Günlük Kar: 0.08(%0.75) Toplam kar:3.70
Paket:  Gün:38/90 Miktar:10.18 Günlük Kar: 0.08(%0.75) Toplam kar:2.90
Paket:  Gün:30/90 Miktar:10.79 Günlük Kar: 0.08(%0.75) Toplam kar:2.43
Paket:  Gün:23/60 Miktar:10.01 Günlük Kar: 0.07(%0.65) Toplam kar:1.50
Paket:  Gün:16/60 Miktar:10.46 Günlük Kar: 0.07(%0.65) Toplam kar:1.09
Paket:  Gün:9/60 Miktar:10.94 Günlük Kar: 0.07(%0.65) Toplam kar:0.64
Paket:  Gün:2/60 Miktar:11.44 Günlük Kar: 0.07(%0.65) Toplam kar:0.15
------------------------------
------------------------------
Gün: 88       Bakiye:3.42       Günlük Kar:1.71
Paket:  Gün:88/120 Miktar:90.00 Günlük Kar: 0.90(%1.0) Toplam kar:79.20
Paket:  Gün:76/120 Miktar:10.80 Günlük Kar: 0.11(%1.0) Toplam kar:8.21
Paket:  Gün:66/120 Miktar:10.08 Günlük Kar: 0.10(%1.0) Toplam kar:6.65
Paket:  Gün:56/90 Miktar:11.09 Günlük Kar: 0.08(%0.75) Toplam kar:4.66
Paket:  Gün:47/90 Miktar:10.73 Günlük Kar: 0.08(%0.75) Toplam kar:3.78
Paket:  Gün:39/90 Miktar:10.18 Günlük Kar: 0.08(%0.75) Toplam kar:2.98
Paket:  Gün:31/90 Miktar:10.79 Günlük Kar: 0.08(%0.75) Toplam kar:2.51
Paket:  Gün:24/60 Miktar:10.01 Günlük Kar: 0.07(%0.65) Toplam kar:1.56
Paket:  Gün:17/60 Miktar:10.46 Günlük Kar: 0.07(%0.65) Toplam kar:1.16
Paket:  Gün:10/60 Miktar:10.94 Günlük Kar: 0.07(%0.65) Toplam kar:0.71
Paket:  Gün:3/60 Miktar:11.44 Günlük Kar: 0.07(%0.65) Toplam kar:0.22
------------------------------
------------------------------
Gün: 89       Bakiye:5.12       Günlük Kar:1.71
Paket:  Gün:89/120 Miktar:90.00 Günlük Kar: 0.90(%1.0) Toplam kar:80.10
Paket:  Gün:77/120 Miktar:10.80 Günlük Kar: 0.11(%1.0) Toplam kar:8.32
Paket:  Gün:67/120 Miktar:10.08 Günlük Kar: 0.10(%1.0) Toplam kar:6.75
Paket:  Gün:57/90 Miktar:11.09 Günlük Kar: 0.08(%0.75) Toplam kar:4.74
Paket:  Gün:48/90 Miktar:10.73 Günlük Kar: 0.08(%0.75) Toplam kar:3.86
Paket:  Gün:40/90 Miktar:10.18 Günlük Kar: 0.08(%0.75) Toplam kar:3.05
Paket:  Gün:32/90 Miktar:10.79 Günlük Kar: 0.08(%0.75) Toplam kar:2.59
Paket:  Gün:25/60 Miktar:10.01 Günlük Kar: 0.07(%0.65) Toplam kar:1.63
Paket:  Gün:18/60 Miktar:10.46 Günlük Kar: 0.07(%0.65) Toplam kar:1.22
Paket:  Gün:11/60 Miktar:10.94 Günlük Kar: 0.07(%0.65) Toplam kar:0.78
Paket:  Gün:4/60 Miktar:11.44 Günlük Kar: 0.07(%0.65) Toplam kar:0.30
------------------------------
------------------------------
Gün: 90       Bakiye:6.83       Günlük Kar:1.71
Paket:  Gün:90/120 Miktar:90.00 Günlük Kar: 0.90(%1.0) Toplam kar:81.00
Paket:  Gün:78/120 Miktar:10.80 Günlük Kar: 0.11(%1.0) Toplam kar:8.42
Paket:  Gün:68/120 Miktar:10.08 Günlük Kar: 0.10(%1.0) Toplam kar:6.85
Paket:  Gün:58/90 Miktar:11.09 Günlük Kar: 0.08(%0.75) Toplam kar:4.82
Paket:  Gün:49/90 Miktar:10.73 Günlük Kar: 0.08(%0.75) Toplam kar:3.94
Paket:  Gün:41/90 Miktar:10.18 Günlük Kar: 0.08(%0.75) Toplam kar:3.13
Paket:  Gün:33/90 Miktar:10.79 Günlük Kar: 0.08(%0.75) Toplam kar:2.67
Paket:  Gün:26/60 Miktar:10.01 Günlük Kar: 0.07(%0.65) Toplam kar:1.69
Paket:  Gün:19/60 Miktar:10.46 Günlük Kar: 0.07(%0.65) Toplam kar:1.29
Paket:  Gün:12/60 Miktar:10.94 Günlük Kar: 0.07(%0.65) Toplam kar:0.85
Paket:  Gün:5/60 Miktar:11.44 Günlük Kar: 0.07(%0.65) Toplam kar:0.37
------------------------------
------------------------------
Gün: 91       Bakiye:8.54       Günlük Kar:1.71
Paket:  Gün:91/120 Miktar:90.00 Günlük Kar: 0.90(%1.0) Toplam kar:81.90
Paket:  Gün:79/120 Miktar:10.80 Günlük Kar: 0.11(%1.0) Toplam kar:8.53
Paket:  Gün:69/120 Miktar:10.08 Günlük Kar: 0.10(%1.0) Toplam kar:6.96
Paket:  Gün:59/90 Miktar:11.09 Günlük Kar: 0.08(%0.75) Toplam kar:4.91
Paket:  Gün:50/90 Miktar:10.73 Günlük Kar: 0.08(%0.75) Toplam kar:4.02
Paket:  Gün:42/90 Miktar:10.18 Günlük Kar: 0.08(%0.75) Toplam kar:3.21
Paket:  Gün:34/90 Miktar:10.79 Günlük Kar: 0.08(%0.75) Toplam kar:2.75
Paket:  Gün:27/60 Miktar:10.01 Günlük Kar: 0.07(%0.65) Toplam kar:1.76
Paket:  Gün:20/60 Miktar:10.46 Günlük Kar: 0.07(%0.65) Toplam kar:1.36
Paket:  Gün:13/60 Miktar:10.94 Günlük Kar: 0.07(%0.65) Toplam kar:0.92
Paket:  Gün:6/60 Miktar:11.44 Günlük Kar: 0.07(%0.65) Toplam kar:0.45
------------------------------
Yeni paket eklendi: Gün:30 Miktar: 10.25  Günlük Kar: 0.06(0.55)
------------------------------
Gün: 92       Bakiye:0.00       Günlük Kar:1.76
Paket:  Gün:92/120 Miktar:90.00 Günlük Kar: 0.90(%1.0) Toplam kar:82.80
Paket:  Gün:80/120 Miktar:10.80 Günlük Kar: 0.11(%1.0) Toplam kar:8.64
Paket:  Gün:70/120 Miktar:10.08 Günlük Kar: 0.10(%1.0) Toplam kar:7.06
Paket:  Gün:60/90 Miktar:11.09 Günlük Kar: 0.08(%0.75) Toplam kar:4.99
Paket:  Gün:51/90 Miktar:10.73 Günlük Kar: 0.08(%0.75) Toplam kar:4.10
Paket:  Gün:43/90 Miktar:10.18 Günlük Kar: 0.08(%0.75) Toplam kar:3.28
Paket:  Gün:35/90 Miktar:10.79 Günlük Kar: 0.08(%0.75) Toplam kar:2.83
Paket:  Gün:28/60 Miktar:10.01 Günlük Kar: 0.07(%0.65) Toplam kar:1.82
Paket:  Gün:21/60 Miktar:10.46 Günlük Kar: 0.07(%0.65) Toplam kar:1.43
Paket:  Gün:14/60 Miktar:10.94 Günlük Kar: 0.07(%0.65) Toplam kar:1.00
Paket:  Gün:7/60 Miktar:11.44 Günlük Kar: 0.07(%0.65) Toplam kar:0.52
Paket:  Gün:1/30 Miktar:10.25 Günlük Kar: 0.06(%0.55) Toplam kar:0.06
------------------------------
------------------------------
Gün: 93       Bakiye:1.76       Günlük Kar:1.76
Paket:  Gün:93/120 Miktar:90.00 Günlük Kar: 0.90(%1.0) Toplam kar:83.70
Paket:  Gün:81/120 Miktar:10.80 Günlük Kar: 0.11(%1.0) Toplam kar:8.75
Paket:  Gün:71/120 Miktar:10.08 Günlük Kar: 0.10(%1.0) Toplam kar:7.16
Paket:  Gün:61/90 Miktar:11.09 Günlük Kar: 0.08(%0.75) Toplam kar:5.07
Paket:  Gün:52/90 Miktar:10.73 Günlük Kar: 0.08(%0.75) Toplam kar:4.18
Paket:  Gün:44/90 Miktar:10.18 Günlük Kar: 0.08(%0.75) Toplam kar:3.36
Paket:  Gün:36/90 Miktar:10.79 Günlük Kar: 0.08(%0.75) Toplam kar:2.91
Paket:  Gün:29/60 Miktar:10.01 Günlük Kar: 0.07(%0.65) Toplam kar:1.89
Paket:  Gün:22/60 Miktar:10.46 Günlük Kar: 0.07(%0.65) Toplam kar:1.50
Paket:  Gün:15/60 Miktar:10.94 Günlük Kar: 0.07(%0.65) Toplam kar:1.07
Paket:  Gün:8/60 Miktar:11.44 Günlük Kar: 0.07(%0.65) Toplam kar:0.59
Paket:  Gün:2/30 Miktar:10.25 Günlük Kar: 0.06(%0.55) Toplam kar:0.11
------------------------------
------------------------------
Gün: 94       Bakiye:3.53       Günlük Kar:1.76
Paket:  Gün:94/120 Miktar:90.00 Günlük Kar: 0.90(%1.0) Toplam kar:84.60
Paket:  Gün:82/120 Miktar:10.80 Günlük Kar: 0.11(%1.0) Toplam kar:8.86
Paket:  Gün:72/120 Miktar:10.08 Günlük Kar: 0.10(%1.0) Toplam kar:7.26
Paket:  Gün:62/90 Miktar:11.09 Günlük Kar: 0.08(%0.75) Toplam kar:5.16
Paket:  Gün:53/90 Miktar:10.73 Günlük Kar: 0.08(%0.75) Toplam kar:4.26
Paket:  Gün:45/90 Miktar:10.18 Günlük Kar: 0.08(%0.75) Toplam kar:3.44
Paket:  Gün:37/90 Miktar:10.79 Günlük Kar: 0.08(%0.75) Toplam kar:2.99
Paket:  Gün:30/60 Miktar:10.01 Günlük Kar: 0.07(%0.65) Toplam kar:1.95
Paket:  Gün:23/60 Miktar:10.46 Günlük Kar: 0.07(%0.65) Toplam kar:1.56
Paket:  Gün:16/60 Miktar:10.94 Günlük Kar: 0.07(%0.65) Toplam kar:1.14
Paket:  Gün:9/60 Miktar:11.44 Günlük Kar: 0.07(%0.65) Toplam kar:0.67
Paket:  Gün:3/30 Miktar:10.25 Günlük Kar: 0.06(%0.55) Toplam kar:0.17
------------------------------
------------------------------
Gün: 95       Bakiye:5.29       Günlük Kar:1.76
Paket:  Gün:95/120 Miktar:90.00 Günlük Kar: 0.90(%1.0) Toplam kar:85.50
Paket:  Gün:83/120 Miktar:10.80 Günlük Kar: 0.11(%1.0) Toplam kar:8.96
Paket:  Gün:73/120 Miktar:10.08 Günlük Kar: 0.10(%1.0) Toplam kar:7.36
Paket:  Gün:63/90 Miktar:11.09 Günlük Kar: 0.08(%0.75) Toplam kar:5.24
Paket:  Gün:54/90 Miktar:10.73 Günlük Kar: 0.08(%0.75) Toplam kar:4.34
Paket:  Gün:46/90 Miktar:10.18 Günlük Kar: 0.08(%0.75) Toplam kar:3.51
Paket:  Gün:38/90 Miktar:10.79 Günlük Kar: 0.08(%0.75) Toplam kar:3.08
Paket:  Gün:31/60 Miktar:10.01 Günlük Kar: 0.07(%0.65) Toplam kar:2.02
Paket:  Gün:24/60 Miktar:10.46 Günlük Kar: 0.07(%0.65) Toplam kar:1.63
Paket:  Gün:17/60 Miktar:10.94 Günlük Kar: 0.07(%0.65) Toplam kar:1.21
Paket:  Gün:10/60 Miktar:11.44 Günlük Kar: 0.07(%0.65) Toplam kar:0.74
Paket:  Gün:4/30 Miktar:10.25 Günlük Kar: 0.06(%0.55) Toplam kar:0.23
------------------------------
------------------------------
Gün: 96       Bakiye:7.06       Günlük Kar:1.76
Paket:  Gün:96/120 Miktar:90.00 Günlük Kar: 0.90(%1.0) Toplam kar:86.40
Paket:  Gün:84/120 Miktar:10.80 Günlük Kar: 0.11(%1.0) Toplam kar:9.07
Paket:  Gün:74/120 Miktar:10.08 Günlük Kar: 0.10(%1.0) Toplam kar:7.46
Paket:  Gün:64/90 Miktar:11.09 Günlük Kar: 0.08(%0.75) Toplam kar:5.32
Paket:  Gün:55/90 Miktar:10.73 Günlük Kar: 0.08(%0.75) Toplam kar:4.43
Paket:  Gün:47/90 Miktar:10.18 Günlük Kar: 0.08(%0.75) Toplam kar:3.59
Paket:  Gün:39/90 Miktar:10.79 Günlük Kar: 0.08(%0.75) Toplam kar:3.16
Paket:  Gün:32/60 Miktar:10.01 Günlük Kar: 0.07(%0.65) Toplam kar:2.08
Paket:  Gün:25/60 Miktar:10.46 Günlük Kar: 0.07(%0.65) Toplam kar:1.70
Paket:  Gün:18/60 Miktar:10.94 Günlük Kar: 0.07(%0.65) Toplam kar:1.28
Paket:  Gün:11/60 Miktar:11.44 Günlük Kar: 0.07(%0.65) Toplam kar:0.82
Paket:  Gün:5/30 Miktar:10.25 Günlük Kar: 0.06(%0.55) Toplam kar:0.28
------------------------------
------------------------------
Gün: 97       Bakiye:8.82       Günlük Kar:1.76
Paket:  Gün:97/120 Miktar:90.00 Günlük Kar: 0.90(%1.0) Toplam kar:87.30
Paket:  Gün:85/120 Miktar:10.80 Günlük Kar: 0.11(%1.0) Toplam kar:9.18
Paket:  Gün:75/120 Miktar:10.08 Günlük Kar: 0.10(%1.0) Toplam kar:7.56
Paket:  Gün:65/90 Miktar:11.09 Günlük Kar: 0.08(%0.75) Toplam kar:5.41
Paket:  Gün:56/90 Miktar:10.73 Günlük Kar: 0.08(%0.75) Toplam kar:4.51
Paket:  Gün:48/90 Miktar:10.18 Günlük Kar: 0.08(%0.75) Toplam kar:3.66
Paket:  Gün:40/90 Miktar:10.79 Günlük Kar: 0.08(%0.75) Toplam kar:3.24
Paket:  Gün:33/60 Miktar:10.01 Günlük Kar: 0.07(%0.65) Toplam kar:2.15
Paket:  Gün:26/60 Miktar:10.46 Günlük Kar: 0.07(%0.65) Toplam kar:1.77
Paket:  Gün:19/60 Miktar:10.94 Günlük Kar: 0.07(%0.65) Toplam kar:1.35
Paket:  Gün:12/60 Miktar:11.44 Günlük Kar: 0.07(%0.65) Toplam kar:0.89
Paket:  Gün:6/30 Miktar:10.25 Günlük Kar: 0.06(%0.55) Toplam kar:0.34
------------------------------
Yeni paket eklendi: Gün:30 Miktar: 10.59  Günlük Kar: 0.06(0.55)
------------------------------
Gün: 98       Bakiye:0.00       Günlük Kar:1.82
Paket:  Gün:98/120 Miktar:90.00 Günlük Kar: 0.90(%1.0) Toplam kar:88.20
Paket:  Gün:86/120 Miktar:10.80 Günlük Kar: 0.11(%1.0) Toplam kar:9.29
Paket:  Gün:76/120 Miktar:10.08 Günlük Kar: 0.10(%1.0) Toplam kar:7.66
Paket:  Gün:66/90 Miktar:11.09 Günlük Kar: 0.08(%0.75) Toplam kar:5.49
Paket:  Gün:57/90 Miktar:10.73 Günlük Kar: 0.08(%0.75) Toplam kar:4.59
Paket:  Gün:49/90 Miktar:10.18 Günlük Kar: 0.08(%0.75) Toplam kar:3.74
Paket:  Gün:41/90 Miktar:10.79 Günlük Kar: 0.08(%0.75) Toplam kar:3.32
Paket:  Gün:34/60 Miktar:10.01 Günlük Kar: 0.07(%0.65) Toplam kar:2.21
Paket:  Gün:27/60 Miktar:10.46 Günlük Kar: 0.07(%0.65) Toplam kar:1.84
Paket:  Gün:20/60 Miktar:10.94 Günlük Kar: 0.07(%0.65) Toplam kar:1.42
Paket:  Gün:13/60 Miktar:11.44 Günlük Kar: 0.07(%0.65) Toplam kar:0.97
Paket:  Gün:7/30 Miktar:10.25 Günlük Kar: 0.06(%0.55) Toplam kar:0.39
Paket:  Gün:1/30 Miktar:10.59 Günlük Kar: 0.06(%0.55) Toplam kar:0.06
------------------------------
------------------------------
Gün: 99       Bakiye:1.82       Günlük Kar:1.82
Paket:  Gün:99/120 Miktar:90.00 Günlük Kar: 0.90(%1.0) Toplam kar:89.10
Paket:  Gün:87/120 Miktar:10.80 Günlük Kar: 0.11(%1.0) Toplam kar:9.40
Paket:  Gün:77/120 Miktar:10.08 Günlük Kar: 0.10(%1.0) Toplam kar:7.76
Paket:  Gün:67/90 Miktar:11.09 Günlük Kar: 0.08(%0.75) Toplam kar:5.57
Paket:  Gün:58/90 Miktar:10.73 Günlük Kar: 0.08(%0.75) Toplam kar:4.67
Paket:  Gün:50/90 Miktar:10.18 Günlük Kar: 0.08(%0.75) Toplam kar:3.82
Paket:  Gün:42/90 Miktar:10.79 Günlük Kar: 0.08(%0.75) Toplam kar:3.40
Paket:  Gün:35/60 Miktar:10.01 Günlük Kar: 0.07(%0.65) Toplam kar:2.28
Paket:  Gün:28/60 Miktar:10.46 Günlük Kar: 0.07(%0.65) Toplam kar:1.90
Paket:  Gün:21/60 Miktar:10.94 Günlük Kar: 0.07(%0.65) Toplam kar:1.49
Paket:  Gün:14/60 Miktar:11.44 Günlük Kar: 0.07(%0.65) Toplam kar:1.04
Paket:  Gün:8/30 Miktar:10.25 Günlük Kar: 0.06(%0.55) Toplam kar:0.45
Paket:  Gün:2/30 Miktar:10.59 Günlük Kar: 0.06(%0.55) Toplam kar:0.12
------------------------------
------------------------------
Gün: 100       Bakiye:3.65       Günlük Kar:1.82
Paket:  Gün:100/120 Miktar:90.00 Günlük Kar: 0.90(%1.0) Toplam kar:90.00
Paket:  Gün:88/120 Miktar:10.80 Günlük Kar: 0.11(%1.0) Toplam kar:9.50
Paket:  Gün:78/120 Miktar:10.08 Günlük Kar: 0.10(%1.0) Toplam kar:7.86
Paket:  Gün:68/90 Miktar:11.09 Günlük Kar: 0.08(%0.75) Toplam kar:5.65
Paket:  Gün:59/90 Miktar:10.73 Günlük Kar: 0.08(%0.75) Toplam kar:4.75
Paket:  Gün:51/90 Miktar:10.18 Günlük Kar: 0.08(%0.75) Toplam kar:3.89
Paket:  Gün:43/90 Miktar:10.79 Günlük Kar: 0.08(%0.75) Toplam kar:3.48
Paket:  Gün:36/60 Miktar:10.01 Günlük Kar: 0.07(%0.65) Toplam kar:2.34
Paket:  Gün:29/60 Miktar:10.46 Günlük Kar: 0.07(%0.65) Toplam kar:1.97
Paket:  Gün:22/60 Miktar:10.94 Günlük Kar: 0.07(%0.65) Toplam kar:1.56
Paket:  Gün:15/60 Miktar:11.44 Günlük Kar: 0.07(%0.65) Toplam kar:1.12
Paket:  Gün:9/30 Miktar:10.25 Günlük Kar: 0.06(%0.55) Toplam kar:0.51
Paket:  Gün:3/30 Miktar:10.59 Günlük Kar: 0.06(%0.55) Toplam kar:0.17
------------------------------
------------------------------
Gün: 101       Bakiye:5.47       Günlük Kar:1.82
Paket:  Gün:101/120 Miktar:90.00 Günlük Kar: 0.90(%1.0) Toplam kar:90.90
Paket:  Gün:89/120 Miktar:10.80 Günlük Kar: 0.11(%1.0) Toplam kar:9.61
Paket:  Gün:79/120 Miktar:10.08 Günlük Kar: 0.10(%1.0) Toplam kar:7.96
Paket:  Gün:69/90 Miktar:11.09 Günlük Kar: 0.08(%0.75) Toplam kar:5.74
Paket:  Gün:60/90 Miktar:10.73 Günlük Kar: 0.08(%0.75) Toplam kar:4.83
Paket:  Gün:52/90 Miktar:10.18 Günlük Kar: 0.08(%0.75) Toplam kar:3.97
Paket:  Gün:44/90 Miktar:10.79 Günlük Kar: 0.08(%0.75) Toplam kar:3.56
Paket:  Gün:37/60 Miktar:10.01 Günlük Kar: 0.07(%0.65) Toplam kar:2.41
Paket:  Gün:30/60 Miktar:10.46 Günlük Kar: 0.07(%0.65) Toplam kar:2.04
Paket:  Gün:23/60 Miktar:10.94 Günlük Kar: 0.07(%0.65) Toplam kar:1.64
Paket:  Gün:16/60 Miktar:11.44 Günlük Kar: 0.07(%0.65) Toplam kar:1.19
Paket:  Gün:10/30 Miktar:10.25 Günlük Kar: 0.06(%0.55) Toplam kar:0.56
Paket:  Gün:4/30 Miktar:10.59 Günlük Kar: 0.06(%0.55) Toplam kar:0.23
------------------------------
------------------------------
Gün: 102       Bakiye:7.29       Günlük Kar:1.82
Paket:  Gün:102/120 Miktar:90.00 Günlük Kar: 0.90(%1.0) Toplam kar:91.80
Paket:  Gün:90/120 Miktar:10.80 Günlük Kar: 0.11(%1.0) Toplam kar:9.72
Paket:  Gün:80/120 Miktar:10.08 Günlük Kar: 0.10(%1.0) Toplam kar:8.06
Paket:  Gün:70/90 Miktar:11.09 Günlük Kar: 0.08(%0.75) Toplam kar:5.82
Paket:  Gün:61/90 Miktar:10.73 Günlük Kar: 0.08(%0.75) Toplam kar:4.91
Paket:  Gün:53/90 Miktar:10.18 Günlük Kar: 0.08(%0.75) Toplam kar:4.05
Paket:  Gün:45/90 Miktar:10.79 Günlük Kar: 0.08(%0.75) Toplam kar:3.64
Paket:  Gün:38/60 Miktar:10.01 Günlük Kar: 0.07(%0.65) Toplam kar:2.47
Paket:  Gün:31/60 Miktar:10.46 Günlük Kar: 0.07(%0.65) Toplam kar:2.11
Paket:  Gün:24/60 Miktar:10.94 Günlük Kar: 0.07(%0.65) Toplam kar:1.71
Paket:  Gün:17/60 Miktar:11.44 Günlük Kar: 0.07(%0.65) Toplam kar:1.26
Paket:  Gün:11/30 Miktar:10.25 Günlük Kar: 0.06(%0.55) Toplam kar:0.62
Paket:  Gün:5/30 Miktar:10.59 Günlük Kar: 0.06(%0.55) Toplam kar:0.29
------------------------------
------------------------------
Gün: 103       Bakiye:9.11       Günlük Kar:1.82
Paket:  Gün:103/120 Miktar:90.00 Günlük Kar: 0.90(%1.0) Toplam kar:92.70
Paket:  Gün:91/120 Miktar:10.80 Günlük Kar: 0.11(%1.0) Toplam kar:9.83
Paket:  Gün:81/120 Miktar:10.08 Günlük Kar: 0.10(%1.0) Toplam kar:8.16
Paket:  Gün:71/90 Miktar:11.09 Günlük Kar: 0.08(%0.75) Toplam kar:5.90
Paket:  Gün:62/90 Miktar:10.73 Günlük Kar: 0.08(%0.75) Toplam kar:4.99
Paket:  Gün:54/90 Miktar:10.18 Günlük Kar: 0.08(%0.75) Toplam kar:4.12
Paket:  Gün:46/90 Miktar:10.79 Günlük Kar: 0.08(%0.75) Toplam kar:3.72
Paket:  Gün:39/60 Miktar:10.01 Günlük Kar: 0.07(%0.65) Toplam kar:2.54
Paket:  Gün:32/60 Miktar:10.46 Günlük Kar: 0.07(%0.65) Toplam kar:2.18
Paket:  Gün:25/60 Miktar:10.94 Günlük Kar: 0.07(%0.65) Toplam kar:1.78
Paket:  Gün:18/60 Miktar:11.44 Günlük Kar: 0.07(%0.65) Toplam kar:1.34
Paket:  Gün:12/30 Miktar:10.25 Günlük Kar: 0.06(%0.55) Toplam kar:0.68
Paket:  Gün:6/30 Miktar:10.59 Günlük Kar: 0.06(%0.55) Toplam kar:0.35
------------------------------
Yeni paket eklendi: Gün:30 Miktar: 10.94  Günlük Kar: 0.06(0.55)
------------------------------
Gün: 104       Bakiye:0.00       Günlük Kar:1.88
Paket:  Gün:104/120 Miktar:90.00 Günlük Kar: 0.90(%1.0) Toplam kar:93.60
Paket:  Gün:92/120 Miktar:10.80 Günlük Kar: 0.11(%1.0) Toplam kar:9.94
Paket:  Gün:82/120 Miktar:10.08 Günlük Kar: 0.10(%1.0) Toplam kar:8.27
Paket:  Gün:72/90 Miktar:11.09 Günlük Kar: 0.08(%0.75) Toplam kar:5.99
Paket:  Gün:63/90 Miktar:10.73 Günlük Kar: 0.08(%0.75) Toplam kar:5.07
Paket:  Gün:55/90 Miktar:10.18 Günlük Kar: 0.08(%0.75) Toplam kar:4.20
Paket:  Gün:47/90 Miktar:10.79 Günlük Kar: 0.08(%0.75) Toplam kar:3.80
Paket:  Gün:40/60 Miktar:10.01 Günlük Kar: 0.07(%0.65) Toplam kar:2.60
Paket:  Gün:33/60 Miktar:10.46 Günlük Kar: 0.07(%0.65) Toplam kar:2.24
Paket:  Gün:26/60 Miktar:10.94 Günlük Kar: 0.07(%0.65) Toplam kar:1.85
Paket:  Gün:19/60 Miktar:11.44 Günlük Kar: 0.07(%0.65) Toplam kar:1.41
Paket:  Gün:13/30 Miktar:10.25 Günlük Kar: 0.06(%0.55) Toplam kar:0.73
Paket:  Gün:7/30 Miktar:10.59 Günlük Kar: 0.06(%0.55) Toplam kar:0.41
Paket:  Gün:1/30 Miktar:10.94 Günlük Kar: 0.06(%0.55) Toplam kar:0.06
------------------------------
------------------------------
Gün: 105       Bakiye:1.88       Günlük Kar:1.88
Paket:  Gün:105/120 Miktar:90.00 Günlük Kar: 0.90(%1.0) Toplam kar:94.50
Paket:  Gün:93/120 Miktar:10.80 Günlük Kar: 0.11(%1.0) Toplam kar:10.04
Paket:  Gün:83/120 Miktar:10.08 Günlük Kar: 0.10(%1.0) Toplam kar:8.37
Paket:  Gün:73/90 Miktar:11.09 Günlük Kar: 0.08(%0.75) Toplam kar:6.07
Paket:  Gün:64/90 Miktar:10.73 Günlük Kar: 0.08(%0.75) Toplam kar:5.15
Paket:  Gün:56/90 Miktar:10.18 Günlük Kar: 0.08(%0.75) Toplam kar:4.28
Paket:  Gün:48/90 Miktar:10.79 Günlük Kar: 0.08(%0.75) Toplam kar:3.88
Paket:  Gün:41/60 Miktar:10.01 Günlük Kar: 0.07(%0.65) Toplam kar:2.67
Paket:  Gün:34/60 Miktar:10.46 Günlük Kar: 0.07(%0.65) Toplam kar:2.31
Paket:  Gün:27/60 Miktar:10.94 Günlük Kar: 0.07(%0.65) Toplam kar:1.92
Paket:  Gün:20/60 Miktar:11.44 Günlük Kar: 0.07(%0.65) Toplam kar:1.49
Paket:  Gün:14/30 Miktar:10.25 Günlük Kar: 0.06(%0.55) Toplam kar:0.79
Paket:  Gün:8/30 Miktar:10.59 Günlük Kar: 0.06(%0.55) Toplam kar:0.47
Paket:  Gün:2/30 Miktar:10.94 Günlük Kar: 0.06(%0.55) Toplam kar:0.12
------------------------------
------------------------------
Gün: 106       Bakiye:3.77       Günlük Kar:1.88
Paket:  Gün:106/120 Miktar:90.00 Günlük Kar: 0.90(%1.0) Toplam kar:95.40
Paket:  Gün:94/120 Miktar:10.80 Günlük Kar: 0.11(%1.0) Toplam kar:10.15
Paket:  Gün:84/120 Miktar:10.08 Günlük Kar: 0.10(%1.0) Toplam kar:8.47
Paket:  Gün:74/90 Miktar:11.09 Günlük Kar: 0.08(%0.75) Toplam kar:6.15
Paket:  Gün:65/90 Miktar:10.73 Günlük Kar: 0.08(%0.75) Toplam kar:5.23
Paket:  Gün:57/90 Miktar:10.18 Günlük Kar: 0.08(%0.75) Toplam kar:4.35
Paket:  Gün:49/90 Miktar:10.79 Günlük Kar: 0.08(%0.75) Toplam kar:3.97
Paket:  Gün:42/60 Miktar:10.01 Günlük Kar: 0.07(%0.65) Toplam kar:2.73
Paket:  Gün:35/60 Miktar:10.46 Günlük Kar: 0.07(%0.65) Toplam kar:2.38
Paket:  Gün:28/60 Miktar:10.94 Günlük Kar: 0.07(%0.65) Toplam kar:1.99
Paket:  Gün:21/60 Miktar:11.44 Günlük Kar: 0.07(%0.65) Toplam kar:1.56
Paket:  Gün:15/30 Miktar:10.25 Günlük Kar: 0.06(%0.55) Toplam kar:0.85
Paket:  Gün:9/30 Miktar:10.59 Günlük Kar: 0.06(%0.55) Toplam kar:0.52
Paket:  Gün:3/30 Miktar:10.94 Günlük Kar: 0.06(%0.55) Toplam kar:0.18
------------------------------
------------------------------
Gün: 107       Bakiye:5.65       Günlük Kar:1.88
Paket:  Gün:107/120 Miktar:90.00 Günlük Kar: 0.90(%1.0) Toplam kar:96.30
Paket:  Gün:95/120 Miktar:10.80 Günlük Kar: 0.11(%1.0) Toplam kar:10.26
Paket:  Gün:85/120 Miktar:10.08 Günlük Kar: 0.10(%1.0) Toplam kar:8.57
Paket:  Gün:75/90 Miktar:11.09 Günlük Kar: 0.08(%0.75) Toplam kar:6.24
Paket:  Gün:66/90 Miktar:10.73 Günlük Kar: 0.08(%0.75) Toplam kar:5.31
Paket:  Gün:58/90 Miktar:10.18 Günlük Kar: 0.08(%0.75) Toplam kar:4.43
Paket:  Gün:50/90 Miktar:10.79 Günlük Kar: 0.08(%0.75) Toplam kar:4.05
Paket:  Gün:43/60 Miktar:10.01 Günlük Kar: 0.07(%0.65) Toplam kar:2.80
Paket:  Gün:36/60 Miktar:10.46 Günlük Kar: 0.07(%0.65) Toplam kar:2.45
Paket:  Gün:29/60 Miktar:10.94 Günlük Kar: 0.07(%0.65) Toplam kar:2.06
Paket:  Gün:22/60 Miktar:11.44 Günlük Kar: 0.07(%0.65) Toplam kar:1.64
Paket:  Gün:16/30 Miktar:10.25 Günlük Kar: 0.06(%0.55) Toplam kar:0.90
Paket:  Gün:10/30 Miktar:10.59 Günlük Kar: 0.06(%0.55) Toplam kar:0.58
Paket:  Gün:4/30 Miktar:10.94 Günlük Kar: 0.06(%0.55) Toplam kar:0.24
------------------------------
------------------------------
Gün: 108       Bakiye:7.53       Günlük Kar:1.88
Paket:  Gün:108/120 Miktar:90.00 Günlük Kar: 0.90(%1.0) Toplam kar:97.20
Paket:  Gün:96/120 Miktar:10.80 Günlük Kar: 0.11(%1.0) Toplam kar:10.37
Paket:  Gün:86/120 Miktar:10.08 Günlük Kar: 0.10(%1.0) Toplam kar:8.67
Paket:  Gün:76/90 Miktar:11.09 Günlük Kar: 0.08(%0.75) Toplam kar:6.32
Paket:  Gün:67/90 Miktar:10.73 Günlük Kar: 0.08(%0.75) Toplam kar:5.39
Paket:  Gün:59/90 Miktar:10.18 Günlük Kar: 0.08(%0.75) Toplam kar:4.50
Paket:  Gün:51/90 Miktar:10.79 Günlük Kar: 0.08(%0.75) Toplam kar:4.13
Paket:  Gün:44/60 Miktar:10.01 Günlük Kar: 0.07(%0.65) Toplam kar:2.86
Paket:  Gün:37/60 Miktar:10.46 Günlük Kar: 0.07(%0.65) Toplam kar:2.52
Paket:  Gün:30/60 Miktar:10.94 Günlük Kar: 0.07(%0.65) Toplam kar:2.13
Paket:  Gün:23/60 Miktar:11.44 Günlük Kar: 0.07(%0.65) Toplam kar:1.71
Paket:  Gün:17/30 Miktar:10.25 Günlük Kar: 0.06(%0.55) Toplam kar:0.96
Paket:  Gün:11/30 Miktar:10.59 Günlük Kar: 0.06(%0.55) Toplam kar:0.64
Paket:  Gün:5/30 Miktar:10.94 Günlük Kar: 0.06(%0.55) Toplam kar:0.30
------------------------------
------------------------------
Gün: 109       Bakiye:9.41       Günlük Kar:1.88
Paket:  Gün:109/120 Miktar:90.00 Günlük Kar: 0.90(%1.0) Toplam kar:98.10
Paket:  Gün:97/120 Miktar:10.80 Günlük Kar: 0.11(%1.0) Toplam kar:10.48
Paket:  Gün:87/120 Miktar:10.08 Günlük Kar: 0.10(%1.0) Toplam kar:8.77
Paket:  Gün:77/90 Miktar:11.09 Günlük Kar: 0.08(%0.75) Toplam kar:6.40
Paket:  Gün:68/90 Miktar:10.73 Günlük Kar: 0.08(%0.75) Toplam kar:5.47
Paket:  Gün:60/90 Miktar:10.18 Günlük Kar: 0.08(%0.75) Toplam kar:4.58
Paket:  Gün:52/90 Miktar:10.79 Günlük Kar: 0.08(%0.75) Toplam kar:4.21
Paket:  Gün:45/60 Miktar:10.01 Günlük Kar: 0.07(%0.65) Toplam kar:2.93
Paket:  Gün:38/60 Miktar:10.46 Günlük Kar: 0.07(%0.65) Toplam kar:2.58
Paket:  Gün:31/60 Miktar:10.94 Günlük Kar: 0.07(%0.65) Toplam kar:2.20
Paket:  Gün:24/60 Miktar:11.44 Günlük Kar: 0.07(%0.65) Toplam kar:1.78
Paket:  Gün:18/30 Miktar:10.25 Günlük Kar: 0.06(%0.55) Toplam kar:1.01
Paket:  Gün:12/30 Miktar:10.59 Günlük Kar: 0.06(%0.55) Toplam kar:0.70
Paket:  Gün:6/30 Miktar:10.94 Günlük Kar: 0.06(%0.55) Toplam kar:0.36
------------------------------
Yeni paket eklendi: Gün:30 Miktar: 11.30  Günlük Kar: 0.06(0.55)
------------------------------
Gün: 110       Bakiye:0.00       Günlük Kar:1.95
Paket:  Gün:110/120 Miktar:90.00 Günlük Kar: 0.90(%1.0) Toplam kar:99.00
Paket:  Gün:98/120 Miktar:10.80 Günlük Kar: 0.11(%1.0) Toplam kar:10.58
Paket:  Gün:88/120 Miktar:10.08 Günlük Kar: 0.10(%1.0) Toplam kar:8.87
Paket:  Gün:78/90 Miktar:11.09 Günlük Kar: 0.08(%0.75) Toplam kar:6.49
Paket:  Gün:69/90 Miktar:10.73 Günlük Kar: 0.08(%0.75) Toplam kar:5.55
Paket:  Gün:61/90 Miktar:10.18 Günlük Kar: 0.08(%0.75) Toplam kar:4.66
Paket:  Gün:53/90 Miktar:10.79 Günlük Kar: 0.08(%0.75) Toplam kar:4.29
Paket:  Gün:46/60 Miktar:10.01 Günlük Kar: 0.07(%0.65) Toplam kar:2.99
Paket:  Gün:39/60 Miktar:10.46 Günlük Kar: 0.07(%0.65) Toplam kar:2.65
Paket:  Gün:32/60 Miktar:10.94 Günlük Kar: 0.07(%0.65) Toplam kar:2.28
Paket:  Gün:25/60 Miktar:11.44 Günlük Kar: 0.07(%0.65) Toplam kar:1.86
Paket:  Gün:19/30 Miktar:10.25 Günlük Kar: 0.06(%0.55) Toplam kar:1.07
Paket:  Gün:13/30 Miktar:10.59 Günlük Kar: 0.06(%0.55) Toplam kar:0.76
Paket:  Gün:7/30 Miktar:10.94 Günlük Kar: 0.06(%0.55) Toplam kar:0.42
Paket:  Gün:1/30 Miktar:11.30 Günlük Kar: 0.06(%0.55) Toplam kar:0.06
------------------------------
------------------------------
Gün: 111       Bakiye:1.95       Günlük Kar:1.95
Paket:  Gün:111/120 Miktar:90.00 Günlük Kar: 0.90(%1.0) Toplam kar:99.90
Paket:  Gün:99/120 Miktar:10.80 Günlük Kar: 0.11(%1.0) Toplam kar:10.69
Paket:  Gün:89/120 Miktar:10.08 Günlük Kar: 0.10(%1.0) Toplam kar:8.97
Paket:  Gün:79/90 Miktar:11.09 Günlük Kar: 0.08(%0.75) Toplam kar:6.57
Paket:  Gün:70/90 Miktar:10.73 Günlük Kar: 0.08(%0.75) Toplam kar:5.63
Paket:  Gün:62/90 Miktar:10.18 Günlük Kar: 0.08(%0.75) Toplam kar:4.73
Paket:  Gün:54/90 Miktar:10.79 Günlük Kar: 0.08(%0.75) Toplam kar:4.37
Paket:  Gün:47/60 Miktar:10.01 Günlük Kar: 0.07(%0.65) Toplam kar:3.06
Paket:  Gün:40/60 Miktar:10.46 Günlük Kar: 0.07(%0.65) Toplam kar:2.72
Paket:  Gün:33/60 Miktar:10.94 Günlük Kar: 0.07(%0.65) Toplam kar:2.35
Paket:  Gün:26/60 Miktar:11.44 Günlük Kar: 0.07(%0.65) Toplam kar:1.93
Paket:  Gün:20/30 Miktar:10.25 Günlük Kar: 0.06(%0.55) Toplam kar:1.13
Paket:  Gün:14/30 Miktar:10.59 Günlük Kar: 0.06(%0.55) Toplam kar:0.82
Paket:  Gün:8/30 Miktar:10.94 Günlük Kar: 0.06(%0.55) Toplam kar:0.48
Paket:  Gün:2/30 Miktar:11.30 Günlük Kar: 0.06(%0.55) Toplam kar:0.12
------------------------------
------------------------------
Gün: 112       Bakiye:3.89       Günlük Kar:1.95
Paket:  Gün:112/120 Miktar:90.00 Günlük Kar: 0.90(%1.0) Toplam kar:100.80
Paket:  Gün:100/120 Miktar:10.80 Günlük Kar: 0.11(%1.0) Toplam kar:10.80
Paket:  Gün:90/120 Miktar:10.08 Günlük Kar: 0.10(%1.0) Toplam kar:9.07
Paket:  Gün:80/90 Miktar:11.09 Günlük Kar: 0.08(%0.75) Toplam kar:6.65
Paket:  Gün:71/90 Miktar:10.73 Günlük Kar: 0.08(%0.75) Toplam kar:5.71
Paket:  Gün:63/90 Miktar:10.18 Günlük Kar: 0.08(%0.75) Toplam kar:4.81
Paket:  Gün:55/90 Miktar:10.79 Günlük Kar: 0.08(%0.75) Toplam kar:4.45
Paket:  Gün:48/60 Miktar:10.01 Günlük Kar: 0.07(%0.65) Toplam kar:3.12
Paket:  Gün:41/60 Miktar:10.46 Günlük Kar: 0.07(%0.65) Toplam kar:2.79
Paket:  Gün:34/60 Miktar:10.94 Günlük Kar: 0.07(%0.65) Toplam kar:2.42
Paket:  Gün:27/60 Miktar:11.44 Günlük Kar: 0.07(%0.65) Toplam kar:2.01
Paket:  Gün:21/30 Miktar:10.25 Günlük Kar: 0.06(%0.55) Toplam kar:1.18
Paket:  Gün:15/30 Miktar:10.59 Günlük Kar: 0.06(%0.55) Toplam kar:0.87
Paket:  Gün:9/30 Miktar:10.94 Günlük Kar: 0.06(%0.55) Toplam kar:0.54
Paket:  Gün:3/30 Miktar:11.30 Günlük Kar: 0.06(%0.55) Toplam kar:0.19
------------------------------
------------------------------
Gün: 113       Bakiye:5.84       Günlük Kar:1.95
Paket:  Gün:113/120 Miktar:90.00 Günlük Kar: 0.90(%1.0) Toplam kar:101.70
Paket:  Gün:101/120 Miktar:10.80 Günlük Kar: 0.11(%1.0) Toplam kar:10.91
Paket:  Gün:91/120 Miktar:10.08 Günlük Kar: 0.10(%1.0) Toplam kar:9.17
Paket:  Gün:81/90 Miktar:11.09 Günlük Kar: 0.08(%0.75) Toplam kar:6.74
Paket:  Gün:72/90 Miktar:10.73 Günlük Kar: 0.08(%0.75) Toplam kar:5.79
Paket:  Gün:64/90 Miktar:10.18 Günlük Kar: 0.08(%0.75) Toplam kar:4.89
Paket:  Gün:56/90 Miktar:10.79 Günlük Kar: 0.08(%0.75) Toplam kar:4.53
Paket:  Gün:49/60 Miktar:10.01 Günlük Kar: 0.07(%0.65) Toplam kar:3.19
Paket:  Gün:42/60 Miktar:10.46 Günlük Kar: 0.07(%0.65) Toplam kar:2.86
Paket:  Gün:35/60 Miktar:10.94 Günlük Kar: 0.07(%0.65) Toplam kar:2.49
Paket:  Gün:28/60 Miktar:11.44 Günlük Kar: 0.07(%0.65) Toplam kar:2.08
Paket:  Gün:22/30 Miktar:10.25 Günlük Kar: 0.06(%0.55) Toplam kar:1.24
Paket:  Gün:16/30 Miktar:10.59 Günlük Kar: 0.06(%0.55) Toplam kar:0.93
Paket:  Gün:10/30 Miktar:10.94 Günlük Kar: 0.06(%0.55) Toplam kar:0.60
Paket:  Gün:4/30 Miktar:11.30 Günlük Kar: 0.06(%0.55) Toplam kar:0.25
------------------------------
------------------------------
Gün: 114       Bakiye:7.78       Günlük Kar:1.95
Paket:  Gün:114/120 Miktar:90.00 Günlük Kar: 0.90(%1.0) Toplam kar:102.60
Paket:  Gün:102/120 Miktar:10.80 Günlük Kar: 0.11(%1.0) Toplam kar:11.02
Paket:  Gün:92/120 Miktar:10.08 Günlük Kar: 0.10(%1.0) Toplam kar:9.27
Paket:  Gün:82/90 Miktar:11.09 Günlük Kar: 0.08(%0.75) Toplam kar:6.82
Paket:  Gün:73/90 Miktar:10.73 Günlük Kar: 0.08(%0.75) Toplam kar:5.87
Paket:  Gün:65/90 Miktar:10.18 Günlük Kar: 0.08(%0.75) Toplam kar:4.96
Paket:  Gün:57/90 Miktar:10.79 Günlük Kar: 0.08(%0.75) Toplam kar:4.61
Paket:  Gün:50/60 Miktar:10.01 Günlük Kar: 0.07(%0.65) Toplam kar:3.25
Paket:  Gün:43/60 Miktar:10.46 Günlük Kar: 0.07(%0.65) Toplam kar:2.92
Paket:  Gün:36/60 Miktar:10.94 Günlük Kar: 0.07(%0.65) Toplam kar:2.56
Paket:  Gün:29/60 Miktar:11.44 Günlük Kar: 0.07(%0.65) Toplam kar:2.16
Paket:  Gün:23/30 Miktar:10.25 Günlük Kar: 0.06(%0.55) Toplam kar:1.30
Paket:  Gün:17/30 Miktar:10.59 Günlük Kar: 0.06(%0.55) Toplam kar:0.99
Paket:  Gün:11/30 Miktar:10.94 Günlük Kar: 0.06(%0.55) Toplam kar:0.66
Paket:  Gün:5/30 Miktar:11.30 Günlük Kar: 0.06(%0.55) Toplam kar:0.31
------------------------------
------------------------------
Gün: 115       Bakiye:9.73       Günlük Kar:1.95
Paket:  Gün:115/120 Miktar:90.00 Günlük Kar: 0.90(%1.0) Toplam kar:103.50
Paket:  Gün:103/120 Miktar:10.80 Günlük Kar: 0.11(%1.0) Toplam kar:11.12
Paket:  Gün:93/120 Miktar:10.08 Günlük Kar: 0.10(%1.0) Toplam kar:9.37
Paket:  Gün:83/90 Miktar:11.09 Günlük Kar: 0.08(%0.75) Toplam kar:6.90
Paket:  Gün:74/90 Miktar:10.73 Günlük Kar: 0.08(%0.75) Toplam kar:5.95
Paket:  Gün:66/90 Miktar:10.18 Günlük Kar: 0.08(%0.75) Toplam kar:5.04
Paket:  Gün:58/90 Miktar:10.79 Günlük Kar: 0.08(%0.75) Toplam kar:4.69
Paket:  Gün:51/60 Miktar:10.01 Günlük Kar: 0.07(%0.65) Toplam kar:3.32
Paket:  Gün:44/60 Miktar:10.46 Günlük Kar: 0.07(%0.65) Toplam kar:2.99
Paket:  Gün:37/60 Miktar:10.94 Günlük Kar: 0.07(%0.65) Toplam kar:2.63
Paket:  Gün:30/60 Miktar:11.44 Günlük Kar: 0.07(%0.65) Toplam kar:2.23
Paket:  Gün:24/30 Miktar:10.25 Günlük Kar: 0.06(%0.55) Toplam kar:1.35
Paket:  Gün:18/30 Miktar:10.59 Günlük Kar: 0.06(%0.55) Toplam kar:1.05
Paket:  Gün:12/30 Miktar:10.94 Günlük Kar: 0.06(%0.55) Toplam kar:0.72
Paket:  Gün:6/30 Miktar:11.30 Günlük Kar: 0.06(%0.55) Toplam kar:0.37
------------------------------
Yeni paket eklendi: Gün:30 Miktar: 11.67  Günlük Kar: 0.06(0.55)
------------------------------
Gün: 116       Bakiye:0.00       Günlük Kar:2.01
Paket:  Gün:116/120 Miktar:90.00 Günlük Kar: 0.90(%1.0) Toplam kar:104.40
Paket:  Gün:104/120 Miktar:10.80 Günlük Kar: 0.11(%1.0) Toplam kar:11.23
Paket:  Gün:94/120 Miktar:10.08 Günlük Kar: 0.10(%1.0) Toplam kar:9.48
Paket:  Gün:84/90 Miktar:11.09 Günlük Kar: 0.08(%0.75) Toplam kar:6.99
Paket:  Gün:75/90 Miktar:10.73 Günlük Kar: 0.08(%0.75) Toplam kar:6.03
Paket:  Gün:67/90 Miktar:10.18 Günlük Kar: 0.08(%0.75) Toplam kar:5.12
Paket:  Gün:59/90 Miktar:10.79 Günlük Kar: 0.08(%0.75) Toplam kar:4.77
Paket:  Gün:52/60 Miktar:10.01 Günlük Kar: 0.07(%0.65) Toplam kar:3.38
Paket:  Gün:45/60 Miktar:10.46 Günlük Kar: 0.07(%0.65) Toplam kar:3.06
Paket:  Gün:38/60 Miktar:10.94 Günlük Kar: 0.07(%0.65) Toplam kar:2.70
Paket:  Gün:31/60 Miktar:11.44 Günlük Kar: 0.07(%0.65) Toplam kar:2.30
Paket:  Gün:25/30 Miktar:10.25 Günlük Kar: 0.06(%0.55) Toplam kar:1.41
Paket:  Gün:19/30 Miktar:10.59 Günlük Kar: 0.06(%0.55) Toplam kar:1.11
Paket:  Gün:13/30 Miktar:10.94 Günlük Kar: 0.06(%0.55) Toplam kar:0.78
Paket:  Gün:7/30 Miktar:11.30 Günlük Kar: 0.06(%0.55) Toplam kar:0.43
Paket:  Gün:1/30 Miktar:11.67 Günlük Kar: 0.06(%0.55) Toplam kar:0.06
------------------------------
------------------------------
Gün: 117       Bakiye:2.01       Günlük Kar:2.01
Paket:  Gün:117/120 Miktar:90.00 Günlük Kar: 0.90(%1.0) Toplam kar:105.30
Paket:  Gün:105/120 Miktar:10.80 Günlük Kar: 0.11(%1.0) Toplam kar:11.34
Paket:  Gün:95/120 Miktar:10.08 Günlük Kar: 0.10(%1.0) Toplam kar:9.58
Paket:  Gün:85/90 Miktar:11.09 Günlük Kar: 0.08(%0.75) Toplam kar:7.07
Paket:  Gün:76/90 Miktar:10.73 Günlük Kar: 0.08(%0.75) Toplam kar:6.11
Paket:  Gün:68/90 Miktar:10.18 Günlük Kar: 0.08(%0.75) Toplam kar:5.19
Paket:  Gün:60/90 Miktar:10.79 Günlük Kar: 0.08(%0.75) Toplam kar:4.86
Paket:  Gün:53/60 Miktar:10.01 Günlük Kar: 0.07(%0.65) Toplam kar:3.45
Paket:  Gün:46/60 Miktar:10.46 Günlük Kar: 0.07(%0.65) Toplam kar:3.13
Paket:  Gün:39/60 Miktar:10.94 Günlük Kar: 0.07(%0.65) Toplam kar:2.77
Paket:  Gün:32/60 Miktar:11.44 Günlük Kar: 0.07(%0.65) Toplam kar:2.38
Paket:  Gün:26/30 Miktar:10.25 Günlük Kar: 0.06(%0.55) Toplam kar:1.47
Paket:  Gün:20/30 Miktar:10.59 Günlük Kar: 0.06(%0.55) Toplam kar:1.16
Paket:  Gün:14/30 Miktar:10.94 Günlük Kar: 0.06(%0.55) Toplam kar:0.84
Paket:  Gün:8/30 Miktar:11.30 Günlük Kar: 0.06(%0.55) Toplam kar:0.50
Paket:  Gün:2/30 Miktar:11.67 Günlük Kar: 0.06(%0.55) Toplam kar:0.13
------------------------------
------------------------------
Gün: 118       Bakiye:4.02       Günlük Kar:2.01
Paket:  Gün:118/120 Miktar:90.00 Günlük Kar: 0.90(%1.0) Toplam kar:106.20
Paket:  Gün:106/120 Miktar:10.80 Günlük Kar: 0.11(%1.0) Toplam kar:11.45
Paket:  Gün:96/120 Miktar:10.08 Günlük Kar: 0.10(%1.0) Toplam kar:9.68
Paket:  Gün:86/90 Miktar:11.09 Günlük Kar: 0.08(%0.75) Toplam kar:7.15
Paket:  Gün:77/90 Miktar:10.73 Günlük Kar: 0.08(%0.75) Toplam kar:6.20
Paket:  Gün:69/90 Miktar:10.18 Günlük Kar: 0.08(%0.75) Toplam kar:5.27
Paket:  Gün:61/90 Miktar:10.79 Günlük Kar: 0.08(%0.75) Toplam kar:4.94
Paket:  Gün:54/60 Miktar:10.01 Günlük Kar: 0.07(%0.65) Toplam kar:3.51
Paket:  Gün:47/60 Miktar:10.46 Günlük Kar: 0.07(%0.65) Toplam kar:3.20
Paket:  Gün:40/60 Miktar:10.94 Günlük Kar: 0.07(%0.65) Toplam kar:2.84
Paket:  Gün:33/60 Miktar:11.44 Günlük Kar: 0.07(%0.65) Toplam kar:2.45
Paket:  Gün:27/30 Miktar:10.25 Günlük Kar: 0.06(%0.55) Toplam kar:1.52
Paket:  Gün:21/30 Miktar:10.59 Günlük Kar: 0.06(%0.55) Toplam kar:1.22
Paket:  Gün:15/30 Miktar:10.94 Günlük Kar: 0.06(%0.55) Toplam kar:0.90
Paket:  Gün:9/30 Miktar:11.30 Günlük Kar: 0.06(%0.55) Toplam kar:0.56
Paket:  Gün:3/30 Miktar:11.67 Günlük Kar: 0.06(%0.55) Toplam kar:0.19
------------------------------
------------------------------
Gün: 119       Bakiye:6.03       Günlük Kar:2.01
Paket:  Gün:119/120 Miktar:90.00 Günlük Kar: 0.90(%1.0) Toplam kar:107.10
Paket:  Gün:107/120 Miktar:10.80 Günlük Kar: 0.11(%1.0) Toplam kar:11.56
Paket:  Gün:97/120 Miktar:10.08 Günlük Kar: 0.10(%1.0) Toplam kar:9.78
Paket:  Gün:87/90 Miktar:11.09 Günlük Kar: 0.08(%0.75) Toplam kar:7.23
Paket:  Gün:78/90 Miktar:10.73 Günlük Kar: 0.08(%0.75) Toplam kar:6.28
Paket:  Gün:70/90 Miktar:10.18 Günlük Kar: 0.08(%0.75) Toplam kar:5.34
Paket:  Gün:62/90 Miktar:10.79 Günlük Kar: 0.08(%0.75) Toplam kar:5.02
Paket:  Gün:55/60 Miktar:10.01 Günlük Kar: 0.07(%0.65) Toplam kar:3.58
Paket:  Gün:48/60 Miktar:10.46 Günlük Kar: 0.07(%0.65) Toplam kar:3.26
Paket:  Gün:41/60 Miktar:10.94 Günlük Kar: 0.07(%0.65) Toplam kar:2.92
Paket:  Gün:34/60 Miktar:11.44 Günlük Kar: 0.07(%0.65) Toplam kar:2.53
Paket:  Gün:28/30 Miktar:10.25 Günlük Kar: 0.06(%0.55) Toplam kar:1.58
Paket:  Gün:22/30 Miktar:10.59 Günlük Kar: 0.06(%0.55) Toplam kar:1.28
Paket:  Gün:16/30 Miktar:10.94 Günlük Kar: 0.06(%0.55) Toplam kar:0.96
Paket:  Gün:10/30 Miktar:11.30 Günlük Kar: 0.06(%0.55) Toplam kar:0.62
Paket:  Gün:4/30 Miktar:11.67 Günlük Kar: 0.06(%0.55) Toplam kar:0.26
------------------------------
------------------------------
Gün: 120       Bakiye:8.04       Günlük Kar:2.01
Paket:  Gün:120/120 Miktar:90.00 Günlük Kar: 0.90(%1.0) Toplam kar:108.00
Paket:  Gün:108/120 Miktar:10.80 Günlük Kar: 0.11(%1.0) Toplam kar:11.66
Paket:  Gün:98/120 Miktar:10.08 Günlük Kar: 0.10(%1.0) Toplam kar:9.88
Paket:  Gün:88/90 Miktar:11.09 Günlük Kar: 0.08(%0.75) Toplam kar:7.32
Paket:  Gün:79/90 Miktar:10.73 Günlük Kar: 0.08(%0.75) Toplam kar:6.36
Paket:  Gün:71/90 Miktar:10.18 Günlük Kar: 0.08(%0.75) Toplam kar:5.42
Paket:  Gün:63/90 Miktar:10.79 Günlük Kar: 0.08(%0.75) Toplam kar:5.10
Paket:  Gün:56/60 Miktar:10.01 Günlük Kar: 0.07(%0.65) Toplam kar:3.64
Paket:  Gün:49/60 Miktar:10.46 Günlük Kar: 0.07(%0.65) Toplam kar:3.33
Paket:  Gün:42/60 Miktar:10.94 Günlük Kar: 0.07(%0.65) Toplam kar:2.99
Paket:  Gün:35/60 Miktar:11.44 Günlük Kar: 0.07(%0.65) Toplam kar:2.60
Paket:  Gün:29/30 Miktar:10.25 Günlük Kar: 0.06(%0.55) Toplam kar:1.63
Paket:  Gün:23/30 Miktar:10.59 Günlük Kar: 0.06(%0.55) Toplam kar:1.34
Paket:  Gün:17/30 Miktar:10.94 Günlük Kar: 0.06(%0.55) Toplam kar:1.02
Paket:  Gün:11/30 Miktar:11.30 Günlük Kar: 0.06(%0.55) Toplam kar:0.68
Paket:  Gün:5/30 Miktar:11.67 Günlük Kar: 0.06(%0.55) Toplam kar:0.32
Paket bitti:  Gün: 120 Yatırılan: 90.00 Kar:108.00 Kazanç: 198.00
------------------------------
Yeni paket eklendi: Gün:30 Miktar: 100.05  Günlük Kar: 0.55(0.55)
------------------------------
Gün: 121       Bakiye:0.00       Günlük Kar:1.66
Paket:  Gün:109/120 Miktar:10.80 Günlük Kar: 0.11(%1.0) Toplam kar:11.77
Paket:  Gün:99/120 Miktar:10.08 Günlük Kar: 0.10(%1.0) Toplam kar:9.98
Paket:  Gün:89/90 Miktar:11.09 Günlük Kar: 0.08(%0.75) Toplam kar:7.40
Paket:  Gün:80/90 Miktar:10.73 Günlük Kar: 0.08(%0.75) Toplam kar:6.44
Paket:  Gün:72/90 Miktar:10.18 Günlük Kar: 0.08(%0.75) Toplam kar:5.50
Paket:  Gün:64/90 Miktar:10.79 Günlük Kar: 0.08(%0.75) Toplam kar:5.18
Paket:  Gün:57/60 Miktar:10.01 Günlük Kar: 0.07(%0.65) Toplam kar:3.71
Paket:  Gün:50/60 Miktar:10.46 Günlük Kar: 0.07(%0.65) Toplam kar:3.40
Paket:  Gün:43/60 Miktar:10.94 Günlük Kar: 0.07(%0.65) Toplam kar:3.06
Paket:  Gün:36/60 Miktar:11.44 Günlük Kar: 0.07(%0.65) Toplam kar:2.68
Paket:  Gün:30/30 Miktar:10.25 Günlük Kar: 0.06(%0.55) Toplam kar:1.69
Paket:  Gün:24/30 Miktar:10.59 Günlük Kar: 0.06(%0.55) Toplam kar:1.40
Paket:  Gün:18/30 Miktar:10.94 Günlük Kar: 0.06(%0.55) Toplam kar:1.08
Paket:  Gün:12/30 Miktar:11.30 Günlük Kar: 0.06(%0.55) Toplam kar:0.75
Paket:  Gün:6/30 Miktar:11.67 Günlük Kar: 0.06(%0.55) Toplam kar:0.39
Paket:  Gün:1/30 Miktar:100.05 Günlük Kar: 0.55(%0.55) Toplam kar:0.55
Paket bitti:  Gün: 30 Yatırılan: 10.25 Kar:1.69 Kazanç: 11.94
------------------------------
------------------------------
Gün: 122       Bakiye:11.91       Günlük Kar:1.60
Paket:  Gün:110/120 Miktar:10.80 Günlük Kar: 0.11(%1.0) Toplam kar:11.88
Paket:  Gün:100/120 Miktar:10.08 Günlük Kar: 0.10(%1.0) Toplam kar:10.08
Paket:  Gün:90/90 Miktar:11.09 Günlük Kar: 0.08(%0.75) Toplam kar:7.48
Paket:  Gün:81/90 Miktar:10.73 Günlük Kar: 0.08(%0.75) Toplam kar:6.52
Paket:  Gün:73/90 Miktar:10.18 Günlük Kar: 0.08(%0.75) Toplam kar:5.57
Paket:  Gün:65/90 Miktar:10.79 Günlük Kar: 0.08(%0.75) Toplam kar:5.26
Paket:  Gün:58/60 Miktar:10.01 Günlük Kar: 0.07(%0.65) Toplam kar:3.77
Paket:  Gün:51/60 Miktar:10.46 Günlük Kar: 0.07(%0.65) Toplam kar:3.47
Paket:  Gün:44/60 Miktar:10.94 Günlük Kar: 0.07(%0.65) Toplam kar:3.13
Paket:  Gün:37/60 Miktar:11.44 Günlük Kar: 0.07(%0.65) Toplam kar:2.75
Paket:  Gün:25/30 Miktar:10.59 Günlük Kar: 0.06(%0.55) Toplam kar:1.46
Paket:  Gün:19/30 Miktar:10.94 Günlük Kar: 0.06(%0.55) Toplam kar:1.14
Paket:  Gün:13/30 Miktar:11.30 Günlük Kar: 0.06(%0.55) Toplam kar:0.81
Paket:  Gün:7/30 Miktar:11.67 Günlük Kar: 0.06(%0.55) Toplam kar:0.45
Paket:  Gün:2/30 Miktar:100.05 Günlük Kar: 0.55(%0.55) Toplam kar:1.10
Paket bitti:  Gün: 90 Yatırılan: 11.09 Kar:7.48 Kazanç: 18.57
------------------------------
------------------------------
Gün: 123       Bakiye:24.60       Günlük Kar:1.52
Paket:  Gün:111/120 Miktar:10.80 Günlük Kar: 0.11(%1.0) Toplam kar:11.99
Paket:  Gün:101/120 Miktar:10.08 Günlük Kar: 0.10(%1.0) Toplam kar:10.18
Paket:  Gün:82/90 Miktar:10.73 Günlük Kar: 0.08(%0.75) Toplam kar:6.60
Paket:  Gün:74/90 Miktar:10.18 Günlük Kar: 0.08(%0.75) Toplam kar:5.65
Paket:  Gün:66/90 Miktar:10.79 Günlük Kar: 0.08(%0.75) Toplam kar:5.34
Paket:  Gün:59/60 Miktar:10.01 Günlük Kar: 0.07(%0.65) Toplam kar:3.84
Paket:  Gün:52/60 Miktar:10.46 Günlük Kar: 0.07(%0.65) Toplam kar:3.54
Paket:  Gün:45/60 Miktar:10.94 Günlük Kar: 0.07(%0.65) Toplam kar:3.20
Paket:  Gün:38/60 Miktar:11.44 Günlük Kar: 0.07(%0.65) Toplam kar:2.82
Paket:  Gün:26/30 Miktar:10.59 Günlük Kar: 0.06(%0.55) Toplam kar:1.51
Paket:  Gün:20/30 Miktar:10.94 Günlük Kar: 0.06(%0.55) Toplam kar:1.20
Paket:  Gün:14/30 Miktar:11.30 Günlük Kar: 0.06(%0.55) Toplam kar:0.87
Paket:  Gün:8/30 Miktar:11.67 Günlük Kar: 0.06(%0.55) Toplam kar:0.51
Paket:  Gün:3/30 Miktar:100.05 Günlük Kar: 0.55(%0.55) Toplam kar:1.65
------------------------------
------------------------------
Gün: 124       Bakiye:26.12       Günlük Kar:1.52
Paket:  Gün:112/120 Miktar:10.80 Günlük Kar: 0.11(%1.0) Toplam kar:12.10
Paket:  Gün:102/120 Miktar:10.08 Günlük Kar: 0.10(%1.0) Toplam kar:10.28
Paket:  Gün:83/90 Miktar:10.73 Günlük Kar: 0.08(%0.75) Toplam kar:6.68
Paket:  Gün:75/90 Miktar:10.18 Günlük Kar: 0.08(%0.75) Toplam kar:5.73
Paket:  Gün:67/90 Miktar:10.79 Günlük Kar: 0.08(%0.75) Toplam kar:5.42
Paket:  Gün:60/60 Miktar:10.01 Günlük Kar: 0.07(%0.65) Toplam kar:3.90
Paket:  Gün:53/60 Miktar:10.46 Günlük Kar: 0.07(%0.65) Toplam kar:3.60
Paket:  Gün:46/60 Miktar:10.94 Günlük Kar: 0.07(%0.65) Toplam kar:3.27
Paket:  Gün:39/60 Miktar:11.44 Günlük Kar: 0.07(%0.65) Toplam kar:2.90
Paket:  Gün:27/30 Miktar:10.59 Günlük Kar: 0.06(%0.55) Toplam kar:1.57
Paket:  Gün:21/30 Miktar:10.94 Günlük Kar: 0.06(%0.55) Toplam kar:1.26
Paket:  Gün:15/30 Miktar:11.30 Günlük Kar: 0.06(%0.55) Toplam kar:0.93
Paket:  Gün:9/30 Miktar:11.67 Günlük Kar: 0.06(%0.55) Toplam kar:0.58
Paket:  Gün:4/30 Miktar:100.05 Günlük Kar: 0.55(%0.55) Toplam kar:2.20
Paket bitti:  Gün: 60 Yatırılan: 10.01 Kar:3.90 Kazanç: 13.91
------------------------------
------------------------------
Gün: 125       Bakiye:37.65       Günlük Kar:1.45
Paket:  Gün:113/120 Miktar:10.80 Günlük Kar: 0.11(%1.0) Toplam kar:12.20
Paket:  Gün:103/120 Miktar:10.08 Günlük Kar: 0.10(%1.0) Toplam kar:10.38
Paket:  Gün:84/90 Miktar:10.73 Günlük Kar: 0.08(%0.75) Toplam kar:6.76
Paket:  Gün:76/90 Miktar:10.18 Günlük Kar: 0.08(%0.75) Toplam kar:5.80
Paket:  Gün:68/90 Miktar:10.79 Günlük Kar: 0.08(%0.75) Toplam kar:5.50
Paket:  Gün:54/60 Miktar:10.46 Günlük Kar: 0.07(%0.65) Toplam kar:3.67
Paket:  Gün:47/60 Miktar:10.94 Günlük Kar: 0.07(%0.65) Toplam kar:3.34
Paket:  Gün:40/60 Miktar:11.44 Günlük Kar: 0.07(%0.65) Toplam kar:2.97
Paket:  Gün:28/30 Miktar:10.59 Günlük Kar: 0.06(%0.55) Toplam kar:1.63
Paket:  Gün:22/30 Miktar:10.94 Günlük Kar: 0.06(%0.55) Toplam kar:1.32
Paket:  Gün:16/30 Miktar:11.30 Günlük Kar: 0.06(%0.55) Toplam kar:0.99
Paket:  Gün:10/30 Miktar:11.67 Günlük Kar: 0.06(%0.55) Toplam kar:0.64
Paket:  Gün:5/30 Miktar:100.05 Günlük Kar: 0.55(%0.55) Toplam kar:2.75
------------------------------
------------------------------
Gün: 126       Bakiye:39.10       Günlük Kar:1.45
Paket:  Gün:114/120 Miktar:10.80 Günlük Kar: 0.11(%1.0) Toplam kar:12.31
Paket:  Gün:104/120 Miktar:10.08 Günlük Kar: 0.10(%1.0) Toplam kar:10.48
Paket:  Gün:85/90 Miktar:10.73 Günlük Kar: 0.08(%0.75) Toplam kar:6.84
Paket:  Gün:77/90 Miktar:10.18 Günlük Kar: 0.08(%0.75) Toplam kar:5.88
Paket:  Gün:69/90 Miktar:10.79 Günlük Kar: 0.08(%0.75) Toplam kar:5.58
Paket:  Gün:55/60 Miktar:10.46 Günlük Kar: 0.07(%0.65) Toplam kar:3.74
Paket:  Gün:48/60 Miktar:10.94 Günlük Kar: 0.07(%0.65) Toplam kar:3.41
Paket:  Gün:41/60 Miktar:11.44 Günlük Kar: 0.07(%0.65) Toplam kar:3.05
Paket:  Gün:29/30 Miktar:10.59 Günlük Kar: 0.06(%0.55) Toplam kar:1.69
Paket:  Gün:23/30 Miktar:10.94 Günlük Kar: 0.06(%0.55) Toplam kar:1.38
Paket:  Gün:17/30 Miktar:11.30 Günlük Kar: 0.06(%0.55) Toplam kar:1.06
Paket:  Gün:11/30 Miktar:11.67 Günlük Kar: 0.06(%0.55) Toplam kar:0.71
Paket:  Gün:6/30 Miktar:100.05 Günlük Kar: 0.55(%0.55) Toplam kar:3.30
------------------------------
------------------------------
Gün: 127       Bakiye:40.56       Günlük Kar:1.45
Paket:  Gün:115/120 Miktar:10.80 Günlük Kar: 0.11(%1.0) Toplam kar:12.42
Paket:  Gün:105/120 Miktar:10.08 Günlük Kar: 0.10(%1.0) Toplam kar:10.58
Paket:  Gün:86/90 Miktar:10.73 Günlük Kar: 0.08(%0.75) Toplam kar:6.92
Paket:  Gün:78/90 Miktar:10.18 Günlük Kar: 0.08(%0.75) Toplam kar:5.95
Paket:  Gün:70/90 Miktar:10.79 Günlük Kar: 0.08(%0.75) Toplam kar:5.66
Paket:  Gün:56/60 Miktar:10.46 Günlük Kar: 0.07(%0.65) Toplam kar:3.81
Paket:  Gün:49/60 Miktar:10.94 Günlük Kar: 0.07(%0.65) Toplam kar:3.48
Paket:  Gün:42/60 Miktar:11.44 Günlük Kar: 0.07(%0.65) Toplam kar:3.12
Paket:  Gün:30/30 Miktar:10.59 Günlük Kar: 0.06(%0.55) Toplam kar:1.75
Paket:  Gün:24/30 Miktar:10.94 Günlük Kar: 0.06(%0.55) Toplam kar:1.44
Paket:  Gün:18/30 Miktar:11.30 Günlük Kar: 0.06(%0.55) Toplam kar:1.12
Paket:  Gün:12/30 Miktar:11.67 Günlük Kar: 0.06(%0.55) Toplam kar:0.77
Paket:  Gün:7/30 Miktar:100.05 Günlük Kar: 0.55(%0.55) Toplam kar:3.85
Paket bitti:  Gün: 30 Yatırılan: 10.59 Kar:1.75 Kazanç: 12.33
------------------------------
------------------------------
Gün: 128       Bakiye:52.60       Günlük Kar:1.40
Paket:  Gün:116/120 Miktar:10.80 Günlük Kar: 0.11(%1.0) Toplam kar:12.53
Paket:  Gün:106/120 Miktar:10.08 Günlük Kar: 0.10(%1.0) Toplam kar:10.68
Paket:  Gün:87/90 Miktar:10.73 Günlük Kar: 0.08(%0.75) Toplam kar:7.00
Paket:  Gün:79/90 Miktar:10.18 Günlük Kar: 0.08(%0.75) Toplam kar:6.03
Paket:  Gün:71/90 Miktar:10.79 Günlük Kar: 0.08(%0.75) Toplam kar:5.75
Paket:  Gün:57/60 Miktar:10.46 Günlük Kar: 0.07(%0.65) Toplam kar:3.88
Paket:  Gün:50/60 Miktar:10.94 Günlük Kar: 0.07(%0.65) Toplam kar:3.56
Paket:  Gün:43/60 Miktar:11.44 Günlük Kar: 0.07(%0.65) Toplam kar:3.20
Paket:  Gün:25/30 Miktar:10.94 Günlük Kar: 0.06(%0.55) Toplam kar:1.50
Paket:  Gün:19/30 Miktar:11.30 Günlük Kar: 0.06(%0.55) Toplam kar:1.18
Paket:  Gün:13/30 Miktar:11.67 Günlük Kar: 0.06(%0.55) Toplam kar:0.83
Paket:  Gün:8/30 Miktar:100.05 Günlük Kar: 0.55(%0.55) Toplam kar:4.40
------------------------------
------------------------------
Gün: 129       Bakiye:54.00       Günlük Kar:1.40
Paket:  Gün:117/120 Miktar:10.80 Günlük Kar: 0.11(%1.0) Toplam kar:12.64
Paket:  Gün:107/120 Miktar:10.08 Günlük Kar: 0.10(%1.0) Toplam kar:10.79
Paket:  Gün:88/90 Miktar:10.73 Günlük Kar: 0.08(%0.75) Toplam kar:7.08
Paket:  Gün:80/90 Miktar:10.18 Günlük Kar: 0.08(%0.75) Toplam kar:6.11
Paket:  Gün:72/90 Miktar:10.79 Günlük Kar: 0.08(%0.75) Toplam kar:5.83
Paket:  Gün:58/60 Miktar:10.46 Günlük Kar: 0.07(%0.65) Toplam kar:3.94
Paket:  Gün:51/60 Miktar:10.94 Günlük Kar: 0.07(%0.65) Toplam kar:3.63
Paket:  Gün:44/60 Miktar:11.44 Günlük Kar: 0.07(%0.65) Toplam kar:3.27
Paket:  Gün:26/30 Miktar:10.94 Günlük Kar: 0.06(%0.55) Toplam kar:1.56
Paket:  Gün:20/30 Miktar:11.30 Günlük Kar: 0.06(%0.55) Toplam kar:1.24
Paket:  Gün:14/30 Miktar:11.67 Günlük Kar: 0.06(%0.55) Toplam kar:0.90
Paket:  Gün:9/30 Miktar:100.05 Günlük Kar: 0.55(%0.55) Toplam kar:4.95
------------------------------
------------------------------
Gün: 130       Bakiye:55.39       Günlük Kar:1.40
Paket:  Gün:118/120 Miktar:10.80 Günlük Kar: 0.11(%1.0) Toplam kar:12.74
Paket:  Gün:108/120 Miktar:10.08 Günlük Kar: 0.10(%1.0) Toplam kar:10.89
Paket:  Gün:89/90 Miktar:10.73 Günlük Kar: 0.08(%0.75) Toplam kar:7.16
Paket:  Gün:81/90 Miktar:10.18 Günlük Kar: 0.08(%0.75) Toplam kar:6.18
Paket:  Gün:73/90 Miktar:10.79 Günlük Kar: 0.08(%0.75) Toplam kar:5.91
Paket:  Gün:59/60 Miktar:10.46 Günlük Kar: 0.07(%0.65) Toplam kar:4.01
Paket:  Gün:52/60 Miktar:10.94 Günlük Kar: 0.07(%0.65) Toplam kar:3.70
Paket:  Gün:45/60 Miktar:11.44 Günlük Kar: 0.07(%0.65) Toplam kar:3.35
Paket:  Gün:27/30 Miktar:10.94 Günlük Kar: 0.06(%0.55) Toplam kar:1.62
Paket:  Gün:21/30 Miktar:11.30 Günlük Kar: 0.06(%0.55) Toplam kar:1.30
Paket:  Gün:15/30 Miktar:11.67 Günlük Kar: 0.06(%0.55) Toplam kar:0.96
Paket:  Gün:10/30 Miktar:100.05 Günlük Kar: 0.55(%0.55) Toplam kar:5.50
------------------------------
------------------------------
Gün: 131       Bakiye:56.79       Günlük Kar:1.40
Paket:  Gün:119/120 Miktar:10.80 Günlük Kar: 0.11(%1.0) Toplam kar:12.85
Paket:  Gün:109/120 Miktar:10.08 Günlük Kar: 0.10(%1.0) Toplam kar:10.99
Paket:  Gün:90/90 Miktar:10.73 Günlük Kar: 0.08(%0.75) Toplam kar:7.24
Paket:  Gün:82/90 Miktar:10.18 Günlük Kar: 0.08(%0.75) Toplam kar:6.26
Paket:  Gün:74/90 Miktar:10.79 Günlük Kar: 0.08(%0.75) Toplam kar:5.99
Paket:  Gün:60/60 Miktar:10.46 Günlük Kar: 0.07(%0.65) Toplam kar:4.08
Paket:  Gün:53/60 Miktar:10.94 Günlük Kar: 0.07(%0.65) Toplam kar:3.77
Paket:  Gün:46/60 Miktar:11.44 Günlük Kar: 0.07(%0.65) Toplam kar:3.42
Paket:  Gün:28/30 Miktar:10.94 Günlük Kar: 0.06(%0.55) Toplam kar:1.68
Paket:  Gün:22/30 Miktar:11.30 Günlük Kar: 0.06(%0.55) Toplam kar:1.37
Paket:  Gün:16/30 Miktar:11.67 Günlük Kar: 0.06(%0.55) Toplam kar:1.03
Paket:  Gün:11/30 Miktar:100.05 Günlük Kar: 0.55(%0.55) Toplam kar:6.05
Paket bitti:  Gün: 90 Yatırılan: 10.73 Kar:7.24 Kazanç: 17.97
Paket bitti:  Gün: 60 Yatırılan: 10.46 Kar:4.08 Kazanç: 14.54
------------------------------
------------------------------
Gün: 132       Bakiye:79.38       Günlük Kar:1.25
Paket:  Gün:120/120 Miktar:10.80 Günlük Kar: 0.11(%1.0) Toplam kar:12.96
Paket:  Gün:110/120 Miktar:10.08 Günlük Kar: 0.10(%1.0) Toplam kar:11.09
Paket:  Gün:83/90 Miktar:10.18 Günlük Kar: 0.08(%0.75) Toplam kar:6.34
Paket:  Gün:75/90 Miktar:10.79 Günlük Kar: 0.08(%0.75) Toplam kar:6.07
Paket:  Gün:54/60 Miktar:10.94 Günlük Kar: 0.07(%0.65) Toplam kar:3.84
Paket:  Gün:47/60 Miktar:11.44 Günlük Kar: 0.07(%0.65) Toplam kar:3.49
Paket:  Gün:29/30 Miktar:10.94 Günlük Kar: 0.06(%0.55) Toplam kar:1.74
Paket:  Gün:23/30 Miktar:11.30 Günlük Kar: 0.06(%0.55) Toplam kar:1.43
Paket:  Gün:17/30 Miktar:11.67 Günlük Kar: 0.06(%0.55) Toplam kar:1.09
Paket:  Gün:12/30 Miktar:100.05 Günlük Kar: 0.55(%0.55) Toplam kar:6.60
Paket bitti:  Gün: 120 Yatırılan: 10.80 Kar:12.96 Kazanç: 23.76
------------------------------
------------------------------
Gün: 133       Bakiye:91.43       Günlük Kar:1.14
Paket:  Gün:111/120 Miktar:10.08 Günlük Kar: 0.10(%1.0) Toplam kar:11.19
Paket:  Gün:84/90 Miktar:10.18 Günlük Kar: 0.08(%0.75) Toplam kar:6.41
Paket:  Gün:76/90 Miktar:10.79 Günlük Kar: 0.08(%0.75) Toplam kar:6.15
Paket:  Gün:55/60 Miktar:10.94 Günlük Kar: 0.07(%0.65) Toplam kar:3.91
Paket:  Gün:48/60 Miktar:11.44 Günlük Kar: 0.07(%0.65) Toplam kar:3.57
Paket:  Gün:30/30 Miktar:10.94 Günlük Kar: 0.06(%0.55) Toplam kar:1.80
Paket:  Gün:24/30 Miktar:11.30 Günlük Kar: 0.06(%0.55) Toplam kar:1.49
Paket:  Gün:18/30 Miktar:11.67 Günlük Kar: 0.06(%0.55) Toplam kar:1.16
Paket:  Gün:13/30 Miktar:100.05 Günlük Kar: 0.55(%0.55) Toplam kar:7.15
Paket bitti:  Gün: 30 Yatırılan: 10.94 Kar:1.80 Kazanç: 12.74
------------------------------
------------------------------
Gün: 134       Bakiye:103.50       Günlük Kar:1.08
Paket:  Gün:112/120 Miktar:10.08 Günlük Kar: 0.10(%1.0) Toplam kar:11.29
Paket:  Gün:85/90 Miktar:10.18 Günlük Kar: 0.08(%0.75) Toplam kar:6.49
Paket:  Gün:77/90 Miktar:10.79 Günlük Kar: 0.08(%0.75) Toplam kar:6.23
Paket:  Gün:56/60 Miktar:10.94 Günlük Kar: 0.07(%0.65) Toplam kar:3.98
Paket:  Gün:49/60 Miktar:11.44 Günlük Kar: 0.07(%0.65) Toplam kar:3.64
Paket:  Gün:25/30 Miktar:11.30 Günlük Kar: 0.06(%0.55) Toplam kar:1.55
Paket:  Gün:19/30 Miktar:11.67 Günlük Kar: 0.06(%0.55) Toplam kar:1.22
Paket:  Gün:14/30 Miktar:100.05 Günlük Kar: 0.55(%0.55) Toplam kar:7.70
------------------------------
------------------------------
Gün: 135       Bakiye:104.58       Günlük Kar:1.08
Paket:  Gün:113/120 Miktar:10.08 Günlük Kar: 0.10(%1.0) Toplam kar:11.39
Paket:  Gün:86/90 Miktar:10.18 Günlük Kar: 0.08(%0.75) Toplam kar:6.57
Paket:  Gün:78/90 Miktar:10.79 Günlük Kar: 0.08(%0.75) Toplam kar:6.31
Paket:  Gün:57/60 Miktar:10.94 Günlük Kar: 0.07(%0.65) Toplam kar:4.05
Paket:  Gün:50/60 Miktar:11.44 Günlük Kar: 0.07(%0.65) Toplam kar:3.72
Paket:  Gün:26/30 Miktar:11.30 Günlük Kar: 0.06(%0.55) Toplam kar:1.62
Paket:  Gün:20/30 Miktar:11.67 Günlük Kar: 0.06(%0.55) Toplam kar:1.28
Paket:  Gün:15/30 Miktar:100.05 Günlük Kar: 0.55(%0.55) Toplam kar:8.25
------------------------------
------------------------------
Gün: 136       Bakiye:105.66       Günlük Kar:1.08
Paket:  Gün:114/120 Miktar:10.08 Günlük Kar: 0.10(%1.0) Toplam kar:11.49
Paket:  Gün:87/90 Miktar:10.18 Günlük Kar: 0.08(%0.75) Toplam kar:6.64
Paket:  Gün:79/90 Miktar:10.79 Günlük Kar: 0.08(%0.75) Toplam kar:6.39
Paket:  Gün:58/60 Miktar:10.94 Günlük Kar: 0.07(%0.65) Toplam kar:4.12
Paket:  Gün:51/60 Miktar:11.44 Günlük Kar: 0.07(%0.65) Toplam kar:3.79
Paket:  Gün:27/30 Miktar:11.30 Günlük Kar: 0.06(%0.55) Toplam kar:1.68
Paket:  Gün:21/30 Miktar:11.67 Günlük Kar: 0.06(%0.55) Toplam kar:1.35
Paket:  Gün:16/30 Miktar:100.05 Günlük Kar: 0.55(%0.55) Toplam kar:8.80
------------------------------
------------------------------
Gün: 137       Bakiye:106.74       Günlük Kar:1.08
Paket:  Gün:115/120 Miktar:10.08 Günlük Kar: 0.10(%1.0) Toplam kar:11.59
Paket:  Gün:88/90 Miktar:10.18 Günlük Kar: 0.08(%0.75) Toplam kar:6.72
Paket:  Gün:80/90 Miktar:10.79 Günlük Kar: 0.08(%0.75) Toplam kar:6.47
Paket:  Gün:59/60 Miktar:10.94 Günlük Kar: 0.07(%0.65) Toplam kar:4.20
Paket:  Gün:52/60 Miktar:11.44 Günlük Kar: 0.07(%0.65) Toplam kar:3.87
Paket:  Gün:28/30 Miktar:11.30 Günlük Kar: 0.06(%0.55) Toplam kar:1.74
Paket:  Gün:22/30 Miktar:11.67 Günlük Kar: 0.06(%0.55) Toplam kar:1.41
Paket:  Gün:17/30 Miktar:100.05 Günlük Kar: 0.55(%0.55) Toplam kar:9.35
------------------------------
------------------------------
Gün: 138       Bakiye:107.82       Günlük Kar:1.08
Paket:  Gün:116/120 Miktar:10.08 Günlük Kar: 0.10(%1.0) Toplam kar:11.69
Paket:  Gün:89/90 Miktar:10.18 Günlük Kar: 0.08(%0.75) Toplam kar:6.79
Paket:  Gün:81/90 Miktar:10.79 Günlük Kar: 0.08(%0.75) Toplam kar:6.55
Paket:  Gün:60/60 Miktar:10.94 Günlük Kar: 0.07(%0.65) Toplam kar:4.27
Paket:  Gün:53/60 Miktar:11.44 Günlük Kar: 0.07(%0.65) Toplam kar:3.94
Paket:  Gün:29/30 Miktar:11.30 Günlük Kar: 0.06(%0.55) Toplam kar:1.80
Paket:  Gün:23/30 Miktar:11.67 Günlük Kar: 0.06(%0.55) Toplam kar:1.48
Paket:  Gün:18/30 Miktar:100.05 Günlük Kar: 0.55(%0.55) Toplam kar:9.90
Paket bitti:  Gün: 60 Yatırılan: 10.94 Kar:4.27 Kazanç: 15.21
------------------------------
------------------------------
Gün: 139       Bakiye:119.84       Günlük Kar:1.01
Paket:  Gün:117/120 Miktar:10.08 Günlük Kar: 0.10(%1.0) Toplam kar:11.79
Paket:  Gün:90/90 Miktar:10.18 Günlük Kar: 0.08(%0.75) Toplam kar:6.87
Paket:  Gün:82/90 Miktar:10.79 Günlük Kar: 0.08(%0.75) Toplam kar:6.64
Paket:  Gün:54/60 Miktar:11.44 Günlük Kar: 0.07(%0.65) Toplam kar:4.01
Paket:  Gün:30/30 Miktar:11.30 Günlük Kar: 0.06(%0.55) Toplam kar:1.86
Paket:  Gün:24/30 Miktar:11.67 Günlük Kar: 0.06(%0.55) Toplam kar:1.54
Paket:  Gün:19/30 Miktar:100.05 Günlük Kar: 0.55(%0.55) Toplam kar:10.45
Paket bitti:  Gün: 90 Yatırılan: 10.18 Kar:6.87 Kazanç: 17.05
Paket bitti:  Gün: 30 Yatırılan: 11.30 Kar:1.86 Kazanç: 13.16
------------------------------
------------------------------
Gün: 140       Bakiye:142.33       Günlük Kar:0.87
Paket:  Gün:118/120 Miktar:10.08 Günlük Kar: 0.10(%1.0) Toplam kar:11.89
Paket:  Gün:83/90 Miktar:10.79 Günlük Kar: 0.08(%0.75) Toplam kar:6.72
Paket:  Gün:55/60 Miktar:11.44 Günlük Kar: 0.07(%0.65) Toplam kar:4.09
Paket:  Gün:25/30 Miktar:11.67 Günlük Kar: 0.06(%0.55) Toplam kar:1.60
Paket:  Gün:20/30 Miktar:100.05 Günlük Kar: 0.55(%0.55) Toplam kar:11.01
------------------------------
------------------------------
Gün: 141       Bakiye:143.20       Günlük Kar:0.87
Paket:  Gün:119/120 Miktar:10.08 Günlük Kar: 0.10(%1.0) Toplam kar:12.00
Paket:  Gün:84/90 Miktar:10.79 Günlük Kar: 0.08(%0.75) Toplam kar:6.80
Paket:  Gün:56/60 Miktar:11.44 Günlük Kar: 0.07(%0.65) Toplam kar:4.16
Paket:  Gün:26/30 Miktar:11.67 Günlük Kar: 0.06(%0.55) Toplam kar:1.67
Paket:  Gün:21/30 Miktar:100.05 Günlük Kar: 0.55(%0.55) Toplam kar:11.56
------------------------------
------------------------------
Gün: 142       Bakiye:144.07       Günlük Kar:0.87
Paket:  Gün:120/120 Miktar:10.08 Günlük Kar: 0.10(%1.0) Toplam kar:12.10
Paket:  Gün:85/90 Miktar:10.79 Günlük Kar: 0.08(%0.75) Toplam kar:6.88
Paket:  Gün:57/60 Miktar:11.44 Günlük Kar: 0.07(%0.65) Toplam kar:4.24
Paket:  Gün:27/30 Miktar:11.67 Günlük Kar: 0.06(%0.55) Toplam kar:1.73
Paket:  Gün:22/30 Miktar:100.05 Günlük Kar: 0.55(%0.55) Toplam kar:12.11
Paket bitti:  Gün: 120 Yatırılan: 10.08 Kar:12.10 Kazanç: 22.18
------------------------------
------------------------------
Gün: 143       Bakiye:155.02       Günlük Kar:0.77
Paket:  Gün:86/90 Miktar:10.79 Günlük Kar: 0.08(%0.75) Toplam kar:6.96
Paket:  Gün:58/60 Miktar:11.44 Günlük Kar: 0.07(%0.65) Toplam kar:4.31
Paket:  Gün:28/30 Miktar:11.67 Günlük Kar: 0.06(%0.55) Toplam kar:1.80
Paket:  Gün:23/30 Miktar:100.05 Günlük Kar: 0.55(%0.55) Toplam kar:12.66
------------------------------
------------------------------
Gün: 144       Bakiye:155.79       Günlük Kar:0.77
Paket:  Gün:87/90 Miktar:10.79 Günlük Kar: 0.08(%0.75) Toplam kar:7.04
Paket:  Gün:59/60 Miktar:11.44 Günlük Kar: 0.07(%0.65) Toplam kar:4.39
Paket:  Gün:29/30 Miktar:11.67 Günlük Kar: 0.06(%0.55) Toplam kar:1.86
Paket:  Gün:24/30 Miktar:100.05 Günlük Kar: 0.55(%0.55) Toplam kar:13.21
------------------------------
------------------------------
Gün: 145       Bakiye:156.56       Günlük Kar:0.77
Paket:  Gün:88/90 Miktar:10.79 Günlük Kar: 0.08(%0.75) Toplam kar:7.12
Paket:  Gün:60/60 Miktar:11.44 Günlük Kar: 0.07(%0.65) Toplam kar:4.46
Paket:  Gün:30/30 Miktar:11.67 Günlük Kar: 0.06(%0.55) Toplam kar:1.93
Paket:  Gün:25/30 Miktar:100.05 Günlük Kar: 0.55(%0.55) Toplam kar:13.76
Paket bitti:  Gün: 60 Yatırılan: 11.44 Kar:4.46 Kazanç: 15.90
Paket bitti:  Gün: 30 Yatırılan: 11.67 Kar:1.93 Kazanç: 13.60
------------------------------
------------------------------
Gün: 146       Bakiye:180.44       Günlük Kar:0.63
Paket:  Gün:89/90 Miktar:10.79 Günlük Kar: 0.08(%0.75) Toplam kar:7.20
Paket:  Gün:26/30 Miktar:100.05 Günlük Kar: 0.55(%0.55) Toplam kar:14.31
------------------------------
------------------------------
Gün: 147       Bakiye:181.07       Günlük Kar:0.63
Paket:  Gün:90/90 Miktar:10.79 Günlük Kar: 0.08(%0.75) Toplam kar:7.28
Paket:  Gün:27/30 Miktar:100.05 Günlük Kar: 0.55(%0.55) Toplam kar:14.86
Paket bitti:  Gün: 90 Yatırılan: 10.79 Kar:7.28 Kazanç: 18.07
------------------------------
------------------------------
Gün: 148       Bakiye:192.49       Günlük Kar:0.55
Paket:  Gün:28/30 Miktar:100.05 Günlük Kar: 0.55(%0.55) Toplam kar:15.41
------------------------------
------------------------------
Gün: 149       Bakiye:193.04       Günlük Kar:0.55
Paket:  Gün:29/30 Miktar:100.05 Günlük Kar: 0.55(%0.55) Toplam kar:15.96
------------------------------
------------------------------
Gün: 150       Bakiye:193.59       Günlük Kar:0.55
Paket:  Gün:30/30 Miktar:100.05 Günlük Kar: 0.55(%0.55) Toplam kar:16.51
Paket bitti:  Gün: 30 Yatırılan: 100.05 Kar:16.51 Kazanç: 116.55
------------------------------
Bakiye: 294.19
