------------------------------
Yeni paket eklendi: Gün:90 Miktar: 20.00  Günlük Kar: 0.15(0.75)
------------------------------
Gün: 1       Bakiye:0.00
Paket:  Gün:1/90 Miktar:20.00 Günlük Kar: 0.15(0.75) Toplam kar:0.15
------------------------------
------------------------------
Gün: 2       Bakiye:0.15
Paket:  Gün:2/90 Miktar:20.00 Günlük Kar: 0.15(0.75) Toplam kar:0.30
------------------------------
------------------------------
Gün: 3       Bakiye:0.30
Paket:  Gün:3/90 Miktar:20.00 Günlük Kar: 0.15(0.75) Toplam kar:0.45
------------------------------
------------------------------
Gün: 4       Bakiye:0.45
Paket:  Gün:4/90 Miktar:20.00 Günlük Kar: 0.15(0.75) Toplam kar:0.60
------------------------------
------------------------------
Gün: 5       Bakiye:0.60
Paket:  Gün:5/90 Miktar:20.00 Günlük Kar: 0.15(0.75) Toplam kar:0.75
------------------------------
------------------------------
Gün: 6       Bakiye:0.75
Paket:  Gün:6/90 Miktar:20.00 Günlük Kar: 0.15(0.75) Toplam kar:0.90
------------------------------
------------------------------
Gün: 7       Bakiye:0.90
Paket:  Gün:7/90 Miktar:20.00 Günlük Kar: 0.15(0.75) Toplam kar:1.05
------------------------------
------------------------------
Gün: 8       Bakiye:1.05
Paket:  Gün:8/90 Miktar:20.00 Günlük Kar: 0.15(0.75) Toplam kar:1.20
------------------------------
------------------------------
Gün: 9       Bakiye:1.20
Paket:  Gün:9/90 Miktar:20.00 Günlük Kar: 0.15(0.75) Toplam kar:1.35
------------------------------
------------------------------
Gün: 10       Bakiye:1.35
Paket:  Gün:10/90 Miktar:20.00 Günlük Kar: 0.15(0.75) Toplam kar:1.50
------------------------------
------------------------------
Gün: 11       Bakiye:1.50
Paket:  Gün:11/90 Miktar:20.00 Günlük Kar: 0.15(0.75) Toplam kar:1.65
------------------------------
------------------------------
Gün: 12       Bakiye:1.65
Paket:  Gün:12/90 Miktar:20.00 Günlük Kar: 0.15(0.75) Toplam kar:1.80
------------------------------
------------------------------
Gün: 13       Bakiye:1.80
Paket:  Gün:13/90 Miktar:20.00 Günlük Kar: 0.15(0.75) Toplam kar:1.95
------------------------------
------------------------------
Gün: 14       Bakiye:1.95
Paket:  Gün:14/90 Miktar:20.00 Günlük Kar: 0.15(0.75) Toplam kar:2.10
------------------------------
------------------------------
Gün: 15       Bakiye:2.10
Paket:  Gün:15/90 Miktar:20.00 Günlük Kar: 0.15(0.75) Toplam kar:2.25
------------------------------
------------------------------
Gün: 16       Bakiye:2.25
Paket:  Gün:16/90 Miktar:20.00 Günlük Kar: 0.15(0.75) Toplam kar:2.40
------------------------------
------------------------------
Gün: 17       Bakiye:2.40
Paket:  Gün:17/90 Miktar:20.00 Günlük Kar: 0.15(0.75) Toplam kar:2.55
------------------------------
------------------------------
Gün: 18       Bakiye:2.55
Paket:  Gün:18/90 Miktar:20.00 Günlük Kar: 0.15(0.75) Toplam kar:2.70
------------------------------
------------------------------
Gün: 19       Bakiye:2.70
Paket:  Gün:19/90 Miktar:20.00 Günlük Kar: 0.15(0.75) Toplam kar:2.85
------------------------------
------------------------------
Gün: 20       Bakiye:2.85
Paket:  Gün:20/90 Miktar:20.00 Günlük Kar: 0.15(0.75) Toplam kar:3.00
------------------------------
------------------------------
Gün: 21       Bakiye:3.00
Paket:  Gün:21/90 Miktar:20.00 Günlük Kar: 0.15(0.75) Toplam kar:3.15
------------------------------
------------------------------
Gün: 22       Bakiye:3.15
Paket:  Gün:22/90 Miktar:20.00 Günlük Kar: 0.15(0.75) Toplam kar:3.30
------------------------------
------------------------------
Gün: 23       Bakiye:3.30
Paket:  Gün:23/90 Miktar:20.00 Günlük Kar: 0.15(0.75) Toplam kar:3.45
------------------------------
------------------------------
Gün: 24       Bakiye:3.45
Paket:  Gün:24/90 Miktar:20.00 Günlük Kar: 0.15(0.75) Toplam kar:3.60
------------------------------
------------------------------
Gün: 25       Bakiye:3.60
Paket:  Gün:25/90 Miktar:20.00 Günlük Kar: 0.15(0.75) Toplam kar:3.75
------------------------------
------------------------------
Gün: 26       Bakiye:3.75
Paket:  Gün:26/90 Miktar:20.00 Günlük Kar: 0.15(0.75) Toplam kar:3.90
------------------------------
------------------------------
Gün: 27       Bakiye:3.90
Paket:  Gün:27/90 Miktar:20.00 Günlük Kar: 0.15(0.75) Toplam kar:4.05
------------------------------
------------------------------
Gün: 28       Bakiye:4.05
Paket:  Gün:28/90 Miktar:20.00 Günlük Kar: 0.15(0.75) Toplam kar:4.20
------------------------------
------------------------------
Gün: 29       Bakiye:4.20
Paket:  Gün:29/90 Miktar:20.00 Günlük Kar: 0.15(0.75) Toplam kar:4.35
------------------------------
------------------------------
Gün: 30       Bakiye:4.35
Paket:  Gün:30/90 Miktar:20.00 Günlük Kar: 0.15(0.75) Toplam kar:4.50
------------------------------
------------------------------
Gün: 31       Bakiye:4.50
Paket:  Gün:31/90 Miktar:20.00 Günlük Kar: 0.15(0.75) Toplam kar:4.65
------------------------------
------------------------------
Gün: 32       Bakiye:4.65
Paket:  Gün:32/90 Miktar:20.00 Günlük Kar: 0.15(0.75) Toplam kar:4.80
------------------------------
------------------------------
Gün: 33       Bakiye:4.80
Paket:  Gün:33/90 Miktar:20.00 Günlük Kar: 0.15(0.75) Toplam kar:4.95
------------------------------
------------------------------
Gün: 34       Bakiye:4.95
Paket:  Gün:34/90 Miktar:20.00 Günlük Kar: 0.15(0.75) Toplam kar:5.10
------------------------------
------------------------------
Gün: 35       Bakiye:5.10
Paket:  Gün:35/90 Miktar:20.00 Günlük Kar: 0.15(0.75) Toplam kar:5.25
------------------------------
------------------------------
Gün: 36       Bakiye:5.25
Paket:  Gün:36/90 Miktar:20.00 Günlük Kar: 0.15(0.75) Toplam kar:5.40
------------------------------
------------------------------
Gün: 37       Bakiye:5.40
Paket:  Gün:37/90 Miktar:20.00 Günlük Kar: 0.15(0.75) Toplam kar:5.55
------------------------------
------------------------------
Gün: 38       Bakiye:5.55
Paket:  Gün:38/90 Miktar:20.00 Günlük Kar: 0.15(0.75) Toplam kar:5.70
------------------------------
------------------------------
Gün: 39       Bakiye:5.70
Paket:  Gün:39/90 Miktar:20.00 Günlük Kar: 0.15(0.75) Toplam kar:5.85
------------------------------
------------------------------
Gün: 40       Bakiye:5.85
Paket:  Gün:40/90 Miktar:20.00 Günlük Kar: 0.15(0.75) Toplam kar:6.00
------------------------------
------------------------------
Gün: 41       Bakiye:6.00
Paket:  Gün:41/90 Miktar:20.00 Günlük Kar: 0.15(0.75) Toplam kar:6.15
------------------------------
------------------------------
Gün: 42       Bakiye:6.15
Paket:  Gün:42/90 Miktar:20.00 Günlük Kar: 0.15(0.75) Toplam kar:6.30
------------------------------
------------------------------
Gün: 43       Bakiye:6.30
Paket:  Gün:43/90 Miktar:20.00 Günlük Kar: 0.15(0.75) Toplam kar:6.45
------------------------------
------------------------------
Gün: 44       Bakiye:6.45
Paket:  Gün:44/90 Miktar:20.00 Günlük Kar: 0.15(0.75) Toplam kar:6.60
------------------------------
------------------------------
Gün: 45       Bakiye:6.60
Paket:  Gün:45/90 Miktar:20.00 Günlük Kar: 0.15(0.75) Toplam kar:6.75
------------------------------
------------------------------
Gün: 46       Bakiye:6.75
Paket:  Gün:46/90 Miktar:20.00 Günlük Kar: 0.15(0.75) Toplam kar:6.90
------------------------------
------------------------------
Gün: 47       Bakiye:6.90
Paket:  Gün:47/90 Miktar:20.00 Günlük Kar: 0.15(0.75) Toplam kar:7.05
------------------------------
------------------------------
Gün: 48       Bakiye:7.05
Paket:  Gün:48/90 Miktar:20.00 Günlük Kar: 0.15(0.75) Toplam kar:7.20
------------------------------
------------------------------
Gün: 49       Bakiye:7.20
Paket:  Gün:49/90 Miktar:20.00 Günlük Kar: 0.15(0.75) Toplam kar:7.35
------------------------------
------------------------------
Gün: 50       Bakiye:7.35
Paket:  Gün:50/90 Miktar:20.00 Günlük Kar: 0.15(0.75) Toplam kar:7.50
------------------------------
------------------------------
Gün: 51       Bakiye:7.50
Paket:  Gün:51/90 Miktar:20.00 Günlük Kar: 0.15(0.75) Toplam kar:7.65
------------------------------
------------------------------
Gün: 52       Bakiye:7.65
Paket:  Gün:52/90 Miktar:20.00 Günlük Kar: 0.15(0.75) Toplam kar:7.80
------------------------------
------------------------------
Gün: 53       Bakiye:7.80
Paket:  Gün:53/90 Miktar:20.00 Günlük Kar: 0.15(0.75) Toplam kar:7.95
------------------------------
------------------------------
Gün: 54       Bakiye:7.95
Paket:  Gün:54/90 Miktar:20.00 Günlük Kar: 0.15(0.75) Toplam kar:8.10
------------------------------
------------------------------
Gün: 55       Bakiye:8.10
Paket:  Gün:55/90 Miktar:20.00 Günlük Kar: 0.15(0.75) Toplam kar:8.25
------------------------------
------------------------------
Gün: 56       Bakiye:8.25
Paket:  Gün:56/90 Miktar:20.00 Günlük Kar: 0.15(0.75) Toplam kar:8.40
------------------------------
------------------------------
Gün: 57       Bakiye:8.40
Paket:  Gün:57/90 Miktar:20.00 Günlük Kar: 0.15(0.75) Toplam kar:8.55
------------------------------
------------------------------
Gün: 58       Bakiye:8.55
Paket:  Gün:58/90 Miktar:20.00 Günlük Kar: 0.15(0.75) Toplam kar:8.70
------------------------------
------------------------------
Gün: 59       Bakiye:8.70
Paket:  Gün:59/90 Miktar:20.00 Günlük Kar: 0.15(0.75) Toplam kar:8.85
------------------------------
------------------------------
Gün: 60       Bakiye:8.85
Paket:  Gün:60/90 Miktar:20.00 Günlük Kar: 0.15(0.75) Toplam kar:9.00
------------------------------
------------------------------
Gün: 61       Bakiye:9.00
Paket:  Gün:61/90 Miktar:20.00 Günlük Kar: 0.15(0.75) Toplam kar:9.15
------------------------------
------------------------------
Gün: 62       Bakiye:9.15
Paket:  Gün:62/90 Miktar:20.00 Günlük Kar: 0.15(0.75) Toplam kar:9.30
------------------------------
------------------------------
Gün: 63       Bakiye:9.30
Paket:  Gün:63/90 Miktar:20.00 Günlük Kar: 0.15(0.75) Toplam kar:9.45
------------------------------
------------------------------
Gün: 64       Bakiye:9.45
Paket:  Gün:64/90 Miktar:20.00 Günlük Kar: 0.15(0.75) Toplam kar:9.60
------------------------------
------------------------------
Gün: 65       Bakiye:9.60
Paket:  Gün:65/90 Miktar:20.00 Günlük Kar: 0.15(0.75) Toplam kar:9.75
------------------------------
------------------------------
Gün: 66       Bakiye:9.75
Paket:  Gün:66/90 Miktar:20.00 Günlük Kar: 0.15(0.75) Toplam kar:9.90
------------------------------
------------------------------
Gün: 67       Bakiye:9.90
Paket:  Gün:67/90 Miktar:20.00 Günlük Kar: 0.15(0.75) Toplam kar:10.05
------------------------------
Yeni paket eklendi: Gün:30 Miktar: 10.05  Günlük Kar: 0.06(0.55)
------------------------------
Gün: 68       Bakiye:0.00
Paket:  Gün:68/90 Miktar:20.00 Günlük Kar: 0.15(0.75) Toplam kar:10.20
Paket:  Gün:1/30 Miktar:10.05 Günlük Kar: 0.06(0.55) Toplam kar:0.06
------------------------------
------------------------------
Gün: 69       Bakiye:0.21
Paket:  Gün:69/90 Miktar:20.00 Günlük Kar: 0.15(0.75) Toplam kar:10.35
Paket:  Gün:2/30 Miktar:10.05 Günlük Kar: 0.06(0.55) Toplam kar:0.11
------------------------------
------------------------------
Gün: 70       Bakiye:0.41
Paket:  Gün:70/90 Miktar:20.00 Günlük Kar: 0.15(0.75) Toplam kar:10.50
Paket:  Gün:3/30 Miktar:10.05 Günlük Kar: 0.06(0.55) Toplam kar:0.17
------------------------------
------------------------------
Gün: 71       Bakiye:0.62
Paket:  Gün:71/90 Miktar:20.00 Günlük Kar: 0.15(0.75) Toplam kar:10.65
Paket:  Gün:4/30 Miktar:10.05 Günlük Kar: 0.06(0.55) Toplam kar:0.22
------------------------------
------------------------------
Gün: 72       Bakiye:0.82
Paket:  Gün:72/90 Miktar:20.00 Günlük Kar: 0.15(0.75) Toplam kar:10.80
Paket:  Gün:5/30 Miktar:10.05 Günlük Kar: 0.06(0.55) Toplam kar:0.28
------------------------------
------------------------------
Gün: 73       Bakiye:1.03
Paket:  Gün:73/90 Miktar:20.00 Günlük Kar: 0.15(0.75) Toplam kar:10.95
Paket:  Gün:6/30 Miktar:10.05 Günlük Kar: 0.06(0.55) Toplam kar:0.33
------------------------------
------------------------------
Gün: 74       Bakiye:1.23
Paket:  Gün:74/90 Miktar:20.00 Günlük Kar: 0.15(0.75) Toplam kar:11.10
Paket:  Gün:7/30 Miktar:10.05 Günlük Kar: 0.06(0.55) Toplam kar:0.39
------------------------------
------------------------------
Gün: 75       Bakiye:1.44
Paket:  Gün:75/90 Miktar:20.00 Günlük Kar: 0.15(0.75) Toplam kar:11.25
Paket:  Gün:8/30 Miktar:10.05 Günlük Kar: 0.06(0.55) Toplam kar:0.44
------------------------------
------------------------------
Gün: 76       Bakiye:1.64
Paket:  Gün:76/90 Miktar:20.00 Günlük Kar: 0.15(0.75) Toplam kar:11.40
Paket:  Gün:9/30 Miktar:10.05 Günlük Kar: 0.06(0.55) Toplam kar:0.50
------------------------------
------------------------------
Gün: 77       Bakiye:1.85
Paket:  Gün:77/90 Miktar:20.00 Günlük Kar: 0.15(0.75) Toplam kar:11.55
Paket:  Gün:10/30 Miktar:10.05 Günlük Kar: 0.06(0.55) Toplam kar:0.55
------------------------------
------------------------------
Gün: 78       Bakiye:2.05
Paket:  Gün:78/90 Miktar:20.00 Günlük Kar: 0.15(0.75) Toplam kar:11.70
Paket:  Gün:11/30 Miktar:10.05 Günlük Kar: 0.06(0.55) Toplam kar:0.61
------------------------------
------------------------------
Gün: 79       Bakiye:2.26
Paket:  Gün:79/90 Miktar:20.00 Günlük Kar: 0.15(0.75) Toplam kar:11.85
Paket:  Gün:12/30 Miktar:10.05 Günlük Kar: 0.06(0.55) Toplam kar:0.66
------------------------------
------------------------------
Gün: 80       Bakiye:2.46
Paket:  Gün:80/90 Miktar:20.00 Günlük Kar: 0.15(0.75) Toplam kar:12.00
Paket:  Gün:13/30 Miktar:10.05 Günlük Kar: 0.06(0.55) Toplam kar:0.72
------------------------------
------------------------------
Gün: 81       Bakiye:2.67
Paket:  Gün:81/90 Miktar:20.00 Günlük Kar: 0.15(0.75) Toplam kar:12.15
Paket:  Gün:14/30 Miktar:10.05 Günlük Kar: 0.06(0.55) Toplam kar:0.77
------------------------------
------------------------------
Gün: 82       Bakiye:2.87
Paket:  Gün:82/90 Miktar:20.00 Günlük Kar: 0.15(0.75) Toplam kar:12.30
Paket:  Gün:15/30 Miktar:10.05 Günlük Kar: 0.06(0.55) Toplam kar:0.83
------------------------------
------------------------------
Gün: 83       Bakiye:3.08
Paket:  Gün:83/90 Miktar:20.00 Günlük Kar: 0.15(0.75) Toplam kar:12.45
Paket:  Gün:16/30 Miktar:10.05 Günlük Kar: 0.06(0.55) Toplam kar:0.88
------------------------------
------------------------------
Gün: 84       Bakiye:3.28
Paket:  Gün:84/90 Miktar:20.00 Günlük Kar: 0.15(0.75) Toplam kar:12.60
Paket:  Gün:17/30 Miktar:10.05 Günlük Kar: 0.06(0.55) Toplam kar:0.94
------------------------------
------------------------------
Gün: 85       Bakiye:3.49
Paket:  Gün:85/90 Miktar:20.00 Günlük Kar: 0.15(0.75) Toplam kar:12.75
Paket:  Gün:18/30 Miktar:10.05 Günlük Kar: 0.06(0.55) Toplam kar:0.99
------------------------------
------------------------------
Gün: 86       Bakiye:3.69
Paket:  Gün:86/90 Miktar:20.00 Günlük Kar: 0.15(0.75) Toplam kar:12.90
Paket:  Gün:19/30 Miktar:10.05 Günlük Kar: 0.06(0.55) Toplam kar:1.05
------------------------------
------------------------------
Gün: 87       Bakiye:3.90
Paket:  Gün:87/90 Miktar:20.00 Günlük Kar: 0.15(0.75) Toplam kar:13.05
Paket:  Gün:20/30 Miktar:10.05 Günlük Kar: 0.06(0.55) Toplam kar:1.11
------------------------------
------------------------------
Gün: 88       Bakiye:4.11
Paket:  Gün:88/90 Miktar:20.00 Günlük Kar: 0.15(0.75) Toplam kar:13.20
Paket:  Gün:21/30 Miktar:10.05 Günlük Kar: 0.06(0.55) Toplam kar:1.16
------------------------------
------------------------------
Gün: 89       Bakiye:4.31
Paket:  Gün:89/90 Miktar:20.00 Günlük Kar: 0.15(0.75) Toplam kar:13.35
Paket:  Gün:22/30 Miktar:10.05 Günlük Kar: 0.06(0.55) Toplam kar:1.22
------------------------------
------------------------------
Gün: 90       Bakiye:4.52
Paket:  Gün:90/90 Miktar:20.00 Günlük Kar: 0.15(0.75) Toplam kar:13.50
Paket:  Gün:23/30 Miktar:10.05 Günlük Kar: 0.06(0.55) Toplam kar:1.27
Paket bitti:  Gün: 90 Yatırılan: 20.00 Kar:13.50 Kazanç: 33.50
------------------------------
------------------------------
Gün: 91       Bakiye:24.72
Paket:  Gün:24/30 Miktar:10.05 Günlük Kar: 0.06(0.55) Toplam kar:1.33
------------------------------
------------------------------
Gün: 92       Bakiye:24.78
Paket:  Gün:25/30 Miktar:10.05 Günlük Kar: 0.06(0.55) Toplam kar:1.38
------------------------------
------------------------------
Gün: 93       Bakiye:24.83
Paket:  Gün:26/30 Miktar:10.05 Günlük Kar: 0.06(0.55) Toplam kar:1.44
------------------------------
------------------------------
Gün: 94       Bakiye:24.89
Paket:  Gün:27/30 Miktar:10.05 Günlük Kar: 0.06(0.55) Toplam kar:1.49
------------------------------
------------------------------
Gün: 95       Bakiye:24.94
Paket:  Gün:28/30 Miktar:10.05 Günlük Kar: 0.06(0.55) Toplam kar:1.55
------------------------------
------------------------------
Gün: 96       Bakiye:25.00
Paket:  Gün:29/30 Miktar:10.05 Günlük Kar: 0.06(0.55) Toplam kar:1.60
------------------------------
------------------------------
Gün: 97       Bakiye:25.05
Paket:  Gün:30/30 Miktar:10.05 Günlük Kar: 0.06(0.55) Toplam kar:1.66
Paket bitti:  Gün: 30 Yatırılan: 10.05 Kar:1.66 Kazanç: 11.71
------------------------------
------------------------------
Gün: 98       Bakiye:35.16
------------------------------
------------------------------
Gün: 99       Bakiye:35.16
------------------------------
------------------------------
Gün: 100       Bakiye:35.16
------------------------------
Bakiye: 35.16
