------------------------------
------------------------------
Gün: 1       Bakiye:0.00       Günlük Kar:0.05
Paket |  Gün:53/365 | Miktar:10.00$ | Günlük Kazanç: 0.05$ (%0.5) | Toplam Kazanç:0.05$
------------------------------
------------------------------
Gün: 2       Bakiye:0.05       Günlük Kar:0.05
Paket |  Gün:54/365 | Miktar:10.00$ | Günlük Kazanç: 0.05$ (%0.5) | Toplam Kazanç:0.10$
------------------------------
------------------------------
Gün: 3       Bakiye:0.10       Günlük Kar:0.05
Paket |  Gün:55/365 | Miktar:10.00$ | Günlük Kazanç: 0.05$ (%0.5) | Toplam Kazanç:0.15$
------------------------------
------------------------------
Gün: 4       Bakiye:0.15       Günlük Kar:0.05
Paket |  Gün:56/365 | Miktar:10.00$ | Günlük Kazanç: 0.05$ (%0.5) | Toplam Kazanç:0.20$
------------------------------
------------------------------
Gün: 5       Bakiye:0.20       Günlük Kar:0.05
Paket |  Gün:57/365 | Miktar:10.00$ | Günlük Kazanç: 0.05$ (%0.5) | Toplam Kazanç:0.25$
------------------------------
------------------------------
Gün: 6       Bakiye:0.25       Günlük Kar:0.05
Paket |  Gün:58/365 | Miktar:10.00$ | Günlük Kazanç: 0.05$ (%0.5) | Toplam Kazanç:0.30$
------------------------------
------------------------------
Gün: 7       Bakiye:0.30       Günlük Kar:0.05
Paket |  Gün:59/365 | Miktar:10.00$ | Günlük Kazanç: 0.05$ (%0.5) | Toplam Kazanç:0.35$
------------------------------
------------------------------
Gün: 8       Bakiye:0.35       Günlük Kar:0.05
Paket |  Gün:60/365 | Miktar:10.00$ | Günlük Kazanç: 0.05$ (%0.5) | Toplam Kazanç:0.40$
------------------------------
------------------------------
Gün: 9       Bakiye:0.40       Günlük Kar:0.05
Paket |  Gün:61/365 | Miktar:10.00$ | Günlük Kazanç: 0.05$ (%0.5) | Toplam Kazanç:0.45$
------------------------------
------------------------------
Gün: 10       Bakiye:0.45       Günlük Kar:0.05
Paket |  Gün:62/365 | Miktar:10.00$ | Günlük Kazanç: 0.05$ (%0.5) | Toplam Kazanç:0.50$
------------------------------
------------------------------
Gün: 11       Bakiye:0.50       Günlük Kar:0.05
Paket |  Gün:63/365 | Miktar:10.00$ | Günlük Kazanç: 0.05$ (%0.5) | Toplam Kazanç:0.55$
------------------------------
------------------------------
Gün: 12       Bakiye:0.55       Günlük Kar:0.05
Paket |  Gün:64/365 | Miktar:10.00$ | Günlük Kazanç: 0.05$ (%0.5) | Toplam Kazanç:0.60$
------------------------------
------------------------------
Gün: 13       Bakiye:0.60       Günlük Kar:0.05
Paket |  Gün:65/365 | Miktar:10.00$ | Günlük Kazanç: 0.05$ (%0.5) | Toplam Kazanç:0.65$
------------------------------
------------------------------
Gün: 14       Bakiye:0.65       Günlük Kar:0.05
Paket |  Gün:66/365 | Miktar:10.00$ | Günlük Kazanç: 0.05$ (%0.5) | Toplam Kazanç:0.70$
------------------------------
------------------------------
Gün: 15       Bakiye:0.70       Günlük Kar:0.05
Paket |  Gün:67/365 | Miktar:10.00$ | Günlük Kazanç: 0.05$ (%0.5) | Toplam Kazanç:0.75$
------------------------------
------------------------------
Gün: 16       Bakiye:0.75       Günlük Kar:0.05
Paket |  Gün:68/365 | Miktar:10.00$ | Günlük Kazanç: 0.05$ (%0.5) | Toplam Kazanç:0.80$
------------------------------
------------------------------
Gün: 17       Bakiye:0.80       Günlük Kar:0.05
Paket |  Gün:69/365 | Miktar:10.00$ | Günlük Kazanç: 0.05$ (%0.5) | Toplam Kazanç:0.85$
------------------------------
------------------------------
Gün: 18       Bakiye:0.85       Günlük Kar:0.05
Paket |  Gün:70/365 | Miktar:10.00$ | Günlük Kazanç: 0.05$ (%0.5) | Toplam Kazanç:0.90$
------------------------------
------------------------------
Gün: 19       Bakiye:0.90       Günlük Kar:0.05
Paket |  Gün:71/365 | Miktar:10.00$ | Günlük Kazanç: 0.05$ (%0.5) | Toplam Kazanç:0.95$
------------------------------
------------------------------
Gün: 20       Bakiye:0.95       Günlük Kar:0.05
Paket |  Gün:72/365 | Miktar:10.00$ | Günlük Kazanç: 0.05$ (%0.5) | Toplam Kazanç:1.00$
------------------------------
------------------------------
Gün: 21       Bakiye:1.00       Günlük Kar:0.05
Paket |  Gün:73/365 | Miktar:10.00$ | Günlük Kazanç: 0.05$ (%0.5) | Toplam Kazanç:1.05$
------------------------------
------------------------------
Gün: 22       Bakiye:1.05       Günlük Kar:0.05
Paket |  Gün:74/365 | Miktar:10.00$ | Günlük Kazanç: 0.05$ (%0.5) | Toplam Kazanç:1.10$
------------------------------
------------------------------
Gün: 23       Bakiye:1.10       Günlük Kar:0.05
Paket |  Gün:75/365 | Miktar:10.00$ | Günlük Kazanç: 0.05$ (%0.5) | Toplam Kazanç:1.15$
------------------------------
------------------------------
Gün: 24       Bakiye:1.15       Günlük Kar:0.05
Paket |  Gün:76/365 | Miktar:10.00$ | Günlük Kazanç: 0.05$ (%0.5) | Toplam Kazanç:1.20$
------------------------------
------------------------------
Gün: 25       Bakiye:1.20       Günlük Kar:0.05
Paket |  Gün:77/365 | Miktar:10.00$ | Günlük Kazanç: 0.05$ (%0.5) | Toplam Kazanç:1.25$
------------------------------
------------------------------
Gün: 26       Bakiye:1.25       Günlük Kar:0.05
Paket |  Gün:78/365 | Miktar:10.00$ | Günlük Kazanç: 0.05$ (%0.5) | Toplam Kazanç:1.30$
------------------------------
------------------------------
Gün: 27       Bakiye:1.30       Günlük Kar:0.05
Paket |  Gün:79/365 | Miktar:10.00$ | Günlük Kazanç: 0.05$ (%0.5) | Toplam Kazanç:1.35$
------------------------------
------------------------------
Gün: 28       Bakiye:1.35       Günlük Kar:0.05
Paket |  Gün:80/365 | Miktar:10.00$ | Günlük Kazanç: 0.05$ (%0.5) | Toplam Kazanç:1.40$
------------------------------
------------------------------
Gün: 29       Bakiye:1.40       Günlük Kar:0.05
Paket |  Gün:81/365 | Miktar:10.00$ | Günlük Kazanç: 0.05$ (%0.5) | Toplam Kazanç:1.45$
------------------------------
------------------------------
Gün: 30       Bakiye:1.45       Günlük Kar:0.05
Paket |  Gün:82/365 | Miktar:10.00$ | Günlük Kazanç: 0.05$ (%0.5) | Toplam Kazanç:1.50$
------------------------------
------------------------------
Gün: 31       Bakiye:1.50       Günlük Kar:0.05
Paket |  Gün:83/365 | Miktar:10.00$ | Günlük Kazanç: 0.05$ (%0.5) | Toplam Kazanç:1.55$
------------------------------
------------------------------
Gün: 32       Bakiye:1.55       Günlük Kar:0.05
Paket |  Gün:84/365 | Miktar:10.00$ | Günlük Kazanç: 0.05$ (%0.5) | Toplam Kazanç:1.60$
------------------------------
------------------------------
Gün: 33       Bakiye:1.60       Günlük Kar:0.05
Paket |  Gün:85/365 | Miktar:10.00$ | Günlük Kazanç: 0.05$ (%0.5) | Toplam Kazanç:1.65$
------------------------------
------------------------------
Gün: 34       Bakiye:1.65       Günlük Kar:0.05
Paket |  Gün:86/365 | Miktar:10.00$ | Günlük Kazanç: 0.05$ (%0.5) | Toplam Kazanç:1.70$
------------------------------
------------------------------
Gün: 35       Bakiye:1.70       Günlük Kar:0.05
Paket |  Gün:87/365 | Miktar:10.00$ | Günlük Kazanç: 0.05$ (%0.5) | Toplam Kazanç:1.75$
------------------------------
------------------------------
Gün: 36       Bakiye:1.75       Günlük Kar:0.05
Paket |  Gün:88/365 | Miktar:10.00$ | Günlük Kazanç: 0.05$ (%0.5) | Toplam Kazanç:1.80$
------------------------------
------------------------------
Gün: 37       Bakiye:1.80       Günlük Kar:0.05
Paket |  Gün:89/365 | Miktar:10.00$ | Günlük Kazanç: 0.05$ (%0.5) | Toplam Kazanç:1.85$
------------------------------
------------------------------
Gün: 38       Bakiye:1.85       Günlük Kar:0.05
Paket |  Gün:90/365 | Miktar:10.00$ | Günlük Kazanç: 0.05$ (%0.5) | Toplam Kazanç:1.90$
------------------------------
------------------------------
Gün: 39       Bakiye:1.90       Günlük Kar:0.05
Paket |  Gün:91/365 | Miktar:10.00$ | Günlük Kazanç: 0.05$ (%0.5) | Toplam Kazanç:1.95$
------------------------------
------------------------------
Gün: 40       Bakiye:1.95       Günlük Kar:0.05
Paket |  Gün:92/365 | Miktar:10.00$ | Günlük Kazanç: 0.05$ (%0.5) | Toplam Kazanç:2.00$
------------------------------
------------------------------
Gün: 41       Bakiye:2.00       Günlük Kar:0.05
Paket |  Gün:93/365 | Miktar:10.00$ | Günlük Kazanç: 0.05$ (%0.5) | Toplam Kazanç:2.05$
------------------------------
------------------------------
Gün: 42       Bakiye:2.05       Günlük Kar:0.05
Paket |  Gün:94/365 | Miktar:10.00$ | Günlük Kazanç: 0.05$ (%0.5) | Toplam Kazanç:2.10$
------------------------------
------------------------------
Gün: 43       Bakiye:2.10       Günlük Kar:0.05
Paket |  Gün:95/365 | Miktar:10.00$ | Günlük Kazanç: 0.05$ (%0.5) | Toplam Kazanç:2.15$
------------------------------
------------------------------
Gün: 44       Bakiye:2.15       Günlük Kar:0.05
Paket |  Gün:96/365 | Miktar:10.00$ | Günlük Kazanç: 0.05$ (%0.5) | Toplam Kazanç:2.20$
------------------------------
------------------------------
Gün: 45       Bakiye:2.20       Günlük Kar:0.05
Paket |  Gün:97/365 | Miktar:10.00$ | Günlük Kazanç: 0.05$ (%0.5) | Toplam Kazanç:2.25$
------------------------------
------------------------------
Gün: 46       Bakiye:2.25       Günlük Kar:0.05
Paket |  Gün:98/365 | Miktar:10.00$ | Günlük Kazanç: 0.05$ (%0.5) | Toplam Kazanç:2.30$
------------------------------
------------------------------
Gün: 47       Bakiye:2.30       Günlük Kar:0.05
Paket |  Gün:99/365 | Miktar:10.00$ | Günlük Kazanç: 0.05$ (%0.5) | Toplam Kazanç:2.35$
------------------------------
------------------------------
Gün: 48       Bakiye:2.35       Günlük Kar:0.05
Paket |  Gün:100/365 | Miktar:10.00$ | Günlük Kazanç: 0.05$ (%0.5) | Toplam Kazanç:2.40$
------------------------------
------------------------------
Gün: 49       Bakiye:2.40       Günlük Kar:0.05
Paket |  Gün:101/365 | Miktar:10.00$ | Günlük Kazanç: 0.05$ (%0.5) | Toplam Kazanç:2.45$
------------------------------
------------------------------
Gün: 50       Bakiye:2.45       Günlük Kar:0.05
Paket |  Gün:102/365 | Miktar:10.00$ | Günlük Kazanç: 0.05$ (%0.5) | Toplam Kazanç:2.50$
------------------------------
------------------------------
Gün: 51       Bakiye:2.50       Günlük Kar:0.05
Paket |  Gün:103/365 | Miktar:10.00$ | Günlük Kazanç: 0.05$ (%0.5) | Toplam Kazanç:2.55$
------------------------------
------------------------------
Gün: 52       Bakiye:2.55       Günlük Kar:0.05
Paket |  Gün:104/365 | Miktar:10.00$ | Günlük Kazanç: 0.05$ (%0.5) | Toplam Kazanç:2.60$
------------------------------
------------------------------
Gün: 53       Bakiye:2.60       Günlük Kar:0.05
Paket |  Gün:105/365 | Miktar:10.00$ | Günlük Kazanç: 0.05$ (%0.5) | Toplam Kazanç:2.65$
------------------------------
------------------------------
Gün: 54       Bakiye:2.65       Günlük Kar:0.05
Paket |  Gün:106/365 | Miktar:10.00$ | Günlük Kazanç: 0.05$ (%0.5) | Toplam Kazanç:2.70$
------------------------------
------------------------------
Gün: 55       Bakiye:2.70       Günlük Kar:0.05
Paket |  Gün:107/365 | Miktar:10.00$ | Günlük Kazanç: 0.05$ (%0.5) | Toplam Kazanç:2.75$
------------------------------
------------------------------
Gün: 56       Bakiye:2.75       Günlük Kar:0.05
Paket |  Gün:108/365 | Miktar:10.00$ | Günlük Kazanç: 0.05$ (%0.5) | Toplam Kazanç:2.80$
------------------------------
------------------------------
Gün: 57       Bakiye:2.80       Günlük Kar:0.05
Paket |  Gün:109/365 | Miktar:10.00$ | Günlük Kazanç: 0.05$ (%0.5) | Toplam Kazanç:2.85$
------------------------------
------------------------------
Gün: 58       Bakiye:2.85       Günlük Kar:0.05
Paket |  Gün:110/365 | Miktar:10.00$ | Günlük Kazanç: 0.05$ (%0.5) | Toplam Kazanç:2.90$
------------------------------
------------------------------
Gün: 59       Bakiye:2.90       Günlük Kar:0.05
Paket |  Gün:111/365 | Miktar:10.00$ | Günlük Kazanç: 0.05$ (%0.5) | Toplam Kazanç:2.95$
------------------------------
------------------------------
Gün: 60       Bakiye:2.95       Günlük Kar:0.05
Paket |  Gün:112/365 | Miktar:10.00$ | Günlük Kazanç: 0.05$ (%0.5) | Toplam Kazanç:3.00$
------------------------------
------------------------------
Gün: 61       Bakiye:3.00       Günlük Kar:0.05
Paket |  Gün:113/365 | Miktar:10.00$ | Günlük Kazanç: 0.05$ (%0.5) | Toplam Kazanç:3.05$
------------------------------
------------------------------
Gün: 62       Bakiye:3.05       Günlük Kar:0.05
Paket |  Gün:114/365 | Miktar:10.00$ | Günlük Kazanç: 0.05$ (%0.5) | Toplam Kazanç:3.10$
------------------------------
------------------------------
Gün: 63       Bakiye:3.10       Günlük Kar:0.05
Paket |  Gün:115/365 | Miktar:10.00$ | Günlük Kazanç: 0.05$ (%0.5) | Toplam Kazanç:3.15$
------------------------------
------------------------------
Gün: 64       Bakiye:3.15       Günlük Kar:0.05
Paket |  Gün:116/365 | Miktar:10.00$ | Günlük Kazanç: 0.05$ (%0.5) | Toplam Kazanç:3.20$
------------------------------
------------------------------
Gün: 65       Bakiye:3.20       Günlük Kar:0.05
Paket |  Gün:117/365 | Miktar:10.00$ | Günlük Kazanç: 0.05$ (%0.5) | Toplam Kazanç:3.25$
------------------------------
------------------------------
Gün: 66       Bakiye:3.25       Günlük Kar:0.05
Paket |  Gün:118/365 | Miktar:10.00$ | Günlük Kazanç: 0.05$ (%0.5) | Toplam Kazanç:3.30$
------------------------------
------------------------------
Gün: 67       Bakiye:3.30       Günlük Kar:0.05
Paket |  Gün:119/365 | Miktar:10.00$ | Günlük Kazanç: 0.05$ (%0.5) | Toplam Kazanç:3.35$
------------------------------
------------------------------
Gün: 68       Bakiye:3.35       Günlük Kar:0.05
Paket |  Gün:120/365 | Miktar:10.00$ | Günlük Kazanç: 0.05$ (%0.5) | Toplam Kazanç:3.40$
------------------------------
------------------------------
Gün: 69       Bakiye:3.40       Günlük Kar:0.05
Paket |  Gün:121/365 | Miktar:10.00$ | Günlük Kazanç: 0.05$ (%0.5) | Toplam Kazanç:3.45$
------------------------------
------------------------------
Gün: 70       Bakiye:3.45       Günlük Kar:0.05
Paket |  Gün:122/365 | Miktar:10.00$ | Günlük Kazanç: 0.05$ (%0.5) | Toplam Kazanç:3.50$
------------------------------
------------------------------
Gün: 71       Bakiye:3.50       Günlük Kar:0.05
Paket |  Gün:123/365 | Miktar:10.00$ | Günlük Kazanç: 0.05$ (%0.5) | Toplam Kazanç:3.55$
------------------------------
------------------------------
Gün: 72       Bakiye:3.55       Günlük Kar:0.05
Paket |  Gün:124/365 | Miktar:10.00$ | Günlük Kazanç: 0.05$ (%0.5) | Toplam Kazanç:3.60$
------------------------------
------------------------------
Gün: 73       Bakiye:3.60       Günlük Kar:0.05
Paket |  Gün:125/365 | Miktar:10.00$ | Günlük Kazanç: 0.05$ (%0.5) | Toplam Kazanç:3.65$
------------------------------
------------------------------
Gün: 74       Bakiye:3.65       Günlük Kar:0.05
Paket |  Gün:126/365 | Miktar:10.00$ | Günlük Kazanç: 0.05$ (%0.5) | Toplam Kazanç:3.70$
------------------------------
------------------------------
Gün: 75       Bakiye:3.70       Günlük Kar:0.05
Paket |  Gün:127/365 | Miktar:10.00$ | Günlük Kazanç: 0.05$ (%0.5) | Toplam Kazanç:3.75$
------------------------------
------------------------------
Gün: 76       Bakiye:3.75       Günlük Kar:0.05
Paket |  Gün:128/365 | Miktar:10.00$ | Günlük Kazanç: 0.05$ (%0.5) | Toplam Kazanç:3.80$
------------------------------
------------------------------
Gün: 77       Bakiye:3.80       Günlük Kar:0.05
Paket |  Gün:129/365 | Miktar:10.00$ | Günlük Kazanç: 0.05$ (%0.5) | Toplam Kazanç:3.85$
------------------------------
------------------------------
Gün: 78       Bakiye:3.85       Günlük Kar:0.05
Paket |  Gün:130/365 | Miktar:10.00$ | Günlük Kazanç: 0.05$ (%0.5) | Toplam Kazanç:3.90$
------------------------------
------------------------------
Gün: 79       Bakiye:3.90       Günlük Kar:0.05
Paket |  Gün:131/365 | Miktar:10.00$ | Günlük Kazanç: 0.05$ (%0.5) | Toplam Kazanç:3.95$
------------------------------
------------------------------
Gün: 80       Bakiye:3.95       Günlük Kar:0.05
Paket |  Gün:132/365 | Miktar:10.00$ | Günlük Kazanç: 0.05$ (%0.5) | Toplam Kazanç:4.00$
------------------------------
------------------------------
Gün: 81       Bakiye:4.00       Günlük Kar:0.05
Paket |  Gün:133/365 | Miktar:10.00$ | Günlük Kazanç: 0.05$ (%0.5) | Toplam Kazanç:4.05$
------------------------------
------------------------------
Gün: 82       Bakiye:4.05       Günlük Kar:0.05
Paket |  Gün:134/365 | Miktar:10.00$ | Günlük Kazanç: 0.05$ (%0.5) | Toplam Kazanç:4.10$
------------------------------
------------------------------
Gün: 83       Bakiye:4.10       Günlük Kar:0.05
Paket |  Gün:135/365 | Miktar:10.00$ | Günlük Kazanç: 0.05$ (%0.5) | Toplam Kazanç:4.15$
------------------------------
------------------------------
Gün: 84       Bakiye:4.15       Günlük Kar:0.05
Paket |  Gün:136/365 | Miktar:10.00$ | Günlük Kazanç: 0.05$ (%0.5) | Toplam Kazanç:4.20$
------------------------------
------------------------------
Gün: 85       Bakiye:4.20       Günlük Kar:0.05
Paket |  Gün:137/365 | Miktar:10.00$ | Günlük Kazanç: 0.05$ (%0.5) | Toplam Kazanç:4.25$
------------------------------
------------------------------
Gün: 86       Bakiye:4.25       Günlük Kar:0.05
Paket |  Gün:138/365 | Miktar:10.00$ | Günlük Kazanç: 0.05$ (%0.5) | Toplam Kazanç:4.30$
------------------------------
------------------------------
Gün: 87       Bakiye:4.30       Günlük Kar:0.05
Paket |  Gün:139/365 | Miktar:10.00$ | Günlük Kazanç: 0.05$ (%0.5) | Toplam Kazanç:4.35$
------------------------------
------------------------------
Gün: 88       Bakiye:4.35       Günlük Kar:0.05
Paket |  Gün:140/365 | Miktar:10.00$ | Günlük Kazanç: 0.05$ (%0.5) | Toplam Kazanç:4.40$
------------------------------
------------------------------
Gün: 89       Bakiye:4.40       Günlük Kar:0.05
Paket |  Gün:141/365 | Miktar:10.00$ | Günlük Kazanç: 0.05$ (%0.5) | Toplam Kazanç:4.45$
------------------------------
------------------------------
Gün: 90       Bakiye:4.45       Günlük Kar:0.05
Paket |  Gün:142/365 | Miktar:10.00$ | Günlük Kazanç: 0.05$ (%0.5) | Toplam Kazanç:4.50$
------------------------------
------------------------------
Gün: 91       Bakiye:4.50       Günlük Kar:0.05
Paket |  Gün:143/365 | Miktar:10.00$ | Günlük Kazanç: 0.05$ (%0.5) | Toplam Kazanç:4.55$
------------------------------
------------------------------
Gün: 92       Bakiye:4.55       Günlük Kar:0.05
Paket |  Gün:144/365 | Miktar:10.00$ | Günlük Kazanç: 0.05$ (%0.5) | Toplam Kazanç:4.60$
------------------------------
------------------------------
Gün: 93       Bakiye:4.60       Günlük Kar:0.05
Paket |  Gün:145/365 | Miktar:10.00$ | Günlük Kazanç: 0.05$ (%0.5) | Toplam Kazanç:4.65$
------------------------------
------------------------------
Gün: 94       Bakiye:4.65       Günlük Kar:0.05
Paket |  Gün:146/365 | Miktar:10.00$ | Günlük Kazanç: 0.05$ (%0.5) | Toplam Kazanç:4.70$
------------------------------
------------------------------
Gün: 95       Bakiye:4.70       Günlük Kar:0.05
Paket |  Gün:147/365 | Miktar:10.00$ | Günlük Kazanç: 0.05$ (%0.5) | Toplam Kazanç:4.75$
------------------------------
------------------------------
Gün: 96       Bakiye:4.75       Günlük Kar:0.05
Paket |  Gün:148/365 | Miktar:10.00$ | Günlük Kazanç: 0.05$ (%0.5) | Toplam Kazanç:4.80$
------------------------------
------------------------------
Gün: 97       Bakiye:4.80       Günlük Kar:0.05
Paket |  Gün:149/365 | Miktar:10.00$ | Günlük Kazanç: 0.05$ (%0.5) | Toplam Kazanç:4.85$
------------------------------
------------------------------
Gün: 98       Bakiye:4.85       Günlük Kar:0.05
Paket |  Gün:150/365 | Miktar:10.00$ | Günlük Kazanç: 0.05$ (%0.5) | Toplam Kazanç:4.90$
------------------------------
------------------------------
Gün: 99       Bakiye:4.90       Günlük Kar:0.05
Paket |  Gün:151/365 | Miktar:10.00$ | Günlük Kazanç: 0.05$ (%0.5) | Toplam Kazanç:4.95$
------------------------------
------------------------------
Gün: 100       Bakiye:4.95       Günlük Kar:0.05
Paket |  Gün:152/365 | Miktar:10.00$ | Günlük Kazanç: 0.05$ (%0.5) | Toplam Kazanç:5.00$
------------------------------
------------------------------
Gün: 101       Bakiye:5.00       Günlük Kar:0.05
Paket |  Gün:153/365 | Miktar:10.00$ | Günlük Kazanç: 0.05$ (%0.5) | Toplam Kazanç:5.05$
------------------------------
------------------------------
Gün: 102       Bakiye:5.05       Günlük Kar:0.05
Paket |  Gün:154/365 | Miktar:10.00$ | Günlük Kazanç: 0.05$ (%0.5) | Toplam Kazanç:5.10$
------------------------------
------------------------------
Gün: 103       Bakiye:5.10       Günlük Kar:0.05
Paket |  Gün:155/365 | Miktar:10.00$ | Günlük Kazanç: 0.05$ (%0.5) | Toplam Kazanç:5.15$
------------------------------
------------------------------
Gün: 104       Bakiye:5.15       Günlük Kar:0.05
Paket |  Gün:156/365 | Miktar:10.00$ | Günlük Kazanç: 0.05$ (%0.5) | Toplam Kazanç:5.20$
------------------------------
------------------------------
Gün: 105       Bakiye:5.20       Günlük Kar:0.05
Paket |  Gün:157/365 | Miktar:10.00$ | Günlük Kazanç: 0.05$ (%0.5) | Toplam Kazanç:5.25$
------------------------------
------------------------------
Gün: 106       Bakiye:5.25       Günlük Kar:0.05
Paket |  Gün:158/365 | Miktar:10.00$ | Günlük Kazanç: 0.05$ (%0.5) | Toplam Kazanç:5.30$
------------------------------
------------------------------
Gün: 107       Bakiye:5.30       Günlük Kar:0.05
Paket |  Gün:159/365 | Miktar:10.00$ | Günlük Kazanç: 0.05$ (%0.5) | Toplam Kazanç:5.35$
------------------------------
------------------------------
Gün: 108       Bakiye:5.35       Günlük Kar:0.05
Paket |  Gün:160/365 | Miktar:10.00$ | Günlük Kazanç: 0.05$ (%0.5) | Toplam Kazanç:5.40$
------------------------------
------------------------------
Gün: 109       Bakiye:5.40       Günlük Kar:0.05
Paket |  Gün:161/365 | Miktar:10.00$ | Günlük Kazanç: 0.05$ (%0.5) | Toplam Kazanç:5.45$
------------------------------
------------------------------
Gün: 110       Bakiye:5.45       Günlük Kar:0.05
Paket |  Gün:162/365 | Miktar:10.00$ | Günlük Kazanç: 0.05$ (%0.5) | Toplam Kazanç:5.50$
------------------------------
------------------------------
Gün: 111       Bakiye:5.50       Günlük Kar:0.05
Paket |  Gün:163/365 | Miktar:10.00$ | Günlük Kazanç: 0.05$ (%0.5) | Toplam Kazanç:5.55$
------------------------------
------------------------------
Gün: 112       Bakiye:5.55       Günlük Kar:0.05
Paket |  Gün:164/365 | Miktar:10.00$ | Günlük Kazanç: 0.05$ (%0.5) | Toplam Kazanç:5.60$
------------------------------
------------------------------
Gün: 113       Bakiye:5.60       Günlük Kar:0.05
Paket |  Gün:165/365 | Miktar:10.00$ | Günlük Kazanç: 0.05$ (%0.5) | Toplam Kazanç:5.65$
------------------------------
------------------------------
Gün: 114       Bakiye:5.65       Günlük Kar:0.05
Paket |  Gün:166/365 | Miktar:10.00$ | Günlük Kazanç: 0.05$ (%0.5) | Toplam Kazanç:5.70$
------------------------------
------------------------------
Gün: 115       Bakiye:5.70       Günlük Kar:0.05
Paket |  Gün:167/365 | Miktar:10.00$ | Günlük Kazanç: 0.05$ (%0.5) | Toplam Kazanç:5.75$
------------------------------
------------------------------
Gün: 116       Bakiye:5.75       Günlük Kar:0.05
Paket |  Gün:168/365 | Miktar:10.00$ | Günlük Kazanç: 0.05$ (%0.5) | Toplam Kazanç:5.80$
------------------------------
------------------------------
Gün: 117       Bakiye:5.80       Günlük Kar:0.05
Paket |  Gün:169/365 | Miktar:10.00$ | Günlük Kazanç: 0.05$ (%0.5) | Toplam Kazanç:5.85$
------------------------------
------------------------------
Gün: 118       Bakiye:5.85       Günlük Kar:0.05
Paket |  Gün:170/365 | Miktar:10.00$ | Günlük Kazanç: 0.05$ (%0.5) | Toplam Kazanç:5.90$
------------------------------
------------------------------
Gün: 119       Bakiye:5.90       Günlük Kar:0.05
Paket |  Gün:171/365 | Miktar:10.00$ | Günlük Kazanç: 0.05$ (%0.5) | Toplam Kazanç:5.95$
------------------------------
------------------------------
Gün: 120       Bakiye:5.95       Günlük Kar:0.05
Paket |  Gün:172/365 | Miktar:10.00$ | Günlük Kazanç: 0.05$ (%0.5) | Toplam Kazanç:6.00$
------------------------------
------------------------------
Gün: 121       Bakiye:6.00       Günlük Kar:0.05
Paket |  Gün:173/365 | Miktar:10.00$ | Günlük Kazanç: 0.05$ (%0.5) | Toplam Kazanç:6.05$
------------------------------
------------------------------
Gün: 122       Bakiye:6.05       Günlük Kar:0.05
Paket |  Gün:174/365 | Miktar:10.00$ | Günlük Kazanç: 0.05$ (%0.5) | Toplam Kazanç:6.10$
------------------------------
------------------------------
Gün: 123       Bakiye:6.10       Günlük Kar:0.05
Paket |  Gün:175/365 | Miktar:10.00$ | Günlük Kazanç: 0.05$ (%0.5) | Toplam Kazanç:6.15$
------------------------------
------------------------------
Gün: 124       Bakiye:6.15       Günlük Kar:0.05
Paket |  Gün:176/365 | Miktar:10.00$ | Günlük Kazanç: 0.05$ (%0.5) | Toplam Kazanç:6.20$
------------------------------
------------------------------
Gün: 125       Bakiye:6.20       Günlük Kar:0.05
Paket |  Gün:177/365 | Miktar:10.00$ | Günlük Kazanç: 0.05$ (%0.5) | Toplam Kazanç:6.25$
------------------------------
------------------------------
Gün: 126       Bakiye:6.25       Günlük Kar:0.05
Paket |  Gün:178/365 | Miktar:10.00$ | Günlük Kazanç: 0.05$ (%0.5) | Toplam Kazanç:6.30$
------------------------------
------------------------------
Gün: 127       Bakiye:6.30       Günlük Kar:0.05
Paket |  Gün:179/365 | Miktar:10.00$ | Günlük Kazanç: 0.05$ (%0.5) | Toplam Kazanç:6.35$
------------------------------
------------------------------
Gün: 128       Bakiye:6.35       Günlük Kar:0.05
Paket |  Gün:180/365 | Miktar:10.00$ | Günlük Kazanç: 0.05$ (%0.5) | Toplam Kazanç:6.40$
------------------------------
------------------------------
Gün: 129       Bakiye:6.40       Günlük Kar:0.05
Paket |  Gün:181/365 | Miktar:10.00$ | Günlük Kazanç: 0.05$ (%0.5) | Toplam Kazanç:6.45$
------------------------------
------------------------------
Gün: 130       Bakiye:6.45       Günlük Kar:0.05
Paket |  Gün:182/365 | Miktar:10.00$ | Günlük Kazanç: 0.05$ (%0.5) | Toplam Kazanç:6.50$
------------------------------
------------------------------
Gün: 131       Bakiye:6.50       Günlük Kar:0.05
Paket |  Gün:183/365 | Miktar:10.00$ | Günlük Kazanç: 0.05$ (%0.5) | Toplam Kazanç:6.55$
------------------------------
------------------------------
Gün: 132       Bakiye:6.55       Günlük Kar:0.05
Paket |  Gün:184/365 | Miktar:10.00$ | Günlük Kazanç: 0.05$ (%0.5) | Toplam Kazanç:6.60$
------------------------------
------------------------------
Gün: 133       Bakiye:6.60       Günlük Kar:0.05
Paket |  Gün:185/365 | Miktar:10.00$ | Günlük Kazanç: 0.05$ (%0.5) | Toplam Kazanç:6.65$
------------------------------
------------------------------
Gün: 134       Bakiye:6.65       Günlük Kar:0.05
Paket |  Gün:186/365 | Miktar:10.00$ | Günlük Kazanç: 0.05$ (%0.5) | Toplam Kazanç:6.70$
------------------------------
------------------------------
Gün: 135       Bakiye:6.70       Günlük Kar:0.05
Paket |  Gün:187/365 | Miktar:10.00$ | Günlük Kazanç: 0.05$ (%0.5) | Toplam Kazanç:6.75$
------------------------------
------------------------------
Gün: 136       Bakiye:6.75       Günlük Kar:0.05
Paket |  Gün:188/365 | Miktar:10.00$ | Günlük Kazanç: 0.05$ (%0.5) | Toplam Kazanç:6.80$
------------------------------
------------------------------
Gün: 137       Bakiye:6.80       Günlük Kar:0.05
Paket |  Gün:189/365 | Miktar:10.00$ | Günlük Kazanç: 0.05$ (%0.5) | Toplam Kazanç:6.85$
------------------------------
------------------------------
Gün: 138       Bakiye:6.85       Günlük Kar:0.05
Paket |  Gün:190/365 | Miktar:10.00$ | Günlük Kazanç: 0.05$ (%0.5) | Toplam Kazanç:6.90$
------------------------------
------------------------------
Gün: 139       Bakiye:6.90       Günlük Kar:0.05
Paket |  Gün:191/365 | Miktar:10.00$ | Günlük Kazanç: 0.05$ (%0.5) | Toplam Kazanç:6.95$
------------------------------
------------------------------
Gün: 140       Bakiye:6.95       Günlük Kar:0.05
Paket |  Gün:192/365 | Miktar:10.00$ | Günlük Kazanç: 0.05$ (%0.5) | Toplam Kazanç:7.00$
------------------------------
------------------------------
Gün: 141       Bakiye:7.00       Günlük Kar:0.05
Paket |  Gün:193/365 | Miktar:10.00$ | Günlük Kazanç: 0.05$ (%0.5) | Toplam Kazanç:7.05$
------------------------------
------------------------------
Gün: 142       Bakiye:7.05       Günlük Kar:0.05
Paket |  Gün:194/365 | Miktar:10.00$ | Günlük Kazanç: 0.05$ (%0.5) | Toplam Kazanç:7.10$
------------------------------
------------------------------
Gün: 143       Bakiye:7.10       Günlük Kar:0.05
Paket |  Gün:195/365 | Miktar:10.00$ | Günlük Kazanç: 0.05$ (%0.5) | Toplam Kazanç:7.15$
------------------------------
------------------------------
Gün: 144       Bakiye:7.15       Günlük Kar:0.05
Paket |  Gün:196/365 | Miktar:10.00$ | Günlük Kazanç: 0.05$ (%0.5) | Toplam Kazanç:7.20$
------------------------------
------------------------------
Gün: 145       Bakiye:7.20       Günlük Kar:0.05
Paket |  Gün:197/365 | Miktar:10.00$ | Günlük Kazanç: 0.05$ (%0.5) | Toplam Kazanç:7.25$
------------------------------
------------------------------
Gün: 146       Bakiye:7.25       Günlük Kar:0.05
Paket |  Gün:198/365 | Miktar:10.00$ | Günlük Kazanç: 0.05$ (%0.5) | Toplam Kazanç:7.30$
------------------------------
------------------------------
Gün: 147       Bakiye:7.30       Günlük Kar:0.05
Paket |  Gün:199/365 | Miktar:10.00$ | Günlük Kazanç: 0.05$ (%0.5) | Toplam Kazanç:7.35$
------------------------------
------------------------------
Gün: 148       Bakiye:7.35       Günlük Kar:0.05
Paket |  Gün:200/365 | Miktar:10.00$ | Günlük Kazanç: 0.05$ (%0.5) | Toplam Kazanç:7.40$
------------------------------
------------------------------
Gün: 149       Bakiye:7.40       Günlük Kar:0.05
Paket |  Gün:201/365 | Miktar:10.00$ | Günlük Kazanç: 0.05$ (%0.5) | Toplam Kazanç:7.45$
------------------------------
------------------------------
Gün: 150       Bakiye:7.45       Günlük Kar:0.05
Paket |  Gün:202/365 | Miktar:10.00$ | Günlük Kazanç: 0.05$ (%0.5) | Toplam Kazanç:7.50$
------------------------------
------------------------------
Gün: 151       Bakiye:7.50       Günlük Kar:0.05
Paket |  Gün:203/365 | Miktar:10.00$ | Günlük Kazanç: 0.05$ (%0.5) | Toplam Kazanç:7.55$
------------------------------
------------------------------
Gün: 152       Bakiye:7.55       Günlük Kar:0.05
Paket |  Gün:204/365 | Miktar:10.00$ | Günlük Kazanç: 0.05$ (%0.5) | Toplam Kazanç:7.60$
------------------------------
------------------------------
Gün: 153       Bakiye:7.60       Günlük Kar:0.05
Paket |  Gün:205/365 | Miktar:10.00$ | Günlük Kazanç: 0.05$ (%0.5) | Toplam Kazanç:7.65$
------------------------------
------------------------------
Gün: 154       Bakiye:7.65       Günlük Kar:0.05
Paket |  Gün:206/365 | Miktar:10.00$ | Günlük Kazanç: 0.05$ (%0.5) | Toplam Kazanç:7.70$
------------------------------
------------------------------
Gün: 155       Bakiye:7.70       Günlük Kar:0.05
Paket |  Gün:207/365 | Miktar:10.00$ | Günlük Kazanç: 0.05$ (%0.5) | Toplam Kazanç:7.75$
------------------------------
------------------------------
Gün: 156       Bakiye:7.75       Günlük Kar:0.05
Paket |  Gün:208/365 | Miktar:10.00$ | Günlük Kazanç: 0.05$ (%0.5) | Toplam Kazanç:7.80$
------------------------------
------------------------------
Gün: 157       Bakiye:7.80       Günlük Kar:0.05
Paket |  Gün:209/365 | Miktar:10.00$ | Günlük Kazanç: 0.05$ (%0.5) | Toplam Kazanç:7.85$
------------------------------
------------------------------
Gün: 158       Bakiye:7.85       Günlük Kar:0.05
Paket |  Gün:210/365 | Miktar:10.00$ | Günlük Kazanç: 0.05$ (%0.5) | Toplam Kazanç:7.90$
------------------------------
------------------------------
Gün: 159       Bakiye:7.90       Günlük Kar:0.05
Paket |  Gün:211/365 | Miktar:10.00$ | Günlük Kazanç: 0.05$ (%0.5) | Toplam Kazanç:7.95$
------------------------------
------------------------------
Gün: 160       Bakiye:7.95       Günlük Kar:0.05
Paket |  Gün:212/365 | Miktar:10.00$ | Günlük Kazanç: 0.05$ (%0.5) | Toplam Kazanç:8.00$
------------------------------
------------------------------
Gün: 161       Bakiye:8.00       Günlük Kar:0.05
Paket |  Gün:213/365 | Miktar:10.00$ | Günlük Kazanç: 0.05$ (%0.5) | Toplam Kazanç:8.05$
------------------------------
------------------------------
Gün: 162       Bakiye:8.05       Günlük Kar:0.05
Paket |  Gün:214/365 | Miktar:10.00$ | Günlük Kazanç: 0.05$ (%0.5) | Toplam Kazanç:8.10$
------------------------------
------------------------------
Gün: 163       Bakiye:8.10       Günlük Kar:0.05
Paket |  Gün:215/365 | Miktar:10.00$ | Günlük Kazanç: 0.05$ (%0.5) | Toplam Kazanç:8.15$
------------------------------
------------------------------
Gün: 164       Bakiye:8.15       Günlük Kar:0.05
Paket |  Gün:216/365 | Miktar:10.00$ | Günlük Kazanç: 0.05$ (%0.5) | Toplam Kazanç:8.20$
------------------------------
------------------------------
Gün: 165       Bakiye:8.20       Günlük Kar:0.05
Paket |  Gün:217/365 | Miktar:10.00$ | Günlük Kazanç: 0.05$ (%0.5) | Toplam Kazanç:8.25$
------------------------------
------------------------------
Gün: 166       Bakiye:8.25       Günlük Kar:0.05
Paket |  Gün:218/365 | Miktar:10.00$ | Günlük Kazanç: 0.05$ (%0.5) | Toplam Kazanç:8.30$
------------------------------
------------------------------
Gün: 167       Bakiye:8.30       Günlük Kar:0.05
Paket |  Gün:219/365 | Miktar:10.00$ | Günlük Kazanç: 0.05$ (%0.5) | Toplam Kazanç:8.35$
------------------------------
------------------------------
Gün: 168       Bakiye:8.35       Günlük Kar:0.05
Paket |  Gün:220/365 | Miktar:10.00$ | Günlük Kazanç: 0.05$ (%0.5) | Toplam Kazanç:8.40$
------------------------------
------------------------------
Gün: 169       Bakiye:8.40       Günlük Kar:0.05
Paket |  Gün:221/365 | Miktar:10.00$ | Günlük Kazanç: 0.05$ (%0.5) | Toplam Kazanç:8.45$
------------------------------
------------------------------
Gün: 170       Bakiye:8.45       Günlük Kar:0.05
Paket |  Gün:222/365 | Miktar:10.00$ | Günlük Kazanç: 0.05$ (%0.5) | Toplam Kazanç:8.50$
------------------------------
------------------------------
Gün: 171       Bakiye:8.50       Günlük Kar:0.05
Paket |  Gün:223/365 | Miktar:10.00$ | Günlük Kazanç: 0.05$ (%0.5) | Toplam Kazanç:8.55$
------------------------------
------------------------------
Gün: 172       Bakiye:8.55       Günlük Kar:0.05
Paket |  Gün:224/365 | Miktar:10.00$ | Günlük Kazanç: 0.05$ (%0.5) | Toplam Kazanç:8.60$
------------------------------
------------------------------
Gün: 173       Bakiye:8.60       Günlük Kar:0.05
Paket |  Gün:225/365 | Miktar:10.00$ | Günlük Kazanç: 0.05$ (%0.5) | Toplam Kazanç:8.65$
------------------------------
------------------------------
Gün: 174       Bakiye:8.65       Günlük Kar:0.05
Paket |  Gün:226/365 | Miktar:10.00$ | Günlük Kazanç: 0.05$ (%0.5) | Toplam Kazanç:8.70$
------------------------------
------------------------------
Gün: 175       Bakiye:8.70       Günlük Kar:0.05
Paket |  Gün:227/365 | Miktar:10.00$ | Günlük Kazanç: 0.05$ (%0.5) | Toplam Kazanç:8.75$
------------------------------
------------------------------
Gün: 176       Bakiye:8.75       Günlük Kar:0.05
Paket |  Gün:228/365 | Miktar:10.00$ | Günlük Kazanç: 0.05$ (%0.5) | Toplam Kazanç:8.80$
------------------------------
------------------------------
Gün: 177       Bakiye:8.80       Günlük Kar:0.05
Paket |  Gün:229/365 | Miktar:10.00$ | Günlük Kazanç: 0.05$ (%0.5) | Toplam Kazanç:8.85$
------------------------------
------------------------------
Gün: 178       Bakiye:8.85       Günlük Kar:0.05
Paket |  Gün:230/365 | Miktar:10.00$ | Günlük Kazanç: 0.05$ (%0.5) | Toplam Kazanç:8.90$
------------------------------
------------------------------
Gün: 179       Bakiye:8.90       Günlük Kar:0.05
Paket |  Gün:231/365 | Miktar:10.00$ | Günlük Kazanç: 0.05$ (%0.5) | Toplam Kazanç:8.95$
------------------------------
------------------------------
Gün: 180       Bakiye:8.95       Günlük Kar:0.05
Paket |  Gün:232/365 | Miktar:10.00$ | Günlük Kazanç: 0.05$ (%0.5) | Toplam Kazanç:9.00$
------------------------------
------------------------------
Gün: 181       Bakiye:9.00       Günlük Kar:0.05
Paket |  Gün:233/365 | Miktar:10.00$ | Günlük Kazanç: 0.05$ (%0.5) | Toplam Kazanç:9.05$
------------------------------
------------------------------
Gün: 182       Bakiye:9.05       Günlük Kar:0.05
Paket |  Gün:234/365 | Miktar:10.00$ | Günlük Kazanç: 0.05$ (%0.5) | Toplam Kazanç:9.10$
------------------------------
------------------------------
Gün: 183       Bakiye:9.10       Günlük Kar:0.05
Paket |  Gün:235/365 | Miktar:10.00$ | Günlük Kazanç: 0.05$ (%0.5) | Toplam Kazanç:9.15$
------------------------------
------------------------------
Gün: 184       Bakiye:9.15       Günlük Kar:0.05
Paket |  Gün:236/365 | Miktar:10.00$ | Günlük Kazanç: 0.05$ (%0.5) | Toplam Kazanç:9.20$
------------------------------
------------------------------
Gün: 185       Bakiye:9.20       Günlük Kar:0.05
Paket |  Gün:237/365 | Miktar:10.00$ | Günlük Kazanç: 0.05$ (%0.5) | Toplam Kazanç:9.25$
------------------------------
------------------------------
Gün: 186       Bakiye:9.25       Günlük Kar:0.05
Paket |  Gün:238/365 | Miktar:10.00$ | Günlük Kazanç: 0.05$ (%0.5) | Toplam Kazanç:9.30$
------------------------------
------------------------------
Gün: 187       Bakiye:9.30       Günlük Kar:0.05
Paket |  Gün:239/365 | Miktar:10.00$ | Günlük Kazanç: 0.05$ (%0.5) | Toplam Kazanç:9.35$
------------------------------
------------------------------
Gün: 188       Bakiye:9.35       Günlük Kar:0.05
Paket |  Gün:240/365 | Miktar:10.00$ | Günlük Kazanç: 0.05$ (%0.5) | Toplam Kazanç:9.40$
------------------------------
------------------------------
Gün: 189       Bakiye:9.40       Günlük Kar:0.05
Paket |  Gün:241/365 | Miktar:10.00$ | Günlük Kazanç: 0.05$ (%0.5) | Toplam Kazanç:9.45$
------------------------------
------------------------------
Gün: 190       Bakiye:9.45       Günlük Kar:0.05
Paket |  Gün:242/365 | Miktar:10.00$ | Günlük Kazanç: 0.05$ (%0.5) | Toplam Kazanç:9.50$
------------------------------
------------------------------
Gün: 191       Bakiye:9.50       Günlük Kar:0.05
Paket |  Gün:243/365 | Miktar:10.00$ | Günlük Kazanç: 0.05$ (%0.5) | Toplam Kazanç:9.55$
------------------------------
------------------------------
Gün: 192       Bakiye:9.55       Günlük Kar:0.05
Paket |  Gün:244/365 | Miktar:10.00$ | Günlük Kazanç: 0.05$ (%0.5) | Toplam Kazanç:9.60$
------------------------------
------------------------------
Gün: 193       Bakiye:9.60       Günlük Kar:0.05
Paket |  Gün:245/365 | Miktar:10.00$ | Günlük Kazanç: 0.05$ (%0.5) | Toplam Kazanç:9.65$
------------------------------
------------------------------
Gün: 194       Bakiye:9.65       Günlük Kar:0.05
Paket |  Gün:246/365 | Miktar:10.00$ | Günlük Kazanç: 0.05$ (%0.5) | Toplam Kazanç:9.70$
------------------------------
------------------------------
Gün: 195       Bakiye:9.70       Günlük Kar:0.05
Paket |  Gün:247/365 | Miktar:10.00$ | Günlük Kazanç: 0.05$ (%0.5) | Toplam Kazanç:9.75$
------------------------------
------------------------------
Gün: 196       Bakiye:9.75       Günlük Kar:0.05
Paket |  Gün:248/365 | Miktar:10.00$ | Günlük Kazanç: 0.05$ (%0.5) | Toplam Kazanç:9.80$
------------------------------
------------------------------
Gün: 197       Bakiye:9.80       Günlük Kar:0.05
Paket |  Gün:249/365 | Miktar:10.00$ | Günlük Kazanç: 0.05$ (%0.5) | Toplam Kazanç:9.85$
------------------------------
------------------------------
Gün: 198       Bakiye:9.85       Günlük Kar:0.05
Paket |  Gün:250/365 | Miktar:10.00$ | Günlük Kazanç: 0.05$ (%0.5) | Toplam Kazanç:9.90$
------------------------------
------------------------------
Gün: 199       Bakiye:9.90       Günlük Kar:0.05
Paket |  Gün:251/365 | Miktar:10.00$ | Günlük Kazanç: 0.05$ (%0.5) | Toplam Kazanç:9.95$
------------------------------
------------------------------
Gün: 200       Bakiye:9.95       Günlük Kar:0.05
Paket |  Gün:252/365 | Miktar:10.00$ | Günlük Kazanç: 0.05$ (%0.5) | Toplam Kazanç:10.00$
------------------------------
Yeni paket eklendi: Gün:120 Miktar: 10.00  Günlük Kar: 0.10(1.00)
------------------------------
Gün: 201       Bakiye:0.00       Günlük Kar:0.15
Paket |  Gün:253/365 | Miktar:10.00$ | Günlük Kazanç: 0.05$ (%0.5) | Toplam Kazanç:10.05$
Paket |  Gün:1/120 | Miktar:10.00$ | Günlük Kazanç: 0.10$ (%1.0) | Toplam Kazanç:0.10$
------------------------------
------------------------------
Gün: 202       Bakiye:0.15       Günlük Kar:0.15
Paket |  Gün:254/365 | Miktar:10.00$ | Günlük Kazanç: 0.05$ (%0.5) | Toplam Kazanç:10.10$
Paket |  Gün:2/120 | Miktar:10.00$ | Günlük Kazanç: 0.10$ (%1.0) | Toplam Kazanç:0.20$
------------------------------
------------------------------
Gün: 203       Bakiye:0.30       Günlük Kar:0.15
Paket |  Gün:255/365 | Miktar:10.00$ | Günlük Kazanç: 0.05$ (%0.5) | Toplam Kazanç:10.15$
Paket |  Gün:3/120 | Miktar:10.00$ | Günlük Kazanç: 0.10$ (%1.0) | Toplam Kazanç:0.30$
------------------------------
------------------------------
Gün: 204       Bakiye:0.45       Günlük Kar:0.15
Paket |  Gün:256/365 | Miktar:10.00$ | Günlük Kazanç: 0.05$ (%0.5) | Toplam Kazanç:10.20$
Paket |  Gün:4/120 | Miktar:10.00$ | Günlük Kazanç: 0.10$ (%1.0) | Toplam Kazanç:0.40$
------------------------------
------------------------------
Gün: 205       Bakiye:0.60       Günlük Kar:0.15
Paket |  Gün:257/365 | Miktar:10.00$ | Günlük Kazanç: 0.05$ (%0.5) | Toplam Kazanç:10.25$
Paket |  Gün:5/120 | Miktar:10.00$ | Günlük Kazanç: 0.10$ (%1.0) | Toplam Kazanç:0.50$
------------------------------
------------------------------
Gün: 206       Bakiye:0.75       Günlük Kar:0.15
Paket |  Gün:258/365 | Miktar:10.00$ | Günlük Kazanç: 0.05$ (%0.5) | Toplam Kazanç:10.30$
Paket |  Gün:6/120 | Miktar:10.00$ | Günlük Kazanç: 0.10$ (%1.0) | Toplam Kazanç:0.60$
------------------------------
------------------------------
Gün: 207       Bakiye:0.90       Günlük Kar:0.15
Paket |  Gün:259/365 | Miktar:10.00$ | Günlük Kazanç: 0.05$ (%0.5) | Toplam Kazanç:10.35$
Paket |  Gün:7/120 | Miktar:10.00$ | Günlük Kazanç: 0.10$ (%1.0) | Toplam Kazanç:0.70$
------------------------------
------------------------------
Gün: 208       Bakiye:1.05       Günlük Kar:0.15
Paket |  Gün:260/365 | Miktar:10.00$ | Günlük Kazanç: 0.05$ (%0.5) | Toplam Kazanç:10.40$
Paket |  Gün:8/120 | Miktar:10.00$ | Günlük Kazanç: 0.10$ (%1.0) | Toplam Kazanç:0.80$
------------------------------
------------------------------
Gün: 209       Bakiye:1.20       Günlük Kar:0.15
Paket |  Gün:261/365 | Miktar:10.00$ | Günlük Kazanç: 0.05$ (%0.5) | Toplam Kazanç:10.45$
Paket |  Gün:9/120 | Miktar:10.00$ | Günlük Kazanç: 0.10$ (%1.0) | Toplam Kazanç:0.90$
------------------------------
------------------------------
Gün: 210       Bakiye:1.35       Günlük Kar:0.15
Paket |  Gün:262/365 | Miktar:10.00$ | Günlük Kazanç: 0.05$ (%0.5) | Toplam Kazanç:10.50$
Paket |  Gün:10/120 | Miktar:10.00$ | Günlük Kazanç: 0.10$ (%1.0) | Toplam Kazanç:1.00$
------------------------------
------------------------------
Gün: 211       Bakiye:1.50       Günlük Kar:0.15
Paket |  Gün:263/365 | Miktar:10.00$ | Günlük Kazanç: 0.05$ (%0.5) | Toplam Kazanç:10.55$
Paket |  Gün:11/120 | Miktar:10.00$ | Günlük Kazanç: 0.10$ (%1.0) | Toplam Kazanç:1.10$
------------------------------
------------------------------
Gün: 212       Bakiye:1.65       Günlük Kar:0.15
Paket |  Gün:264/365 | Miktar:10.00$ | Günlük Kazanç: 0.05$ (%0.5) | Toplam Kazanç:10.60$
Paket |  Gün:12/120 | Miktar:10.00$ | Günlük Kazanç: 0.10$ (%1.0) | Toplam Kazanç:1.20$
------------------------------
------------------------------
Gün: 213       Bakiye:1.80       Günlük Kar:0.15
Paket |  Gün:265/365 | Miktar:10.00$ | Günlük Kazanç: 0.05$ (%0.5) | Toplam Kazanç:10.65$
Paket |  Gün:13/120 | Miktar:10.00$ | Günlük Kazanç: 0.10$ (%1.0) | Toplam Kazanç:1.30$
------------------------------
------------------------------
Gün: 214       Bakiye:1.95       Günlük Kar:0.15
Paket |  Gün:266/365 | Miktar:10.00$ | Günlük Kazanç: 0.05$ (%0.5) | Toplam Kazanç:10.70$
Paket |  Gün:14/120 | Miktar:10.00$ | Günlük Kazanç: 0.10$ (%1.0) | Toplam Kazanç:1.40$
------------------------------
------------------------------
Gün: 215       Bakiye:2.10       Günlük Kar:0.15
Paket |  Gün:267/365 | Miktar:10.00$ | Günlük Kazanç: 0.05$ (%0.5) | Toplam Kazanç:10.75$
Paket |  Gün:15/120 | Miktar:10.00$ | Günlük Kazanç: 0.10$ (%1.0) | Toplam Kazanç:1.50$
------------------------------
------------------------------
Gün: 216       Bakiye:2.25       Günlük Kar:0.15
Paket |  Gün:268/365 | Miktar:10.00$ | Günlük Kazanç: 0.05$ (%0.5) | Toplam Kazanç:10.80$
Paket |  Gün:16/120 | Miktar:10.00$ | Günlük Kazanç: 0.10$ (%1.0) | Toplam Kazanç:1.60$
------------------------------
------------------------------
Gün: 217       Bakiye:2.40       Günlük Kar:0.15
Paket |  Gün:269/365 | Miktar:10.00$ | Günlük Kazanç: 0.05$ (%0.5) | Toplam Kazanç:10.85$
Paket |  Gün:17/120 | Miktar:10.00$ | Günlük Kazanç: 0.10$ (%1.0) | Toplam Kazanç:1.70$
------------------------------
------------------------------
Gün: 218       Bakiye:2.55       Günlük Kar:0.15
Paket |  Gün:270/365 | Miktar:10.00$ | Günlük Kazanç: 0.05$ (%0.5) | Toplam Kazanç:10.90$
Paket |  Gün:18/120 | Miktar:10.00$ | Günlük Kazanç: 0.10$ (%1.0) | Toplam Kazanç:1.80$
------------------------------
------------------------------
Gün: 219       Bakiye:2.70       Günlük Kar:0.15
Paket |  Gün:271/365 | Miktar:10.00$ | Günlük Kazanç: 0.05$ (%0.5) | Toplam Kazanç:10.95$
Paket |  Gün:19/120 | Miktar:10.00$ | Günlük Kazanç: 0.10$ (%1.0) | Toplam Kazanç:1.90$
------------------------------
------------------------------
Gün: 220       Bakiye:2.85       Günlük Kar:0.15
Paket |  Gün:272/365 | Miktar:10.00$ | Günlük Kazanç: 0.05$ (%0.5) | Toplam Kazanç:11.00$
Paket |  Gün:20/120 | Miktar:10.00$ | Günlük Kazanç: 0.10$ (%1.0) | Toplam Kazanç:2.00$
------------------------------
------------------------------
Gün: 221       Bakiye:3.00       Günlük Kar:0.15
Paket |  Gün:273/365 | Miktar:10.00$ | Günlük Kazanç: 0.05$ (%0.5) | Toplam Kazanç:11.05$
Paket |  Gün:21/120 | Miktar:10.00$ | Günlük Kazanç: 0.10$ (%1.0) | Toplam Kazanç:2.10$
------------------------------
------------------------------
Gün: 222       Bakiye:3.15       Günlük Kar:0.15
Paket |  Gün:274/365 | Miktar:10.00$ | Günlük Kazanç: 0.05$ (%0.5) | Toplam Kazanç:11.10$
Paket |  Gün:22/120 | Miktar:10.00$ | Günlük Kazanç: 0.10$ (%1.0) | Toplam Kazanç:2.20$
------------------------------
------------------------------
Gün: 223       Bakiye:3.30       Günlük Kar:0.15
Paket |  Gün:275/365 | Miktar:10.00$ | Günlük Kazanç: 0.05$ (%0.5) | Toplam Kazanç:11.15$
Paket |  Gün:23/120 | Miktar:10.00$ | Günlük Kazanç: 0.10$ (%1.0) | Toplam Kazanç:2.30$
------------------------------
------------------------------
Gün: 224       Bakiye:3.45       Günlük Kar:0.15
Paket |  Gün:276/365 | Miktar:10.00$ | Günlük Kazanç: 0.05$ (%0.5) | Toplam Kazanç:11.20$
Paket |  Gün:24/120 | Miktar:10.00$ | Günlük Kazanç: 0.10$ (%1.0) | Toplam Kazanç:2.40$
------------------------------
------------------------------
Gün: 225       Bakiye:3.60       Günlük Kar:0.15
Paket |  Gün:277/365 | Miktar:10.00$ | Günlük Kazanç: 0.05$ (%0.5) | Toplam Kazanç:11.25$
Paket |  Gün:25/120 | Miktar:10.00$ | Günlük Kazanç: 0.10$ (%1.0) | Toplam Kazanç:2.50$
------------------------------
------------------------------
Gün: 226       Bakiye:3.75       Günlük Kar:0.15
Paket |  Gün:278/365 | Miktar:10.00$ | Günlük Kazanç: 0.05$ (%0.5) | Toplam Kazanç:11.30$
Paket |  Gün:26/120 | Miktar:10.00$ | Günlük Kazanç: 0.10$ (%1.0) | Toplam Kazanç:2.60$
------------------------------
------------------------------
Gün: 227       Bakiye:3.90       Günlük Kar:0.15
Paket |  Gün:279/365 | Miktar:10.00$ | Günlük Kazanç: 0.05$ (%0.5) | Toplam Kazanç:11.35$
Paket |  Gün:27/120 | Miktar:10.00$ | Günlük Kazanç: 0.10$ (%1.0) | Toplam Kazanç:2.70$
------------------------------
------------------------------
Gün: 228       Bakiye:4.05       Günlük Kar:0.15
Paket |  Gün:280/365 | Miktar:10.00$ | Günlük Kazanç: 0.05$ (%0.5) | Toplam Kazanç:11.40$
Paket |  Gün:28/120 | Miktar:10.00$ | Günlük Kazanç: 0.10$ (%1.0) | Toplam Kazanç:2.80$
------------------------------
------------------------------
Gün: 229       Bakiye:4.20       Günlük Kar:0.15
Paket |  Gün:281/365 | Miktar:10.00$ | Günlük Kazanç: 0.05$ (%0.5) | Toplam Kazanç:11.45$
Paket |  Gün:29/120 | Miktar:10.00$ | Günlük Kazanç: 0.10$ (%1.0) | Toplam Kazanç:2.90$
------------------------------
------------------------------
Gün: 230       Bakiye:4.35       Günlük Kar:0.15
Paket |  Gün:282/365 | Miktar:10.00$ | Günlük Kazanç: 0.05$ (%0.5) | Toplam Kazanç:11.50$
Paket |  Gün:30/120 | Miktar:10.00$ | Günlük Kazanç: 0.10$ (%1.0) | Toplam Kazanç:3.00$
------------------------------
------------------------------
Gün: 231       Bakiye:4.50       Günlük Kar:0.15
Paket |  Gün:283/365 | Miktar:10.00$ | Günlük Kazanç: 0.05$ (%0.5) | Toplam Kazanç:11.55$
Paket |  Gün:31/120 | Miktar:10.00$ | Günlük Kazanç: 0.10$ (%1.0) | Toplam Kazanç:3.10$
------------------------------
------------------------------
Gün: 232       Bakiye:4.65       Günlük Kar:0.15
Paket |  Gün:284/365 | Miktar:10.00$ | Günlük Kazanç: 0.05$ (%0.5) | Toplam Kazanç:11.60$
Paket |  Gün:32/120 | Miktar:10.00$ | Günlük Kazanç: 0.10$ (%1.0) | Toplam Kazanç:3.20$
------------------------------
------------------------------
Gün: 233       Bakiye:4.80       Günlük Kar:0.15
Paket |  Gün:285/365 | Miktar:10.00$ | Günlük Kazanç: 0.05$ (%0.5) | Toplam Kazanç:11.65$
Paket |  Gün:33/120 | Miktar:10.00$ | Günlük Kazanç: 0.10$ (%1.0) | Toplam Kazanç:3.30$
------------------------------
------------------------------
Gün: 234       Bakiye:4.95       Günlük Kar:0.15
Paket |  Gün:286/365 | Miktar:10.00$ | Günlük Kazanç: 0.05$ (%0.5) | Toplam Kazanç:11.70$
Paket |  Gün:34/120 | Miktar:10.00$ | Günlük Kazanç: 0.10$ (%1.0) | Toplam Kazanç:3.40$
------------------------------
------------------------------
Gün: 235       Bakiye:5.10       Günlük Kar:0.15
Paket |  Gün:287/365 | Miktar:10.00$ | Günlük Kazanç: 0.05$ (%0.5) | Toplam Kazanç:11.75$
Paket |  Gün:35/120 | Miktar:10.00$ | Günlük Kazanç: 0.10$ (%1.0) | Toplam Kazanç:3.50$
------------------------------
------------------------------
Gün: 236       Bakiye:5.25       Günlük Kar:0.15
Paket |  Gün:288/365 | Miktar:10.00$ | Günlük Kazanç: 0.05$ (%0.5) | Toplam Kazanç:11.80$
Paket |  Gün:36/120 | Miktar:10.00$ | Günlük Kazanç: 0.10$ (%1.0) | Toplam Kazanç:3.60$
------------------------------
------------------------------
Gün: 237       Bakiye:5.40       Günlük Kar:0.15
Paket |  Gün:289/365 | Miktar:10.00$ | Günlük Kazanç: 0.05$ (%0.5) | Toplam Kazanç:11.85$
Paket |  Gün:37/120 | Miktar:10.00$ | Günlük Kazanç: 0.10$ (%1.0) | Toplam Kazanç:3.70$
------------------------------
------------------------------
Gün: 238       Bakiye:5.55       Günlük Kar:0.15
Paket |  Gün:290/365 | Miktar:10.00$ | Günlük Kazanç: 0.05$ (%0.5) | Toplam Kazanç:11.90$
Paket |  Gün:38/120 | Miktar:10.00$ | Günlük Kazanç: 0.10$ (%1.0) | Toplam Kazanç:3.80$
------------------------------
------------------------------
Gün: 239       Bakiye:5.70       Günlük Kar:0.15
Paket |  Gün:291/365 | Miktar:10.00$ | Günlük Kazanç: 0.05$ (%0.5) | Toplam Kazanç:11.95$
Paket |  Gün:39/120 | Miktar:10.00$ | Günlük Kazanç: 0.10$ (%1.0) | Toplam Kazanç:3.90$
------------------------------
------------------------------
Gün: 240       Bakiye:5.85       Günlük Kar:0.15
Paket |  Gün:292/365 | Miktar:10.00$ | Günlük Kazanç: 0.05$ (%0.5) | Toplam Kazanç:12.00$
Paket |  Gün:40/120 | Miktar:10.00$ | Günlük Kazanç: 0.10$ (%1.0) | Toplam Kazanç:4.00$
------------------------------
------------------------------
Gün: 241       Bakiye:6.00       Günlük Kar:0.15
Paket |  Gün:293/365 | Miktar:10.00$ | Günlük Kazanç: 0.05$ (%0.5) | Toplam Kazanç:12.05$
Paket |  Gün:41/120 | Miktar:10.00$ | Günlük Kazanç: 0.10$ (%1.0) | Toplam Kazanç:4.10$
------------------------------
------------------------------
Gün: 242       Bakiye:6.15       Günlük Kar:0.15
Paket |  Gün:294/365 | Miktar:10.00$ | Günlük Kazanç: 0.05$ (%0.5) | Toplam Kazanç:12.10$
Paket |  Gün:42/120 | Miktar:10.00$ | Günlük Kazanç: 0.10$ (%1.0) | Toplam Kazanç:4.20$
------------------------------
------------------------------
Gün: 243       Bakiye:6.30       Günlük Kar:0.15
Paket |  Gün:295/365 | Miktar:10.00$ | Günlük Kazanç: 0.05$ (%0.5) | Toplam Kazanç:12.15$
Paket |  Gün:43/120 | Miktar:10.00$ | Günlük Kazanç: 0.10$ (%1.0) | Toplam Kazanç:4.30$
------------------------------
------------------------------
Gün: 244       Bakiye:6.45       Günlük Kar:0.15
Paket |  Gün:296/365 | Miktar:10.00$ | Günlük Kazanç: 0.05$ (%0.5) | Toplam Kazanç:12.20$
Paket |  Gün:44/120 | Miktar:10.00$ | Günlük Kazanç: 0.10$ (%1.0) | Toplam Kazanç:4.40$
------------------------------
------------------------------
Gün: 245       Bakiye:6.60       Günlük Kar:0.15
Paket |  Gün:297/365 | Miktar:10.00$ | Günlük Kazanç: 0.05$ (%0.5) | Toplam Kazanç:12.25$
Paket |  Gün:45/120 | Miktar:10.00$ | Günlük Kazanç: 0.10$ (%1.0) | Toplam Kazanç:4.50$
------------------------------
------------------------------
Gün: 246       Bakiye:6.75       Günlük Kar:0.15
Paket |  Gün:298/365 | Miktar:10.00$ | Günlük Kazanç: 0.05$ (%0.5) | Toplam Kazanç:12.30$
Paket |  Gün:46/120 | Miktar:10.00$ | Günlük Kazanç: 0.10$ (%1.0) | Toplam Kazanç:4.60$
------------------------------
------------------------------
Gün: 247       Bakiye:6.90       Günlük Kar:0.15
Paket |  Gün:299/365 | Miktar:10.00$ | Günlük Kazanç: 0.05$ (%0.5) | Toplam Kazanç:12.35$
Paket |  Gün:47/120 | Miktar:10.00$ | Günlük Kazanç: 0.10$ (%1.0) | Toplam Kazanç:4.70$
------------------------------
------------------------------
Gün: 248       Bakiye:7.05       Günlük Kar:0.15
Paket |  Gün:300/365 | Miktar:10.00$ | Günlük Kazanç: 0.05$ (%0.5) | Toplam Kazanç:12.40$
Paket |  Gün:48/120 | Miktar:10.00$ | Günlük Kazanç: 0.10$ (%1.0) | Toplam Kazanç:4.80$
------------------------------
------------------------------
Gün: 249       Bakiye:7.20       Günlük Kar:0.15
Paket |  Gün:301/365 | Miktar:10.00$ | Günlük Kazanç: 0.05$ (%0.5) | Toplam Kazanç:12.45$
Paket |  Gün:49/120 | Miktar:10.00$ | Günlük Kazanç: 0.10$ (%1.0) | Toplam Kazanç:4.90$
------------------------------
------------------------------
Gün: 250       Bakiye:7.35       Günlük Kar:0.15
Paket |  Gün:302/365 | Miktar:10.00$ | Günlük Kazanç: 0.05$ (%0.5) | Toplam Kazanç:12.50$
Paket |  Gün:50/120 | Miktar:10.00$ | Günlük Kazanç: 0.10$ (%1.0) | Toplam Kazanç:5.00$
------------------------------
------------------------------
Gün: 251       Bakiye:7.50       Günlük Kar:0.15
Paket |  Gün:303/365 | Miktar:10.00$ | Günlük Kazanç: 0.05$ (%0.5) | Toplam Kazanç:12.55$
Paket |  Gün:51/120 | Miktar:10.00$ | Günlük Kazanç: 0.10$ (%1.0) | Toplam Kazanç:5.10$
------------------------------
------------------------------
Gün: 252       Bakiye:7.65       Günlük Kar:0.15
Paket |  Gün:304/365 | Miktar:10.00$ | Günlük Kazanç: 0.05$ (%0.5) | Toplam Kazanç:12.60$
Paket |  Gün:52/120 | Miktar:10.00$ | Günlük Kazanç: 0.10$ (%1.0) | Toplam Kazanç:5.20$
------------------------------
------------------------------
Gün: 253       Bakiye:7.80       Günlük Kar:0.15
Paket |  Gün:305/365 | Miktar:10.00$ | Günlük Kazanç: 0.05$ (%0.5) | Toplam Kazanç:12.65$
Paket |  Gün:53/120 | Miktar:10.00$ | Günlük Kazanç: 0.10$ (%1.0) | Toplam Kazanç:5.30$
------------------------------
------------------------------
Gün: 254       Bakiye:7.95       Günlük Kar:0.15
Paket |  Gün:306/365 | Miktar:10.00$ | Günlük Kazanç: 0.05$ (%0.5) | Toplam Kazanç:12.70$
Paket |  Gün:54/120 | Miktar:10.00$ | Günlük Kazanç: 0.10$ (%1.0) | Toplam Kazanç:5.40$
------------------------------
------------------------------
Gün: 255       Bakiye:8.10       Günlük Kar:0.15
Paket |  Gün:307/365 | Miktar:10.00$ | Günlük Kazanç: 0.05$ (%0.5) | Toplam Kazanç:12.75$
Paket |  Gün:55/120 | Miktar:10.00$ | Günlük Kazanç: 0.10$ (%1.0) | Toplam Kazanç:5.50$
------------------------------
------------------------------
Gün: 256       Bakiye:8.25       Günlük Kar:0.15
Paket |  Gün:308/365 | Miktar:10.00$ | Günlük Kazanç: 0.05$ (%0.5) | Toplam Kazanç:12.80$
Paket |  Gün:56/120 | Miktar:10.00$ | Günlük Kazanç: 0.10$ (%1.0) | Toplam Kazanç:5.60$
------------------------------
------------------------------
Gün: 257       Bakiye:8.40       Günlük Kar:0.15
Paket |  Gün:309/365 | Miktar:10.00$ | Günlük Kazanç: 0.05$ (%0.5) | Toplam Kazanç:12.85$
Paket |  Gün:57/120 | Miktar:10.00$ | Günlük Kazanç: 0.10$ (%1.0) | Toplam Kazanç:5.70$
------------------------------
------------------------------
Gün: 258       Bakiye:8.55       Günlük Kar:0.15
Paket |  Gün:310/365 | Miktar:10.00$ | Günlük Kazanç: 0.05$ (%0.5) | Toplam Kazanç:12.90$
Paket |  Gün:58/120 | Miktar:10.00$ | Günlük Kazanç: 0.10$ (%1.0) | Toplam Kazanç:5.80$
------------------------------
------------------------------
Gün: 259       Bakiye:8.70       Günlük Kar:0.15
Paket |  Gün:311/365 | Miktar:10.00$ | Günlük Kazanç: 0.05$ (%0.5) | Toplam Kazanç:12.95$
Paket |  Gün:59/120 | Miktar:10.00$ | Günlük Kazanç: 0.10$ (%1.0) | Toplam Kazanç:5.90$
------------------------------
------------------------------
Gün: 260       Bakiye:8.85       Günlük Kar:0.15
Paket |  Gün:312/365 | Miktar:10.00$ | Günlük Kazanç: 0.05$ (%0.5) | Toplam Kazanç:13.00$
Paket |  Gün:60/120 | Miktar:10.00$ | Günlük Kazanç: 0.10$ (%1.0) | Toplam Kazanç:6.00$
------------------------------
------------------------------
Gün: 261       Bakiye:9.00       Günlük Kar:0.15
Paket |  Gün:313/365 | Miktar:10.00$ | Günlük Kazanç: 0.05$ (%0.5) | Toplam Kazanç:13.05$
Paket |  Gün:61/120 | Miktar:10.00$ | Günlük Kazanç: 0.10$ (%1.0) | Toplam Kazanç:6.10$
------------------------------
------------------------------
Gün: 262       Bakiye:9.15       Günlük Kar:0.15
Paket |  Gün:314/365 | Miktar:10.00$ | Günlük Kazanç: 0.05$ (%0.5) | Toplam Kazanç:13.10$
Paket |  Gün:62/120 | Miktar:10.00$ | Günlük Kazanç: 0.10$ (%1.0) | Toplam Kazanç:6.20$
------------------------------
------------------------------
Gün: 263       Bakiye:9.30       Günlük Kar:0.15
Paket |  Gün:315/365 | Miktar:10.00$ | Günlük Kazanç: 0.05$ (%0.5) | Toplam Kazanç:13.15$
Paket |  Gün:63/120 | Miktar:10.00$ | Günlük Kazanç: 0.10$ (%1.0) | Toplam Kazanç:6.30$
------------------------------
------------------------------
Gün: 264       Bakiye:9.45       Günlük Kar:0.15
Paket |  Gün:316/365 | Miktar:10.00$ | Günlük Kazanç: 0.05$ (%0.5) | Toplam Kazanç:13.20$
Paket |  Gün:64/120 | Miktar:10.00$ | Günlük Kazanç: 0.10$ (%1.0) | Toplam Kazanç:6.40$
------------------------------
------------------------------
Gün: 265       Bakiye:9.60       Günlük Kar:0.15
Paket |  Gün:317/365 | Miktar:10.00$ | Günlük Kazanç: 0.05$ (%0.5) | Toplam Kazanç:13.25$
Paket |  Gün:65/120 | Miktar:10.00$ | Günlük Kazanç: 0.10$ (%1.0) | Toplam Kazanç:6.50$
------------------------------
------------------------------
Gün: 266       Bakiye:9.75       Günlük Kar:0.15
Paket |  Gün:318/365 | Miktar:10.00$ | Günlük Kazanç: 0.05$ (%0.5) | Toplam Kazanç:13.30$
Paket |  Gün:66/120 | Miktar:10.00$ | Günlük Kazanç: 0.10$ (%1.0) | Toplam Kazanç:6.60$
------------------------------
------------------------------
Gün: 267       Bakiye:9.90       Günlük Kar:0.15
Paket |  Gün:319/365 | Miktar:10.00$ | Günlük Kazanç: 0.05$ (%0.5) | Toplam Kazanç:13.35$
Paket |  Gün:67/120 | Miktar:10.00$ | Günlük Kazanç: 0.10$ (%1.0) | Toplam Kazanç:6.70$
------------------------------
Yeni paket eklendi: Gün:90 Miktar: 10.00  Günlük Kar: 0.07(0.75)
------------------------------
Gün: 268       Bakiye:0.05       Günlük Kar:0.23
Paket |  Gün:320/365 | Miktar:10.00$ | Günlük Kazanç: 0.05$ (%0.5) | Toplam Kazanç:13.40$
Paket |  Gün:68/120 | Miktar:10.00$ | Günlük Kazanç: 0.10$ (%1.0) | Toplam Kazanç:6.80$
Paket |  Gün:1/90 | Miktar:10.00$ | Günlük Kazanç: 0.07$ (%0.75) | Toplam Kazanç:0.07$
------------------------------
------------------------------
Gün: 269       Bakiye:0.27       Günlük Kar:0.23
Paket |  Gün:321/365 | Miktar:10.00$ | Günlük Kazanç: 0.05$ (%0.5) | Toplam Kazanç:13.45$
Paket |  Gün:69/120 | Miktar:10.00$ | Günlük Kazanç: 0.10$ (%1.0) | Toplam Kazanç:6.90$
Paket |  Gün:2/90 | Miktar:10.00$ | Günlük Kazanç: 0.07$ (%0.75) | Toplam Kazanç:0.15$
------------------------------
------------------------------
Gün: 270       Bakiye:0.50       Günlük Kar:0.23
Paket |  Gün:322/365 | Miktar:10.00$ | Günlük Kazanç: 0.05$ (%0.5) | Toplam Kazanç:13.50$
Paket |  Gün:70/120 | Miktar:10.00$ | Günlük Kazanç: 0.10$ (%1.0) | Toplam Kazanç:7.00$
Paket |  Gün:3/90 | Miktar:10.00$ | Günlük Kazanç: 0.07$ (%0.75) | Toplam Kazanç:0.22$
------------------------------
------------------------------
Gün: 271       Bakiye:0.72       Günlük Kar:0.23
Paket |  Gün:323/365 | Miktar:10.00$ | Günlük Kazanç: 0.05$ (%0.5) | Toplam Kazanç:13.55$
Paket |  Gün:71/120 | Miktar:10.00$ | Günlük Kazanç: 0.10$ (%1.0) | Toplam Kazanç:7.10$
Paket |  Gün:4/90 | Miktar:10.00$ | Günlük Kazanç: 0.07$ (%0.75) | Toplam Kazanç:0.30$
------------------------------
------------------------------
Gün: 272       Bakiye:0.95       Günlük Kar:0.23
Paket |  Gün:324/365 | Miktar:10.00$ | Günlük Kazanç: 0.05$ (%0.5) | Toplam Kazanç:13.60$
Paket |  Gün:72/120 | Miktar:10.00$ | Günlük Kazanç: 0.10$ (%1.0) | Toplam Kazanç:7.20$
Paket |  Gün:5/90 | Miktar:10.00$ | Günlük Kazanç: 0.07$ (%0.75) | Toplam Kazanç:0.38$
------------------------------
------------------------------
Gün: 273       Bakiye:1.17       Günlük Kar:0.23
Paket |  Gün:325/365 | Miktar:10.00$ | Günlük Kazanç: 0.05$ (%0.5) | Toplam Kazanç:13.65$
Paket |  Gün:73/120 | Miktar:10.00$ | Günlük Kazanç: 0.10$ (%1.0) | Toplam Kazanç:7.30$
Paket |  Gün:6/90 | Miktar:10.00$ | Günlük Kazanç: 0.07$ (%0.75) | Toplam Kazanç:0.45$
------------------------------
------------------------------
Gün: 274       Bakiye:1.40       Günlük Kar:0.23
Paket |  Gün:326/365 | Miktar:10.00$ | Günlük Kazanç: 0.05$ (%0.5) | Toplam Kazanç:13.70$
Paket |  Gün:74/120 | Miktar:10.00$ | Günlük Kazanç: 0.10$ (%1.0) | Toplam Kazanç:7.40$
Paket |  Gün:7/90 | Miktar:10.00$ | Günlük Kazanç: 0.07$ (%0.75) | Toplam Kazanç:0.53$
------------------------------
------------------------------
Gün: 275       Bakiye:1.62       Günlük Kar:0.23
Paket |  Gün:327/365 | Miktar:10.00$ | Günlük Kazanç: 0.05$ (%0.5) | Toplam Kazanç:13.75$
Paket |  Gün:75/120 | Miktar:10.00$ | Günlük Kazanç: 0.10$ (%1.0) | Toplam Kazanç:7.50$
Paket |  Gün:8/90 | Miktar:10.00$ | Günlük Kazanç: 0.07$ (%0.75) | Toplam Kazanç:0.60$
------------------------------
------------------------------
Gün: 276       Bakiye:1.85       Günlük Kar:0.23
Paket |  Gün:328/365 | Miktar:10.00$ | Günlük Kazanç: 0.05$ (%0.5) | Toplam Kazanç:13.80$
Paket |  Gün:76/120 | Miktar:10.00$ | Günlük Kazanç: 0.10$ (%1.0) | Toplam Kazanç:7.60$
Paket |  Gün:9/90 | Miktar:10.00$ | Günlük Kazanç: 0.07$ (%0.75) | Toplam Kazanç:0.67$
------------------------------
------------------------------
Gün: 277       Bakiye:2.07       Günlük Kar:0.23
Paket |  Gün:329/365 | Miktar:10.00$ | Günlük Kazanç: 0.05$ (%0.5) | Toplam Kazanç:13.85$
Paket |  Gün:77/120 | Miktar:10.00$ | Günlük Kazanç: 0.10$ (%1.0) | Toplam Kazanç:7.70$
Paket |  Gün:10/90 | Miktar:10.00$ | Günlük Kazanç: 0.07$ (%0.75) | Toplam Kazanç:0.75$
------------------------------
------------------------------
Gün: 278       Bakiye:2.30       Günlük Kar:0.23
Paket |  Gün:330/365 | Miktar:10.00$ | Günlük Kazanç: 0.05$ (%0.5) | Toplam Kazanç:13.90$
Paket |  Gün:78/120 | Miktar:10.00$ | Günlük Kazanç: 0.10$ (%1.0) | Toplam Kazanç:7.80$
Paket |  Gün:11/90 | Miktar:10.00$ | Günlük Kazanç: 0.07$ (%0.75) | Toplam Kazanç:0.82$
------------------------------
------------------------------
Gün: 279       Bakiye:2.52       Günlük Kar:0.23
Paket |  Gün:331/365 | Miktar:10.00$ | Günlük Kazanç: 0.05$ (%0.5) | Toplam Kazanç:13.95$
Paket |  Gün:79/120 | Miktar:10.00$ | Günlük Kazanç: 0.10$ (%1.0) | Toplam Kazanç:7.90$
Paket |  Gün:12/90 | Miktar:10.00$ | Günlük Kazanç: 0.07$ (%0.75) | Toplam Kazanç:0.90$
------------------------------
------------------------------
Gün: 280       Bakiye:2.75       Günlük Kar:0.23
Paket |  Gün:332/365 | Miktar:10.00$ | Günlük Kazanç: 0.05$ (%0.5) | Toplam Kazanç:14.00$
Paket |  Gün:80/120 | Miktar:10.00$ | Günlük Kazanç: 0.10$ (%1.0) | Toplam Kazanç:8.00$
Paket |  Gün:13/90 | Miktar:10.00$ | Günlük Kazanç: 0.07$ (%0.75) | Toplam Kazanç:0.97$
------------------------------
------------------------------
Gün: 281       Bakiye:2.97       Günlük Kar:0.23
Paket |  Gün:333/365 | Miktar:10.00$ | Günlük Kazanç: 0.05$ (%0.5) | Toplam Kazanç:14.05$
Paket |  Gün:81/120 | Miktar:10.00$ | Günlük Kazanç: 0.10$ (%1.0) | Toplam Kazanç:8.10$
Paket |  Gün:14/90 | Miktar:10.00$ | Günlük Kazanç: 0.07$ (%0.75) | Toplam Kazanç:1.05$
------------------------------
------------------------------
Gün: 282       Bakiye:3.20       Günlük Kar:0.23
Paket |  Gün:334/365 | Miktar:10.00$ | Günlük Kazanç: 0.05$ (%0.5) | Toplam Kazanç:14.10$
Paket |  Gün:82/120 | Miktar:10.00$ | Günlük Kazanç: 0.10$ (%1.0) | Toplam Kazanç:8.20$
Paket |  Gün:15/90 | Miktar:10.00$ | Günlük Kazanç: 0.07$ (%0.75) | Toplam Kazanç:1.12$
------------------------------
------------------------------
Gün: 283       Bakiye:3.42       Günlük Kar:0.23
Paket |  Gün:335/365 | Miktar:10.00$ | Günlük Kazanç: 0.05$ (%0.5) | Toplam Kazanç:14.15$
Paket |  Gün:83/120 | Miktar:10.00$ | Günlük Kazanç: 0.10$ (%1.0) | Toplam Kazanç:8.30$
Paket |  Gün:16/90 | Miktar:10.00$ | Günlük Kazanç: 0.07$ (%0.75) | Toplam Kazanç:1.20$
------------------------------
------------------------------
Gün: 284       Bakiye:3.65       Günlük Kar:0.23
Paket |  Gün:336/365 | Miktar:10.00$ | Günlük Kazanç: 0.05$ (%0.5) | Toplam Kazanç:14.20$
Paket |  Gün:84/120 | Miktar:10.00$ | Günlük Kazanç: 0.10$ (%1.0) | Toplam Kazanç:8.40$
Paket |  Gün:17/90 | Miktar:10.00$ | Günlük Kazanç: 0.07$ (%0.75) | Toplam Kazanç:1.27$
------------------------------
------------------------------
Gün: 285       Bakiye:3.87       Günlük Kar:0.23
Paket |  Gün:337/365 | Miktar:10.00$ | Günlük Kazanç: 0.05$ (%0.5) | Toplam Kazanç:14.25$
Paket |  Gün:85/120 | Miktar:10.00$ | Günlük Kazanç: 0.10$ (%1.0) | Toplam Kazanç:8.50$
Paket |  Gün:18/90 | Miktar:10.00$ | Günlük Kazanç: 0.07$ (%0.75) | Toplam Kazanç:1.35$
------------------------------
------------------------------
Gün: 286       Bakiye:4.10       Günlük Kar:0.23
Paket |  Gün:338/365 | Miktar:10.00$ | Günlük Kazanç: 0.05$ (%0.5) | Toplam Kazanç:14.30$
Paket |  Gün:86/120 | Miktar:10.00$ | Günlük Kazanç: 0.10$ (%1.0) | Toplam Kazanç:8.60$
Paket |  Gün:19/90 | Miktar:10.00$ | Günlük Kazanç: 0.07$ (%0.75) | Toplam Kazanç:1.42$
------------------------------
------------------------------
Gün: 287       Bakiye:4.32       Günlük Kar:0.23
Paket |  Gün:339/365 | Miktar:10.00$ | Günlük Kazanç: 0.05$ (%0.5) | Toplam Kazanç:14.35$
Paket |  Gün:87/120 | Miktar:10.00$ | Günlük Kazanç: 0.10$ (%1.0) | Toplam Kazanç:8.70$
Paket |  Gün:20/90 | Miktar:10.00$ | Günlük Kazanç: 0.07$ (%0.75) | Toplam Kazanç:1.50$
------------------------------
------------------------------
Gün: 288       Bakiye:4.55       Günlük Kar:0.23
Paket |  Gün:340/365 | Miktar:10.00$ | Günlük Kazanç: 0.05$ (%0.5) | Toplam Kazanç:14.40$
Paket |  Gün:88/120 | Miktar:10.00$ | Günlük Kazanç: 0.10$ (%1.0) | Toplam Kazanç:8.80$
Paket |  Gün:21/90 | Miktar:10.00$ | Günlük Kazanç: 0.07$ (%0.75) | Toplam Kazanç:1.57$
------------------------------
------------------------------
Gün: 289       Bakiye:4.77       Günlük Kar:0.23
Paket |  Gün:341/365 | Miktar:10.00$ | Günlük Kazanç: 0.05$ (%0.5) | Toplam Kazanç:14.45$
Paket |  Gün:89/120 | Miktar:10.00$ | Günlük Kazanç: 0.10$ (%1.0) | Toplam Kazanç:8.90$
Paket |  Gün:22/90 | Miktar:10.00$ | Günlük Kazanç: 0.07$ (%0.75) | Toplam Kazanç:1.65$
------------------------------
------------------------------
Gün: 290       Bakiye:5.00       Günlük Kar:0.23
Paket |  Gün:342/365 | Miktar:10.00$ | Günlük Kazanç: 0.05$ (%0.5) | Toplam Kazanç:14.50$
Paket |  Gün:90/120 | Miktar:10.00$ | Günlük Kazanç: 0.10$ (%1.0) | Toplam Kazanç:9.00$
Paket |  Gün:23/90 | Miktar:10.00$ | Günlük Kazanç: 0.07$ (%0.75) | Toplam Kazanç:1.72$
------------------------------
------------------------------
Gün: 291       Bakiye:5.22       Günlük Kar:0.23
Paket |  Gün:343/365 | Miktar:10.00$ | Günlük Kazanç: 0.05$ (%0.5) | Toplam Kazanç:14.55$
Paket |  Gün:91/120 | Miktar:10.00$ | Günlük Kazanç: 0.10$ (%1.0) | Toplam Kazanç:9.10$
Paket |  Gün:24/90 | Miktar:10.00$ | Günlük Kazanç: 0.07$ (%0.75) | Toplam Kazanç:1.80$
------------------------------
------------------------------
Gün: 292       Bakiye:5.45       Günlük Kar:0.23
Paket |  Gün:344/365 | Miktar:10.00$ | Günlük Kazanç: 0.05$ (%0.5) | Toplam Kazanç:14.60$
Paket |  Gün:92/120 | Miktar:10.00$ | Günlük Kazanç: 0.10$ (%1.0) | Toplam Kazanç:9.20$
Paket |  Gün:25/90 | Miktar:10.00$ | Günlük Kazanç: 0.07$ (%0.75) | Toplam Kazanç:1.87$
------------------------------
------------------------------
Gün: 293       Bakiye:5.67       Günlük Kar:0.23
Paket |  Gün:345/365 | Miktar:10.00$ | Günlük Kazanç: 0.05$ (%0.5) | Toplam Kazanç:14.65$
Paket |  Gün:93/120 | Miktar:10.00$ | Günlük Kazanç: 0.10$ (%1.0) | Toplam Kazanç:9.30$
Paket |  Gün:26/90 | Miktar:10.00$ | Günlük Kazanç: 0.07$ (%0.75) | Toplam Kazanç:1.95$
------------------------------
------------------------------
Gün: 294       Bakiye:5.90       Günlük Kar:0.23
Paket |  Gün:346/365 | Miktar:10.00$ | Günlük Kazanç: 0.05$ (%0.5) | Toplam Kazanç:14.70$
Paket |  Gün:94/120 | Miktar:10.00$ | Günlük Kazanç: 0.10$ (%1.0) | Toplam Kazanç:9.40$
Paket |  Gün:27/90 | Miktar:10.00$ | Günlük Kazanç: 0.07$ (%0.75) | Toplam Kazanç:2.02$
------------------------------
------------------------------
Gün: 295       Bakiye:6.12       Günlük Kar:0.23
Paket |  Gün:347/365 | Miktar:10.00$ | Günlük Kazanç: 0.05$ (%0.5) | Toplam Kazanç:14.75$
Paket |  Gün:95/120 | Miktar:10.00$ | Günlük Kazanç: 0.10$ (%1.0) | Toplam Kazanç:9.50$
Paket |  Gün:28/90 | Miktar:10.00$ | Günlük Kazanç: 0.07$ (%0.75) | Toplam Kazanç:2.10$
------------------------------
------------------------------
Gün: 296       Bakiye:6.35       Günlük Kar:0.23
Paket |  Gün:348/365 | Miktar:10.00$ | Günlük Kazanç: 0.05$ (%0.5) | Toplam Kazanç:14.80$
Paket |  Gün:96/120 | Miktar:10.00$ | Günlük Kazanç: 0.10$ (%1.0) | Toplam Kazanç:9.60$
Paket |  Gün:29/90 | Miktar:10.00$ | Günlük Kazanç: 0.07$ (%0.75) | Toplam Kazanç:2.17$
------------------------------
------------------------------
Gün: 297       Bakiye:6.57       Günlük Kar:0.23
Paket |  Gün:349/365 | Miktar:10.00$ | Günlük Kazanç: 0.05$ (%0.5) | Toplam Kazanç:14.85$
Paket |  Gün:97/120 | Miktar:10.00$ | Günlük Kazanç: 0.10$ (%1.0) | Toplam Kazanç:9.70$
Paket |  Gün:30/90 | Miktar:10.00$ | Günlük Kazanç: 0.07$ (%0.75) | Toplam Kazanç:2.25$
------------------------------
------------------------------
Gün: 298       Bakiye:6.80       Günlük Kar:0.23
Paket |  Gün:350/365 | Miktar:10.00$ | Günlük Kazanç: 0.05$ (%0.5) | Toplam Kazanç:14.90$
Paket |  Gün:98/120 | Miktar:10.00$ | Günlük Kazanç: 0.10$ (%1.0) | Toplam Kazanç:9.80$
Paket |  Gün:31/90 | Miktar:10.00$ | Günlük Kazanç: 0.07$ (%0.75) | Toplam Kazanç:2.33$
------------------------------
------------------------------
Gün: 299       Bakiye:7.02       Günlük Kar:0.23
Paket |  Gün:351/365 | Miktar:10.00$ | Günlük Kazanç: 0.05$ (%0.5) | Toplam Kazanç:14.95$
Paket |  Gün:99/120 | Miktar:10.00$ | Günlük Kazanç: 0.10$ (%1.0) | Toplam Kazanç:9.90$
Paket |  Gün:32/90 | Miktar:10.00$ | Günlük Kazanç: 0.07$ (%0.75) | Toplam Kazanç:2.40$
------------------------------
------------------------------
Gün: 300       Bakiye:7.25       Günlük Kar:0.23
Paket |  Gün:352/365 | Miktar:10.00$ | Günlük Kazanç: 0.05$ (%0.5) | Toplam Kazanç:15.00$
Paket |  Gün:100/120 | Miktar:10.00$ | Günlük Kazanç: 0.10$ (%1.0) | Toplam Kazanç:10.00$
Paket |  Gün:33/90 | Miktar:10.00$ | Günlük Kazanç: 0.07$ (%0.75) | Toplam Kazanç:2.48$
------------------------------
------------------------------
Gün: 301       Bakiye:7.47       Günlük Kar:0.23
Paket |  Gün:353/365 | Miktar:10.00$ | Günlük Kazanç: 0.05$ (%0.5) | Toplam Kazanç:15.05$
Paket |  Gün:101/120 | Miktar:10.00$ | Günlük Kazanç: 0.10$ (%1.0) | Toplam Kazanç:10.10$
Paket |  Gün:34/90 | Miktar:10.00$ | Günlük Kazanç: 0.07$ (%0.75) | Toplam Kazanç:2.55$
------------------------------
------------------------------
Gün: 302       Bakiye:7.70       Günlük Kar:0.23
Paket |  Gün:354/365 | Miktar:10.00$ | Günlük Kazanç: 0.05$ (%0.5) | Toplam Kazanç:15.10$
Paket |  Gün:102/120 | Miktar:10.00$ | Günlük Kazanç: 0.10$ (%1.0) | Toplam Kazanç:10.20$
Paket |  Gün:35/90 | Miktar:10.00$ | Günlük Kazanç: 0.07$ (%0.75) | Toplam Kazanç:2.63$
------------------------------
------------------------------
Gün: 303       Bakiye:7.92       Günlük Kar:0.23
Paket |  Gün:355/365 | Miktar:10.00$ | Günlük Kazanç: 0.05$ (%0.5) | Toplam Kazanç:15.15$
Paket |  Gün:103/120 | Miktar:10.00$ | Günlük Kazanç: 0.10$ (%1.0) | Toplam Kazanç:10.30$
Paket |  Gün:36/90 | Miktar:10.00$ | Günlük Kazanç: 0.07$ (%0.75) | Toplam Kazanç:2.70$
------------------------------
------------------------------
Gün: 304       Bakiye:8.15       Günlük Kar:0.23
Paket |  Gün:356/365 | Miktar:10.00$ | Günlük Kazanç: 0.05$ (%0.5) | Toplam Kazanç:15.20$
Paket |  Gün:104/120 | Miktar:10.00$ | Günlük Kazanç: 0.10$ (%1.0) | Toplam Kazanç:10.40$
Paket |  Gün:37/90 | Miktar:10.00$ | Günlük Kazanç: 0.07$ (%0.75) | Toplam Kazanç:2.78$
------------------------------
------------------------------
Gün: 305       Bakiye:8.37       Günlük Kar:0.23
Paket |  Gün:357/365 | Miktar:10.00$ | Günlük Kazanç: 0.05$ (%0.5) | Toplam Kazanç:15.25$
Paket |  Gün:105/120 | Miktar:10.00$ | Günlük Kazanç: 0.10$ (%1.0) | Toplam Kazanç:10.50$
Paket |  Gün:38/90 | Miktar:10.00$ | Günlük Kazanç: 0.07$ (%0.75) | Toplam Kazanç:2.85$
------------------------------
------------------------------
Gün: 306       Bakiye:8.60       Günlük Kar:0.23
Paket |  Gün:358/365 | Miktar:10.00$ | Günlük Kazanç: 0.05$ (%0.5) | Toplam Kazanç:15.30$
Paket |  Gün:106/120 | Miktar:10.00$ | Günlük Kazanç: 0.10$ (%1.0) | Toplam Kazanç:10.60$
Paket |  Gün:39/90 | Miktar:10.00$ | Günlük Kazanç: 0.07$ (%0.75) | Toplam Kazanç:2.93$
------------------------------
------------------------------
Gün: 307       Bakiye:8.82       Günlük Kar:0.23
Paket |  Gün:359/365 | Miktar:10.00$ | Günlük Kazanç: 0.05$ (%0.5) | Toplam Kazanç:15.35$
Paket |  Gün:107/120 | Miktar:10.00$ | Günlük Kazanç: 0.10$ (%1.0) | Toplam Kazanç:10.70$
Paket |  Gün:40/90 | Miktar:10.00$ | Günlük Kazanç: 0.07$ (%0.75) | Toplam Kazanç:3.00$
------------------------------
------------------------------
Gün: 308       Bakiye:9.05       Günlük Kar:0.23
Paket |  Gün:360/365 | Miktar:10.00$ | Günlük Kazanç: 0.05$ (%0.5) | Toplam Kazanç:15.40$
Paket |  Gün:108/120 | Miktar:10.00$ | Günlük Kazanç: 0.10$ (%1.0) | Toplam Kazanç:10.80$
Paket |  Gün:41/90 | Miktar:10.00$ | Günlük Kazanç: 0.07$ (%0.75) | Toplam Kazanç:3.08$
------------------------------
------------------------------
Gün: 309       Bakiye:9.27       Günlük Kar:0.23
Paket |  Gün:361/365 | Miktar:10.00$ | Günlük Kazanç: 0.05$ (%0.5) | Toplam Kazanç:15.45$
Paket |  Gün:109/120 | Miktar:10.00$ | Günlük Kazanç: 0.10$ (%1.0) | Toplam Kazanç:10.90$
Paket |  Gün:42/90 | Miktar:10.00$ | Günlük Kazanç: 0.07$ (%0.75) | Toplam Kazanç:3.15$
------------------------------
------------------------------
Gün: 310       Bakiye:9.50       Günlük Kar:0.23
Paket |  Gün:362/365 | Miktar:10.00$ | Günlük Kazanç: 0.05$ (%0.5) | Toplam Kazanç:15.50$
Paket |  Gün:110/120 | Miktar:10.00$ | Günlük Kazanç: 0.10$ (%1.0) | Toplam Kazanç:11.00$
Paket |  Gün:43/90 | Miktar:10.00$ | Günlük Kazanç: 0.07$ (%0.75) | Toplam Kazanç:3.23$
------------------------------
------------------------------
Gün: 311       Bakiye:9.72       Günlük Kar:0.23
Paket |  Gün:363/365 | Miktar:10.00$ | Günlük Kazanç: 0.05$ (%0.5) | Toplam Kazanç:15.55$
Paket |  Gün:111/120 | Miktar:10.00$ | Günlük Kazanç: 0.10$ (%1.0) | Toplam Kazanç:11.10$
Paket |  Gün:44/90 | Miktar:10.00$ | Günlük Kazanç: 0.07$ (%0.75) | Toplam Kazanç:3.30$
------------------------------
------------------------------
Gün: 312       Bakiye:9.95       Günlük Kar:0.23
Paket |  Gün:364/365 | Miktar:10.00$ | Günlük Kazanç: 0.05$ (%0.5) | Toplam Kazanç:15.60$
Paket |  Gün:112/120 | Miktar:10.00$ | Günlük Kazanç: 0.10$ (%1.0) | Toplam Kazanç:11.20$
Paket |  Gün:45/90 | Miktar:10.00$ | Günlük Kazanç: 0.07$ (%0.75) | Toplam Kazanç:3.38$
------------------------------
Yeni paket eklendi: Gün:30 Miktar: 10.00  Günlük Kar: 0.06(0.55)
------------------------------
Gün: 313       Bakiye:0.17       Günlük Kar:0.28
Paket |  Gün:365/365 | Miktar:10.00$ | Günlük Kazanç: 0.05$ (%0.5) | Toplam Kazanç:15.65$
Paket |  Gün:113/120 | Miktar:10.00$ | Günlük Kazanç: 0.10$ (%1.0) | Toplam Kazanç:11.30$
Paket |  Gün:46/90 | Miktar:10.00$ | Günlük Kazanç: 0.07$ (%0.75) | Toplam Kazanç:3.45$
Paket |  Gün:1/30 | Miktar:10.00$ | Günlük Kazanç: 0.06$ (%0.55) | Toplam Kazanç:0.06$
Paket bitti:  Gün: 365 Yatırılan: 10.00 Kar:15.65 Kazanç: 25.65
------------------------------
Yeni paket eklendi: Gün:30 Miktar: 10.00  Günlük Kar: 0.06(0.55)
------------------------------
Gün: 314       Bakiye:0.45       Günlük Kar:0.28
Paket |  Gün:114/120 | Miktar:10.00$ | Günlük Kazanç: 0.10$ (%1.0) | Toplam Kazanç:11.40$
Paket |  Gün:47/90 | Miktar:10.00$ | Günlük Kazanç: 0.07$ (%0.75) | Toplam Kazanç:3.53$
Paket |  Gün:2/30 | Miktar:10.00$ | Günlük Kazanç: 0.06$ (%0.55) | Toplam Kazanç:0.11$
Paket |  Gün:1/30 | Miktar:10.00$ | Günlük Kazanç: 0.06$ (%0.55) | Toplam Kazanç:0.06$
------------------------------
------------------------------
Gün: 315       Bakiye:0.74       Günlük Kar:0.28
Paket |  Gün:115/120 | Miktar:10.00$ | Günlük Kazanç: 0.10$ (%1.0) | Toplam Kazanç:11.50$
Paket |  Gün:48/90 | Miktar:10.00$ | Günlük Kazanç: 0.07$ (%0.75) | Toplam Kazanç:3.60$
Paket |  Gün:3/30 | Miktar:10.00$ | Günlük Kazanç: 0.06$ (%0.55) | Toplam Kazanç:0.17$
Paket |  Gün:2/30 | Miktar:10.00$ | Günlük Kazanç: 0.06$ (%0.55) | Toplam Kazanç:0.11$
------------------------------
------------------------------
Gün: 316       Bakiye:1.02       Günlük Kar:0.28
Paket |  Gün:116/120 | Miktar:10.00$ | Günlük Kazanç: 0.10$ (%1.0) | Toplam Kazanç:11.60$
Paket |  Gün:49/90 | Miktar:10.00$ | Günlük Kazanç: 0.07$ (%0.75) | Toplam Kazanç:3.68$
Paket |  Gün:4/30 | Miktar:10.00$ | Günlük Kazanç: 0.06$ (%0.55) | Toplam Kazanç:0.22$
Paket |  Gün:3/30 | Miktar:10.00$ | Günlük Kazanç: 0.06$ (%0.55) | Toplam Kazanç:0.17$
------------------------------
------------------------------
Gün: 317       Bakiye:1.31       Günlük Kar:0.28
Paket |  Gün:117/120 | Miktar:10.00$ | Günlük Kazanç: 0.10$ (%1.0) | Toplam Kazanç:11.70$
Paket |  Gün:50/90 | Miktar:10.00$ | Günlük Kazanç: 0.07$ (%0.75) | Toplam Kazanç:3.75$
Paket |  Gün:5/30 | Miktar:10.00$ | Günlük Kazanç: 0.06$ (%0.55) | Toplam Kazanç:0.28$
Paket |  Gün:4/30 | Miktar:10.00$ | Günlük Kazanç: 0.06$ (%0.55) | Toplam Kazanç:0.22$
------------------------------
------------------------------
Gün: 318       Bakiye:1.59       Günlük Kar:0.28
Paket |  Gün:118/120 | Miktar:10.00$ | Günlük Kazanç: 0.10$ (%1.0) | Toplam Kazanç:11.80$
Paket |  Gün:51/90 | Miktar:10.00$ | Günlük Kazanç: 0.07$ (%0.75) | Toplam Kazanç:3.83$
Paket |  Gün:6/30 | Miktar:10.00$ | Günlük Kazanç: 0.06$ (%0.55) | Toplam Kazanç:0.33$
Paket |  Gün:5/30 | Miktar:10.00$ | Günlük Kazanç: 0.06$ (%0.55) | Toplam Kazanç:0.28$
------------------------------
------------------------------
Gün: 319       Bakiye:1.88       Günlük Kar:0.28
Paket |  Gün:119/120 | Miktar:10.00$ | Günlük Kazanç: 0.10$ (%1.0) | Toplam Kazanç:11.90$
Paket |  Gün:52/90 | Miktar:10.00$ | Günlük Kazanç: 0.07$ (%0.75) | Toplam Kazanç:3.90$
Paket |  Gün:7/30 | Miktar:10.00$ | Günlük Kazanç: 0.06$ (%0.55) | Toplam Kazanç:0.39$
Paket |  Gün:6/30 | Miktar:10.00$ | Günlük Kazanç: 0.06$ (%0.55) | Toplam Kazanç:0.33$
------------------------------
------------------------------
Gün: 320       Bakiye:2.16       Günlük Kar:0.28
Paket |  Gün:120/120 | Miktar:10.00$ | Günlük Kazanç: 0.10$ (%1.0) | Toplam Kazanç:12.00$
Paket |  Gün:53/90 | Miktar:10.00$ | Günlük Kazanç: 0.07$ (%0.75) | Toplam Kazanç:3.98$
Paket |  Gün:8/30 | Miktar:10.00$ | Günlük Kazanç: 0.06$ (%0.55) | Toplam Kazanç:0.44$
Paket |  Gün:7/30 | Miktar:10.00$ | Günlük Kazanç: 0.06$ (%0.55) | Toplam Kazanç:0.39$
Paket bitti:  Gün: 120 Yatırılan: 10.00 Kar:12.00 Kazanç: 22.00
------------------------------
Yeni paket eklendi: Gün:30 Miktar: 12.00  Günlük Kar: 0.07(0.55)
------------------------------
Gün: 321       Bakiye:0.45       Günlük Kar:0.25
Paket |  Gün:54/90 | Miktar:10.00$ | Günlük Kazanç: 0.07$ (%0.75) | Toplam Kazanç:4.05$
Paket |  Gün:9/30 | Miktar:10.00$ | Günlük Kazanç: 0.06$ (%0.55) | Toplam Kazanç:0.49$
Paket |  Gün:8/30 | Miktar:10.00$ | Günlük Kazanç: 0.06$ (%0.55) | Toplam Kazanç:0.44$
Paket |  Gün:1/30 | Miktar:12.00$ | Günlük Kazanç: 0.07$ (%0.55) | Toplam Kazanç:0.07$
------------------------------
------------------------------
Gün: 322       Bakiye:0.70       Günlük Kar:0.25
Paket |  Gün:55/90 | Miktar:10.00$ | Günlük Kazanç: 0.07$ (%0.75) | Toplam Kazanç:4.13$
Paket |  Gün:10/30 | Miktar:10.00$ | Günlük Kazanç: 0.06$ (%0.55) | Toplam Kazanç:0.55$
Paket |  Gün:9/30 | Miktar:10.00$ | Günlük Kazanç: 0.06$ (%0.55) | Toplam Kazanç:0.49$
Paket |  Gün:2/30 | Miktar:12.00$ | Günlük Kazanç: 0.07$ (%0.55) | Toplam Kazanç:0.13$
------------------------------
------------------------------
Gün: 323       Bakiye:0.95       Günlük Kar:0.25
Paket |  Gün:56/90 | Miktar:10.00$ | Günlük Kazanç: 0.07$ (%0.75) | Toplam Kazanç:4.20$
Paket |  Gün:11/30 | Miktar:10.00$ | Günlük Kazanç: 0.06$ (%0.55) | Toplam Kazanç:0.61$
Paket |  Gün:10/30 | Miktar:10.00$ | Günlük Kazanç: 0.06$ (%0.55) | Toplam Kazanç:0.55$
Paket |  Gün:3/30 | Miktar:12.00$ | Günlük Kazanç: 0.07$ (%0.55) | Toplam Kazanç:0.20$
------------------------------
------------------------------
Gün: 324       Bakiye:1.20       Günlük Kar:0.25
Paket |  Gün:57/90 | Miktar:10.00$ | Günlük Kazanç: 0.07$ (%0.75) | Toplam Kazanç:4.28$
Paket |  Gün:12/30 | Miktar:10.00$ | Günlük Kazanç: 0.06$ (%0.55) | Toplam Kazanç:0.66$
Paket |  Gün:11/30 | Miktar:10.00$ | Günlük Kazanç: 0.06$ (%0.55) | Toplam Kazanç:0.61$
Paket |  Gün:4/30 | Miktar:12.00$ | Günlük Kazanç: 0.07$ (%0.55) | Toplam Kazanç:0.26$
------------------------------
------------------------------
Gün: 325       Bakiye:1.45       Günlük Kar:0.25
Paket |  Gün:58/90 | Miktar:10.00$ | Günlük Kazanç: 0.07$ (%0.75) | Toplam Kazanç:4.35$
Paket |  Gün:13/30 | Miktar:10.00$ | Günlük Kazanç: 0.06$ (%0.55) | Toplam Kazanç:0.72$
Paket |  Gün:12/30 | Miktar:10.00$ | Günlük Kazanç: 0.06$ (%0.55) | Toplam Kazanç:0.66$
Paket |  Gün:5/30 | Miktar:12.00$ | Günlük Kazanç: 0.07$ (%0.55) | Toplam Kazanç:0.33$
------------------------------
------------------------------
Gün: 326       Bakiye:1.70       Günlük Kar:0.25
Paket |  Gün:59/90 | Miktar:10.00$ | Günlük Kazanç: 0.07$ (%0.75) | Toplam Kazanç:4.43$
Paket |  Gün:14/30 | Miktar:10.00$ | Günlük Kazanç: 0.06$ (%0.55) | Toplam Kazanç:0.77$
Paket |  Gün:13/30 | Miktar:10.00$ | Günlük Kazanç: 0.06$ (%0.55) | Toplam Kazanç:0.72$
Paket |  Gün:6/30 | Miktar:12.00$ | Günlük Kazanç: 0.07$ (%0.55) | Toplam Kazanç:0.40$
------------------------------
------------------------------
Gün: 327       Bakiye:1.96       Günlük Kar:0.25
Paket |  Gün:60/90 | Miktar:10.00$ | Günlük Kazanç: 0.07$ (%0.75) | Toplam Kazanç:4.50$
Paket |  Gün:15/30 | Miktar:10.00$ | Günlük Kazanç: 0.06$ (%0.55) | Toplam Kazanç:0.83$
Paket |  Gün:14/30 | Miktar:10.00$ | Günlük Kazanç: 0.06$ (%0.55) | Toplam Kazanç:0.77$
Paket |  Gün:7/30 | Miktar:12.00$ | Günlük Kazanç: 0.07$ (%0.55) | Toplam Kazanç:0.46$
------------------------------
------------------------------
Gün: 328       Bakiye:2.21       Günlük Kar:0.25
Paket |  Gün:61/90 | Miktar:10.00$ | Günlük Kazanç: 0.07$ (%0.75) | Toplam Kazanç:4.58$
Paket |  Gün:16/30 | Miktar:10.00$ | Günlük Kazanç: 0.06$ (%0.55) | Toplam Kazanç:0.88$
Paket |  Gün:15/30 | Miktar:10.00$ | Günlük Kazanç: 0.06$ (%0.55) | Toplam Kazanç:0.83$
Paket |  Gün:8/30 | Miktar:12.00$ | Günlük Kazanç: 0.07$ (%0.55) | Toplam Kazanç:0.53$
------------------------------
------------------------------
Gün: 329       Bakiye:2.46       Günlük Kar:0.25
Paket |  Gün:62/90 | Miktar:10.00$ | Günlük Kazanç: 0.07$ (%0.75) | Toplam Kazanç:4.65$
Paket |  Gün:17/30 | Miktar:10.00$ | Günlük Kazanç: 0.06$ (%0.55) | Toplam Kazanç:0.94$
Paket |  Gün:16/30 | Miktar:10.00$ | Günlük Kazanç: 0.06$ (%0.55) | Toplam Kazanç:0.88$
Paket |  Gün:9/30 | Miktar:12.00$ | Günlük Kazanç: 0.07$ (%0.55) | Toplam Kazanç:0.59$
------------------------------
------------------------------
Gün: 330       Bakiye:2.71       Günlük Kar:0.25
Paket |  Gün:63/90 | Miktar:10.00$ | Günlük Kazanç: 0.07$ (%0.75) | Toplam Kazanç:4.73$
Paket |  Gün:18/30 | Miktar:10.00$ | Günlük Kazanç: 0.06$ (%0.55) | Toplam Kazanç:0.99$
Paket |  Gün:17/30 | Miktar:10.00$ | Günlük Kazanç: 0.06$ (%0.55) | Toplam Kazanç:0.94$
Paket |  Gün:10/30 | Miktar:12.00$ | Günlük Kazanç: 0.07$ (%0.55) | Toplam Kazanç:0.66$
------------------------------
------------------------------
Gün: 331       Bakiye:2.96       Günlük Kar:0.25
Paket |  Gün:64/90 | Miktar:10.00$ | Günlük Kazanç: 0.07$ (%0.75) | Toplam Kazanç:4.80$
Paket |  Gün:19/30 | Miktar:10.00$ | Günlük Kazanç: 0.06$ (%0.55) | Toplam Kazanç:1.05$
Paket |  Gün:18/30 | Miktar:10.00$ | Günlük Kazanç: 0.06$ (%0.55) | Toplam Kazanç:0.99$
Paket |  Gün:11/30 | Miktar:12.00$ | Günlük Kazanç: 0.07$ (%0.55) | Toplam Kazanç:0.73$
------------------------------
------------------------------
Gün: 332       Bakiye:3.21       Günlük Kar:0.25
Paket |  Gün:65/90 | Miktar:10.00$ | Günlük Kazanç: 0.07$ (%0.75) | Toplam Kazanç:4.88$
Paket |  Gün:20/30 | Miktar:10.00$ | Günlük Kazanç: 0.06$ (%0.55) | Toplam Kazanç:1.10$
Paket |  Gün:19/30 | Miktar:10.00$ | Günlük Kazanç: 0.06$ (%0.55) | Toplam Kazanç:1.05$
Paket |  Gün:12/30 | Miktar:12.00$ | Günlük Kazanç: 0.07$ (%0.55) | Toplam Kazanç:0.79$
------------------------------
------------------------------
Gün: 333       Bakiye:3.46       Günlük Kar:0.25
Paket |  Gün:66/90 | Miktar:10.00$ | Günlük Kazanç: 0.07$ (%0.75) | Toplam Kazanç:4.95$
Paket |  Gün:21/30 | Miktar:10.00$ | Günlük Kazanç: 0.06$ (%0.55) | Toplam Kazanç:1.16$
Paket |  Gün:20/30 | Miktar:10.00$ | Günlük Kazanç: 0.06$ (%0.55) | Toplam Kazanç:1.10$
Paket |  Gün:13/30 | Miktar:12.00$ | Günlük Kazanç: 0.07$ (%0.55) | Toplam Kazanç:0.86$
------------------------------
------------------------------
Gün: 334       Bakiye:3.71       Günlük Kar:0.25
Paket |  Gün:67/90 | Miktar:10.00$ | Günlük Kazanç: 0.07$ (%0.75) | Toplam Kazanç:5.03$
Paket |  Gün:22/30 | Miktar:10.00$ | Günlük Kazanç: 0.06$ (%0.55) | Toplam Kazanç:1.21$
Paket |  Gün:21/30 | Miktar:10.00$ | Günlük Kazanç: 0.06$ (%0.55) | Toplam Kazanç:1.16$
Paket |  Gün:14/30 | Miktar:12.00$ | Günlük Kazanç: 0.07$ (%0.55) | Toplam Kazanç:0.92$
------------------------------
------------------------------
Gün: 335       Bakiye:3.96       Günlük Kar:0.25
Paket |  Gün:68/90 | Miktar:10.00$ | Günlük Kazanç: 0.07$ (%0.75) | Toplam Kazanç:5.10$
Paket |  Gün:23/30 | Miktar:10.00$ | Günlük Kazanç: 0.06$ (%0.55) | Toplam Kazanç:1.27$
Paket |  Gün:22/30 | Miktar:10.00$ | Günlük Kazanç: 0.06$ (%0.55) | Toplam Kazanç:1.21$
Paket |  Gün:15/30 | Miktar:12.00$ | Günlük Kazanç: 0.07$ (%0.55) | Toplam Kazanç:0.99$
------------------------------
------------------------------
Gün: 336       Bakiye:4.21       Günlük Kar:0.25
Paket |  Gün:69/90 | Miktar:10.00$ | Günlük Kazanç: 0.07$ (%0.75) | Toplam Kazanç:5.18$
Paket |  Gün:24/30 | Miktar:10.00$ | Günlük Kazanç: 0.06$ (%0.55) | Toplam Kazanç:1.32$
Paket |  Gün:23/30 | Miktar:10.00$ | Günlük Kazanç: 0.06$ (%0.55) | Toplam Kazanç:1.27$
Paket |  Gün:16/30 | Miktar:12.00$ | Günlük Kazanç: 0.07$ (%0.55) | Toplam Kazanç:1.06$
------------------------------
------------------------------
Gün: 337       Bakiye:4.47       Günlük Kar:0.25
Paket |  Gün:70/90 | Miktar:10.00$ | Günlük Kazanç: 0.07$ (%0.75) | Toplam Kazanç:5.25$
Paket |  Gün:25/30 | Miktar:10.00$ | Günlük Kazanç: 0.06$ (%0.55) | Toplam Kazanç:1.38$
Paket |  Gün:24/30 | Miktar:10.00$ | Günlük Kazanç: 0.06$ (%0.55) | Toplam Kazanç:1.32$
Paket |  Gün:17/30 | Miktar:12.00$ | Günlük Kazanç: 0.07$ (%0.55) | Toplam Kazanç:1.12$
------------------------------
------------------------------
Gün: 338       Bakiye:4.72       Günlük Kar:0.25
Paket |  Gün:71/90 | Miktar:10.00$ | Günlük Kazanç: 0.07$ (%0.75) | Toplam Kazanç:5.33$
Paket |  Gün:26/30 | Miktar:10.00$ | Günlük Kazanç: 0.06$ (%0.55) | Toplam Kazanç:1.43$
Paket |  Gün:25/30 | Miktar:10.00$ | Günlük Kazanç: 0.06$ (%0.55) | Toplam Kazanç:1.38$
Paket |  Gün:18/30 | Miktar:12.00$ | Günlük Kazanç: 0.07$ (%0.55) | Toplam Kazanç:1.19$
------------------------------
------------------------------
Gün: 339       Bakiye:4.97       Günlük Kar:0.25
Paket |  Gün:72/90 | Miktar:10.00$ | Günlük Kazanç: 0.07$ (%0.75) | Toplam Kazanç:5.40$
Paket |  Gün:27/30 | Miktar:10.00$ | Günlük Kazanç: 0.06$ (%0.55) | Toplam Kazanç:1.48$
Paket |  Gün:26/30 | Miktar:10.00$ | Günlük Kazanç: 0.06$ (%0.55) | Toplam Kazanç:1.43$
Paket |  Gün:19/30 | Miktar:12.00$ | Günlük Kazanç: 0.07$ (%0.55) | Toplam Kazanç:1.25$
------------------------------
------------------------------
Gün: 340       Bakiye:5.22       Günlük Kar:0.25
Paket |  Gün:73/90 | Miktar:10.00$ | Günlük Kazanç: 0.07$ (%0.75) | Toplam Kazanç:5.48$
Paket |  Gün:28/30 | Miktar:10.00$ | Günlük Kazanç: 0.06$ (%0.55) | Toplam Kazanç:1.54$
Paket |  Gün:27/30 | Miktar:10.00$ | Günlük Kazanç: 0.06$ (%0.55) | Toplam Kazanç:1.48$
Paket |  Gün:20/30 | Miktar:12.00$ | Günlük Kazanç: 0.07$ (%0.55) | Toplam Kazanç:1.32$
------------------------------
------------------------------
Gün: 341       Bakiye:5.47       Günlük Kar:0.25
Paket |  Gün:74/90 | Miktar:10.00$ | Günlük Kazanç: 0.07$ (%0.75) | Toplam Kazanç:5.55$
Paket |  Gün:29/30 | Miktar:10.00$ | Günlük Kazanç: 0.06$ (%0.55) | Toplam Kazanç:1.59$
Paket |  Gün:28/30 | Miktar:10.00$ | Günlük Kazanç: 0.06$ (%0.55) | Toplam Kazanç:1.54$
Paket |  Gün:21/30 | Miktar:12.00$ | Günlük Kazanç: 0.07$ (%0.55) | Toplam Kazanç:1.39$
------------------------------
------------------------------
Gün: 342       Bakiye:5.72       Günlük Kar:0.25
Paket |  Gün:75/90 | Miktar:10.00$ | Günlük Kazanç: 0.07$ (%0.75) | Toplam Kazanç:5.63$
Paket |  Gün:30/30 | Miktar:10.00$ | Günlük Kazanç: 0.06$ (%0.55) | Toplam Kazanç:1.65$
Paket |  Gün:29/30 | Miktar:10.00$ | Günlük Kazanç: 0.06$ (%0.55) | Toplam Kazanç:1.59$
Paket |  Gün:22/30 | Miktar:12.00$ | Günlük Kazanç: 0.07$ (%0.55) | Toplam Kazanç:1.45$
Paket bitti:  Gün: 30 Yatırılan: 10.00 Kar:1.65 Kazanç: 11.65
------------------------------
------------------------------
Gün: 343       Bakiye:15.97       Günlük Kar:0.20
Paket |  Gün:76/90 | Miktar:10.00$ | Günlük Kazanç: 0.07$ (%0.75) | Toplam Kazanç:5.70$
Paket |  Gün:30/30 | Miktar:10.00$ | Günlük Kazanç: 0.06$ (%0.55) | Toplam Kazanç:1.65$
Paket |  Gün:23/30 | Miktar:12.00$ | Günlük Kazanç: 0.07$ (%0.55) | Toplam Kazanç:1.52$
Paket bitti:  Gün: 30 Yatırılan: 10.00 Kar:1.65 Kazanç: 11.65
------------------------------
------------------------------
Gün: 344       Bakiye:26.17       Günlük Kar:0.14
Paket |  Gün:77/90 | Miktar:10.00$ | Günlük Kazanç: 0.07$ (%0.75) | Toplam Kazanç:5.78$
Paket |  Gün:24/30 | Miktar:12.00$ | Günlük Kazanç: 0.07$ (%0.55) | Toplam Kazanç:1.58$
------------------------------
------------------------------
Gün: 345       Bakiye:26.31       Günlük Kar:0.14
Paket |  Gün:78/90 | Miktar:10.00$ | Günlük Kazanç: 0.07$ (%0.75) | Toplam Kazanç:5.85$
Paket |  Gün:25/30 | Miktar:12.00$ | Günlük Kazanç: 0.07$ (%0.55) | Toplam Kazanç:1.65$
------------------------------
------------------------------
Gün: 346       Bakiye:26.45       Günlük Kar:0.14
Paket |  Gün:79/90 | Miktar:10.00$ | Günlük Kazanç: 0.07$ (%0.75) | Toplam Kazanç:5.93$
Paket |  Gün:26/30 | Miktar:12.00$ | Günlük Kazanç: 0.07$ (%0.55) | Toplam Kazanç:1.72$
------------------------------
------------------------------
Gün: 347       Bakiye:26.59       Günlük Kar:0.14
Paket |  Gün:80/90 | Miktar:10.00$ | Günlük Kazanç: 0.07$ (%0.75) | Toplam Kazanç:6.00$
Paket |  Gün:27/30 | Miktar:12.00$ | Günlük Kazanç: 0.07$ (%0.55) | Toplam Kazanç:1.78$
------------------------------
------------------------------
Gün: 348       Bakiye:26.73       Günlük Kar:0.14
Paket |  Gün:81/90 | Miktar:10.00$ | Günlük Kazanç: 0.07$ (%0.75) | Toplam Kazanç:6.08$
Paket |  Gün:28/30 | Miktar:12.00$ | Günlük Kazanç: 0.07$ (%0.55) | Toplam Kazanç:1.85$
------------------------------
------------------------------
Gün: 349       Bakiye:26.87       Günlük Kar:0.14
Paket |  Gün:82/90 | Miktar:10.00$ | Günlük Kazanç: 0.07$ (%0.75) | Toplam Kazanç:6.15$
Paket |  Gün:29/30 | Miktar:12.00$ | Günlük Kazanç: 0.07$ (%0.55) | Toplam Kazanç:1.91$
------------------------------
------------------------------
Gün: 350       Bakiye:27.01       Günlük Kar:0.14
Paket |  Gün:83/90 | Miktar:10.00$ | Günlük Kazanç: 0.07$ (%0.75) | Toplam Kazanç:6.23$
Paket |  Gün:30/30 | Miktar:12.00$ | Günlük Kazanç: 0.07$ (%0.55) | Toplam Kazanç:1.98$
Paket bitti:  Gün: 30 Yatırılan: 12.00 Kar:1.98 Kazanç: 13.98
------------------------------
------------------------------
Gün: 351       Bakiye:39.15       Günlük Kar:0.07
Paket |  Gün:84/90 | Miktar:10.00$ | Günlük Kazanç: 0.07$ (%0.75) | Toplam Kazanç:6.30$
------------------------------
------------------------------
Gün: 352       Bakiye:39.23       Günlük Kar:0.07
Paket |  Gün:85/90 | Miktar:10.00$ | Günlük Kazanç: 0.07$ (%0.75) | Toplam Kazanç:6.38$
------------------------------
------------------------------
Gün: 353       Bakiye:39.30       Günlük Kar:0.07
Paket |  Gün:86/90 | Miktar:10.00$ | Günlük Kazanç: 0.07$ (%0.75) | Toplam Kazanç:6.45$
------------------------------
------------------------------
Gün: 354       Bakiye:39.38       Günlük Kar:0.07
Paket |  Gün:87/90 | Miktar:10.00$ | Günlük Kazanç: 0.07$ (%0.75) | Toplam Kazanç:6.53$
------------------------------
------------------------------
Gün: 355       Bakiye:39.45       Günlük Kar:0.07
Paket |  Gün:88/90 | Miktar:10.00$ | Günlük Kazanç: 0.07$ (%0.75) | Toplam Kazanç:6.60$
------------------------------
------------------------------
Gün: 356       Bakiye:39.53       Günlük Kar:0.07
Paket |  Gün:89/90 | Miktar:10.00$ | Günlük Kazanç: 0.07$ (%0.75) | Toplam Kazanç:6.68$
------------------------------
------------------------------
Gün: 357       Bakiye:39.60       Günlük Kar:0.07
Paket |  Gün:90/90 | Miktar:10.00$ | Günlük Kazanç: 0.07$ (%0.75) | Toplam Kazanç:6.75$
Paket bitti:  Gün: 90 Yatırılan: 10.00 Kar:6.75 Kazanç: 16.75
------------------------------
------------------------------
Gün: 358       Bakiye:49.68       Günlük Kar:0.00
------------------------------
------------------------------
Gün: 359       Bakiye:49.68       Günlük Kar:0.00
------------------------------
------------------------------
Gün: 360       Bakiye:49.68       Günlük Kar:0.00
------------------------------
------------------------------
Gün: 361       Bakiye:49.68       Günlük Kar:0.00
------------------------------
------------------------------
Gün: 362       Bakiye:49.68       Günlük Kar:0.00
------------------------------
------------------------------
Gün: 363       Bakiye:49.68       Günlük Kar:0.00
------------------------------
------------------------------
Gün: 364       Bakiye:49.68       Günlük Kar:0.00
------------------------------
------------------------------
Gün: 365       Bakiye:49.68       Günlük Kar:0.00
------------------------------
Bakiye: 49.68
