------------------------------
Yeni paket eklendi: Gün:120 Miktar: 40.00  Günlük Kar: 0.40(1.00)
------------------------------
Day: 1       Amount:0.00       Daily Profit:0.40
Package |  Days:1/120 | Amount:40.00$ | Daily Profit: 0.40$ (%1.0) | Total Profit:0.40$
------------------------------
------------------------------
Day: 2       Amount:0.40       Daily Profit:0.40
Package |  Days:2/120 | Amount:40.00$ | Daily Profit: 0.40$ (%1.0) | Total Profit:0.80$
------------------------------
------------------------------
Day: 3       Amount:0.80       Daily Profit:0.40
Package |  Days:3/120 | Amount:40.00$ | Daily Profit: 0.40$ (%1.0) | Total Profit:1.20$
------------------------------
------------------------------
Day: 4       Amount:1.20       Daily Profit:0.40
Package |  Days:4/120 | Amount:40.00$ | Daily Profit: 0.40$ (%1.0) | Total Profit:1.60$
------------------------------
------------------------------
Day: 5       Amount:1.60       Daily Profit:0.40
Package |  Days:5/120 | Amount:40.00$ | Daily Profit: 0.40$ (%1.0) | Total Profit:2.00$
------------------------------
------------------------------
Day: 6       Amount:2.00       Daily Profit:0.40
Package |  Days:6/120 | Amount:40.00$ | Daily Profit: 0.40$ (%1.0) | Total Profit:2.40$
------------------------------
------------------------------
Day: 7       Amount:2.40       Daily Profit:0.40
Package |  Days:7/120 | Amount:40.00$ | Daily Profit: 0.40$ (%1.0) | Total Profit:2.80$
------------------------------
------------------------------
Day: 8       Amount:2.80       Daily Profit:0.40
Package |  Days:8/120 | Amount:40.00$ | Daily Profit: 0.40$ (%1.0) | Total Profit:3.20$
------------------------------
------------------------------
Day: 9       Amount:3.20       Daily Profit:0.40
Package |  Days:9/120 | Amount:40.00$ | Daily Profit: 0.40$ (%1.0) | Total Profit:3.60$
------------------------------
------------------------------
Day: 10       Amount:3.60       Daily Profit:0.40
Package |  Days:10/120 | Amount:40.00$ | Daily Profit: 0.40$ (%1.0) | Total Profit:4.00$
------------------------------
------------------------------
Day: 11       Amount:4.00       Daily Profit:0.40
Package |  Days:11/120 | Amount:40.00$ | Daily Profit: 0.40$ (%1.0) | Total Profit:4.40$
------------------------------
------------------------------
Day: 12       Amount:4.40       Daily Profit:0.40
Package |  Days:12/120 | Amount:40.00$ | Daily Profit: 0.40$ (%1.0) | Total Profit:4.80$
------------------------------
------------------------------
Day: 13       Amount:4.80       Daily Profit:0.40
Package |  Days:13/120 | Amount:40.00$ | Daily Profit: 0.40$ (%1.0) | Total Profit:5.20$
------------------------------
------------------------------
Day: 14       Amount:5.20       Daily Profit:0.40
Package |  Days:14/120 | Amount:40.00$ | Daily Profit: 0.40$ (%1.0) | Total Profit:5.60$
------------------------------
------------------------------
Day: 15       Amount:5.60       Daily Profit:0.40
Package |  Days:15/120 | Amount:40.00$ | Daily Profit: 0.40$ (%1.0) | Total Profit:6.00$
------------------------------
------------------------------
Day: 16       Amount:6.00       Daily Profit:0.40
Package |  Days:16/120 | Amount:40.00$ | Daily Profit: 0.40$ (%1.0) | Total Profit:6.40$
------------------------------
------------------------------
Day: 17       Amount:6.40       Daily Profit:0.40
Package |  Days:17/120 | Amount:40.00$ | Daily Profit: 0.40$ (%1.0) | Total Profit:6.80$
------------------------------
------------------------------
Day: 18       Amount:6.80       Daily Profit:0.40
Package |  Days:18/120 | Amount:40.00$ | Daily Profit: 0.40$ (%1.0) | Total Profit:7.20$
------------------------------
------------------------------
Day: 19       Amount:7.20       Daily Profit:0.40
Package |  Days:19/120 | Amount:40.00$ | Daily Profit: 0.40$ (%1.0) | Total Profit:7.60$
------------------------------
------------------------------
Day: 20       Amount:7.60       Daily Profit:0.40
Package |  Days:20/120 | Amount:40.00$ | Daily Profit: 0.40$ (%1.0) | Total Profit:8.00$
------------------------------
------------------------------
Day: 21       Amount:8.00       Daily Profit:0.40
Package |  Days:21/120 | Amount:40.00$ | Daily Profit: 0.40$ (%1.0) | Total Profit:8.40$
------------------------------
------------------------------
Day: 22       Amount:8.40       Daily Profit:0.40
Package |  Days:22/120 | Amount:40.00$ | Daily Profit: 0.40$ (%1.0) | Total Profit:8.80$
------------------------------
------------------------------
Day: 23       Amount:8.80       Daily Profit:0.40
Package |  Days:23/120 | Amount:40.00$ | Daily Profit: 0.40$ (%1.0) | Total Profit:9.20$
------------------------------
------------------------------
Day: 24       Amount:9.20       Daily Profit:0.40
Package |  Days:24/120 | Amount:40.00$ | Daily Profit: 0.40$ (%1.0) | Total Profit:9.60$
------------------------------
------------------------------
Day: 25       Amount:9.60       Daily Profit:0.40
Package |  Days:25/120 | Amount:40.00$ | Daily Profit: 0.40$ (%1.0) | Total Profit:10.00$
------------------------------
Yeni paket eklendi: Gün:90 Miktar: 10.00  Günlük Kar: 0.08(0.75)
------------------------------
Day: 26       Amount:0.00       Daily Profit:0.48
Package |  Days:26/120 | Amount:40.00$ | Daily Profit: 0.40$ (%1.0) | Total Profit:10.40$
Package |  Days:1/90 | Amount:10.00$ | Daily Profit: 0.08$ (%0.75) | Total Profit:0.08$
------------------------------
------------------------------
Day: 27       Amount:0.48       Daily Profit:0.48
Package |  Days:27/120 | Amount:40.00$ | Daily Profit: 0.40$ (%1.0) | Total Profit:10.80$
Package |  Days:2/90 | Amount:10.00$ | Daily Profit: 0.08$ (%0.75) | Total Profit:0.15$
------------------------------
------------------------------
Day: 28       Amount:0.95       Daily Profit:0.48
Package |  Days:28/120 | Amount:40.00$ | Daily Profit: 0.40$ (%1.0) | Total Profit:11.20$
Package |  Days:3/90 | Amount:10.00$ | Daily Profit: 0.08$ (%0.75) | Total Profit:0.23$
------------------------------
------------------------------
Day: 29       Amount:1.43       Daily Profit:0.48
Package |  Days:29/120 | Amount:40.00$ | Daily Profit: 0.40$ (%1.0) | Total Profit:11.60$
Package |  Days:4/90 | Amount:10.00$ | Daily Profit: 0.08$ (%0.75) | Total Profit:0.30$
------------------------------
------------------------------
Day: 30       Amount:1.90       Daily Profit:0.48
Package |  Days:30/120 | Amount:40.00$ | Daily Profit: 0.40$ (%1.0) | Total Profit:12.00$
Package |  Days:5/90 | Amount:10.00$ | Daily Profit: 0.08$ (%0.75) | Total Profit:0.38$
------------------------------
------------------------------
Day: 31       Amount:2.38       Daily Profit:0.48
Package |  Days:31/120 | Amount:40.00$ | Daily Profit: 0.40$ (%1.0) | Total Profit:12.40$
Package |  Days:6/90 | Amount:10.00$ | Daily Profit: 0.08$ (%0.75) | Total Profit:0.45$
------------------------------
------------------------------
Day: 32       Amount:2.85       Daily Profit:0.48
Package |  Days:32/120 | Amount:40.00$ | Daily Profit: 0.40$ (%1.0) | Total Profit:12.80$
Package |  Days:7/90 | Amount:10.00$ | Daily Profit: 0.08$ (%0.75) | Total Profit:0.53$
------------------------------
------------------------------
Day: 33       Amount:3.33       Daily Profit:0.48
Package |  Days:33/120 | Amount:40.00$ | Daily Profit: 0.40$ (%1.0) | Total Profit:13.20$
Package |  Days:8/90 | Amount:10.00$ | Daily Profit: 0.08$ (%0.75) | Total Profit:0.60$
------------------------------
------------------------------
Day: 34       Amount:3.80       Daily Profit:0.48
Package |  Days:34/120 | Amount:40.00$ | Daily Profit: 0.40$ (%1.0) | Total Profit:13.60$
Package |  Days:9/90 | Amount:10.00$ | Daily Profit: 0.08$ (%0.75) | Total Profit:0.68$
------------------------------
------------------------------
Day: 35       Amount:4.28       Daily Profit:0.48
Package |  Days:35/120 | Amount:40.00$ | Daily Profit: 0.40$ (%1.0) | Total Profit:14.00$
Package |  Days:10/90 | Amount:10.00$ | Daily Profit: 0.08$ (%0.75) | Total Profit:0.75$
------------------------------
------------------------------
Day: 36       Amount:4.75       Daily Profit:0.48
Package |  Days:36/120 | Amount:40.00$ | Daily Profit: 0.40$ (%1.0) | Total Profit:14.40$
Package |  Days:11/90 | Amount:10.00$ | Daily Profit: 0.08$ (%0.75) | Total Profit:0.83$
------------------------------
------------------------------
Day: 37       Amount:5.23       Daily Profit:0.48
Package |  Days:37/120 | Amount:40.00$ | Daily Profit: 0.40$ (%1.0) | Total Profit:14.80$
Package |  Days:12/90 | Amount:10.00$ | Daily Profit: 0.08$ (%0.75) | Total Profit:0.90$
------------------------------
------------------------------
Day: 38       Amount:5.70       Daily Profit:0.48
Package |  Days:38/120 | Amount:40.00$ | Daily Profit: 0.40$ (%1.0) | Total Profit:15.20$
Package |  Days:13/90 | Amount:10.00$ | Daily Profit: 0.08$ (%0.75) | Total Profit:0.98$
------------------------------
------------------------------
Day: 39       Amount:6.18       Daily Profit:0.48
Package |  Days:39/120 | Amount:40.00$ | Daily Profit: 0.40$ (%1.0) | Total Profit:15.60$
Package |  Days:14/90 | Amount:10.00$ | Daily Profit: 0.08$ (%0.75) | Total Profit:1.05$
------------------------------
------------------------------
Day: 40       Amount:6.65       Daily Profit:0.48
Package |  Days:40/120 | Amount:40.00$ | Daily Profit: 0.40$ (%1.0) | Total Profit:16.00$
Package |  Days:15/90 | Amount:10.00$ | Daily Profit: 0.08$ (%0.75) | Total Profit:1.13$
------------------------------
------------------------------
Day: 41       Amount:7.13       Daily Profit:0.48
Package |  Days:41/120 | Amount:40.00$ | Daily Profit: 0.40$ (%1.0) | Total Profit:16.40$
Package |  Days:16/90 | Amount:10.00$ | Daily Profit: 0.08$ (%0.75) | Total Profit:1.20$
------------------------------
------------------------------
Day: 42       Amount:7.60       Daily Profit:0.48
Package |  Days:42/120 | Amount:40.00$ | Daily Profit: 0.40$ (%1.0) | Total Profit:16.80$
Package |  Days:17/90 | Amount:10.00$ | Daily Profit: 0.08$ (%0.75) | Total Profit:1.28$
------------------------------
------------------------------
Day: 43       Amount:8.08       Daily Profit:0.48
Package |  Days:43/120 | Amount:40.00$ | Daily Profit: 0.40$ (%1.0) | Total Profit:17.20$
Package |  Days:18/90 | Amount:10.00$ | Daily Profit: 0.08$ (%0.75) | Total Profit:1.35$
------------------------------
------------------------------
Day: 44       Amount:8.55       Daily Profit:0.48
Package |  Days:44/120 | Amount:40.00$ | Daily Profit: 0.40$ (%1.0) | Total Profit:17.60$
Package |  Days:19/90 | Amount:10.00$ | Daily Profit: 0.08$ (%0.75) | Total Profit:1.43$
------------------------------
------------------------------
Day: 45       Amount:9.03       Daily Profit:0.48
Package |  Days:45/120 | Amount:40.00$ | Daily Profit: 0.40$ (%1.0) | Total Profit:18.00$
Package |  Days:20/90 | Amount:10.00$ | Daily Profit: 0.08$ (%0.75) | Total Profit:1.50$
------------------------------
------------------------------
Day: 46       Amount:9.50       Daily Profit:0.48
Package |  Days:46/120 | Amount:40.00$ | Daily Profit: 0.40$ (%1.0) | Total Profit:18.40$
Package |  Days:21/90 | Amount:10.00$ | Daily Profit: 0.08$ (%0.75) | Total Profit:1.58$
------------------------------
------------------------------
Day: 47       Amount:9.98       Daily Profit:0.48
Package |  Days:47/120 | Amount:40.00$ | Daily Profit: 0.40$ (%1.0) | Total Profit:18.80$
Package |  Days:22/90 | Amount:10.00$ | Daily Profit: 0.08$ (%0.75) | Total Profit:1.65$
------------------------------
Yeni paket eklendi: Gün:60 Miktar: 10.45  Günlük Kar: 0.07(0.65)
------------------------------
Day: 48       Amount:0.00       Daily Profit:0.54
Package |  Days:48/120 | Amount:40.00$ | Daily Profit: 0.40$ (%1.0) | Total Profit:19.20$
Package |  Days:23/90 | Amount:10.00$ | Daily Profit: 0.08$ (%0.75) | Total Profit:1.73$
Package |  Days:1/60 | Amount:10.45$ | Daily Profit: 0.07$ (%0.65) | Total Profit:0.07$
------------------------------
------------------------------
Day: 49       Amount:0.54       Daily Profit:0.54
Package |  Days:49/120 | Amount:40.00$ | Daily Profit: 0.40$ (%1.0) | Total Profit:19.60$
Package |  Days:24/90 | Amount:10.00$ | Daily Profit: 0.08$ (%0.75) | Total Profit:1.80$
Package |  Days:2/60 | Amount:10.45$ | Daily Profit: 0.07$ (%0.65) | Total Profit:0.14$
------------------------------
------------------------------
Day: 50       Amount:1.09       Daily Profit:0.54
Package |  Days:50/120 | Amount:40.00$ | Daily Profit: 0.40$ (%1.0) | Total Profit:20.00$
Package |  Days:25/90 | Amount:10.00$ | Daily Profit: 0.08$ (%0.75) | Total Profit:1.88$
Package |  Days:3/60 | Amount:10.45$ | Daily Profit: 0.07$ (%0.65) | Total Profit:0.20$
------------------------------
------------------------------
Day: 51       Amount:1.63       Daily Profit:0.54
Package |  Days:51/120 | Amount:40.00$ | Daily Profit: 0.40$ (%1.0) | Total Profit:20.40$
Package |  Days:26/90 | Amount:10.00$ | Daily Profit: 0.08$ (%0.75) | Total Profit:1.95$
Package |  Days:4/60 | Amount:10.45$ | Daily Profit: 0.07$ (%0.65) | Total Profit:0.27$
------------------------------
------------------------------
Day: 52       Amount:2.17       Daily Profit:0.54
Package |  Days:52/120 | Amount:40.00$ | Daily Profit: 0.40$ (%1.0) | Total Profit:20.80$
Package |  Days:27/90 | Amount:10.00$ | Daily Profit: 0.08$ (%0.75) | Total Profit:2.02$
Package |  Days:5/60 | Amount:10.45$ | Daily Profit: 0.07$ (%0.65) | Total Profit:0.34$
------------------------------
------------------------------
Day: 53       Amount:2.71       Daily Profit:0.54
Package |  Days:53/120 | Amount:40.00$ | Daily Profit: 0.40$ (%1.0) | Total Profit:21.20$
Package |  Days:28/90 | Amount:10.00$ | Daily Profit: 0.08$ (%0.75) | Total Profit:2.10$
Package |  Days:6/60 | Amount:10.45$ | Daily Profit: 0.07$ (%0.65) | Total Profit:0.41$
------------------------------
------------------------------
Day: 54       Amount:3.26       Daily Profit:0.54
Package |  Days:54/120 | Amount:40.00$ | Daily Profit: 0.40$ (%1.0) | Total Profit:21.60$
Package |  Days:29/90 | Amount:10.00$ | Daily Profit: 0.08$ (%0.75) | Total Profit:2.18$
Package |  Days:7/60 | Amount:10.45$ | Daily Profit: 0.07$ (%0.65) | Total Profit:0.48$
------------------------------
------------------------------
Day: 55       Amount:3.80       Daily Profit:0.54
Package |  Days:55/120 | Amount:40.00$ | Daily Profit: 0.40$ (%1.0) | Total Profit:22.00$
Package |  Days:30/90 | Amount:10.00$ | Daily Profit: 0.08$ (%0.75) | Total Profit:2.25$
Package |  Days:8/60 | Amount:10.45$ | Daily Profit: 0.07$ (%0.65) | Total Profit:0.54$
------------------------------
------------------------------
Day: 56       Amount:4.34       Daily Profit:0.54
Package |  Days:56/120 | Amount:40.00$ | Daily Profit: 0.40$ (%1.0) | Total Profit:22.40$
Package |  Days:31/90 | Amount:10.00$ | Daily Profit: 0.08$ (%0.75) | Total Profit:2.33$
Package |  Days:9/60 | Amount:10.45$ | Daily Profit: 0.07$ (%0.65) | Total Profit:0.61$
------------------------------
------------------------------
Day: 57       Amount:4.89       Daily Profit:0.54
Package |  Days:57/120 | Amount:40.00$ | Daily Profit: 0.40$ (%1.0) | Total Profit:22.80$
Package |  Days:32/90 | Amount:10.00$ | Daily Profit: 0.08$ (%0.75) | Total Profit:2.40$
Package |  Days:10/60 | Amount:10.45$ | Daily Profit: 0.07$ (%0.65) | Total Profit:0.68$
------------------------------
------------------------------
Day: 58       Amount:5.43       Daily Profit:0.54
Package |  Days:58/120 | Amount:40.00$ | Daily Profit: 0.40$ (%1.0) | Total Profit:23.20$
Package |  Days:33/90 | Amount:10.00$ | Daily Profit: 0.08$ (%0.75) | Total Profit:2.48$
Package |  Days:11/60 | Amount:10.45$ | Daily Profit: 0.07$ (%0.65) | Total Profit:0.75$
------------------------------
------------------------------
Day: 59       Amount:5.97       Daily Profit:0.54
Package |  Days:59/120 | Amount:40.00$ | Daily Profit: 0.40$ (%1.0) | Total Profit:23.60$
Package |  Days:34/90 | Amount:10.00$ | Daily Profit: 0.08$ (%0.75) | Total Profit:2.55$
Package |  Days:12/60 | Amount:10.45$ | Daily Profit: 0.07$ (%0.65) | Total Profit:0.82$
------------------------------
------------------------------
Day: 60       Amount:6.52       Daily Profit:0.54
Package |  Days:60/120 | Amount:40.00$ | Daily Profit: 0.40$ (%1.0) | Total Profit:24.00$
Package |  Days:35/90 | Amount:10.00$ | Daily Profit: 0.08$ (%0.75) | Total Profit:2.63$
Package |  Days:13/60 | Amount:10.45$ | Daily Profit: 0.07$ (%0.65) | Total Profit:0.88$
------------------------------
------------------------------
Day: 61       Amount:7.06       Daily Profit:0.54
Package |  Days:61/120 | Amount:40.00$ | Daily Profit: 0.40$ (%1.0) | Total Profit:24.40$
Package |  Days:36/90 | Amount:10.00$ | Daily Profit: 0.08$ (%0.75) | Total Profit:2.70$
Package |  Days:14/60 | Amount:10.45$ | Daily Profit: 0.07$ (%0.65) | Total Profit:0.95$
------------------------------
------------------------------
Day: 62       Amount:7.60       Daily Profit:0.54
Package |  Days:62/120 | Amount:40.00$ | Daily Profit: 0.40$ (%1.0) | Total Profit:24.80$
Package |  Days:37/90 | Amount:10.00$ | Daily Profit: 0.08$ (%0.75) | Total Profit:2.78$
Package |  Days:15/60 | Amount:10.45$ | Daily Profit: 0.07$ (%0.65) | Total Profit:1.02$
------------------------------
------------------------------
Day: 63       Amount:8.14       Daily Profit:0.54
Package |  Days:63/120 | Amount:40.00$ | Daily Profit: 0.40$ (%1.0) | Total Profit:25.20$
Package |  Days:38/90 | Amount:10.00$ | Daily Profit: 0.08$ (%0.75) | Total Profit:2.85$
Package |  Days:16/60 | Amount:10.45$ | Daily Profit: 0.07$ (%0.65) | Total Profit:1.09$
------------------------------
------------------------------
Day: 64       Amount:8.69       Daily Profit:0.54
Package |  Days:64/120 | Amount:40.00$ | Daily Profit: 0.40$ (%1.0) | Total Profit:25.60$
Package |  Days:39/90 | Amount:10.00$ | Daily Profit: 0.08$ (%0.75) | Total Profit:2.93$
Package |  Days:17/60 | Amount:10.45$ | Daily Profit: 0.07$ (%0.65) | Total Profit:1.15$
------------------------------
------------------------------
Day: 65       Amount:9.23       Daily Profit:0.54
Package |  Days:65/120 | Amount:40.00$ | Daily Profit: 0.40$ (%1.0) | Total Profit:26.00$
Package |  Days:40/90 | Amount:10.00$ | Daily Profit: 0.08$ (%0.75) | Total Profit:3.00$
Package |  Days:18/60 | Amount:10.45$ | Daily Profit: 0.07$ (%0.65) | Total Profit:1.22$
------------------------------
------------------------------
Day: 66       Amount:9.77       Daily Profit:0.54
Package |  Days:66/120 | Amount:40.00$ | Daily Profit: 0.40$ (%1.0) | Total Profit:26.40$
Package |  Days:41/90 | Amount:10.00$ | Daily Profit: 0.08$ (%0.75) | Total Profit:3.08$
Package |  Days:19/60 | Amount:10.45$ | Daily Profit: 0.07$ (%0.65) | Total Profit:1.29$
------------------------------
Yeni paket eklendi: Gün:30 Miktar: 10.32  Günlük Kar: 0.06(0.55)
------------------------------
Day: 67       Amount:0.00       Daily Profit:0.60
Package |  Days:67/120 | Amount:40.00$ | Daily Profit: 0.40$ (%1.0) | Total Profit:26.80$
Package |  Days:42/90 | Amount:10.00$ | Daily Profit: 0.08$ (%0.75) | Total Profit:3.15$
Package |  Days:20/60 | Amount:10.45$ | Daily Profit: 0.07$ (%0.65) | Total Profit:1.36$
Package |  Days:1/30 | Amount:10.32$ | Daily Profit: 0.06$ (%0.55) | Total Profit:0.06$
------------------------------
------------------------------
Day: 68       Amount:0.60       Daily Profit:0.60
Package |  Days:68/120 | Amount:40.00$ | Daily Profit: 0.40$ (%1.0) | Total Profit:27.20$
Package |  Days:43/90 | Amount:10.00$ | Daily Profit: 0.08$ (%0.75) | Total Profit:3.23$
Package |  Days:21/60 | Amount:10.45$ | Daily Profit: 0.07$ (%0.65) | Total Profit:1.43$
Package |  Days:2/30 | Amount:10.32$ | Daily Profit: 0.06$ (%0.55) | Total Profit:0.11$
------------------------------
------------------------------
Day: 69       Amount:1.20       Daily Profit:0.60
Package |  Days:69/120 | Amount:40.00$ | Daily Profit: 0.40$ (%1.0) | Total Profit:27.60$
Package |  Days:44/90 | Amount:10.00$ | Daily Profit: 0.08$ (%0.75) | Total Profit:3.30$
Package |  Days:22/60 | Amount:10.45$ | Daily Profit: 0.07$ (%0.65) | Total Profit:1.49$
Package |  Days:3/30 | Amount:10.32$ | Daily Profit: 0.06$ (%0.55) | Total Profit:0.17$
------------------------------
------------------------------
Day: 70       Amount:1.80       Daily Profit:0.60
Package |  Days:70/120 | Amount:40.00$ | Daily Profit: 0.40$ (%1.0) | Total Profit:28.00$
Package |  Days:45/90 | Amount:10.00$ | Daily Profit: 0.08$ (%0.75) | Total Profit:3.38$
Package |  Days:23/60 | Amount:10.45$ | Daily Profit: 0.07$ (%0.65) | Total Profit:1.56$
Package |  Days:4/30 | Amount:10.32$ | Daily Profit: 0.06$ (%0.55) | Total Profit:0.23$
------------------------------
------------------------------
Day: 71       Amount:2.40       Daily Profit:0.60
Package |  Days:71/120 | Amount:40.00$ | Daily Profit: 0.40$ (%1.0) | Total Profit:28.40$
Package |  Days:46/90 | Amount:10.00$ | Daily Profit: 0.08$ (%0.75) | Total Profit:3.45$
Package |  Days:24/60 | Amount:10.45$ | Daily Profit: 0.07$ (%0.65) | Total Profit:1.63$
Package |  Days:5/30 | Amount:10.32$ | Daily Profit: 0.06$ (%0.55) | Total Profit:0.28$
------------------------------
------------------------------
Day: 72       Amount:3.00       Daily Profit:0.60
Package |  Days:72/120 | Amount:40.00$ | Daily Profit: 0.40$ (%1.0) | Total Profit:28.80$
Package |  Days:47/90 | Amount:10.00$ | Daily Profit: 0.08$ (%0.75) | Total Profit:3.53$
Package |  Days:25/60 | Amount:10.45$ | Daily Profit: 0.07$ (%0.65) | Total Profit:1.70$
Package |  Days:6/30 | Amount:10.32$ | Daily Profit: 0.06$ (%0.55) | Total Profit:0.34$
------------------------------
------------------------------
Day: 73       Amount:3.60       Daily Profit:0.60
Package |  Days:73/120 | Amount:40.00$ | Daily Profit: 0.40$ (%1.0) | Total Profit:29.20$
Package |  Days:48/90 | Amount:10.00$ | Daily Profit: 0.08$ (%0.75) | Total Profit:3.60$
Package |  Days:26/60 | Amount:10.45$ | Daily Profit: 0.07$ (%0.65) | Total Profit:1.77$
Package |  Days:7/30 | Amount:10.32$ | Daily Profit: 0.06$ (%0.55) | Total Profit:0.40$
------------------------------
------------------------------
Day: 74       Amount:4.20       Daily Profit:0.60
Package |  Days:74/120 | Amount:40.00$ | Daily Profit: 0.40$ (%1.0) | Total Profit:29.60$
Package |  Days:49/90 | Amount:10.00$ | Daily Profit: 0.08$ (%0.75) | Total Profit:3.68$
Package |  Days:27/60 | Amount:10.45$ | Daily Profit: 0.07$ (%0.65) | Total Profit:1.83$
Package |  Days:8/30 | Amount:10.32$ | Daily Profit: 0.06$ (%0.55) | Total Profit:0.45$
------------------------------
------------------------------
Day: 75       Amount:4.80       Daily Profit:0.60
Package |  Days:75/120 | Amount:40.00$ | Daily Profit: 0.40$ (%1.0) | Total Profit:30.00$
Package |  Days:50/90 | Amount:10.00$ | Daily Profit: 0.08$ (%0.75) | Total Profit:3.75$
Package |  Days:28/60 | Amount:10.45$ | Daily Profit: 0.07$ (%0.65) | Total Profit:1.90$
Package |  Days:9/30 | Amount:10.32$ | Daily Profit: 0.06$ (%0.55) | Total Profit:0.51$
------------------------------
------------------------------
Day: 76       Amount:5.40       Daily Profit:0.60
Package |  Days:76/120 | Amount:40.00$ | Daily Profit: 0.40$ (%1.0) | Total Profit:30.40$
Package |  Days:51/90 | Amount:10.00$ | Daily Profit: 0.08$ (%0.75) | Total Profit:3.83$
Package |  Days:29/60 | Amount:10.45$ | Daily Profit: 0.07$ (%0.65) | Total Profit:1.97$
Package |  Days:10/30 | Amount:10.32$ | Daily Profit: 0.06$ (%0.55) | Total Profit:0.57$
------------------------------
------------------------------
Day: 77       Amount:6.00       Daily Profit:0.60
Package |  Days:77/120 | Amount:40.00$ | Daily Profit: 0.40$ (%1.0) | Total Profit:30.80$
Package |  Days:52/90 | Amount:10.00$ | Daily Profit: 0.08$ (%0.75) | Total Profit:3.90$
Package |  Days:30/60 | Amount:10.45$ | Daily Profit: 0.07$ (%0.65) | Total Profit:2.04$
Package |  Days:11/30 | Amount:10.32$ | Daily Profit: 0.06$ (%0.55) | Total Profit:0.62$
------------------------------
------------------------------
Day: 78       Amount:6.60       Daily Profit:0.60
Package |  Days:78/120 | Amount:40.00$ | Daily Profit: 0.40$ (%1.0) | Total Profit:31.20$
Package |  Days:53/90 | Amount:10.00$ | Daily Profit: 0.08$ (%0.75) | Total Profit:3.98$
Package |  Days:31/60 | Amount:10.45$ | Daily Profit: 0.07$ (%0.65) | Total Profit:2.11$
Package |  Days:12/30 | Amount:10.32$ | Daily Profit: 0.06$ (%0.55) | Total Profit:0.68$
------------------------------
------------------------------
Day: 79       Amount:7.20       Daily Profit:0.60
Package |  Days:79/120 | Amount:40.00$ | Daily Profit: 0.40$ (%1.0) | Total Profit:31.60$
Package |  Days:54/90 | Amount:10.00$ | Daily Profit: 0.08$ (%0.75) | Total Profit:4.05$
Package |  Days:32/60 | Amount:10.45$ | Daily Profit: 0.07$ (%0.65) | Total Profit:2.17$
Package |  Days:13/30 | Amount:10.32$ | Daily Profit: 0.06$ (%0.55) | Total Profit:0.74$
------------------------------
------------------------------
Day: 80       Amount:7.80       Daily Profit:0.60
Package |  Days:80/120 | Amount:40.00$ | Daily Profit: 0.40$ (%1.0) | Total Profit:32.00$
Package |  Days:55/90 | Amount:10.00$ | Daily Profit: 0.08$ (%0.75) | Total Profit:4.13$
Package |  Days:33/60 | Amount:10.45$ | Daily Profit: 0.07$ (%0.65) | Total Profit:2.24$
Package |  Days:14/30 | Amount:10.32$ | Daily Profit: 0.06$ (%0.55) | Total Profit:0.79$
------------------------------
------------------------------
Day: 81       Amount:8.40       Daily Profit:0.60
Package |  Days:81/120 | Amount:40.00$ | Daily Profit: 0.40$ (%1.0) | Total Profit:32.40$
Package |  Days:56/90 | Amount:10.00$ | Daily Profit: 0.08$ (%0.75) | Total Profit:4.20$
Package |  Days:34/60 | Amount:10.45$ | Daily Profit: 0.07$ (%0.65) | Total Profit:2.31$
Package |  Days:15/30 | Amount:10.32$ | Daily Profit: 0.06$ (%0.55) | Total Profit:0.85$
------------------------------
------------------------------
Day: 82       Amount:8.99       Daily Profit:0.60
Package |  Days:82/120 | Amount:40.00$ | Daily Profit: 0.40$ (%1.0) | Total Profit:32.80$
Package |  Days:57/90 | Amount:10.00$ | Daily Profit: 0.08$ (%0.75) | Total Profit:4.28$
Package |  Days:35/60 | Amount:10.45$ | Daily Profit: 0.07$ (%0.65) | Total Profit:2.38$
Package |  Days:16/30 | Amount:10.32$ | Daily Profit: 0.06$ (%0.55) | Total Profit:0.91$
------------------------------
------------------------------
Day: 83       Amount:9.59       Daily Profit:0.60
Package |  Days:83/120 | Amount:40.00$ | Daily Profit: 0.40$ (%1.0) | Total Profit:33.20$
Package |  Days:58/90 | Amount:10.00$ | Daily Profit: 0.08$ (%0.75) | Total Profit:4.35$
Package |  Days:36/60 | Amount:10.45$ | Daily Profit: 0.07$ (%0.65) | Total Profit:2.45$
Package |  Days:17/30 | Amount:10.32$ | Daily Profit: 0.06$ (%0.55) | Total Profit:0.96$
------------------------------
Yeni paket eklendi: Gün:30 Miktar: 10.19  Günlük Kar: 0.06(0.55)
------------------------------
Day: 84       Amount:0.00       Daily Profit:0.66
Package |  Days:84/120 | Amount:40.00$ | Daily Profit: 0.40$ (%1.0) | Total Profit:33.60$
Package |  Days:59/90 | Amount:10.00$ | Daily Profit: 0.08$ (%0.75) | Total Profit:4.43$
Package |  Days:37/60 | Amount:10.45$ | Daily Profit: 0.07$ (%0.65) | Total Profit:2.51$
Package |  Days:18/30 | Amount:10.32$ | Daily Profit: 0.06$ (%0.55) | Total Profit:1.02$
Package |  Days:1/30 | Amount:10.19$ | Daily Profit: 0.06$ (%0.55) | Total Profit:0.06$
------------------------------
------------------------------
Day: 85       Amount:0.66       Daily Profit:0.66
Package |  Days:85/120 | Amount:40.00$ | Daily Profit: 0.40$ (%1.0) | Total Profit:34.00$
Package |  Days:60/90 | Amount:10.00$ | Daily Profit: 0.08$ (%0.75) | Total Profit:4.50$
Package |  Days:38/60 | Amount:10.45$ | Daily Profit: 0.07$ (%0.65) | Total Profit:2.58$
Package |  Days:19/30 | Amount:10.32$ | Daily Profit: 0.06$ (%0.55) | Total Profit:1.08$
Package |  Days:2/30 | Amount:10.19$ | Daily Profit: 0.06$ (%0.55) | Total Profit:0.11$
------------------------------
------------------------------
Day: 86       Amount:1.31       Daily Profit:0.66
Package |  Days:86/120 | Amount:40.00$ | Daily Profit: 0.40$ (%1.0) | Total Profit:34.40$
Package |  Days:61/90 | Amount:10.00$ | Daily Profit: 0.08$ (%0.75) | Total Profit:4.58$
Package |  Days:39/60 | Amount:10.45$ | Daily Profit: 0.07$ (%0.65) | Total Profit:2.65$
Package |  Days:20/30 | Amount:10.32$ | Daily Profit: 0.06$ (%0.55) | Total Profit:1.13$
Package |  Days:3/30 | Amount:10.19$ | Daily Profit: 0.06$ (%0.55) | Total Profit:0.17$
------------------------------
------------------------------
Day: 87       Amount:1.97       Daily Profit:0.66
Package |  Days:87/120 | Amount:40.00$ | Daily Profit: 0.40$ (%1.0) | Total Profit:34.80$
Package |  Days:62/90 | Amount:10.00$ | Daily Profit: 0.08$ (%0.75) | Total Profit:4.65$
Package |  Days:40/60 | Amount:10.45$ | Daily Profit: 0.07$ (%0.65) | Total Profit:2.72$
Package |  Days:21/30 | Amount:10.32$ | Daily Profit: 0.06$ (%0.55) | Total Profit:1.19$
Package |  Days:4/30 | Amount:10.19$ | Daily Profit: 0.06$ (%0.55) | Total Profit:0.22$
------------------------------
------------------------------
Day: 88       Amount:2.62       Daily Profit:0.66
Package |  Days:88/120 | Amount:40.00$ | Daily Profit: 0.40$ (%1.0) | Total Profit:35.20$
Package |  Days:63/90 | Amount:10.00$ | Daily Profit: 0.08$ (%0.75) | Total Profit:4.73$
Package |  Days:41/60 | Amount:10.45$ | Daily Profit: 0.07$ (%0.65) | Total Profit:2.78$
Package |  Days:22/30 | Amount:10.32$ | Daily Profit: 0.06$ (%0.55) | Total Profit:1.25$
Package |  Days:5/30 | Amount:10.19$ | Daily Profit: 0.06$ (%0.55) | Total Profit:0.28$
------------------------------
------------------------------
Day: 89       Amount:3.28       Daily Profit:0.66
Package |  Days:89/120 | Amount:40.00$ | Daily Profit: 0.40$ (%1.0) | Total Profit:35.60$
Package |  Days:64/90 | Amount:10.00$ | Daily Profit: 0.08$ (%0.75) | Total Profit:4.80$
Package |  Days:42/60 | Amount:10.45$ | Daily Profit: 0.07$ (%0.65) | Total Profit:2.85$
Package |  Days:23/30 | Amount:10.32$ | Daily Profit: 0.06$ (%0.55) | Total Profit:1.30$
Package |  Days:6/30 | Amount:10.19$ | Daily Profit: 0.06$ (%0.55) | Total Profit:0.34$
------------------------------
------------------------------
Day: 90       Amount:3.93       Daily Profit:0.66
Package |  Days:90/120 | Amount:40.00$ | Daily Profit: 0.40$ (%1.0) | Total Profit:36.00$
Package |  Days:65/90 | Amount:10.00$ | Daily Profit: 0.08$ (%0.75) | Total Profit:4.88$
Package |  Days:43/60 | Amount:10.45$ | Daily Profit: 0.07$ (%0.65) | Total Profit:2.92$
Package |  Days:24/30 | Amount:10.32$ | Daily Profit: 0.06$ (%0.55) | Total Profit:1.36$
Package |  Days:7/30 | Amount:10.19$ | Daily Profit: 0.06$ (%0.55) | Total Profit:0.39$
------------------------------
------------------------------
Day: 91       Amount:4.59       Daily Profit:0.66
Package |  Days:91/120 | Amount:40.00$ | Daily Profit: 0.40$ (%1.0) | Total Profit:36.40$
Package |  Days:66/90 | Amount:10.00$ | Daily Profit: 0.08$ (%0.75) | Total Profit:4.95$
Package |  Days:44/60 | Amount:10.45$ | Daily Profit: 0.07$ (%0.65) | Total Profit:2.99$
Package |  Days:25/30 | Amount:10.32$ | Daily Profit: 0.06$ (%0.55) | Total Profit:1.42$
Package |  Days:8/30 | Amount:10.19$ | Daily Profit: 0.06$ (%0.55) | Total Profit:0.45$
------------------------------
------------------------------
Day: 92       Amount:5.25       Daily Profit:0.66
Package |  Days:92/120 | Amount:40.00$ | Daily Profit: 0.40$ (%1.0) | Total Profit:36.80$
Package |  Days:67/90 | Amount:10.00$ | Daily Profit: 0.08$ (%0.75) | Total Profit:5.03$
Package |  Days:45/60 | Amount:10.45$ | Daily Profit: 0.07$ (%0.65) | Total Profit:3.06$
Package |  Days:26/30 | Amount:10.32$ | Daily Profit: 0.06$ (%0.55) | Total Profit:1.48$
Package |  Days:9/30 | Amount:10.19$ | Daily Profit: 0.06$ (%0.55) | Total Profit:0.50$
------------------------------
------------------------------
Day: 93       Amount:5.90       Daily Profit:0.66
Package |  Days:93/120 | Amount:40.00$ | Daily Profit: 0.40$ (%1.0) | Total Profit:37.20$
Package |  Days:68/90 | Amount:10.00$ | Daily Profit: 0.08$ (%0.75) | Total Profit:5.10$
Package |  Days:46/60 | Amount:10.45$ | Daily Profit: 0.07$ (%0.65) | Total Profit:3.12$
Package |  Days:27/30 | Amount:10.32$ | Daily Profit: 0.06$ (%0.55) | Total Profit:1.53$
Package |  Days:10/30 | Amount:10.19$ | Daily Profit: 0.06$ (%0.55) | Total Profit:0.56$
------------------------------
------------------------------
Day: 94       Amount:6.56       Daily Profit:0.66
Package |  Days:94/120 | Amount:40.00$ | Daily Profit: 0.40$ (%1.0) | Total Profit:37.60$
Package |  Days:69/90 | Amount:10.00$ | Daily Profit: 0.08$ (%0.75) | Total Profit:5.18$
Package |  Days:47/60 | Amount:10.45$ | Daily Profit: 0.07$ (%0.65) | Total Profit:3.19$
Package |  Days:28/30 | Amount:10.32$ | Daily Profit: 0.06$ (%0.55) | Total Profit:1.59$
Package |  Days:11/30 | Amount:10.19$ | Daily Profit: 0.06$ (%0.55) | Total Profit:0.62$
------------------------------
------------------------------
Day: 95       Amount:7.21       Daily Profit:0.66
Package |  Days:95/120 | Amount:40.00$ | Daily Profit: 0.40$ (%1.0) | Total Profit:38.00$
Package |  Days:70/90 | Amount:10.00$ | Daily Profit: 0.08$ (%0.75) | Total Profit:5.25$
Package |  Days:48/60 | Amount:10.45$ | Daily Profit: 0.07$ (%0.65) | Total Profit:3.26$
Package |  Days:29/30 | Amount:10.32$ | Daily Profit: 0.06$ (%0.55) | Total Profit:1.65$
Package |  Days:12/30 | Amount:10.19$ | Daily Profit: 0.06$ (%0.55) | Total Profit:0.67$
------------------------------
------------------------------
Day: 96       Amount:7.87       Daily Profit:0.66
Package |  Days:96/120 | Amount:40.00$ | Daily Profit: 0.40$ (%1.0) | Total Profit:38.40$
Package |  Days:71/90 | Amount:10.00$ | Daily Profit: 0.08$ (%0.75) | Total Profit:5.33$
Package |  Days:49/60 | Amount:10.45$ | Daily Profit: 0.07$ (%0.65) | Total Profit:3.33$
Package |  Days:30/30 | Amount:10.32$ | Daily Profit: 0.06$ (%0.55) | Total Profit:1.70$
Package |  Days:13/30 | Amount:10.19$ | Daily Profit: 0.06$ (%0.55) | Total Profit:0.73$
------------------------------
------------------------------
Day: 97       Amount:18.84       Daily Profit:0.60
Package |  Days:97/120 | Amount:40.00$ | Daily Profit: 0.40$ (%1.0) | Total Profit:38.80$
Package |  Days:72/90 | Amount:10.00$ | Daily Profit: 0.08$ (%0.75) | Total Profit:5.40$
Package |  Days:50/60 | Amount:10.45$ | Daily Profit: 0.07$ (%0.65) | Total Profit:3.40$
Package |  Days:14/30 | Amount:10.19$ | Daily Profit: 0.06$ (%0.55) | Total Profit:0.78$
------------------------------
------------------------------
Day: 98       Amount:19.44       Daily Profit:0.60
Package |  Days:98/120 | Amount:40.00$ | Daily Profit: 0.40$ (%1.0) | Total Profit:39.20$
Package |  Days:73/90 | Amount:10.00$ | Daily Profit: 0.08$ (%0.75) | Total Profit:5.48$
Package |  Days:51/60 | Amount:10.45$ | Daily Profit: 0.07$ (%0.65) | Total Profit:3.46$
Package |  Days:15/30 | Amount:10.19$ | Daily Profit: 0.06$ (%0.55) | Total Profit:0.84$
------------------------------
------------------------------
Day: 99       Amount:20.04       Daily Profit:0.60
Package |  Days:99/120 | Amount:40.00$ | Daily Profit: 0.40$ (%1.0) | Total Profit:39.60$
Package |  Days:74/90 | Amount:10.00$ | Daily Profit: 0.08$ (%0.75) | Total Profit:5.55$
Package |  Days:52/60 | Amount:10.45$ | Daily Profit: 0.07$ (%0.65) | Total Profit:3.53$
Package |  Days:16/30 | Amount:10.19$ | Daily Profit: 0.06$ (%0.55) | Total Profit:0.90$
------------------------------
------------------------------
Day: 100       Amount:20.64       Daily Profit:0.60
Package |  Days:100/120 | Amount:40.00$ | Daily Profit: 0.40$ (%1.0) | Total Profit:40.00$
Package |  Days:75/90 | Amount:10.00$ | Daily Profit: 0.08$ (%0.75) | Total Profit:5.63$
Package |  Days:53/60 | Amount:10.45$ | Daily Profit: 0.07$ (%0.65) | Total Profit:3.60$
Package |  Days:17/30 | Amount:10.19$ | Daily Profit: 0.06$ (%0.55) | Total Profit:0.95$
------------------------------
------------------------------
Day: 101       Amount:21.24       Daily Profit:0.60
Package |  Days:101/120 | Amount:40.00$ | Daily Profit: 0.40$ (%1.0) | Total Profit:40.40$
Package |  Days:76/90 | Amount:10.00$ | Daily Profit: 0.08$ (%0.75) | Total Profit:5.70$
Package |  Days:54/60 | Amount:10.45$ | Daily Profit: 0.07$ (%0.65) | Total Profit:3.67$
Package |  Days:18/30 | Amount:10.19$ | Daily Profit: 0.06$ (%0.55) | Total Profit:1.01$
------------------------------
------------------------------
Day: 102       Amount:21.84       Daily Profit:0.60
Package |  Days:102/120 | Amount:40.00$ | Daily Profit: 0.40$ (%1.0) | Total Profit:40.80$
Package |  Days:77/90 | Amount:10.00$ | Daily Profit: 0.08$ (%0.75) | Total Profit:5.78$
Package |  Days:55/60 | Amount:10.45$ | Daily Profit: 0.07$ (%0.65) | Total Profit:3.74$
Package |  Days:19/30 | Amount:10.19$ | Daily Profit: 0.06$ (%0.55) | Total Profit:1.07$
------------------------------
------------------------------
Day: 103       Amount:22.43       Daily Profit:0.60
Package |  Days:103/120 | Amount:40.00$ | Daily Profit: 0.40$ (%1.0) | Total Profit:41.20$
Package |  Days:78/90 | Amount:10.00$ | Daily Profit: 0.08$ (%0.75) | Total Profit:5.85$
Package |  Days:56/60 | Amount:10.45$ | Daily Profit: 0.07$ (%0.65) | Total Profit:3.80$
Package |  Days:20/30 | Amount:10.19$ | Daily Profit: 0.06$ (%0.55) | Total Profit:1.12$
------------------------------
------------------------------
Day: 104       Amount:23.03       Daily Profit:0.60
Package |  Days:104/120 | Amount:40.00$ | Daily Profit: 0.40$ (%1.0) | Total Profit:41.60$
Package |  Days:79/90 | Amount:10.00$ | Daily Profit: 0.08$ (%0.75) | Total Profit:5.93$
Package |  Days:57/60 | Amount:10.45$ | Daily Profit: 0.07$ (%0.65) | Total Profit:3.87$
Package |  Days:21/30 | Amount:10.19$ | Daily Profit: 0.06$ (%0.55) | Total Profit:1.18$
------------------------------
------------------------------
Day: 105       Amount:23.63       Daily Profit:0.60
Package |  Days:105/120 | Amount:40.00$ | Daily Profit: 0.40$ (%1.0) | Total Profit:42.00$
Package |  Days:80/90 | Amount:10.00$ | Daily Profit: 0.08$ (%0.75) | Total Profit:6.00$
Package |  Days:58/60 | Amount:10.45$ | Daily Profit: 0.07$ (%0.65) | Total Profit:3.94$
Package |  Days:22/30 | Amount:10.19$ | Daily Profit: 0.06$ (%0.55) | Total Profit:1.23$
------------------------------
------------------------------
Day: 106       Amount:24.23       Daily Profit:0.60
Package |  Days:106/120 | Amount:40.00$ | Daily Profit: 0.40$ (%1.0) | Total Profit:42.40$
Package |  Days:81/90 | Amount:10.00$ | Daily Profit: 0.08$ (%0.75) | Total Profit:6.08$
Package |  Days:59/60 | Amount:10.45$ | Daily Profit: 0.07$ (%0.65) | Total Profit:4.01$
Package |  Days:23/30 | Amount:10.19$ | Daily Profit: 0.06$ (%0.55) | Total Profit:1.29$
------------------------------
------------------------------
Day: 107       Amount:24.83       Daily Profit:0.60
Package |  Days:107/120 | Amount:40.00$ | Daily Profit: 0.40$ (%1.0) | Total Profit:42.80$
Package |  Days:82/90 | Amount:10.00$ | Daily Profit: 0.08$ (%0.75) | Total Profit:6.15$
Package |  Days:60/60 | Amount:10.45$ | Daily Profit: 0.07$ (%0.65) | Total Profit:4.08$
Package |  Days:24/30 | Amount:10.19$ | Daily Profit: 0.06$ (%0.55) | Total Profit:1.35$
------------------------------
------------------------------
Day: 108       Amount:35.88       Daily Profit:0.53
Package |  Days:108/120 | Amount:40.00$ | Daily Profit: 0.40$ (%1.0) | Total Profit:43.20$
Package |  Days:83/90 | Amount:10.00$ | Daily Profit: 0.08$ (%0.75) | Total Profit:6.23$
Package |  Days:25/30 | Amount:10.19$ | Daily Profit: 0.06$ (%0.55) | Total Profit:1.40$
------------------------------
------------------------------
Day: 109       Amount:36.41       Daily Profit:0.53
Package |  Days:109/120 | Amount:40.00$ | Daily Profit: 0.40$ (%1.0) | Total Profit:43.60$
Package |  Days:84/90 | Amount:10.00$ | Daily Profit: 0.08$ (%0.75) | Total Profit:6.30$
Package |  Days:26/30 | Amount:10.19$ | Daily Profit: 0.06$ (%0.55) | Total Profit:1.46$
------------------------------
------------------------------
Day: 110       Amount:36.94       Daily Profit:0.53
Package |  Days:110/120 | Amount:40.00$ | Daily Profit: 0.40$ (%1.0) | Total Profit:44.00$
Package |  Days:85/90 | Amount:10.00$ | Daily Profit: 0.08$ (%0.75) | Total Profit:6.38$
Package |  Days:27/30 | Amount:10.19$ | Daily Profit: 0.06$ (%0.55) | Total Profit:1.51$
------------------------------
------------------------------
Day: 111       Amount:37.47       Daily Profit:0.53
Package |  Days:111/120 | Amount:40.00$ | Daily Profit: 0.40$ (%1.0) | Total Profit:44.40$
Package |  Days:86/90 | Amount:10.00$ | Daily Profit: 0.08$ (%0.75) | Total Profit:6.45$
Package |  Days:28/30 | Amount:10.19$ | Daily Profit: 0.06$ (%0.55) | Total Profit:1.57$
------------------------------
------------------------------
Day: 112       Amount:38.00       Daily Profit:0.53
Package |  Days:112/120 | Amount:40.00$ | Daily Profit: 0.40$ (%1.0) | Total Profit:44.80$
Package |  Days:87/90 | Amount:10.00$ | Daily Profit: 0.08$ (%0.75) | Total Profit:6.53$
Package |  Days:29/30 | Amount:10.19$ | Daily Profit: 0.06$ (%0.55) | Total Profit:1.63$
------------------------------
------------------------------
Day: 113       Amount:38.53       Daily Profit:0.53
Package |  Days:113/120 | Amount:40.00$ | Daily Profit: 0.40$ (%1.0) | Total Profit:45.20$
Package |  Days:88/90 | Amount:10.00$ | Daily Profit: 0.08$ (%0.75) | Total Profit:6.60$
Package |  Days:30/30 | Amount:10.19$ | Daily Profit: 0.06$ (%0.55) | Total Profit:1.68$
------------------------------
------------------------------
Day: 114       Amount:49.26       Daily Profit:0.48
Package |  Days:114/120 | Amount:40.00$ | Daily Profit: 0.40$ (%1.0) | Total Profit:45.60$
Package |  Days:89/90 | Amount:10.00$ | Daily Profit: 0.08$ (%0.75) | Total Profit:6.68$
------------------------------
------------------------------
Day: 115       Amount:49.73       Daily Profit:0.48
Package |  Days:115/120 | Amount:40.00$ | Daily Profit: 0.40$ (%1.0) | Total Profit:46.00$
Package |  Days:90/90 | Amount:10.00$ | Daily Profit: 0.08$ (%0.75) | Total Profit:6.75$
------------------------------
------------------------------
Day: 116       Amount:60.21       Daily Profit:0.40
Package |  Days:116/120 | Amount:40.00$ | Daily Profit: 0.40$ (%1.0) | Total Profit:46.40$
------------------------------
------------------------------
Day: 117       Amount:60.61       Daily Profit:0.40
Package |  Days:117/120 | Amount:40.00$ | Daily Profit: 0.40$ (%1.0) | Total Profit:46.80$
------------------------------
------------------------------
Day: 118       Amount:61.01       Daily Profit:0.40
Package |  Days:118/120 | Amount:40.00$ | Daily Profit: 0.40$ (%1.0) | Total Profit:47.20$
------------------------------
------------------------------
Day: 119       Amount:61.41       Daily Profit:0.40
Package |  Days:119/120 | Amount:40.00$ | Daily Profit: 0.40$ (%1.0) | Total Profit:47.60$
------------------------------
------------------------------
Day: 120       Amount:61.81       Daily Profit:0.40
Package |  Days:120/120 | Amount:40.00$ | Daily Profit: 0.40$ (%1.0) | Total Profit:48.00$
------------------------------
Bakiye: 102.21
